Removed Pin From Net: NetName=GND Pin=C12_B-1
Removed Pin From Net: NetName=+5V Pin=C12_B-2
Removed Pin From Net: NetName=GND Pin=C12_C-1
Removed Pin From Net: NetName=+5V Pin=C12_C-2
Removed Pin From Net: NetName=GND Pin=C13_B-1
Removed Pin From Net: NetName=GND Pin=C13_C-1
Removed Pin From Net: NetName=GND Pin=C14_B-1
Removed Pin From Net: NetName=GND Pin=C14_C-1
Removed Pin From Net: NetName=GND Pin=C15_B-1
Removed Pin From Net: NetName=GND Pin=C15_C-1
Removed Pin From Net: NetName=GND Pin=C16_B-1
Removed Pin From Net: NetName=GND Pin=C16_C-1
Removed Pin From Net: NetName=GND Pin=C17_B-1
Removed Pin From Net: NetName=GND Pin=C17_C-1
Removed Pin From Net: NetName=+5VARTN Pin=C19_B-1
Removed Pin From Net: NetName=+5VA Pin=C19_B-2
Removed Pin From Net: NetName=+5VBRTN Pin=C19_C-1
Removed Pin From Net: NetName=+5VB Pin=C19_C-2
Removed Pin From Net: NetName=+5VARTN Pin=C20_B-1
Removed Pin From Net: NetName=+5VA Pin=C20_B-2
Removed Pin From Net: NetName=+5VBRTN Pin=C20_C-1
Removed Pin From Net: NetName=+5VB Pin=C20_C-2
Removed Pin From Net: NetName=GND Pin=C21_B-1
Removed Pin From Net: NetName=GND Pin=C21_C-1
Removed Pin From Net: NetName=GND Pin=C22_B-1
Removed Pin From Net: NetName=GND Pin=C22_C-1
Removed Pin From Net: NetName=GND Pin=C23_B-1
Removed Pin From Net: NetName=GND Pin=C23_C-1
Removed Pin From Net: NetName=GND Pin=C24_B-1
Removed Pin From Net: NetName=GND Pin=C24_C-1
Removed Pin From Net: NetName=+5VA Pin=D7_B-2
Removed Pin From Net: NetName=+5VB Pin=D7_C-2
Removed Pin From Net: NetName=+5VA Pin=D8_B-1
Removed Pin From Net: NetName=+5VARTN Pin=D8_B-2
Removed Pin From Net: NetName=+5VB Pin=D8_C-1
Removed Pin From Net: NetName=+5VBRTN Pin=D8_C-2
Removed Pin From Net: NetName=GND Pin=R6_B-1
Removed Pin From Net: NetName=A2 Pin=R6_B-2
Removed Pin From Net: NetName=GND Pin=R6_C-1
Removed Pin From Net: NetName=A1 Pin=R6_C-2
Removed Pin From Net: NetName=VINA Pin=R7_B-1
Removed Pin From Net: NetName=VINB Pin=R7_C-1
Removed Pin From Net: NetName=GND Pin=R12_B-1
Removed Pin From Net: NetName=GND Pin=R12_C-1
Removed Pin From Net: NetName=GND Pin=R14_B-1
Removed Pin From Net: NetName=GND Pin=R14_C-1
Removed Pin From Net: NetName=GND Pin=R15_B-2
Removed Pin From Net: NetName=GND Pin=R15_C-2
Removed Pin From Net: NetName=GND Pin=R17_B-1
Removed Pin From Net: NetName=GND Pin=R17_C-1
Removed Pin From Net: NetName=+5VARTN Pin=T2_B-7
Removed Pin From Net: NetName=+5VARTN Pin=T2_B-8
Removed Pin From Net: NetName=+5VARTN Pin=T2_B-9
Removed Pin From Net: NetName=+5VBRTN Pin=T2_C-7
Removed Pin From Net: NetName=+5VBRTN Pin=T2_C-8
Removed Pin From Net: NetName=+5VBRTN Pin=T2_C-9
Removed Pin From Net: NetName=A2 Pin=U3_B-1
Removed Pin From Net: NetName=GND Pin=U3_B-2
Removed Pin From Net: NetName=VINA Pin=U3_B-3
Removed Pin From Net: NetName=+5V Pin=U3_B-5
Removed Pin From Net: NetName=A1 Pin=U3_C-1
Removed Pin From Net: NetName=GND Pin=U3_C-2
Removed Pin From Net: NetName=VINB Pin=U3_C-3
Removed Pin From Net: NetName=+5V Pin=U3_C-5
Removed Pin From Net: NetName=GND Pin=U4_B-8
Removed Pin From Net: NetName=GND Pin=U4_B-9
Removed Pin From Net: NetName=GND Pin=U4_C-8
Removed Pin From Net: NetName=GND Pin=U4_C-9
