Removed Pin From Net: NetName=GND Pin=DB1_Conn1-0
Removed Pin From Net: NetName=GND Pin=DB1_Conn1-0
Removed Pin From Net: NetName=GND Pin=DB1_Conn2-0
Removed Pin From Net: NetName=GND Pin=DB1_Conn2-0
Removed Pin From Net: NetName=GND Pin=DB1_Conn3-0
Removed Pin From Net: NetName=GND Pin=DB1_Conn3-0
Removed Pin From Net: NetName=GND Pin=DB1_Conn4-0
Removed Pin From Net: NetName=GND Pin=DB1_Conn4-0
Removed Pin From Net: NetName=GND Pin=DB1_Conn5-0
Removed Pin From Net: NetName=GND Pin=DB1_Conn5-0
Removed Pin From Net: NetName=GND Pin=DB1_Conn6-0
Removed Pin From Net: NetName=GND Pin=DB1_Conn6-0
Removed Pin From Net: NetName=GND Pin=DB1_Conn7-0
Removed Pin From Net: NetName=GND Pin=DB1_Conn7-0
Removed Pin From Net: NetName=GND Pin=DB1_Conn8-0
Removed Pin From Net: NetName=GND Pin=DB1_Conn8-0
Removed Pin From Net: NetName=GND Pin=DB2_Conn1-0
Removed Pin From Net: NetName=GND Pin=DB2_Conn1-0
Removed Pin From Net: NetName=GND Pin=DB2_Conn2-0
Removed Pin From Net: NetName=GND Pin=DB2_Conn2-0
Removed Pin From Net: NetName=GND Pin=DB2_Conn3-0
Removed Pin From Net: NetName=GND Pin=DB2_Conn3-0
Removed Pin From Net: NetName=GND Pin=DB2_Conn4-0
Removed Pin From Net: NetName=GND Pin=DB2_Conn4-0
Removed Pin From Net: NetName=GND Pin=DB2_Conn5-0
Removed Pin From Net: NetName=GND Pin=DB2_Conn5-0
Removed Pin From Net: NetName=GND Pin=DB2_Conn6-0
Removed Pin From Net: NetName=GND Pin=DB2_Conn6-0
Removed Pin From Net: NetName=GND Pin=DB2_Conn7-0
Removed Pin From Net: NetName=GND Pin=DB2_Conn7-0
Removed Pin From Net: NetName=GND Pin=DB2_Conn8-0
Removed Pin From Net: NetName=GND Pin=DB2_Conn8-0
Removed Pin From Net: NetName=GND Pin=USB1-0
Removed Pin From Net: NetName=GND Pin=USB1-0
Change Component Comment : Designator=RJ1_Conn1 Old Comment=85513-5013 New Comment=85504-5001
Change Component Comment : Designator=RJ1_Conn2 Old Comment=85513-5013 New Comment=85504-5001
Change Component Comment : Designator=RJ1_Conn3 Old Comment=85513-5013 New Comment=85504-5001
Change Component Comment : Designator=RJ1_Conn4 Old Comment=85513-5013 New Comment=85504-5001
Change Component Comment : Designator=RJ1_Conn5 Old Comment=85513-5013 New Comment=85504-5001
Change Component Comment : Designator=RJ1_Conn6 Old Comment=85513-5013 New Comment=85504-5001
Change Component Comment : Designator=RJ1_Conn7 Old Comment=85513-5013 New Comment=85504-5001
Change Component Comment : Designator=RJ1_Conn8 Old Comment=85513-5013 New Comment=85504-5001
Change Component Comment : Designator=RJ2_Conn1 Old Comment=85513-5013 New Comment=85504-5001
Change Component Comment : Designator=RJ2_Conn2 Old Comment=85513-5013 New Comment=85504-5001
Change Component Comment : Designator=RJ2_Conn3 Old Comment=85513-5013 New Comment=85504-5001
Change Component Comment : Designator=RJ2_Conn4 Old Comment=85513-5013 New Comment=85504-5001
Change Component Comment : Designator=RJ2_Conn5 Old Comment=85513-5013 New Comment=85504-5001
Change Component Comment : Designator=RJ2_Conn6 Old Comment=85513-5013 New Comment=85504-5001
Change Component Comment : Designator=RJ2_Conn7 Old Comment=85513-5013 New Comment=85504-5001
Change Component Comment : Designator=RJ2_Conn8 Old Comment=85513-5013 New Comment=85504-5001
Added Component: Designator=P2(HDR2X2)
Added Pin To Net: NetName=GND Pin=P2-2
Added Pin To Net: NetName=GND Pin=P2-4
Added Pin To Net: NetName=SHIELD Pin=DB1_Conn1-0
Added Pin To Net: NetName=SHIELD Pin=DB1_Conn1-0
Added Pin To Net: NetName=SHIELD Pin=DB1_Conn2-0
Added Pin To Net: NetName=SHIELD Pin=DB1_Conn2-0
Added Pin To Net: NetName=SHIELD Pin=DB1_Conn3-0
Added Pin To Net: NetName=SHIELD Pin=DB1_Conn3-0
Added Pin To Net: NetName=SHIELD Pin=DB1_Conn4-0
Added Pin To Net: NetName=SHIELD Pin=DB1_Conn4-0
Added Pin To Net: NetName=SHIELD Pin=DB1_Conn5-0
Added Pin To Net: NetName=SHIELD Pin=DB1_Conn5-0
Added Pin To Net: NetName=SHIELD Pin=DB1_Conn6-0
Added Pin To Net: NetName=SHIELD Pin=DB1_Conn6-0
Added Pin To Net: NetName=SHIELD Pin=DB1_Conn7-0
Added Pin To Net: NetName=SHIELD Pin=DB1_Conn7-0
Added Pin To Net: NetName=SHIELD Pin=DB1_Conn8-0
Added Pin To Net: NetName=SHIELD Pin=DB1_Conn8-0
Added Pin To Net: NetName=SHIELD Pin=DB2_Conn1-0
Added Pin To Net: NetName=SHIELD Pin=DB2_Conn1-0
Added Pin To Net: NetName=SHIELD Pin=DB2_Conn2-0
Added Pin To Net: NetName=SHIELD Pin=DB2_Conn2-0
Added Pin To Net: NetName=SHIELD Pin=DB2_Conn3-0
Added Pin To Net: NetName=SHIELD Pin=DB2_Conn3-0
Added Pin To Net: NetName=SHIELD Pin=DB2_Conn4-0
Added Pin To Net: NetName=SHIELD Pin=DB2_Conn4-0
Added Pin To Net: NetName=SHIELD Pin=DB2_Conn5-0
Added Pin To Net: NetName=SHIELD Pin=DB2_Conn5-0
Added Pin To Net: NetName=SHIELD Pin=DB2_Conn6-0
Added Pin To Net: NetName=SHIELD Pin=DB2_Conn6-0
Added Pin To Net: NetName=SHIELD Pin=DB2_Conn7-0
Added Pin To Net: NetName=SHIELD Pin=DB2_Conn7-0
Added Pin To Net: NetName=SHIELD Pin=DB2_Conn8-0
Added Pin To Net: NetName=SHIELD Pin=DB2_Conn8-0
Added Pin To Net: NetName=SHIELD Pin=P2-1
Added Pin To Net: NetName=SHIELD Pin=P2-3
Added Net: Name=SHIELD
Added Member To Class: ClassName=Backplane Member=Component P2 Header 2X2
