Removed Pin From Net: NetName=-5V1A Pin=J1A-11
Removed Pin From Net: NetName=-5VRTN1A Pin=J1A-12
Removed Pin From Net: NetName=-5V1B Pin=J1B-11
Removed Pin From Net: NetName=-5VRTN1B Pin=J1B-12
Removed Pin From Net: NetName=-5V2A Pin=J2A-11
Removed Pin From Net: NetName=-5VRTN2A Pin=J2A-12
Removed Pin From Net: NetName=-5V2B Pin=J2B-11
Removed Pin From Net: NetName=-5VRTN2B Pin=J2B-12
Removed Pin From Net: NetName=-5V3A Pin=J3A-11
Removed Pin From Net: NetName=-5VRTN3A Pin=J3A-12
Removed Pin From Net: NetName=-5V3B Pin=J3B-11
Removed Pin From Net: NetName=-5VRTN3B Pin=J3B-12
Removed Pin From Net: NetName=-5V4A Pin=J4A-11
Removed Pin From Net: NetName=-5VRTN4A Pin=J4A-12
Removed Pin From Net: NetName=-5V4B Pin=J4B-11
Removed Pin From Net: NetName=-5VRTN4B Pin=J4B-12
Removed Pin From Net: NetName=-5V5A Pin=J5A-11
Removed Pin From Net: NetName=-5VRTN5A Pin=J5A-12
Removed Pin From Net: NetName=-5V5B Pin=J5B-11
Removed Pin From Net: NetName=-5VRTN5B Pin=J5B-12
Removed Pin From Net: NetName=-5V6A Pin=J6A-11
Removed Pin From Net: NetName=-5VRTN6A Pin=J6A-12
Removed Pin From Net: NetName=-5V6B Pin=J6B-11
Removed Pin From Net: NetName=-5VRTN6B Pin=J6B-12
Removed Pin From Net: NetName=-5V7A Pin=J7A-11
Removed Pin From Net: NetName=-5VRTN7A Pin=J7A-12
Removed Pin From Net: NetName=-5V7B Pin=J7B-11
Removed Pin From Net: NetName=-5VRTN7B Pin=J7B-12
Removed Pin From Net: NetName=-5V8A Pin=J8A-11
Removed Pin From Net: NetName=-5VRTN8A Pin=J8A-12
Removed Pin From Net: NetName=-5V8B Pin=J8B-11
Removed Pin From Net: NetName=-5VRTN8B Pin=J8B-12
Added Pin To Net: NetName=-5VRTN1A Pin=J1A-11
Added Pin To Net: NetName=-5V1A Pin=J1A-12
Added Pin To Net: NetName=-5VRTN1B Pin=J1B-11
Added Pin To Net: NetName=-5V1B Pin=J1B-12
Added Pin To Net: NetName=-5VRTN2A Pin=J2A-11
Added Pin To Net: NetName=-5V2A Pin=J2A-12
Added Pin To Net: NetName=-5VRTN2B Pin=J2B-11
Added Pin To Net: NetName=-5V2B Pin=J2B-12
Added Pin To Net: NetName=-5VRTN3A Pin=J3A-11
Added Pin To Net: NetName=-5V3A Pin=J3A-12
Added Pin To Net: NetName=-5VRTN3B Pin=J3B-11
Added Pin To Net: NetName=-5V3B Pin=J3B-12
Added Pin To Net: NetName=-5VRTN4A Pin=J4A-11
Added Pin To Net: NetName=-5V4A Pin=J4A-12
Added Pin To Net: NetName=-5VRTN4B Pin=J4B-11
Added Pin To Net: NetName=-5V4B Pin=J4B-12
Added Pin To Net: NetName=-5VRTN5A Pin=J5A-11
Added Pin To Net: NetName=-5V5A Pin=J5A-12
Added Pin To Net: NetName=-5VRTN5B Pin=J5B-11
Added Pin To Net: NetName=-5V5B Pin=J5B-12
Added Pin To Net: NetName=-5VRTN6A Pin=J6A-11
Added Pin To Net: NetName=-5V6A Pin=J6A-12
Added Pin To Net: NetName=-5VRTN6B Pin=J6B-11
Added Pin To Net: NetName=-5V6B Pin=J6B-12
Added Pin To Net: NetName=-5VRTN7A Pin=J7A-11
Added Pin To Net: NetName=-5V7A Pin=J7A-12
Added Pin To Net: NetName=-5VRTN7B Pin=J7B-11
Added Pin To Net: NetName=-5V7B Pin=J7B-12
Added Pin To Net: NetName=-5VRTN8A Pin=J8A-11
Added Pin To Net: NetName=-5V8A Pin=J8A-12
Added Pin To Net: NetName=-5VRTN8B Pin=J8B-11
Added Pin To Net: NetName=-5V8B Pin=J8B-12
