Removed Pin From Net: NetName=ADRSA2 Pin=J1-3
Removed Pin From Net: NetName=ADRSA2 Pin=J1-6
Removed Pin From Net: NetName=ADRSA2 Pin=J1-7
Removed Pin From Net: NetName=ADRSA2 Pin=J1-8
Removed Pin From Net: NetName=ADRSA2 Pin=J1-9
Removed Pin From Net: NetName=ADRSA2 Pin=J1-10
Removed Pin From Net: NetName=ADRSA2 Pin=J1-11
Removed Pin From Net: NetName=ADRSA2 Pin=J1-12
Removed Pin From Net: NetName=ADRSA2 Pin=J1-13
Removed Pin From Net: NetName=ADRSA2 Pin=J1-14
Removed Pin From Net: NetName=ADRSA2 Pin=J1-15
Removed Pin From Net: NetName=ADRSA2 Pin=J1-16
Removed Pin From Net: NetName=ADRSA2 Pin=J1-17
Removed Pin From Net: NetName=ADRSA2 Pin=J1-18
Removed Pin From Net: NetName=ADRSA2 Pin=J1-19
Removed Pin From Net: NetName=ADRSA2 Pin=J1-20
Removed Pin From Net: NetName=ADRSA2 Pin=J1-21
Removed Pin From Net: NetName=ADRSA2 Pin=J1-22
Removed Pin From Net: NetName=ADRSA2 Pin=J1-23
Removed Pin From Net: NetName=ADRSA2 Pin=J1-24
Removed Pin From Net: NetName=ADRSA2 Pin=J1-25
Removed Pin From Net: NetName=ADRSA2 Pin=J1-26
Removed Pin From Net: NetName=ADRSA2 Pin=J1-27
Removed Pin From Net: NetName=ADRSA2 Pin=J1-28
Removed Pin From Net: NetName=ADRSA2 Pin=J1-29
Removed Pin From Net: NetName=ADRSA2 Pin=J1-30
Removed Pin From Net: NetName=ADRSA2 Pin=J1-31
Removed Pin From Net: NetName=ADRSA2 Pin=J1-35
Removed Pin From Net: NetName=ADRSA2 Pin=J1-38
Removed Pin From Net: NetName=ADRSA2 Pin=J1-44
Removed Pin From Net: NetName=ADRSA2 Pin=J1-45
Removed Pin From Net: NetName=ADRSA2 Pin=J1-47
Removed Pin From Net: NetName=ADRSA2 Pin=J1-48
Removed Pin From Net: NetName=ADRSA2 Pin=J1-50
Removed Pin From Net: NetName=ADRSA2 Pin=J1-51
Removed Pin From Net: NetName=ADRSA2 Pin=J1-53
Removed Pin From Net: NetName=ADRSA2 Pin=J1-54
Removed Pin From Net: NetName=ADRSA2 Pin=J1-56
Removed Pin From Net: NetName=ADRSA2 Pin=J1-57
Removed Pin From Net: NetName=ADRSA2 Pin=J1-59
Removed Pin From Net: NetName=ADRSA2 Pin=J1-60
Removed Pin From Net: NetName=ADRSA2 Pin=J1-62
Removed Pin From Net: NetName=ADRSA2 Pin=J1-63
Change Component Designator: OldDesignator=J1 NewDesignator=J2
Change Component Designator: OldDesignator=RSCL NewDesignator=RSCL1
Change Component Designator: OldDesignator=RSDA NewDesignator=RSDA1
Added Component: Designator=DB1_Conn1(DSUB1.STRAIGHT)
Added Component: Designator=DB1_Conn2(DSUB1.STRAIGHT)
Added Component: Designator=DB1_Conn3(DSUB1.STRAIGHT)
Added Component: Designator=DB1_Conn4(DSUB1.STRAIGHT)
Added Component: Designator=DB1_Conn5(DSUB1.STRAIGHT)
Added Component: Designator=DB1_Conn6(DSUB1.STRAIGHT)
Added Component: Designator=DB1_Conn7(DSUB1.STRAIGHT)
Added Component: Designator=DB1_Conn8(DSUB1.STRAIGHT)
Added Component: Designator=DB2_Conn1(DSUB1.STRAIGHT)
Added Component: Designator=DB2_Conn2(DSUB1.STRAIGHT)
Added Component: Designator=DB2_Conn3(DSUB1.STRAIGHT)
Added Component: Designator=DB2_Conn4(DSUB1.STRAIGHT)
Added Component: Designator=DB2_Conn5(DSUB1.STRAIGHT)
Added Component: Designator=DB2_Conn6(DSUB1.STRAIGHT)
Added Component: Designator=DB2_Conn7(DSUB1.STRAIGHT)
Added Component: Designator=DB2_Conn8(DSUB1.STRAIGHT)
Added Component: Designator=J1_Conn1(09 03 164 6919)
Added Component: Designator=J1_Conn2(09 03 164 6919)
Added Component: Designator=J1_Conn3(09 03 164 6919)
Added Component: Designator=J1_Conn4(09 03 164 6919)
Added Component: Designator=J1_Conn5(09 03 164 6919)
Added Component: Designator=J1_Conn6(09 03 164 6919)
Added Component: Designator=J1_Conn7(09 03 164 6919)
Added Component: Designator=J1_Conn8(09 03 164 6919)
Added Component: Designator=P1(3Way_Screw_Power)
Added Component: Designator=RJ1_Conn1(RJ45.STRAIGHT)
Added Component: Designator=RJ1_Conn2(RJ45.STRAIGHT)
Added Component: Designator=RJ1_Conn3(RJ45.STRAIGHT)
Added Component: Designator=RJ1_Conn4(RJ45.STRAIGHT)
Added Component: Designator=RJ1_Conn5(RJ45.STRAIGHT)
Added Component: Designator=RJ1_Conn6(RJ45.STRAIGHT)
Added Component: Designator=RJ1_Conn7(RJ45.STRAIGHT)
Added Component: Designator=RJ1_Conn8(RJ45.STRAIGHT)
Added Component: Designator=RJ2_Conn1(RJ45.STRAIGHT)
Added Component: Designator=RJ2_Conn2(RJ45.STRAIGHT)
Added Component: Designator=RJ2_Conn3(RJ45.STRAIGHT)
Added Component: Designator=RJ2_Conn4(RJ45.STRAIGHT)
Added Component: Designator=RJ2_Conn5(RJ45.STRAIGHT)
Added Component: Designator=RJ2_Conn6(RJ45.STRAIGHT)
Added Component: Designator=RJ2_Conn7(RJ45.STRAIGHT)
Added Component: Designator=RJ2_Conn8(RJ45.STRAIGHT)
Added Pin To Net: NetName=48V Pin=J1_Conn1-0
Added Pin To Net: NetName=48V Pin=J1_Conn1-1
Added Pin To Net: NetName=SCLNET Pin=J1_Conn1-4
Added Pin To Net: NetName=SDANET Pin=J1_Conn1-5
Added Pin To Net: NetName=48V Pin=J1_Conn1-32
Added Pin To Net: NetName=48V Pin=J1_Conn1-33
Added Pin To Net: NetName=SCLNET Pin=J1_Conn1-36
Added Pin To Net: NetName=SDANET Pin=J1_Conn1-37
Added Pin To Net: NetName=48V Pin=J1_Conn2-0
Added Pin To Net: NetName=48V Pin=J1_Conn2-1
Added Pin To Net: NetName=SCLNET Pin=J1_Conn2-4
Added Pin To Net: NetName=SDANET Pin=J1_Conn2-5
Added Pin To Net: NetName=48V Pin=J1_Conn2-32
Added Pin To Net: NetName=48V Pin=J1_Conn2-33
Added Pin To Net: NetName=SCLNET Pin=J1_Conn2-36
Added Pin To Net: NetName=SDANET Pin=J1_Conn2-37
Added Pin To Net: NetName=48V Pin=J1_Conn3-0
Added Pin To Net: NetName=48V Pin=J1_Conn3-1
Added Pin To Net: NetName=SCLNET Pin=J1_Conn3-4
Added Pin To Net: NetName=SDANET Pin=J1_Conn3-5
Added Pin To Net: NetName=48V Pin=J1_Conn3-32
Added Pin To Net: NetName=48V Pin=J1_Conn3-33
Added Pin To Net: NetName=SCLNET Pin=J1_Conn3-36
Added Pin To Net: NetName=SDANET Pin=J1_Conn3-37
Added Pin To Net: NetName=48V Pin=J1_Conn4-0
Added Pin To Net: NetName=48V Pin=J1_Conn4-1
Added Pin To Net: NetName=SCLNET Pin=J1_Conn4-4
Added Pin To Net: NetName=SDANET Pin=J1_Conn4-5
Added Pin To Net: NetName=48V Pin=J1_Conn4-32
Added Pin To Net: NetName=48V Pin=J1_Conn4-33
Added Pin To Net: NetName=SCLNET Pin=J1_Conn4-36
Added Pin To Net: NetName=SDANET Pin=J1_Conn4-37
Added Pin To Net: NetName=48V Pin=J1_Conn5-0
Added Pin To Net: NetName=48V Pin=J1_Conn5-1
Added Pin To Net: NetName=SCLNET Pin=J1_Conn5-4
Added Pin To Net: NetName=SDANET Pin=J1_Conn5-5
Added Pin To Net: NetName=48V Pin=J1_Conn5-32
Added Pin To Net: NetName=48V Pin=J1_Conn5-33
Added Pin To Net: NetName=SCLNET Pin=J1_Conn5-36
Added Pin To Net: NetName=SDANET Pin=J1_Conn5-37
Added Pin To Net: NetName=48V Pin=J1_Conn6-0
Added Pin To Net: NetName=48V Pin=J1_Conn6-1
Added Pin To Net: NetName=SCLNET Pin=J1_Conn6-4
Added Pin To Net: NetName=SDANET Pin=J1_Conn6-5
Added Pin To Net: NetName=48V Pin=J1_Conn6-32
Added Pin To Net: NetName=48V Pin=J1_Conn6-33
Added Pin To Net: NetName=SCLNET Pin=J1_Conn6-36
Added Pin To Net: NetName=SDANET Pin=J1_Conn6-37
Added Pin To Net: NetName=48V Pin=J1_Conn7-0
Added Pin To Net: NetName=48V Pin=J1_Conn7-1
Added Pin To Net: NetName=SCLNET Pin=J1_Conn7-4
Added Pin To Net: NetName=SDANET Pin=J1_Conn7-5
Added Pin To Net: NetName=48V Pin=J1_Conn7-32
Added Pin To Net: NetName=48V Pin=J1_Conn7-33
Added Pin To Net: NetName=SCLNET Pin=J1_Conn7-36
Added Pin To Net: NetName=SDANET Pin=J1_Conn7-37
Added Pin To Net: NetName=48V Pin=J1_Conn8-0
Added Pin To Net: NetName=48V Pin=J1_Conn8-1
Added Pin To Net: NetName=SCLNET Pin=J1_Conn8-4
Added Pin To Net: NetName=SDANET Pin=J1_Conn8-5
Added Pin To Net: NetName=48V Pin=J1_Conn8-32
Added Pin To Net: NetName=48V Pin=J1_Conn8-33
Added Pin To Net: NetName=SCLNET Pin=J1_Conn8-36
Added Pin To Net: NetName=SDANET Pin=J1_Conn8-37
Added Pin To Net: NetName=48V Pin=P1-2
Change Net Name : Old Net Name=ADRSA2 New Net Name=NetJ2_42
Change Net Name : Old Net Name=NetJ1_39 New Net Name=NetJ2_39
Change Net Name : Old Net Name=NetJ1_40 New Net Name=NetJ2_40
Change Net Name : Old Net Name=NetJ1_41 New Net Name=NetJ2_41
Added Pin To Net: NetName=+5VA_Conn1 Pin=DB2_Conn1-1
Added Pin To Net: NetName=+5VA_Conn1 Pin=DB2_Conn1-2
Added Pin To Net: NetName=+5VA_Conn1 Pin=J1_Conn1-26
Added Pin To Net: NetName=+5VA_Conn1 Pin=J1_Conn1-27
Added Pin To Net: NetName=+5VA_Conn1 Pin=J1_Conn1-58
Added Pin To Net: NetName=+5VA_Conn1 Pin=J1_Conn1-59
Added Net: Name=+5VA_Conn1
Added Pin To Net: NetName=+5VA_Conn2 Pin=DB2_Conn2-1
Added Pin To Net: NetName=+5VA_Conn2 Pin=DB2_Conn2-2
Added Pin To Net: NetName=+5VA_Conn2 Pin=J1_Conn2-26
Added Pin To Net: NetName=+5VA_Conn2 Pin=J1_Conn2-27
Added Pin To Net: NetName=+5VA_Conn2 Pin=J1_Conn2-58
Added Pin To Net: NetName=+5VA_Conn2 Pin=J1_Conn2-59
Added Net: Name=+5VA_Conn2
Added Pin To Net: NetName=+5VA_Conn3 Pin=DB2_Conn3-1
Added Pin To Net: NetName=+5VA_Conn3 Pin=DB2_Conn3-2
Added Pin To Net: NetName=+5VA_Conn3 Pin=J1_Conn3-26
Added Pin To Net: NetName=+5VA_Conn3 Pin=J1_Conn3-27
Added Pin To Net: NetName=+5VA_Conn3 Pin=J1_Conn3-58
Added Pin To Net: NetName=+5VA_Conn3 Pin=J1_Conn3-59
Added Net: Name=+5VA_Conn3
Added Pin To Net: NetName=+5VA_Conn4 Pin=DB2_Conn4-1
Added Pin To Net: NetName=+5VA_Conn4 Pin=DB2_Conn4-2
Added Pin To Net: NetName=+5VA_Conn4 Pin=J1_Conn4-26
Added Pin To Net: NetName=+5VA_Conn4 Pin=J1_Conn4-27
Added Pin To Net: NetName=+5VA_Conn4 Pin=J1_Conn4-58
Added Pin To Net: NetName=+5VA_Conn4 Pin=J1_Conn4-59
Added Net: Name=+5VA_Conn4
Added Pin To Net: NetName=+5VA_Conn5 Pin=DB2_Conn5-1
Added Pin To Net: NetName=+5VA_Conn5 Pin=DB2_Conn5-2
Added Pin To Net: NetName=+5VA_Conn5 Pin=J1_Conn5-26
Added Pin To Net: NetName=+5VA_Conn5 Pin=J1_Conn5-27
Added Pin To Net: NetName=+5VA_Conn5 Pin=J1_Conn5-58
Added Pin To Net: NetName=+5VA_Conn5 Pin=J1_Conn5-59
Added Net: Name=+5VA_Conn5
Added Pin To Net: NetName=+5VA_Conn6 Pin=DB2_Conn6-1
Added Pin To Net: NetName=+5VA_Conn6 Pin=DB2_Conn6-2
Added Pin To Net: NetName=+5VA_Conn6 Pin=J1_Conn6-26
Added Pin To Net: NetName=+5VA_Conn6 Pin=J1_Conn6-27
Added Pin To Net: NetName=+5VA_Conn6 Pin=J1_Conn6-58
Added Pin To Net: NetName=+5VA_Conn6 Pin=J1_Conn6-59
Added Net: Name=+5VA_Conn6
Added Pin To Net: NetName=+5VA_Conn7 Pin=DB2_Conn7-1
Added Pin To Net: NetName=+5VA_Conn7 Pin=DB2_Conn7-2
Added Pin To Net: NetName=+5VA_Conn7 Pin=J1_Conn7-26
Added Pin To Net: NetName=+5VA_Conn7 Pin=J1_Conn7-27
Added Pin To Net: NetName=+5VA_Conn7 Pin=J1_Conn7-58
Added Pin To Net: NetName=+5VA_Conn7 Pin=J1_Conn7-59
Added Net: Name=+5VA_Conn7
Added Pin To Net: NetName=+5VA_Conn8 Pin=DB2_Conn8-1
Added Pin To Net: NetName=+5VA_Conn8 Pin=DB2_Conn8-2
Added Pin To Net: NetName=+5VA_Conn8 Pin=J1_Conn8-26
Added Pin To Net: NetName=+5VA_Conn8 Pin=J1_Conn8-27
Added Pin To Net: NetName=+5VA_Conn8 Pin=J1_Conn8-58
Added Pin To Net: NetName=+5VA_Conn8 Pin=J1_Conn8-59
Added Net: Name=+5VA_Conn8
Added Pin To Net: NetName=+5VB_Conn1 Pin=DB1_Conn1-1
Added Pin To Net: NetName=+5VB_Conn1 Pin=DB1_Conn1-2
Added Pin To Net: NetName=+5VB_Conn1 Pin=J1_Conn1-20
Added Pin To Net: NetName=+5VB_Conn1 Pin=J1_Conn1-21
Added Pin To Net: NetName=+5VB_Conn1 Pin=J1_Conn1-52
Added Pin To Net: NetName=+5VB_Conn1 Pin=J1_Conn1-53
Added Net: Name=+5VB_Conn1
Added Pin To Net: NetName=+5VB_Conn2 Pin=DB1_Conn2-1
Added Pin To Net: NetName=+5VB_Conn2 Pin=DB1_Conn2-2
Added Pin To Net: NetName=+5VB_Conn2 Pin=J1_Conn2-20
Added Pin To Net: NetName=+5VB_Conn2 Pin=J1_Conn2-21
Added Pin To Net: NetName=+5VB_Conn2 Pin=J1_Conn2-52
Added Pin To Net: NetName=+5VB_Conn2 Pin=J1_Conn2-53
Added Net: Name=+5VB_Conn2
Added Pin To Net: NetName=+5VB_Conn3 Pin=DB1_Conn3-1
Added Pin To Net: NetName=+5VB_Conn3 Pin=DB1_Conn3-2
Added Pin To Net: NetName=+5VB_Conn3 Pin=J1_Conn3-20
Added Pin To Net: NetName=+5VB_Conn3 Pin=J1_Conn3-21
Added Pin To Net: NetName=+5VB_Conn3 Pin=J1_Conn3-52
Added Pin To Net: NetName=+5VB_Conn3 Pin=J1_Conn3-53
Added Net: Name=+5VB_Conn3
Added Pin To Net: NetName=+5VB_Conn4 Pin=DB1_Conn4-1
Added Pin To Net: NetName=+5VB_Conn4 Pin=DB1_Conn4-2
Added Pin To Net: NetName=+5VB_Conn4 Pin=J1_Conn4-20
Added Pin To Net: NetName=+5VB_Conn4 Pin=J1_Conn4-21
Added Pin To Net: NetName=+5VB_Conn4 Pin=J1_Conn4-52
Added Pin To Net: NetName=+5VB_Conn4 Pin=J1_Conn4-53
Added Net: Name=+5VB_Conn4
Added Pin To Net: NetName=+5VB_Conn5 Pin=DB1_Conn5-1
Added Pin To Net: NetName=+5VB_Conn5 Pin=DB1_Conn5-2
Added Pin To Net: NetName=+5VB_Conn5 Pin=J1_Conn5-20
Added Pin To Net: NetName=+5VB_Conn5 Pin=J1_Conn5-21
Added Pin To Net: NetName=+5VB_Conn5 Pin=J1_Conn5-52
Added Pin To Net: NetName=+5VB_Conn5 Pin=J1_Conn5-53
Added Net: Name=+5VB_Conn5
Added Pin To Net: NetName=+5VB_Conn6 Pin=DB1_Conn6-1
Added Pin To Net: NetName=+5VB_Conn6 Pin=DB1_Conn6-2
Added Pin To Net: NetName=+5VB_Conn6 Pin=J1_Conn6-20
Added Pin To Net: NetName=+5VB_Conn6 Pin=J1_Conn6-21
Added Pin To Net: NetName=+5VB_Conn6 Pin=J1_Conn6-52
Added Pin To Net: NetName=+5VB_Conn6 Pin=J1_Conn6-53
Added Net: Name=+5VB_Conn6
Added Pin To Net: NetName=+5VB_Conn7 Pin=DB1_Conn7-1
Added Pin To Net: NetName=+5VB_Conn7 Pin=DB1_Conn7-2
Added Pin To Net: NetName=+5VB_Conn7 Pin=J1_Conn7-20
Added Pin To Net: NetName=+5VB_Conn7 Pin=J1_Conn7-21
Added Pin To Net: NetName=+5VB_Conn7 Pin=J1_Conn7-52
Added Pin To Net: NetName=+5VB_Conn7 Pin=J1_Conn7-53
Added Net: Name=+5VB_Conn7
Added Pin To Net: NetName=+5VB_Conn8 Pin=DB1_Conn8-1
Added Pin To Net: NetName=+5VB_Conn8 Pin=DB1_Conn8-2
Added Pin To Net: NetName=+5VB_Conn8 Pin=J1_Conn8-20
Added Pin To Net: NetName=+5VB_Conn8 Pin=J1_Conn8-21
Added Pin To Net: NetName=+5VB_Conn8 Pin=J1_Conn8-52
Added Pin To Net: NetName=+5VB_Conn8 Pin=J1_Conn8-53
Added Net: Name=+5VB_Conn8
Added Pin To Net: NetName=+5VGNDA_Conn1 Pin=DB2_Conn1-6
Added Pin To Net: NetName=+5VGNDA_Conn1 Pin=DB2_Conn1-7
Added Pin To Net: NetName=+5VGNDA_Conn1 Pin=J1_Conn1-28
Added Pin To Net: NetName=+5VGNDA_Conn1 Pin=J1_Conn1-29
Added Pin To Net: NetName=+5VGNDA_Conn1 Pin=J1_Conn1-60
Added Pin To Net: NetName=+5VGNDA_Conn1 Pin=J1_Conn1-61
Added Net: Name=+5VGNDA_Conn1
Added Pin To Net: NetName=+5VGNDA_Conn2 Pin=DB2_Conn2-6
Added Pin To Net: NetName=+5VGNDA_Conn2 Pin=DB2_Conn2-7
Added Pin To Net: NetName=+5VGNDA_Conn2 Pin=J1_Conn2-28
Added Pin To Net: NetName=+5VGNDA_Conn2 Pin=J1_Conn2-29
Added Pin To Net: NetName=+5VGNDA_Conn2 Pin=J1_Conn2-60
Added Pin To Net: NetName=+5VGNDA_Conn2 Pin=J1_Conn2-61
Added Net: Name=+5VGNDA_Conn2
Added Pin To Net: NetName=+5VGNDA_Conn3 Pin=DB2_Conn3-6
Added Pin To Net: NetName=+5VGNDA_Conn3 Pin=DB2_Conn3-7
Added Pin To Net: NetName=+5VGNDA_Conn3 Pin=J1_Conn3-28
Added Pin To Net: NetName=+5VGNDA_Conn3 Pin=J1_Conn3-29
Added Pin To Net: NetName=+5VGNDA_Conn3 Pin=J1_Conn3-60
Added Pin To Net: NetName=+5VGNDA_Conn3 Pin=J1_Conn3-61
Added Net: Name=+5VGNDA_Conn3
Added Pin To Net: NetName=+5VGNDA_Conn4 Pin=DB2_Conn4-6
Added Pin To Net: NetName=+5VGNDA_Conn4 Pin=DB2_Conn4-7
Added Pin To Net: NetName=+5VGNDA_Conn4 Pin=J1_Conn4-28
Added Pin To Net: NetName=+5VGNDA_Conn4 Pin=J1_Conn4-29
Added Pin To Net: NetName=+5VGNDA_Conn4 Pin=J1_Conn4-60
Added Pin To Net: NetName=+5VGNDA_Conn4 Pin=J1_Conn4-61
Added Net: Name=+5VGNDA_Conn4
Added Pin To Net: NetName=+5VGNDA_Conn5 Pin=DB2_Conn5-6
Added Pin To Net: NetName=+5VGNDA_Conn5 Pin=DB2_Conn5-7
Added Pin To Net: NetName=+5VGNDA_Conn5 Pin=J1_Conn5-28
Added Pin To Net: NetName=+5VGNDA_Conn5 Pin=J1_Conn5-29
Added Pin To Net: NetName=+5VGNDA_Conn5 Pin=J1_Conn5-60
Added Pin To Net: NetName=+5VGNDA_Conn5 Pin=J1_Conn5-61
Added Net: Name=+5VGNDA_Conn5
Added Pin To Net: NetName=+5VGNDA_Conn6 Pin=DB2_Conn6-6
Added Pin To Net: NetName=+5VGNDA_Conn6 Pin=DB2_Conn6-7
Added Pin To Net: NetName=+5VGNDA_Conn6 Pin=J1_Conn6-28
Added Pin To Net: NetName=+5VGNDA_Conn6 Pin=J1_Conn6-29
Added Pin To Net: NetName=+5VGNDA_Conn6 Pin=J1_Conn6-60
Added Pin To Net: NetName=+5VGNDA_Conn6 Pin=J1_Conn6-61
Added Net: Name=+5VGNDA_Conn6
Added Pin To Net: NetName=+5VGNDA_Conn7 Pin=DB2_Conn7-6
Added Pin To Net: NetName=+5VGNDA_Conn7 Pin=DB2_Conn7-7
Added Pin To Net: NetName=+5VGNDA_Conn7 Pin=J1_Conn7-28
Added Pin To Net: NetName=+5VGNDA_Conn7 Pin=J1_Conn7-29
Added Pin To Net: NetName=+5VGNDA_Conn7 Pin=J1_Conn7-60
Added Pin To Net: NetName=+5VGNDA_Conn7 Pin=J1_Conn7-61
Added Net: Name=+5VGNDA_Conn7
Added Pin To Net: NetName=+5VGNDA_Conn8 Pin=DB2_Conn8-6
Added Pin To Net: NetName=+5VGNDA_Conn8 Pin=DB2_Conn8-7
Added Pin To Net: NetName=+5VGNDA_Conn8 Pin=J1_Conn8-28
Added Pin To Net: NetName=+5VGNDA_Conn8 Pin=J1_Conn8-29
Added Pin To Net: NetName=+5VGNDA_Conn8 Pin=J1_Conn8-60
Added Pin To Net: NetName=+5VGNDA_Conn8 Pin=J1_Conn8-61
Added Net: Name=+5VGNDA_Conn8
Added Pin To Net: NetName=+5VGNDB_Conn1 Pin=DB1_Conn1-6
Added Pin To Net: NetName=+5VGNDB_Conn1 Pin=DB1_Conn1-7
Added Pin To Net: NetName=+5VGNDB_Conn1 Pin=J1_Conn1-22
Added Pin To Net: NetName=+5VGNDB_Conn1 Pin=J1_Conn1-23
Added Pin To Net: NetName=+5VGNDB_Conn1 Pin=J1_Conn1-54
Added Pin To Net: NetName=+5VGNDB_Conn1 Pin=J1_Conn1-55
Added Net: Name=+5VGNDB_Conn1
Added Pin To Net: NetName=+5VGNDB_Conn2 Pin=DB1_Conn2-6
Added Pin To Net: NetName=+5VGNDB_Conn2 Pin=DB1_Conn2-7
Added Pin To Net: NetName=+5VGNDB_Conn2 Pin=J1_Conn2-22
Added Pin To Net: NetName=+5VGNDB_Conn2 Pin=J1_Conn2-23
Added Pin To Net: NetName=+5VGNDB_Conn2 Pin=J1_Conn2-54
Added Pin To Net: NetName=+5VGNDB_Conn2 Pin=J1_Conn2-55
Added Net: Name=+5VGNDB_Conn2
Added Pin To Net: NetName=+5VGNDB_Conn3 Pin=DB1_Conn3-6
Added Pin To Net: NetName=+5VGNDB_Conn3 Pin=DB1_Conn3-7
Added Pin To Net: NetName=+5VGNDB_Conn3 Pin=J1_Conn3-22
Added Pin To Net: NetName=+5VGNDB_Conn3 Pin=J1_Conn3-23
Added Pin To Net: NetName=+5VGNDB_Conn3 Pin=J1_Conn3-54
Added Pin To Net: NetName=+5VGNDB_Conn3 Pin=J1_Conn3-55
Added Net: Name=+5VGNDB_Conn3
Added Pin To Net: NetName=+5VGNDB_Conn4 Pin=DB1_Conn4-6
Added Pin To Net: NetName=+5VGNDB_Conn4 Pin=DB1_Conn4-7
Added Pin To Net: NetName=+5VGNDB_Conn4 Pin=J1_Conn4-22
Added Pin To Net: NetName=+5VGNDB_Conn4 Pin=J1_Conn4-23
Added Pin To Net: NetName=+5VGNDB_Conn4 Pin=J1_Conn4-54
Added Pin To Net: NetName=+5VGNDB_Conn4 Pin=J1_Conn4-55
Added Net: Name=+5VGNDB_Conn4
Added Pin To Net: NetName=+5VGNDB_Conn5 Pin=DB1_Conn5-6
Added Pin To Net: NetName=+5VGNDB_Conn5 Pin=DB1_Conn5-7
Added Pin To Net: NetName=+5VGNDB_Conn5 Pin=J1_Conn5-22
Added Pin To Net: NetName=+5VGNDB_Conn5 Pin=J1_Conn5-23
Added Pin To Net: NetName=+5VGNDB_Conn5 Pin=J1_Conn5-54
Added Pin To Net: NetName=+5VGNDB_Conn5 Pin=J1_Conn5-55
Added Net: Name=+5VGNDB_Conn5
Added Pin To Net: NetName=+5VGNDB_Conn6 Pin=DB1_Conn6-6
Added Pin To Net: NetName=+5VGNDB_Conn6 Pin=DB1_Conn6-7
Added Pin To Net: NetName=+5VGNDB_Conn6 Pin=J1_Conn6-22
Added Pin To Net: NetName=+5VGNDB_Conn6 Pin=J1_Conn6-23
Added Pin To Net: NetName=+5VGNDB_Conn6 Pin=J1_Conn6-54
Added Pin To Net: NetName=+5VGNDB_Conn6 Pin=J1_Conn6-55
Added Net: Name=+5VGNDB_Conn6
Added Pin To Net: NetName=+5VGNDB_Conn7 Pin=DB1_Conn7-6
Added Pin To Net: NetName=+5VGNDB_Conn7 Pin=DB1_Conn7-7
Added Pin To Net: NetName=+5VGNDB_Conn7 Pin=J1_Conn7-22
Added Pin To Net: NetName=+5VGNDB_Conn7 Pin=J1_Conn7-23
Added Pin To Net: NetName=+5VGNDB_Conn7 Pin=J1_Conn7-54
Added Pin To Net: NetName=+5VGNDB_Conn7 Pin=J1_Conn7-55
Added Net: Name=+5VGNDB_Conn7
Added Pin To Net: NetName=+5VGNDB_Conn8 Pin=DB1_Conn8-6
Added Pin To Net: NetName=+5VGNDB_Conn8 Pin=DB1_Conn8-7
Added Pin To Net: NetName=+5VGNDB_Conn8 Pin=J1_Conn8-22
Added Pin To Net: NetName=+5VGNDB_Conn8 Pin=J1_Conn8-23
Added Pin To Net: NetName=+5VGNDB_Conn8 Pin=J1_Conn8-54
Added Pin To Net: NetName=+5VGNDB_Conn8 Pin=J1_Conn8-55
Added Net: Name=+5VGNDB_Conn8
Added Pin To Net: NetName=+5V Pin=J1_Conn1-2
Added Pin To Net: NetName=+5V Pin=J1_Conn1-34
Added Pin To Net: NetName=+5V Pin=J1_Conn2-2
Added Pin To Net: NetName=+5V Pin=J1_Conn2-34
Added Pin To Net: NetName=+5V Pin=J1_Conn3-2
Added Pin To Net: NetName=+5V Pin=J1_Conn3-34
Added Pin To Net: NetName=+5V Pin=J1_Conn4-2
Added Pin To Net: NetName=+5V Pin=J1_Conn4-34
Added Pin To Net: NetName=+5V Pin=J1_Conn5-2
Added Pin To Net: NetName=+5V Pin=J1_Conn5-34
Added Pin To Net: NetName=+5V Pin=J1_Conn6-2
Added Pin To Net: NetName=+5V Pin=J1_Conn6-34
Added Pin To Net: NetName=+5V Pin=J1_Conn7-2
Added Pin To Net: NetName=+5V Pin=J1_Conn7-34
Added Pin To Net: NetName=+5V Pin=J1_Conn8-2
Added Pin To Net: NetName=+5V Pin=J1_Conn8-34
Added Pin To Net: NetName=+5V Pin=J1_Conn8-49
Added Pin To Net: NetName=+5V Pin=P1-1
Added Pin To Net: NetName=+5V Pin=RJ1_Conn1-7
Added Pin To Net: NetName=+5V Pin=RJ1_Conn2-7
Added Pin To Net: NetName=+5V Pin=RJ1_Conn3-7
Added Pin To Net: NetName=+5V Pin=RJ1_Conn4-7
Added Pin To Net: NetName=+5V Pin=RJ1_Conn5-7
Added Pin To Net: NetName=+5V Pin=RJ1_Conn6-7
Added Pin To Net: NetName=+5V Pin=RJ1_Conn7-7
Added Pin To Net: NetName=+5V Pin=RJ1_Conn8-7
Added Pin To Net: NetName=+5V Pin=RJ2_Conn1-7
Added Pin To Net: NetName=+5V Pin=RJ2_Conn2-7
Added Pin To Net: NetName=+5V Pin=RJ2_Conn3-7
Added Pin To Net: NetName=+5V Pin=RJ2_Conn4-7
Added Pin To Net: NetName=+5V Pin=RJ2_Conn5-7
Added Pin To Net: NetName=+5V Pin=RJ2_Conn6-7
Added Pin To Net: NetName=+5V Pin=RJ2_Conn7-7
Added Pin To Net: NetName=+5V Pin=RJ2_Conn8-7
Added Pin To Net: NetName=+5V Pin=RSCL1-1
Added Pin To Net: NetName=+5V Pin=RSDA1-1
Added Net: Name=+5V
Added Pin To Net: NetName=+9V Pin=J2-2
Added Pin To Net: NetName=+9V Pin=J2-34
Added Net: Name=+9V
Added Pin To Net: NetName=-5VA_Conn1 Pin=DB2_Conn1-4
Added Pin To Net: NetName=-5VA_Conn1 Pin=DB2_Conn1-5
Added Pin To Net: NetName=-5VA_Conn1 Pin=J1_Conn1-31
Added Pin To Net: NetName=-5VA_Conn1 Pin=J1_Conn1-63
Added Net: Name=-5VA_Conn1
Added Pin To Net: NetName=-5VA_Conn2 Pin=DB2_Conn2-4
Added Pin To Net: NetName=-5VA_Conn2 Pin=DB2_Conn2-5
Added Pin To Net: NetName=-5VA_Conn2 Pin=J1_Conn2-31
Added Pin To Net: NetName=-5VA_Conn2 Pin=J1_Conn2-63
Added Net: Name=-5VA_Conn2
Added Pin To Net: NetName=-5VA_Conn3 Pin=DB2_Conn3-4
Added Pin To Net: NetName=-5VA_Conn3 Pin=DB2_Conn3-5
Added Pin To Net: NetName=-5VA_Conn3 Pin=J1_Conn3-31
Added Pin To Net: NetName=-5VA_Conn3 Pin=J1_Conn3-63
Added Net: Name=-5VA_Conn3
Added Pin To Net: NetName=-5VA_Conn4 Pin=DB2_Conn4-4
Added Pin To Net: NetName=-5VA_Conn4 Pin=DB2_Conn4-5
Added Pin To Net: NetName=-5VA_Conn4 Pin=J1_Conn4-31
Added Pin To Net: NetName=-5VA_Conn4 Pin=J1_Conn4-63
Added Net: Name=-5VA_Conn4
Added Pin To Net: NetName=-5VA_Conn5 Pin=DB2_Conn5-4
Added Pin To Net: NetName=-5VA_Conn5 Pin=DB2_Conn5-5
Added Pin To Net: NetName=-5VA_Conn5 Pin=J1_Conn5-31
Added Pin To Net: NetName=-5VA_Conn5 Pin=J1_Conn5-63
Added Net: Name=-5VA_Conn5
Added Pin To Net: NetName=-5VA_Conn6 Pin=DB2_Conn6-4
Added Pin To Net: NetName=-5VA_Conn6 Pin=DB2_Conn6-5
Added Pin To Net: NetName=-5VA_Conn6 Pin=J1_Conn6-31
Added Pin To Net: NetName=-5VA_Conn6 Pin=J1_Conn6-63
Added Net: Name=-5VA_Conn6
Added Pin To Net: NetName=-5VA_Conn7 Pin=DB2_Conn7-4
Added Pin To Net: NetName=-5VA_Conn7 Pin=DB2_Conn7-5
Added Pin To Net: NetName=-5VA_Conn7 Pin=J1_Conn7-31
Added Pin To Net: NetName=-5VA_Conn7 Pin=J1_Conn7-63
Added Net: Name=-5VA_Conn7
Added Pin To Net: NetName=-5VA_Conn8 Pin=DB2_Conn8-4
Added Pin To Net: NetName=-5VA_Conn8 Pin=DB2_Conn8-5
Added Pin To Net: NetName=-5VA_Conn8 Pin=J1_Conn8-31
Added Pin To Net: NetName=-5VA_Conn8 Pin=J1_Conn8-63
Added Net: Name=-5VA_Conn8
Added Pin To Net: NetName=-5VB_Conn1 Pin=DB1_Conn1-4
Added Pin To Net: NetName=-5VB_Conn1 Pin=DB1_Conn1-5
Added Pin To Net: NetName=-5VB_Conn1 Pin=J1_Conn1-25
Added Pin To Net: NetName=-5VB_Conn1 Pin=J1_Conn1-57
Added Net: Name=-5VB_Conn1
Added Pin To Net: NetName=-5VB_Conn2 Pin=DB1_Conn2-4
Added Pin To Net: NetName=-5VB_Conn2 Pin=DB1_Conn2-5
Added Pin To Net: NetName=-5VB_Conn2 Pin=J1_Conn2-25
Added Pin To Net: NetName=-5VB_Conn2 Pin=J1_Conn2-57
Added Net: Name=-5VB_Conn2
Added Pin To Net: NetName=-5VB_Conn3 Pin=DB1_Conn3-4
Added Pin To Net: NetName=-5VB_Conn3 Pin=DB1_Conn3-5
Added Pin To Net: NetName=-5VB_Conn3 Pin=J1_Conn3-25
Added Pin To Net: NetName=-5VB_Conn3 Pin=J1_Conn3-57
Added Net: Name=-5VB_Conn3
Added Pin To Net: NetName=-5VB_Conn4 Pin=DB1_Conn4-4
Added Pin To Net: NetName=-5VB_Conn4 Pin=DB1_Conn4-5
Added Pin To Net: NetName=-5VB_Conn4 Pin=J1_Conn4-25
Added Pin To Net: NetName=-5VB_Conn4 Pin=J1_Conn4-57
Added Net: Name=-5VB_Conn4
Added Pin To Net: NetName=-5VB_Conn5 Pin=DB1_Conn5-4
Added Pin To Net: NetName=-5VB_Conn5 Pin=DB1_Conn5-5
Added Pin To Net: NetName=-5VB_Conn5 Pin=J1_Conn5-25
Added Pin To Net: NetName=-5VB_Conn5 Pin=J1_Conn5-57
Added Net: Name=-5VB_Conn5
Added Pin To Net: NetName=-5VB_Conn6 Pin=DB1_Conn6-4
Added Pin To Net: NetName=-5VB_Conn6 Pin=DB1_Conn6-5
Added Pin To Net: NetName=-5VB_Conn6 Pin=J1_Conn6-25
Added Pin To Net: NetName=-5VB_Conn6 Pin=J1_Conn6-57
Added Net: Name=-5VB_Conn6
Added Pin To Net: NetName=-5VB_Conn7 Pin=DB1_Conn7-4
Added Pin To Net: NetName=-5VB_Conn7 Pin=DB1_Conn7-5
Added Pin To Net: NetName=-5VB_Conn7 Pin=J1_Conn7-25
Added Pin To Net: NetName=-5VB_Conn7 Pin=J1_Conn7-57
Added Net: Name=-5VB_Conn7
Added Pin To Net: NetName=-5VB_Conn8 Pin=DB1_Conn8-4
Added Pin To Net: NetName=-5VB_Conn8 Pin=DB1_Conn8-5
Added Pin To Net: NetName=-5VB_Conn8 Pin=J1_Conn8-25
Added Pin To Net: NetName=-5VB_Conn8 Pin=J1_Conn8-57
Added Net: Name=-5VB_Conn8
Added Pin To Net: NetName=-5VGNDA_Conn1 Pin=DB2_Conn1-8
Added Pin To Net: NetName=-5VGNDA_Conn1 Pin=DB2_Conn1-9
Added Pin To Net: NetName=-5VGNDA_Conn1 Pin=J1_Conn1-30
Added Pin To Net: NetName=-5VGNDA_Conn1 Pin=J1_Conn1-62
Added Net: Name=-5VGNDA_Conn1
Added Pin To Net: NetName=-5VGNDA_Conn2 Pin=DB2_Conn2-8
Added Pin To Net: NetName=-5VGNDA_Conn2 Pin=DB2_Conn2-9
Added Pin To Net: NetName=-5VGNDA_Conn2 Pin=J1_Conn2-30
Added Pin To Net: NetName=-5VGNDA_Conn2 Pin=J1_Conn2-62
Added Net: Name=-5VGNDA_Conn2
Added Pin To Net: NetName=-5VGNDA_Conn3 Pin=DB2_Conn3-8
Added Pin To Net: NetName=-5VGNDA_Conn3 Pin=DB2_Conn3-9
Added Pin To Net: NetName=-5VGNDA_Conn3 Pin=J1_Conn3-30
Added Pin To Net: NetName=-5VGNDA_Conn3 Pin=J1_Conn3-62
Added Net: Name=-5VGNDA_Conn3
Added Pin To Net: NetName=-5VGNDA_Conn4 Pin=DB2_Conn4-8
Added Pin To Net: NetName=-5VGNDA_Conn4 Pin=DB2_Conn4-9
Added Pin To Net: NetName=-5VGNDA_Conn4 Pin=J1_Conn4-30
Added Pin To Net: NetName=-5VGNDA_Conn4 Pin=J1_Conn4-62
Added Net: Name=-5VGNDA_Conn4
Added Pin To Net: NetName=-5VGNDA_Conn5 Pin=DB2_Conn5-8
Added Pin To Net: NetName=-5VGNDA_Conn5 Pin=DB2_Conn5-9
Added Pin To Net: NetName=-5VGNDA_Conn5 Pin=J1_Conn5-30
Added Pin To Net: NetName=-5VGNDA_Conn5 Pin=J1_Conn5-62
Added Net: Name=-5VGNDA_Conn5
Added Pin To Net: NetName=-5VGNDA_Conn6 Pin=DB2_Conn6-8
Added Pin To Net: NetName=-5VGNDA_Conn6 Pin=DB2_Conn6-9
Added Pin To Net: NetName=-5VGNDA_Conn6 Pin=J1_Conn6-30
Added Pin To Net: NetName=-5VGNDA_Conn6 Pin=J1_Conn6-62
Added Net: Name=-5VGNDA_Conn6
Added Pin To Net: NetName=-5VGNDA_Conn7 Pin=DB2_Conn7-8
Added Pin To Net: NetName=-5VGNDA_Conn7 Pin=DB2_Conn7-9
Added Pin To Net: NetName=-5VGNDA_Conn7 Pin=J1_Conn7-30
Added Pin To Net: NetName=-5VGNDA_Conn7 Pin=J1_Conn7-62
Added Net: Name=-5VGNDA_Conn7
Added Pin To Net: NetName=-5VGNDA_Conn8 Pin=DB2_Conn8-8
Added Pin To Net: NetName=-5VGNDA_Conn8 Pin=DB2_Conn8-9
Added Pin To Net: NetName=-5VGNDA_Conn8 Pin=J1_Conn8-30
Added Pin To Net: NetName=-5VGNDA_Conn8 Pin=J1_Conn8-62
Added Net: Name=-5VGNDA_Conn8
Added Pin To Net: NetName=-5VGNDB_Conn1 Pin=DB1_Conn1-8
Added Pin To Net: NetName=-5VGNDB_Conn1 Pin=DB1_Conn1-9
Added Pin To Net: NetName=-5VGNDB_Conn1 Pin=J1_Conn1-24
Added Pin To Net: NetName=-5VGNDB_Conn1 Pin=J1_Conn1-56
Added Net: Name=-5VGNDB_Conn1
Added Pin To Net: NetName=-5VGNDB_Conn2 Pin=DB1_Conn2-8
Added Pin To Net: NetName=-5VGNDB_Conn2 Pin=DB1_Conn2-9
Added Pin To Net: NetName=-5VGNDB_Conn2 Pin=J1_Conn2-24
Added Pin To Net: NetName=-5VGNDB_Conn2 Pin=J1_Conn2-56
Added Net: Name=-5VGNDB_Conn2
Added Pin To Net: NetName=-5VGNDB_Conn3 Pin=DB1_Conn3-8
Added Pin To Net: NetName=-5VGNDB_Conn3 Pin=DB1_Conn3-9
Added Pin To Net: NetName=-5VGNDB_Conn3 Pin=J1_Conn3-24
Added Pin To Net: NetName=-5VGNDB_Conn3 Pin=J1_Conn3-56
Added Net: Name=-5VGNDB_Conn3
Added Pin To Net: NetName=-5VGNDB_Conn4 Pin=DB1_Conn4-8
Added Pin To Net: NetName=-5VGNDB_Conn4 Pin=DB1_Conn4-9
Added Pin To Net: NetName=-5VGNDB_Conn4 Pin=J1_Conn4-24
Added Pin To Net: NetName=-5VGNDB_Conn4 Pin=J1_Conn4-56
Added Net: Name=-5VGNDB_Conn4
Added Pin To Net: NetName=-5VGNDB_Conn5 Pin=DB1_Conn5-8
Added Pin To Net: NetName=-5VGNDB_Conn5 Pin=DB1_Conn5-9
Added Pin To Net: NetName=-5VGNDB_Conn5 Pin=J1_Conn5-24
Added Pin To Net: NetName=-5VGNDB_Conn5 Pin=J1_Conn5-56
Added Net: Name=-5VGNDB_Conn5
Added Pin To Net: NetName=-5VGNDB_Conn6 Pin=DB1_Conn6-8
Added Pin To Net: NetName=-5VGNDB_Conn6 Pin=DB1_Conn6-9
Added Pin To Net: NetName=-5VGNDB_Conn6 Pin=J1_Conn6-24
Added Pin To Net: NetName=-5VGNDB_Conn6 Pin=J1_Conn6-56
Added Net: Name=-5VGNDB_Conn6
Added Pin To Net: NetName=-5VGNDB_Conn7 Pin=DB1_Conn7-8
Added Pin To Net: NetName=-5VGNDB_Conn7 Pin=DB1_Conn7-9
Added Pin To Net: NetName=-5VGNDB_Conn7 Pin=J1_Conn7-24
Added Pin To Net: NetName=-5VGNDB_Conn7 Pin=J1_Conn7-56
Added Net: Name=-5VGNDB_Conn7
Added Pin To Net: NetName=-5VGNDB_Conn8 Pin=DB1_Conn8-8
Added Pin To Net: NetName=-5VGNDB_Conn8 Pin=DB1_Conn8-9
Added Pin To Net: NetName=-5VGNDB_Conn8 Pin=J1_Conn8-24
Added Pin To Net: NetName=-5VGNDB_Conn8 Pin=J1_Conn8-56
Added Net: Name=-5VGNDB_Conn8
Added Pin To Net: NetName=GND Pin=J1_Conn1-3
Added Pin To Net: NetName=GND Pin=J1_Conn1-6
Added Pin To Net: NetName=GND Pin=J1_Conn1-7
Added Pin To Net: NetName=GND Pin=J1_Conn1-16
Added Pin To Net: NetName=GND Pin=J1_Conn1-17
Added Pin To Net: NetName=GND Pin=J1_Conn1-18
Added Pin To Net: NetName=GND Pin=J1_Conn1-19
Added Pin To Net: NetName=GND Pin=J1_Conn1-35
Added Pin To Net: NetName=GND Pin=J1_Conn1-38
Added Pin To Net: NetName=GND Pin=J1_Conn1-39
Added Pin To Net: NetName=GND Pin=J1_Conn1-40
Added Pin To Net: NetName=GND Pin=J1_Conn1-43
Added Pin To Net: NetName=GND Pin=J1_Conn1-44
Added Pin To Net: NetName=GND Pin=J1_Conn1-51
Added Pin To Net: NetName=GND Pin=J1_Conn2-3
Added Pin To Net: NetName=GND Pin=J1_Conn2-6
Added Pin To Net: NetName=GND Pin=J1_Conn2-7
Added Pin To Net: NetName=GND Pin=J1_Conn2-16
Added Pin To Net: NetName=GND Pin=J1_Conn2-17
Added Pin To Net: NetName=GND Pin=J1_Conn2-18
Added Pin To Net: NetName=GND Pin=J1_Conn2-19
Added Pin To Net: NetName=GND Pin=J1_Conn2-35
Added Pin To Net: NetName=GND Pin=J1_Conn2-38
Added Pin To Net: NetName=GND Pin=J1_Conn2-39
Added Pin To Net: NetName=GND Pin=J1_Conn2-40
Added Pin To Net: NetName=GND Pin=J1_Conn2-43
Added Pin To Net: NetName=GND Pin=J1_Conn2-44
Added Pin To Net: NetName=GND Pin=J1_Conn2-51
Added Pin To Net: NetName=GND Pin=J1_Conn3-3
Added Pin To Net: NetName=GND Pin=J1_Conn3-6
Added Pin To Net: NetName=GND Pin=J1_Conn3-7
Added Pin To Net: NetName=GND Pin=J1_Conn3-16
Added Pin To Net: NetName=GND Pin=J1_Conn3-17
Added Pin To Net: NetName=GND Pin=J1_Conn3-18
Added Pin To Net: NetName=GND Pin=J1_Conn3-19
Added Pin To Net: NetName=GND Pin=J1_Conn3-35
Added Pin To Net: NetName=GND Pin=J1_Conn3-38
Added Pin To Net: NetName=GND Pin=J1_Conn3-39
Added Pin To Net: NetName=GND Pin=J1_Conn3-40
Added Pin To Net: NetName=GND Pin=J1_Conn3-43
Added Pin To Net: NetName=GND Pin=J1_Conn3-44
Added Pin To Net: NetName=GND Pin=J1_Conn3-51
Added Pin To Net: NetName=GND Pin=J1_Conn4-3
Added Pin To Net: NetName=GND Pin=J1_Conn4-6
Added Pin To Net: NetName=GND Pin=J1_Conn4-7
Added Pin To Net: NetName=GND Pin=J1_Conn4-16
Added Pin To Net: NetName=GND Pin=J1_Conn4-17
Added Pin To Net: NetName=GND Pin=J1_Conn4-18
Added Pin To Net: NetName=GND Pin=J1_Conn4-19
Added Pin To Net: NetName=GND Pin=J1_Conn4-35
Added Pin To Net: NetName=GND Pin=J1_Conn4-38
Added Pin To Net: NetName=GND Pin=J1_Conn4-39
Added Pin To Net: NetName=GND Pin=J1_Conn4-40
Added Pin To Net: NetName=GND Pin=J1_Conn4-43
Added Pin To Net: NetName=GND Pin=J1_Conn4-44
Added Pin To Net: NetName=GND Pin=J1_Conn4-51
Added Pin To Net: NetName=GND Pin=J1_Conn5-3
Added Pin To Net: NetName=GND Pin=J1_Conn5-6
Added Pin To Net: NetName=GND Pin=J1_Conn5-7
Added Pin To Net: NetName=GND Pin=J1_Conn5-16
Added Pin To Net: NetName=GND Pin=J1_Conn5-17
Added Pin To Net: NetName=GND Pin=J1_Conn5-18
Added Pin To Net: NetName=GND Pin=J1_Conn5-19
Added Pin To Net: NetName=GND Pin=J1_Conn5-35
Added Pin To Net: NetName=GND Pin=J1_Conn5-38
Added Pin To Net: NetName=GND Pin=J1_Conn5-39
Added Pin To Net: NetName=GND Pin=J1_Conn5-40
Added Pin To Net: NetName=GND Pin=J1_Conn5-43
Added Pin To Net: NetName=GND Pin=J1_Conn5-44
Added Pin To Net: NetName=GND Pin=J1_Conn5-51
Added Pin To Net: NetName=GND Pin=J1_Conn6-3
Added Pin To Net: NetName=GND Pin=J1_Conn6-6
Added Pin To Net: NetName=GND Pin=J1_Conn6-7
Added Pin To Net: NetName=GND Pin=J1_Conn6-16
Added Pin To Net: NetName=GND Pin=J1_Conn6-17
Added Pin To Net: NetName=GND Pin=J1_Conn6-18
Added Pin To Net: NetName=GND Pin=J1_Conn6-19
Added Pin To Net: NetName=GND Pin=J1_Conn6-35
Added Pin To Net: NetName=GND Pin=J1_Conn6-38
Added Pin To Net: NetName=GND Pin=J1_Conn6-39
Added Pin To Net: NetName=GND Pin=J1_Conn6-40
Added Pin To Net: NetName=GND Pin=J1_Conn6-43
Added Pin To Net: NetName=GND Pin=J1_Conn6-44
Added Pin To Net: NetName=GND Pin=J1_Conn6-51
Added Pin To Net: NetName=GND Pin=J1_Conn7-3
Added Pin To Net: NetName=GND Pin=J1_Conn7-6
Added Pin To Net: NetName=GND Pin=J1_Conn7-7
Added Pin To Net: NetName=GND Pin=J1_Conn7-16
Added Pin To Net: NetName=GND Pin=J1_Conn7-17
Added Pin To Net: NetName=GND Pin=J1_Conn7-18
Added Pin To Net: NetName=GND Pin=J1_Conn7-19
Added Pin To Net: NetName=GND Pin=J1_Conn7-35
Added Pin To Net: NetName=GND Pin=J1_Conn7-38
Added Pin To Net: NetName=GND Pin=J1_Conn7-39
Added Pin To Net: NetName=GND Pin=J1_Conn7-40
Added Pin To Net: NetName=GND Pin=J1_Conn7-43
Added Pin To Net: NetName=GND Pin=J1_Conn7-44
Added Pin To Net: NetName=GND Pin=J1_Conn7-51
Added Pin To Net: NetName=GND Pin=J1_Conn8-3
Added Pin To Net: NetName=GND Pin=J1_Conn8-6
Added Pin To Net: NetName=GND Pin=J1_Conn8-7
Added Pin To Net: NetName=GND Pin=J1_Conn8-16
Added Pin To Net: NetName=GND Pin=J1_Conn8-17
Added Pin To Net: NetName=GND Pin=J1_Conn8-18
Added Pin To Net: NetName=GND Pin=J1_Conn8-19
Added Pin To Net: NetName=GND Pin=J1_Conn8-35
Added Pin To Net: NetName=GND Pin=J1_Conn8-38
Added Pin To Net: NetName=GND Pin=J1_Conn8-39
Added Pin To Net: NetName=GND Pin=J1_Conn8-40
Added Pin To Net: NetName=GND Pin=J1_Conn8-43
Added Pin To Net: NetName=GND Pin=J1_Conn8-44
Added Pin To Net: NetName=GND Pin=J1_Conn8-50
Added Pin To Net: NetName=GND Pin=J1_Conn8-51
Added Pin To Net: NetName=GND Pin=J2-3
Added Pin To Net: NetName=GND Pin=J2-6
Added Pin To Net: NetName=GND Pin=J2-9
Added Pin To Net: NetName=GND Pin=J2-12
Added Pin To Net: NetName=GND Pin=J2-15
Added Pin To Net: NetName=GND Pin=J2-18
Added Pin To Net: NetName=GND Pin=J2-21
Added Pin To Net: NetName=GND Pin=J2-24
Added Pin To Net: NetName=GND Pin=J2-27
Added Pin To Net: NetName=GND Pin=J2-35
Added Pin To Net: NetName=GND Pin=J2-38
Added Pin To Net: NetName=GND Pin=P1-3
Added Pin To Net: NetName=GND Pin=RJ1_Conn1-8
Added Pin To Net: NetName=GND Pin=RJ1_Conn2-8
Added Pin To Net: NetName=GND Pin=RJ1_Conn3-8
Added Pin To Net: NetName=GND Pin=RJ1_Conn4-8
Added Pin To Net: NetName=GND Pin=RJ1_Conn5-8
Added Pin To Net: NetName=GND Pin=RJ1_Conn6-8
Added Pin To Net: NetName=GND Pin=RJ1_Conn7-8
Added Pin To Net: NetName=GND Pin=RJ1_Conn8-8
Added Pin To Net: NetName=GND Pin=RJ2_Conn1-8
Added Pin To Net: NetName=GND Pin=RJ2_Conn2-8
Added Pin To Net: NetName=GND Pin=RJ2_Conn3-8
Added Pin To Net: NetName=GND Pin=RJ2_Conn4-8
Added Pin To Net: NetName=GND Pin=RJ2_Conn5-8
Added Pin To Net: NetName=GND Pin=RJ2_Conn6-8
Added Pin To Net: NetName=GND Pin=RJ2_Conn7-8
Added Pin To Net: NetName=GND Pin=RJ2_Conn8-8
Added Net: Name=GND
Added Pin To Net: NetName=NetJ1_Conn1_8 Pin=J1_Conn1-8
Added Pin To Net: NetName=NetJ1_Conn1_8 Pin=RJ2_Conn1-2
Added Net: Name=NetJ1_Conn1_8
Added Pin To Net: NetName=NetJ1_Conn1_9 Pin=J1_Conn1-9
Added Pin To Net: NetName=NetJ1_Conn1_9 Pin=RJ2_Conn1-1
Added Net: Name=NetJ1_Conn1_9
Added Pin To Net: NetName=NetJ1_Conn1_10 Pin=J1_Conn1-10
Added Pin To Net: NetName=NetJ1_Conn1_10 Pin=RJ2_Conn1-6
Added Net: Name=NetJ1_Conn1_10
Added Pin To Net: NetName=NetJ1_Conn1_11 Pin=J1_Conn1-11
Added Pin To Net: NetName=NetJ1_Conn1_11 Pin=RJ2_Conn1-3
Added Net: Name=NetJ1_Conn1_11
Added Pin To Net: NetName=NetJ1_Conn1_12 Pin=J1_Conn1-12
Added Pin To Net: NetName=NetJ1_Conn1_12 Pin=RJ1_Conn1-2
Added Net: Name=NetJ1_Conn1_12
Added Pin To Net: NetName=NetJ1_Conn1_13 Pin=J1_Conn1-13
Added Pin To Net: NetName=NetJ1_Conn1_13 Pin=RJ1_Conn1-1
Added Net: Name=NetJ1_Conn1_13
Added Pin To Net: NetName=NetJ1_Conn1_14 Pin=J1_Conn1-14
Added Pin To Net: NetName=NetJ1_Conn1_14 Pin=RJ1_Conn1-6
Added Net: Name=NetJ1_Conn1_14
Added Pin To Net: NetName=NetJ1_Conn1_15 Pin=J1_Conn1-15
Added Pin To Net: NetName=NetJ1_Conn1_15 Pin=RJ1_Conn1-3
Added Net: Name=NetJ1_Conn1_15
Added Pin To Net: NetName=NetJ1_Conn1_47 Pin=J1_Conn1-47
Added Net: Name=NetJ1_Conn1_47
Added Pin To Net: NetName=NetJ1_Conn1_48 Pin=J1_Conn1-48
Added Net: Name=NetJ1_Conn1_48
Added Pin To Net: NetName=NetJ1_Conn1_49 Pin=J1_Conn1-49
Added Net: Name=NetJ1_Conn1_49
Added Pin To Net: NetName=NetJ1_Conn1_50 Pin=J1_Conn1-50
Added Net: Name=NetJ1_Conn1_50
Added Pin To Net: NetName=NetJ1_Conn2_8 Pin=J1_Conn2-8
Added Pin To Net: NetName=NetJ1_Conn2_8 Pin=RJ2_Conn2-2
Added Net: Name=NetJ1_Conn2_8
Added Pin To Net: NetName=NetJ1_Conn2_9 Pin=J1_Conn2-9
Added Pin To Net: NetName=NetJ1_Conn2_9 Pin=RJ2_Conn2-1
Added Net: Name=NetJ1_Conn2_9
Added Pin To Net: NetName=NetJ1_Conn2_10 Pin=J1_Conn2-10
Added Pin To Net: NetName=NetJ1_Conn2_10 Pin=RJ2_Conn2-6
Added Net: Name=NetJ1_Conn2_10
Added Pin To Net: NetName=NetJ1_Conn2_11 Pin=J1_Conn2-11
Added Pin To Net: NetName=NetJ1_Conn2_11 Pin=RJ2_Conn2-3
Added Net: Name=NetJ1_Conn2_11
Added Pin To Net: NetName=NetJ1_Conn2_12 Pin=J1_Conn2-12
Added Pin To Net: NetName=NetJ1_Conn2_12 Pin=RJ1_Conn2-2
Added Net: Name=NetJ1_Conn2_12
Added Pin To Net: NetName=NetJ1_Conn2_13 Pin=J1_Conn2-13
Added Pin To Net: NetName=NetJ1_Conn2_13 Pin=RJ1_Conn2-1
Added Net: Name=NetJ1_Conn2_13
Added Pin To Net: NetName=NetJ1_Conn2_14 Pin=J1_Conn2-14
Added Pin To Net: NetName=NetJ1_Conn2_14 Pin=RJ1_Conn2-6
Added Net: Name=NetJ1_Conn2_14
Added Pin To Net: NetName=NetJ1_Conn2_15 Pin=J1_Conn2-15
Added Pin To Net: NetName=NetJ1_Conn2_15 Pin=RJ1_Conn2-3
Added Net: Name=NetJ1_Conn2_15
Added Pin To Net: NetName=NetJ1_Conn2_47 Pin=J1_Conn2-47
Added Net: Name=NetJ1_Conn2_47
Added Pin To Net: NetName=NetJ1_Conn2_48 Pin=J1_Conn2-48
Added Net: Name=NetJ1_Conn2_48
Added Pin To Net: NetName=NetJ1_Conn2_49 Pin=J1_Conn2-49
Added Net: Name=NetJ1_Conn2_49
Added Pin To Net: NetName=NetJ1_Conn2_50 Pin=J1_Conn2-50
Added Net: Name=NetJ1_Conn2_50
Added Pin To Net: NetName=NetJ1_Conn3_8 Pin=J1_Conn3-8
Added Pin To Net: NetName=NetJ1_Conn3_8 Pin=RJ2_Conn3-2
Added Net: Name=NetJ1_Conn3_8
Added Pin To Net: NetName=NetJ1_Conn3_9 Pin=J1_Conn3-9
Added Pin To Net: NetName=NetJ1_Conn3_9 Pin=RJ2_Conn3-1
Added Net: Name=NetJ1_Conn3_9
Added Pin To Net: NetName=NetJ1_Conn3_10 Pin=J1_Conn3-10
Added Pin To Net: NetName=NetJ1_Conn3_10 Pin=RJ2_Conn3-6
Added Net: Name=NetJ1_Conn3_10
Added Pin To Net: NetName=NetJ1_Conn3_11 Pin=J1_Conn3-11
Added Pin To Net: NetName=NetJ1_Conn3_11 Pin=RJ2_Conn3-3
Added Net: Name=NetJ1_Conn3_11
Added Pin To Net: NetName=NetJ1_Conn3_12 Pin=J1_Conn3-12
Added Pin To Net: NetName=NetJ1_Conn3_12 Pin=RJ1_Conn3-2
Added Net: Name=NetJ1_Conn3_12
Added Pin To Net: NetName=NetJ1_Conn3_13 Pin=J1_Conn3-13
Added Pin To Net: NetName=NetJ1_Conn3_13 Pin=RJ1_Conn3-1
Added Net: Name=NetJ1_Conn3_13
Added Pin To Net: NetName=NetJ1_Conn3_14 Pin=J1_Conn3-14
Added Pin To Net: NetName=NetJ1_Conn3_14 Pin=RJ1_Conn3-6
Added Net: Name=NetJ1_Conn3_14
Added Pin To Net: NetName=NetJ1_Conn3_15 Pin=J1_Conn3-15
Added Pin To Net: NetName=NetJ1_Conn3_15 Pin=RJ1_Conn3-3
Added Net: Name=NetJ1_Conn3_15
Added Pin To Net: NetName=NetJ1_Conn3_47 Pin=J1_Conn3-47
Added Net: Name=NetJ1_Conn3_47
Added Pin To Net: NetName=NetJ1_Conn3_48 Pin=J1_Conn3-48
Added Net: Name=NetJ1_Conn3_48
Added Pin To Net: NetName=NetJ1_Conn3_49 Pin=J1_Conn3-49
Added Net: Name=NetJ1_Conn3_49
Added Pin To Net: NetName=NetJ1_Conn3_50 Pin=J1_Conn3-50
Added Net: Name=NetJ1_Conn3_50
Added Pin To Net: NetName=NetJ1_Conn4_8 Pin=J1_Conn4-8
Added Pin To Net: NetName=NetJ1_Conn4_8 Pin=RJ2_Conn4-2
Added Net: Name=NetJ1_Conn4_8
Added Pin To Net: NetName=NetJ1_Conn4_9 Pin=J1_Conn4-9
Added Pin To Net: NetName=NetJ1_Conn4_9 Pin=RJ2_Conn4-1
Added Net: Name=NetJ1_Conn4_9
Added Pin To Net: NetName=NetJ1_Conn4_10 Pin=J1_Conn4-10
Added Pin To Net: NetName=NetJ1_Conn4_10 Pin=RJ2_Conn4-6
Added Net: Name=NetJ1_Conn4_10
Added Pin To Net: NetName=NetJ1_Conn4_11 Pin=J1_Conn4-11
Added Pin To Net: NetName=NetJ1_Conn4_11 Pin=RJ2_Conn4-3
Added Net: Name=NetJ1_Conn4_11
Added Pin To Net: NetName=NetJ1_Conn4_12 Pin=J1_Conn4-12
Added Pin To Net: NetName=NetJ1_Conn4_12 Pin=RJ1_Conn4-2
Added Net: Name=NetJ1_Conn4_12
Added Pin To Net: NetName=NetJ1_Conn4_13 Pin=J1_Conn4-13
Added Pin To Net: NetName=NetJ1_Conn4_13 Pin=RJ1_Conn4-1
Added Net: Name=NetJ1_Conn4_13
Added Pin To Net: NetName=NetJ1_Conn4_14 Pin=J1_Conn4-14
Added Pin To Net: NetName=NetJ1_Conn4_14 Pin=RJ1_Conn4-6
Added Net: Name=NetJ1_Conn4_14
Added Pin To Net: NetName=NetJ1_Conn4_15 Pin=J1_Conn4-15
Added Pin To Net: NetName=NetJ1_Conn4_15 Pin=RJ1_Conn4-3
Added Net: Name=NetJ1_Conn4_15
Added Pin To Net: NetName=NetJ1_Conn4_47 Pin=J1_Conn4-47
Added Net: Name=NetJ1_Conn4_47
Added Pin To Net: NetName=NetJ1_Conn4_48 Pin=J1_Conn4-48
Added Net: Name=NetJ1_Conn4_48
Added Pin To Net: NetName=NetJ1_Conn4_49 Pin=J1_Conn4-49
Added Net: Name=NetJ1_Conn4_49
Added Pin To Net: NetName=NetJ1_Conn4_50 Pin=J1_Conn4-50
Added Net: Name=NetJ1_Conn4_50
Added Pin To Net: NetName=NetJ1_Conn5_8 Pin=J1_Conn5-8
Added Pin To Net: NetName=NetJ1_Conn5_8 Pin=RJ2_Conn5-2
Added Net: Name=NetJ1_Conn5_8
Added Pin To Net: NetName=NetJ1_Conn5_9 Pin=J1_Conn5-9
Added Pin To Net: NetName=NetJ1_Conn5_9 Pin=RJ2_Conn5-1
Added Net: Name=NetJ1_Conn5_9
Added Pin To Net: NetName=NetJ1_Conn5_10 Pin=J1_Conn5-10
Added Pin To Net: NetName=NetJ1_Conn5_10 Pin=RJ2_Conn5-6
Added Net: Name=NetJ1_Conn5_10
Added Pin To Net: NetName=NetJ1_Conn5_11 Pin=J1_Conn5-11
Added Pin To Net: NetName=NetJ1_Conn5_11 Pin=RJ2_Conn5-3
Added Net: Name=NetJ1_Conn5_11
Added Pin To Net: NetName=NetJ1_Conn5_12 Pin=J1_Conn5-12
Added Pin To Net: NetName=NetJ1_Conn5_12 Pin=RJ1_Conn5-2
Added Net: Name=NetJ1_Conn5_12
Added Pin To Net: NetName=NetJ1_Conn5_13 Pin=J1_Conn5-13
Added Pin To Net: NetName=NetJ1_Conn5_13 Pin=RJ1_Conn5-1
Added Net: Name=NetJ1_Conn5_13
Added Pin To Net: NetName=NetJ1_Conn5_14 Pin=J1_Conn5-14
Added Pin To Net: NetName=NetJ1_Conn5_14 Pin=RJ1_Conn5-6
Added Net: Name=NetJ1_Conn5_14
Added Pin To Net: NetName=NetJ1_Conn5_15 Pin=J1_Conn5-15
Added Pin To Net: NetName=NetJ1_Conn5_15 Pin=RJ1_Conn5-3
Added Net: Name=NetJ1_Conn5_15
Added Pin To Net: NetName=NetJ1_Conn5_47 Pin=J1_Conn5-47
Added Net: Name=NetJ1_Conn5_47
Added Pin To Net: NetName=NetJ1_Conn5_48 Pin=J1_Conn5-48
Added Net: Name=NetJ1_Conn5_48
Added Pin To Net: NetName=NetJ1_Conn5_49 Pin=J1_Conn5-49
Added Net: Name=NetJ1_Conn5_49
Added Pin To Net: NetName=NetJ1_Conn5_50 Pin=J1_Conn5-50
Added Net: Name=NetJ1_Conn5_50
Added Pin To Net: NetName=NetJ1_Conn6_8 Pin=J1_Conn6-8
Added Pin To Net: NetName=NetJ1_Conn6_8 Pin=RJ2_Conn6-2
Added Net: Name=NetJ1_Conn6_8
Added Pin To Net: NetName=NetJ1_Conn6_9 Pin=J1_Conn6-9
Added Pin To Net: NetName=NetJ1_Conn6_9 Pin=RJ2_Conn6-1
Added Net: Name=NetJ1_Conn6_9
Added Pin To Net: NetName=NetJ1_Conn6_10 Pin=J1_Conn6-10
Added Pin To Net: NetName=NetJ1_Conn6_10 Pin=RJ2_Conn6-6
Added Net: Name=NetJ1_Conn6_10
Added Pin To Net: NetName=NetJ1_Conn6_11 Pin=J1_Conn6-11
Added Pin To Net: NetName=NetJ1_Conn6_11 Pin=RJ2_Conn6-3
Added Net: Name=NetJ1_Conn6_11
Added Pin To Net: NetName=NetJ1_Conn6_12 Pin=J1_Conn6-12
Added Pin To Net: NetName=NetJ1_Conn6_12 Pin=RJ1_Conn6-2
Added Net: Name=NetJ1_Conn6_12
Added Pin To Net: NetName=NetJ1_Conn6_13 Pin=J1_Conn6-13
Added Pin To Net: NetName=NetJ1_Conn6_13 Pin=RJ1_Conn6-1
Added Net: Name=NetJ1_Conn6_13
Added Pin To Net: NetName=NetJ1_Conn6_14 Pin=J1_Conn6-14
Added Pin To Net: NetName=NetJ1_Conn6_14 Pin=RJ1_Conn6-6
Added Net: Name=NetJ1_Conn6_14
Added Pin To Net: NetName=NetJ1_Conn6_15 Pin=J1_Conn6-15
Added Pin To Net: NetName=NetJ1_Conn6_15 Pin=RJ1_Conn6-3
Added Net: Name=NetJ1_Conn6_15
Added Pin To Net: NetName=NetJ1_Conn6_47 Pin=J1_Conn6-47
Added Net: Name=NetJ1_Conn6_47
Added Pin To Net: NetName=NetJ1_Conn6_48 Pin=J1_Conn6-48
Added Net: Name=NetJ1_Conn6_48
Added Pin To Net: NetName=NetJ1_Conn6_49 Pin=J1_Conn6-49
Added Net: Name=NetJ1_Conn6_49
Added Pin To Net: NetName=NetJ1_Conn6_50 Pin=J1_Conn6-50
Added Net: Name=NetJ1_Conn6_50
Added Pin To Net: NetName=NetJ1_Conn7_8 Pin=J1_Conn7-8
Added Pin To Net: NetName=NetJ1_Conn7_8 Pin=RJ2_Conn7-2
Added Net: Name=NetJ1_Conn7_8
Added Pin To Net: NetName=NetJ1_Conn7_9 Pin=J1_Conn7-9
Added Pin To Net: NetName=NetJ1_Conn7_9 Pin=RJ2_Conn7-1
Added Net: Name=NetJ1_Conn7_9
Added Pin To Net: NetName=NetJ1_Conn7_10 Pin=J1_Conn7-10
Added Pin To Net: NetName=NetJ1_Conn7_10 Pin=RJ2_Conn7-6
Added Net: Name=NetJ1_Conn7_10
Added Pin To Net: NetName=NetJ1_Conn7_11 Pin=J1_Conn7-11
Added Pin To Net: NetName=NetJ1_Conn7_11 Pin=RJ2_Conn7-3
Added Net: Name=NetJ1_Conn7_11
Added Pin To Net: NetName=NetJ1_Conn7_12 Pin=J1_Conn7-12
Added Pin To Net: NetName=NetJ1_Conn7_12 Pin=RJ1_Conn7-2
Added Net: Name=NetJ1_Conn7_12
Added Pin To Net: NetName=NetJ1_Conn7_13 Pin=J1_Conn7-13
Added Pin To Net: NetName=NetJ1_Conn7_13 Pin=RJ1_Conn7-1
Added Net: Name=NetJ1_Conn7_13
Added Pin To Net: NetName=NetJ1_Conn7_14 Pin=J1_Conn7-14
Added Pin To Net: NetName=NetJ1_Conn7_14 Pin=RJ1_Conn7-6
Added Net: Name=NetJ1_Conn7_14
Added Pin To Net: NetName=NetJ1_Conn7_15 Pin=J1_Conn7-15
Added Pin To Net: NetName=NetJ1_Conn7_15 Pin=RJ1_Conn7-3
Added Net: Name=NetJ1_Conn7_15
Added Pin To Net: NetName=NetJ1_Conn7_47 Pin=J1_Conn7-47
Added Net: Name=NetJ1_Conn7_47
Added Pin To Net: NetName=NetJ1_Conn7_48 Pin=J1_Conn7-48
Added Net: Name=NetJ1_Conn7_48
Added Pin To Net: NetName=NetJ1_Conn7_49 Pin=J1_Conn7-49
Added Net: Name=NetJ1_Conn7_49
Added Pin To Net: NetName=NetJ1_Conn7_50 Pin=J1_Conn7-50
Added Net: Name=NetJ1_Conn7_50
Added Pin To Net: NetName=NetJ1_Conn8_8 Pin=J1_Conn8-8
Added Pin To Net: NetName=NetJ1_Conn8_8 Pin=RJ2_Conn8-2
Added Net: Name=NetJ1_Conn8_8
Added Pin To Net: NetName=NetJ1_Conn8_9 Pin=J1_Conn8-9
Added Pin To Net: NetName=NetJ1_Conn8_9 Pin=RJ2_Conn8-1
Added Net: Name=NetJ1_Conn8_9
Added Pin To Net: NetName=NetJ1_Conn8_10 Pin=J1_Conn8-10
Added Pin To Net: NetName=NetJ1_Conn8_10 Pin=RJ2_Conn8-6
Added Net: Name=NetJ1_Conn8_10
Added Pin To Net: NetName=NetJ1_Conn8_11 Pin=J1_Conn8-11
Added Pin To Net: NetName=NetJ1_Conn8_11 Pin=RJ2_Conn8-3
Added Net: Name=NetJ1_Conn8_11
Added Pin To Net: NetName=NetJ1_Conn8_12 Pin=J1_Conn8-12
Added Pin To Net: NetName=NetJ1_Conn8_12 Pin=RJ1_Conn8-2
Added Net: Name=NetJ1_Conn8_12
Added Pin To Net: NetName=NetJ1_Conn8_13 Pin=J1_Conn8-13
Added Pin To Net: NetName=NetJ1_Conn8_13 Pin=RJ1_Conn8-1
Added Net: Name=NetJ1_Conn8_13
Added Pin To Net: NetName=NetJ1_Conn8_14 Pin=J1_Conn8-14
Added Pin To Net: NetName=NetJ1_Conn8_14 Pin=RJ1_Conn8-6
Added Net: Name=NetJ1_Conn8_14
Added Pin To Net: NetName=NetJ1_Conn8_15 Pin=J1_Conn8-15
Added Pin To Net: NetName=NetJ1_Conn8_15 Pin=RJ1_Conn8-3
Added Net: Name=NetJ1_Conn8_15
Added Pin To Net: NetName=NetJ1_Conn8_47 Pin=J1_Conn8-47
Added Net: Name=NetJ1_Conn8_47
Added Pin To Net: NetName=NetJ1_Conn8_48 Pin=J1_Conn8-48
Added Net: Name=NetJ1_Conn8_48
Added Pin To Net: NetName=RXA1 Pin=J1_Conn1-41
Added Pin To Net: NetName=RXA1 Pin=J2-7
Added Net: Name=RXA1
Added Pin To Net: NetName=RXA2 Pin=J1_Conn2-41
Added Pin To Net: NetName=RXA2 Pin=J2-13
Added Net: Name=RXA2
Added Pin To Net: NetName=RXA3 Pin=J1_Conn3-41
Added Pin To Net: NetName=RXA3 Pin=J2-19
Added Net: Name=RXA3
Added Pin To Net: NetName=RXA4 Pin=J1_Conn4-41
Added Pin To Net: NetName=RXA4 Pin=J2-25
Added Net: Name=RXA4
Added Pin To Net: NetName=RXA5 Pin=J1_Conn5-41
Added Pin To Net: NetName=RXA5 Pin=J2-44
Added Net: Name=RXA5
Added Pin To Net: NetName=RXA6 Pin=J1_Conn6-41
Added Pin To Net: NetName=RXA6 Pin=J2-50
Added Net: Name=RXA6
Added Pin To Net: NetName=RXA7 Pin=J1_Conn7-41
Added Pin To Net: NetName=RXA7 Pin=J2-56
Added Net: Name=RXA7
Added Pin To Net: NetName=RXA8 Pin=J1_Conn8-41
Added Pin To Net: NetName=RXA8 Pin=J2-62
Added Net: Name=RXA8
Added Pin To Net: NetName=RXB1 Pin=J1_Conn1-46
Added Pin To Net: NetName=RXB1 Pin=J2-10
Added Net: Name=RXB1
Added Pin To Net: NetName=RXB2 Pin=J1_Conn2-46
Added Pin To Net: NetName=RXB2 Pin=J2-16
Added Net: Name=RXB2
Added Pin To Net: NetName=RXB3 Pin=J1_Conn3-46
Added Pin To Net: NetName=RXB3 Pin=J2-22
Added Net: Name=RXB3
Added Pin To Net: NetName=RXB4 Pin=J1_Conn4-46
Added Pin To Net: NetName=RXB4 Pin=J2-28
Added Net: Name=RXB4
Added Pin To Net: NetName=RXB5 Pin=J1_Conn5-46
Added Pin To Net: NetName=RXB5 Pin=J2-47
Added Net: Name=RXB5
Added Pin To Net: NetName=RXB6 Pin=J1_Conn6-46
Added Pin To Net: NetName=RXB6 Pin=J2-53
Added Net: Name=RXB6
Added Pin To Net: NetName=RXB7 Pin=J1_Conn7-46
Added Pin To Net: NetName=RXB7 Pin=J2-59
Added Net: Name=RXB7
Added Pin To Net: NetName=RXB8 Pin=J1_Conn8-46
Added Pin To Net: NetName=RXB8 Pin=J2-30
Added Net: Name=RXB8
Added Pin To Net: NetName=TXA1 Pin=J1_Conn1-42
Added Pin To Net: NetName=TXA1 Pin=J2-8
Added Net: Name=TXA1
Added Pin To Net: NetName=TXA2 Pin=J1_Conn2-42
Added Pin To Net: NetName=TXA2 Pin=J2-14
Added Net: Name=TXA2
Added Pin To Net: NetName=TXA3 Pin=J1_Conn3-42
Added Pin To Net: NetName=TXA3 Pin=J2-20
Added Net: Name=TXA3
Added Pin To Net: NetName=TXA4 Pin=J1_Conn4-42
Added Pin To Net: NetName=TXA4 Pin=J2-26
Added Net: Name=TXA4
Added Pin To Net: NetName=TXA5 Pin=J1_Conn5-42
Added Pin To Net: NetName=TXA5 Pin=J2-45
Added Net: Name=TXA5
Added Pin To Net: NetName=TXA6 Pin=J1_Conn6-42
Added Pin To Net: NetName=TXA6 Pin=J2-51
Added Net: Name=TXA6
Added Pin To Net: NetName=TXA7 Pin=J1_Conn7-42
Added Pin To Net: NetName=TXA7 Pin=J2-57
Added Net: Name=TXA7
Added Pin To Net: NetName=TXA8 Pin=J1_Conn8-42
Added Pin To Net: NetName=TXA8 Pin=J2-63
Added Net: Name=TXA8
Added Pin To Net: NetName=TXB1 Pin=J1_Conn1-45
Added Pin To Net: NetName=TXB1 Pin=J2-11
Added Net: Name=TXB1
Added Pin To Net: NetName=TXB2 Pin=J1_Conn2-45
Added Pin To Net: NetName=TXB2 Pin=J2-17
Added Net: Name=TXB2
Added Pin To Net: NetName=TXB3 Pin=J1_Conn3-45
Added Pin To Net: NetName=TXB3 Pin=J2-23
Added Net: Name=TXB3
Added Pin To Net: NetName=TXB4 Pin=J1_Conn4-45
Added Pin To Net: NetName=TXB4 Pin=J2-29
Added Net: Name=TXB4
Added Pin To Net: NetName=TXB5 Pin=J1_Conn5-45
Added Pin To Net: NetName=TXB5 Pin=J2-48
Added Net: Name=TXB5
Added Pin To Net: NetName=TXB6 Pin=J1_Conn6-45
Added Pin To Net: NetName=TXB6 Pin=J2-54
Added Net: Name=TXB6
Added Pin To Net: NetName=TXB7 Pin=J1_Conn7-45
Added Pin To Net: NetName=TXB7 Pin=J2-60
Added Net: Name=TXB7
Added Pin To Net: NetName=TXB8 Pin=J1_Conn8-45
Added Pin To Net: NetName=TXB8 Pin=J2-31
Added Net: Name=TXB8
Added Class: Name=Conn1
Added Class: Name=Conn2
Added Class: Name=Conn3
Added Class: Name=Conn4
Added Class: Name=Conn5
Added Class: Name=Conn6
Added Class: Name=Conn7
Added Class: Name=Conn8
Added Member To Class: ClassName=Backplane Member=Component P1 3Way_Power
