Removed Pin From Net: NetName=ADRSA2 Pin=J1-8
Removed Pin From Net: NetName=ADRSA2 Pin=J1-9
Removed Pin From Net: NetName=ADRSA2 Pin=J1-10
Removed Pin From Net: NetName=ADRSA2 Pin=J1-11
Removed Pin From Net: NetName=ADRSA2 Pin=J1-12
Removed Pin From Net: NetName=ADRSA2 Pin=J1-13
Removed Pin From Net: NetName=ADRSA2 Pin=J1-14
Removed Pin From Net: NetName=ADRSA2 Pin=J1-15
Removed Pin From Net: NetName=ADRSA2 Pin=J1_U_Connectors1-8
Removed Pin From Net: NetName=ADRSA3 Pin=J1_U_Connectors1-9
Removed Pin From Net: NetName=ADRSA2 Pin=J1_U_Connectors1-10
Removed Pin From Net: NetName=ADRSA3 Pin=J1_U_Connectors1-11
Removed Pin From Net: NetName=ADRSA2 Pin=J1_U_Connectors1-12
Removed Pin From Net: NetName=ADRSA2 Pin=J1_U_Connectors1-13
Removed Pin From Net: NetName=ADRSA2 Pin=J1_U_Connectors1-14
Removed Pin From Net: NetName=ADRSA2 Pin=J1_U_Connectors1-15
Removed Pin From Net: NetName=ADRSA3 Pin=J1_U_Connectors2-8
Removed Pin From Net: NetName=ADRSA2 Pin=J1_U_Connectors2-9
Removed Pin From Net: NetName=ADRSA3 Pin=J1_U_Connectors2-10
Removed Pin From Net: NetName=ADRSA2 Pin=J1_U_Connectors2-11
Removed Pin From Net: NetName=ADRSA2 Pin=J1_U_Connectors2-12
Removed Pin From Net: NetName=ADRSA2 Pin=J1_U_Connectors2-13
Removed Pin From Net: NetName=ADRSA2 Pin=J1_U_Connectors2-14
Removed Pin From Net: NetName=ADRSA2 Pin=J1_U_Connectors2-15
Change Component Designator: OldDesignator=DB1_U_Connectors1 NewDesignator=DB1_U_Connectors
Change Component Designator: OldDesignator=DB1_U_Connectors2 NewDesignator=DB1_U_Connectors1
Change Component Designator: OldDesignator=DB2_U_Connectors1 NewDesignator=DB2_U_Connectors
Change Component Designator: OldDesignator=DB2_U_Connectors2 NewDesignator=DB2_U_Connectors1
Change Component Designator: OldDesignator=J1_U_Connectors1 NewDesignator=J1_U_Connectors
Change Component Designator: OldDesignator=J1_U_Connectors2 NewDesignator=J1_U_Connectors1
Change Component Designator: OldDesignator=RJ1_U_Connectors1 NewDesignator=RJ1_U_Connectors
Change Component Designator: OldDesignator=RJ1_U_Connectors2 NewDesignator=RJ1_U_Connectors1
Change Component Designator: OldDesignator=RJ2_U_Connectors1 NewDesignator=RJ2_U_Connectors
Change Component Designator: OldDesignator=RJ2_U_Connectors2 NewDesignator=RJ2_U_Connectors1
Added Pin To Net: NetName=ADRSA2 Pin=J1-40
Added Pin To Net: NetName=ADRSA2 Pin=J1-41
Added Pin To Net: NetName=ADRSA2 Pin=J1-42
Added Pin To Net: NetName=ADRSA2 Pin=J1-43
Added Pin To Net: NetName=ADRSA2 Pin=J1-44
Added Pin To Net: NetName=ADRSA2 Pin=J1-45
Added Pin To Net: NetName=ADRSA2 Pin=J1-46
Added Pin To Net: NetName=ADRSA2 Pin=J1-47
Added Pin To Net: NetName=ADRSA2 Pin=J1_U_Connectors1-40
Added Pin To Net: NetName=ADRSA3 Pin=J1_U_Connectors1-41
Added Pin To Net: NetName=ADRSA2 Pin=J1_U_Connectors1-42
Added Pin To Net: NetName=ADRSA3 Pin=J1_U_Connectors1-43
Added Pin To Net: NetName=ADRSA2 Pin=J1_U_Connectors1-44
Added Pin To Net: NetName=ADRSA2 Pin=J1_U_Connectors1-45
Added Pin To Net: NetName=ADRSA2 Pin=J1_U_Connectors1-46
Added Pin To Net: NetName=ADRSA2 Pin=J1_U_Connectors1-47
Added Pin To Net: NetName=ADRSA3 Pin=J1_U_Connectors-40
Added Pin To Net: NetName=ADRSA2 Pin=J1_U_Connectors-41
Added Pin To Net: NetName=ADRSA3 Pin=J1_U_Connectors-42
Added Pin To Net: NetName=ADRSA2 Pin=J1_U_Connectors-43
Added Pin To Net: NetName=ADRSA2 Pin=J1_U_Connectors-44
Added Pin To Net: NetName=ADRSA2 Pin=J1_U_Connectors-45
Added Pin To Net: NetName=ADRSA2 Pin=J1_U_Connectors-46
Added Pin To Net: NetName=ADRSA2 Pin=J1_U_Connectors-47
Added Pin To Net: NetName=ADRSA3 Pin=RJ1_U_Connectors1-7
Added Pin To Net: NetName=ADRSA2 Pin=RJ1_U_Connectors1-8
Added Pin To Net: NetName=ADRSA3 Pin=RJ1_U_Connectors-7
Added Pin To Net: NetName=ADRSA2 Pin=RJ1_U_Connectors-8
Added Pin To Net: NetName=ADRSA3 Pin=RJ2_U_Connectors1-7
Added Pin To Net: NetName=ADRSA2 Pin=RJ2_U_Connectors1-8
Added Pin To Net: NetName=ADRSA3 Pin=RJ2_U_Connectors-7
Added Pin To Net: NetName=ADRSA2 Pin=RJ2_U_Connectors-8
Change Net Name : Old Net Name=NetDB1_U_Connectors1_1 New Net Name=NetDB1_U_Connectors_1
Change Net Name : Old Net Name=NetDB1_U_Connectors1_4 New Net Name=NetDB1_U_Connectors_4
Change Net Name : Old Net Name=NetDB1_U_Connectors1_6 New Net Name=NetDB1_U_Connectors_6
Change Net Name : Old Net Name=NetDB1_U_Connectors1_8 New Net Name=NetDB1_U_Connectors_8
Change Net Name : Old Net Name=NetDB1_U_Connectors2_1 New Net Name=NetDB1_U_Connectors1_1
Change Net Name : Old Net Name=NetDB1_U_Connectors2_4 New Net Name=NetDB1_U_Connectors1_4
Change Net Name : Old Net Name=NetDB1_U_Connectors2_6 New Net Name=NetDB1_U_Connectors1_6
Change Net Name : Old Net Name=NetDB1_U_Connectors2_8 New Net Name=NetDB1_U_Connectors1_8
Change Net Name : Old Net Name=NetDB2_U_Connectors1_1 New Net Name=NetDB2_U_Connectors_1
Change Net Name : Old Net Name=NetDB2_U_Connectors1_4 New Net Name=NetDB2_U_Connectors_4
Change Net Name : Old Net Name=NetDB2_U_Connectors1_6 New Net Name=NetDB2_U_Connectors_6
Change Net Name : Old Net Name=NetDB2_U_Connectors1_8 New Net Name=NetDB2_U_Connectors_8
Change Net Name : Old Net Name=NetDB2_U_Connectors2_1 New Net Name=NetDB2_U_Connectors1_1
Change Net Name : Old Net Name=NetDB2_U_Connectors2_4 New Net Name=NetDB2_U_Connectors1_4
Change Net Name : Old Net Name=NetDB2_U_Connectors2_6 New Net Name=NetDB2_U_Connectors1_6
Change Net Name : Old Net Name=NetDB2_U_Connectors2_8 New Net Name=NetDB2_U_Connectors1_8
Added Pin To Net: NetName=NetJ1_U_Connectors1_8 Pin=J1_U_Connectors1-8
Added Pin To Net: NetName=NetJ1_U_Connectors1_8 Pin=RJ2_U_Connectors1-3
Added Net: Name=NetJ1_U_Connectors1_8
Added Pin To Net: NetName=NetJ1_U_Connectors1_9 Pin=J1_U_Connectors1-9
Added Pin To Net: NetName=NetJ1_U_Connectors1_9 Pin=RJ2_U_Connectors1-6
Added Net: Name=NetJ1_U_Connectors1_9
Added Pin To Net: NetName=NetJ1_U_Connectors1_10 Pin=J1_U_Connectors1-10
Added Pin To Net: NetName=NetJ1_U_Connectors1_10 Pin=RJ2_U_Connectors1-1
Added Net: Name=NetJ1_U_Connectors1_10
Added Pin To Net: NetName=NetJ1_U_Connectors1_11 Pin=J1_U_Connectors1-11
Added Pin To Net: NetName=NetJ1_U_Connectors1_11 Pin=RJ2_U_Connectors1-2
Added Net: Name=NetJ1_U_Connectors1_11
Added Pin To Net: NetName=NetJ1_U_Connectors1_12 Pin=J1_U_Connectors1-12
Added Pin To Net: NetName=NetJ1_U_Connectors1_12 Pin=RJ1_U_Connectors1-3
Added Net: Name=NetJ1_U_Connectors1_12
Added Pin To Net: NetName=NetJ1_U_Connectors1_13 Pin=J1_U_Connectors1-13
Added Pin To Net: NetName=NetJ1_U_Connectors1_13 Pin=RJ1_U_Connectors1-6
Added Net: Name=NetJ1_U_Connectors1_13
Added Pin To Net: NetName=NetJ1_U_Connectors1_14 Pin=J1_U_Connectors1-14
Added Pin To Net: NetName=NetJ1_U_Connectors1_14 Pin=RJ1_U_Connectors1-1
Added Net: Name=NetJ1_U_Connectors1_14
Added Pin To Net: NetName=NetJ1_U_Connectors1_15 Pin=J1_U_Connectors1-15
Added Pin To Net: NetName=NetJ1_U_Connectors1_15 Pin=RJ1_U_Connectors1-2
Added Net: Name=NetJ1_U_Connectors1_15
Added Pin To Net: NetName=NetJ1_U_Connectors_8 Pin=J1_U_Connectors-8
Added Pin To Net: NetName=NetJ1_U_Connectors_8 Pin=RJ2_U_Connectors-3
Added Net: Name=NetJ1_U_Connectors_8
Added Pin To Net: NetName=NetJ1_U_Connectors_9 Pin=J1_U_Connectors-9
Added Pin To Net: NetName=NetJ1_U_Connectors_9 Pin=RJ2_U_Connectors-6
Added Net: Name=NetJ1_U_Connectors_9
Added Pin To Net: NetName=NetJ1_U_Connectors_10 Pin=J1_U_Connectors-10
Added Pin To Net: NetName=NetJ1_U_Connectors_10 Pin=RJ2_U_Connectors-1
Added Net: Name=NetJ1_U_Connectors_10
Added Pin To Net: NetName=NetJ1_U_Connectors_11 Pin=J1_U_Connectors-11
Added Pin To Net: NetName=NetJ1_U_Connectors_11 Pin=RJ2_U_Connectors-2
Added Net: Name=NetJ1_U_Connectors_11
Added Pin To Net: NetName=NetJ1_U_Connectors_12 Pin=J1_U_Connectors-12
Added Pin To Net: NetName=NetJ1_U_Connectors_12 Pin=RJ1_U_Connectors-3
Added Net: Name=NetJ1_U_Connectors_12
Added Pin To Net: NetName=NetJ1_U_Connectors_13 Pin=J1_U_Connectors-13
Added Pin To Net: NetName=NetJ1_U_Connectors_13 Pin=RJ1_U_Connectors-6
Added Net: Name=NetJ1_U_Connectors_13
Added Pin To Net: NetName=NetJ1_U_Connectors_14 Pin=J1_U_Connectors-14
Added Pin To Net: NetName=NetJ1_U_Connectors_14 Pin=RJ1_U_Connectors-1
Added Net: Name=NetJ1_U_Connectors_14
Added Pin To Net: NetName=NetJ1_U_Connectors_15 Pin=J1_U_Connectors-15
Added Pin To Net: NetName=NetJ1_U_Connectors_15 Pin=RJ1_U_Connectors-2
Added Net: Name=NetJ1_U_Connectors_15
Added Class: Name=U_Connectors
Added Room: Name=Backplane
Added Room: Name=U_Connectors1
Added Room: Name=U_Connectors
