Removed Member From Class: ClassName=U1 Member=*_U1
Removed Member From Class: ClassName=U1 Member=C1_U1
Removed Member From Class: ClassName=U1 Member=C2_U1
Removed Member From Class: ClassName=U1 Member=DB1_U1
Removed Member From Class: ClassName=U1 Member=DB2_U1
Removed Member From Class: ClassName=U1 Member=R1_U1
Removed Member From Class: ClassName=U1 Member=R2_U1
Removed Member From Class: ClassName=U1 Member=RJ1_U1
Removed Member From Class: ClassName=U1 Member=RJ2_U1
Removed Member From Class: ClassName=U1 Member=U1_U1
Removed Member From Class: ClassName=U1 Member=U2_U1
Added Component: Designator=*(FCI-2x19WAY)
Added Component: Designator=C1(1608[0603])
Added Component: Designator=C2(1608[0603])
Added Component: Designator=DB1(DSUB1.STRAIGHT)
Added Component: Designator=DB2(DSUB1.STRAIGHT)
Added Component: Designator=J_Controller(FCI-2x19WAY)
Added Component: Designator=R1(J1-0603)
Added Component: Designator=R2(J1-0603)
Added Component: Designator=RJ1(RJ45.STRAIGHT)
Added Component: Designator=RJ2(RJ45.STRAIGHT)
Added Component: Designator=U1(SOICN8)
Added Component: Designator=U2(SOICN8)
Added Pin To Net: NetName=+5V Pin=*-1
Added Pin To Net: NetName=+5V Pin=*-38
Added Pin To Net: NetName=+5V Pin=C1-2
Added Pin To Net: NetName=+5V Pin=C2-2
Added Pin To Net: NetName=+5V Pin=J_Controller-1
Added Pin To Net: NetName=+5V Pin=J_Controller-38
Added Pin To Net: NetName=+5V Pin=U1-1
Added Pin To Net: NetName=+5V Pin=U2-1
Added Net: Name=+5V
Added Pin To Net: NetName=24V Pin=*-3
Added Pin To Net: NetName=24V Pin=*-36
Added Pin To Net: NetName=24V Pin=J_Controller-3
Added Pin To Net: NetName=24V Pin=J_Controller-36
Added Net: Name=24V
Added Pin To Net: NetName=GND Pin=*-2
Added Pin To Net: NetName=GND Pin=*-4
Added Pin To Net: NetName=GND Pin=*-5
Added Pin To Net: NetName=GND Pin=*-8
Added Pin To Net: NetName=GND Pin=*-11
Added Pin To Net: NetName=GND Pin=*-28
Added Pin To Net: NetName=GND Pin=*-31
Added Pin To Net: NetName=GND Pin=*-34
Added Pin To Net: NetName=GND Pin=*-35
Added Pin To Net: NetName=GND Pin=*-37
Added Pin To Net: NetName=GND Pin=C1-1
Added Pin To Net: NetName=GND Pin=C2-1
Added Pin To Net: NetName=GND Pin=J_Controller-2
Added Pin To Net: NetName=GND Pin=J_Controller-4
Added Pin To Net: NetName=GND Pin=J_Controller-5
Added Pin To Net: NetName=GND Pin=J_Controller-8
Added Pin To Net: NetName=GND Pin=J_Controller-11
Added Pin To Net: NetName=GND Pin=J_Controller-28
Added Pin To Net: NetName=GND Pin=J_Controller-31
Added Pin To Net: NetName=GND Pin=J_Controller-34
Added Pin To Net: NetName=GND Pin=J_Controller-35
Added Pin To Net: NetName=GND Pin=J_Controller-37
Added Pin To Net: NetName=GND Pin=U1-4
Added Pin To Net: NetName=GND Pin=U2-4
Added Net: Name=GND
Added Pin To Net: NetName=Net*_9 Pin=*-9
Added Pin To Net: NetName=Net*_9 Pin=U1-2
Added Net: Name=Net*_9
Added Pin To Net: NetName=Net*_10 Pin=*-10
Added Pin To Net: NetName=Net*_10 Pin=U1-3
Added Net: Name=Net*_10
Added Pin To Net: NetName=Net*_12 Pin=*-12
Added Pin To Net: NetName=Net*_12 Pin=*-13
Added Pin To Net: NetName=Net*_12 Pin=DB1-1
Added Pin To Net: NetName=Net*_12 Pin=DB1-2
Added Net: Name=Net*_12
Added Pin To Net: NetName=Net*_14 Pin=*-14
Added Pin To Net: NetName=Net*_14 Pin=*-15
Added Pin To Net: NetName=Net*_14 Pin=DB1-6
Added Pin To Net: NetName=Net*_14 Pin=DB1-7
Added Net: Name=Net*_14
Added Pin To Net: NetName=Net*_16 Pin=*-16
Added Pin To Net: NetName=Net*_16 Pin=*-17
Added Pin To Net: NetName=Net*_16 Pin=DB1-8
Added Pin To Net: NetName=Net*_16 Pin=DB1-9
Added Net: Name=Net*_16
Added Pin To Net: NetName=Net*_18 Pin=*-18
Added Pin To Net: NetName=Net*_18 Pin=*-19
Added Pin To Net: NetName=Net*_18 Pin=DB1-4
Added Pin To Net: NetName=Net*_18 Pin=DB1-5
Added Net: Name=Net*_18
Added Pin To Net: NetName=Net*_20 Pin=*-20
Added Pin To Net: NetName=Net*_20 Pin=*-21
Added Pin To Net: NetName=Net*_20 Pin=DB2-1
Added Pin To Net: NetName=Net*_20 Pin=DB2-2
Added Net: Name=Net*_20
Added Pin To Net: NetName=Net*_22 Pin=*-22
Added Pin To Net: NetName=Net*_22 Pin=*-23
Added Pin To Net: NetName=Net*_22 Pin=DB2-6
Added Pin To Net: NetName=Net*_22 Pin=DB2-7
Added Net: Name=Net*_22
Added Pin To Net: NetName=Net*_24 Pin=*-24
Added Pin To Net: NetName=Net*_24 Pin=*-25
Added Pin To Net: NetName=Net*_24 Pin=DB2-8
Added Pin To Net: NetName=Net*_24 Pin=DB2-9
Added Net: Name=Net*_24
Added Pin To Net: NetName=Net*_26 Pin=*-26
Added Pin To Net: NetName=Net*_26 Pin=*-27
Added Pin To Net: NetName=Net*_26 Pin=DB2-4
Added Pin To Net: NetName=Net*_26 Pin=DB2-5
Added Net: Name=Net*_26
Added Pin To Net: NetName=Net*_29 Pin=*-29
Added Pin To Net: NetName=Net*_29 Pin=U2-3
Added Net: Name=Net*_29
Added Pin To Net: NetName=Net*_30 Pin=*-30
Added Pin To Net: NetName=Net*_30 Pin=U2-2
Added Net: Name=Net*_30
Added Pin To Net: NetName=NetR1_1 Pin=R1-1
Added Pin To Net: NetName=NetR1_1 Pin=RJ1-3
Added Pin To Net: NetName=NetR1_1 Pin=U1-8
Added Net: Name=NetR1_1
Added Pin To Net: NetName=NetR1_2 Pin=R1-2
Added Pin To Net: NetName=NetR1_2 Pin=RJ1-6
Added Pin To Net: NetName=NetR1_2 Pin=U1-7
Added Net: Name=NetR1_2
Added Pin To Net: NetName=NetR2_1 Pin=R2-1
Added Pin To Net: NetName=NetR2_1 Pin=RJ2-3
Added Pin To Net: NetName=NetR2_1 Pin=U2-8
Added Net: Name=NetR2_1
Added Pin To Net: NetName=NetR2_2 Pin=R2-2
Added Pin To Net: NetName=NetR2_2 Pin=RJ2-6
Added Pin To Net: NetName=NetR2_2 Pin=U2-7
Added Net: Name=NetR2_2
Added Pin To Net: NetName=NetRJ1_1 Pin=RJ1-1
Added Pin To Net: NetName=NetRJ1_1 Pin=U1-6
Added Net: Name=NetRJ1_1
Added Pin To Net: NetName=NetRJ1_2 Pin=RJ1-2
Added Pin To Net: NetName=NetRJ1_2 Pin=U1-5
Added Net: Name=NetRJ1_2
Added Pin To Net: NetName=NetRJ2_1 Pin=RJ2-1
Added Pin To Net: NetName=NetRJ2_1 Pin=U2-6
Added Net: Name=NetRJ2_1
Added Pin To Net: NetName=NetRJ2_2 Pin=RJ2-2
Added Pin To Net: NetName=NetRJ2_2 Pin=U2-5
Added Net: Name=NetRJ2_2
Added Pin To Net: NetName=SCLNET Pin=*-7
Added Pin To Net: NetName=SCLNET Pin=*-32
Added Pin To Net: NetName=SCLNET Pin=J_Controller-7
Added Pin To Net: NetName=SCLNET Pin=J_Controller-32
Added Net: Name=SCLNET
Added Pin To Net: NetName=SDANET Pin=*-6
Added Pin To Net: NetName=SDANET Pin=*-33
Added Pin To Net: NetName=SDANET Pin=J_Controller-6
Added Pin To Net: NetName=SDANET Pin=J_Controller-33
Added Net: Name=SDANET
Added Member To Class: ClassName=U1 Member=Component * 19way_edgeconnector
Added Member To Class: ClassName=U1 Member=Component C1 Cap Semi
Added Member To Class: ClassName=U1 Member=Component C2 Cap Semi
Added Member To Class: ClassName=U1 Member=Component DB1 D Connector 9
Added Member To Class: ClassName=U1 Member=Component DB2 D Connector 9
Added Member To Class: ClassName=Backplane Member=Component J_Controller 19way_edgeconnector
Added Member To Class: ClassName=U1 Member=Component R1 
Added Member To Class: ClassName=U1 Member=Component R2 
Added Member To Class: ClassName=U1 Member=Component RJ1 85504-5001
Added Member To Class: ClassName=U1 Member=Component RJ2 85504-5001
Added Member To Class: ClassName=U1 Member=Component U1 SP3084EEN-L
Added Member To Class: ClassName=U1 Member=Component U2 SP3084EEN-L
