Removed Pin From Net: NetName=RXA1 Pin=J2-7
Removed Pin From Net: NetName=TXA1 Pin=J2-8
Removed Pin From Net: NetName=RXB1 Pin=J2-10
Removed Pin From Net: NetName=TXB1 Pin=J2-11
Removed Pin From Net: NetName=RXA2 Pin=J2-13
Removed Pin From Net: NetName=TXA2 Pin=J2-14
Removed Pin From Net: NetName=RXB2 Pin=J2-16
Removed Pin From Net: NetName=TXB2 Pin=J2-17
Removed Pin From Net: NetName=RXA3 Pin=J2-19
Removed Pin From Net: NetName=TXA3 Pin=J2-20
Removed Pin From Net: NetName=RXB3 Pin=J2-22
Removed Pin From Net: NetName=TXB3 Pin=J2-23
Removed Pin From Net: NetName=RXA4 Pin=J2-25
Removed Pin From Net: NetName=TXA4 Pin=J2-26
Removed Pin From Net: NetName=RXB4 Pin=J2-28
Removed Pin From Net: NetName=TXB4 Pin=J2-29
Removed Pin From Net: NetName=RXB8 Pin=J2-30
Removed Pin From Net: NetName=TXB8 Pin=J2-31
Removed Pin From Net: NetName=RXA5 Pin=J2-44
Removed Pin From Net: NetName=TXA5 Pin=J2-45
Removed Pin From Net: NetName=RXB5 Pin=J2-47
Removed Pin From Net: NetName=TXB5 Pin=J2-48
Removed Pin From Net: NetName=RXA6 Pin=J2-50
Removed Pin From Net: NetName=TXA6 Pin=J2-51
Removed Pin From Net: NetName=RXB6 Pin=J2-53
Removed Pin From Net: NetName=TXB6 Pin=J2-54
Removed Pin From Net: NetName=RXA7 Pin=J2-56
Removed Pin From Net: NetName=TXA7 Pin=J2-57
Removed Pin From Net: NetName=RXB7 Pin=J2-59
Removed Pin From Net: NetName=TXB7 Pin=J2-60
Removed Pin From Net: NetName=RXA8 Pin=J2-62
Removed Pin From Net: NetName=TXA8 Pin=J2-63
Added Pin To Net: NetName=RXA8 Pin=J2-7
Added Pin To Net: NetName=TXA8 Pin=J2-8
Added Pin To Net: NetName=RXB8 Pin=J2-10
Added Pin To Net: NetName=TXB8 Pin=J2-11
Added Pin To Net: NetName=RXA7 Pin=J2-13
Added Pin To Net: NetName=TXA7 Pin=J2-14
Added Pin To Net: NetName=RXA6 Pin=J2-16
Added Pin To Net: NetName=TXA6 Pin=J2-17
Added Pin To Net: NetName=RXA5 Pin=J2-19
Added Pin To Net: NetName=TXA5 Pin=J2-20
Added Pin To Net: NetName=RXA4 Pin=J2-22
Added Pin To Net: NetName=TXA4 Pin=J2-23
Added Pin To Net: NetName=RXA3 Pin=J2-25
Added Pin To Net: NetName=TXA3 Pin=J2-26
Added Pin To Net: NetName=RXA2 Pin=J2-28
Added Pin To Net: NetName=TXA2 Pin=J2-29
Added Pin To Net: NetName=RXA1 Pin=J2-30
Added Pin To Net: NetName=TXA1 Pin=J2-31
Added Pin To Net: NetName=RXB7 Pin=J2-44
Added Pin To Net: NetName=TXB7 Pin=J2-45
Added Pin To Net: NetName=RXB6 Pin=J2-47
Added Pin To Net: NetName=TXB6 Pin=J2-48
Added Pin To Net: NetName=RXB5 Pin=J2-50
Added Pin To Net: NetName=TXB5 Pin=J2-51
Added Pin To Net: NetName=RXB4 Pin=J2-53
Added Pin To Net: NetName=TXB4 Pin=J2-54
Added Pin To Net: NetName=RXB3 Pin=J2-56
Added Pin To Net: NetName=TXB3 Pin=J2-57
Added Pin To Net: NetName=RXB2 Pin=J2-59
Added Pin To Net: NetName=TXB2 Pin=J2-60
Added Pin To Net: NetName=RXB1 Pin=J2-62
Added Pin To Net: NetName=TXB1 Pin=J2-63
