Change Component Designator: OldDesignator=C1 NewDesignator=C16
Change Component Designator: OldDesignator=C16 NewDesignator=C14
Change Component Designator: OldDesignator=C14 NewDesignator=C13
Change Component Designator: OldDesignator=C13 NewDesignator=C12
Change Component Designator: OldDesignator=C12 NewDesignator=C11
Change Component Designator: OldDesignator=C11 NewDesignator=C10
Change Component Designator: OldDesignator=C10 NewDesignator=C9
Change Component Designator: OldDesignator=C9 NewDesignator=C8
Change Component Designator: OldDesignator=C8 NewDesignator=C7
Change Component Designator: OldDesignator=C7 NewDesignator=C15
Change Component Designator: OldDesignator=C15 NewDesignator=C6
Change Component Designator: OldDesignator=C6 NewDesignator=C5
Change Component Designator: OldDesignator=C5 NewDesignator=C4
Change Component Designator: OldDesignator=C4 NewDesignator=C3
Change Component Designator: OldDesignator=C3 NewDesignator=C2
Change Component Designator: OldDesignator=C2 NewDesignator=C1
Change Component Designator: OldDesignator=DB1 NewDesignator=DB16
Change Component Designator: OldDesignator=DB16 NewDesignator=DB14
Change Component Designator: OldDesignator=DB14 NewDesignator=DB13
Change Component Designator: OldDesignator=DB13 NewDesignator=DB12
Change Component Designator: OldDesignator=DB12 NewDesignator=DB11
Change Component Designator: OldDesignator=DB11 NewDesignator=DB10
Change Component Designator: OldDesignator=DB10 NewDesignator=DB9
Change Component Designator: OldDesignator=DB9 NewDesignator=DB8
Change Component Designator: OldDesignator=DB8 NewDesignator=DB7
Change Component Designator: OldDesignator=DB7 NewDesignator=DB15
Change Component Designator: OldDesignator=DB15 NewDesignator=DB6
Change Component Designator: OldDesignator=DB6 NewDesignator=DB5
Change Component Designator: OldDesignator=DB5 NewDesignator=DB4
Change Component Designator: OldDesignator=DB4 NewDesignator=DB3
Change Component Designator: OldDesignator=DB3 NewDesignator=DB2
Change Component Designator: OldDesignator=DB2 NewDesignator=DB1
Change Component Designator: OldDesignator=J1 NewDesignator=J1
Change Component Designator: OldDesignator=J1 NewDesignator=J3
Change Component Designator: OldDesignator=J3 NewDesignator=J4
Change Component Designator: OldDesignator=J4 NewDesignator=J5
Change Component Designator: OldDesignator=J5 NewDesignator=J6
Change Component Designator: OldDesignator=J6 NewDesignator=J7
Change Component Designator: OldDesignator=J7 NewDesignator=J8
Change Component Designator: OldDesignator=J8 NewDesignator=J9
Change Component Designator: OldDesignator=J9 NewDesignator=J10
Change Component Designator: OldDesignator=J10 NewDesignator=J2
Change Component Designator: OldDesignator=J2 NewDesignator=J11
Change Component Designator: OldDesignator=J11 NewDesignator=J12
Change Component Designator: OldDesignator=J12 NewDesignator=J13
Change Component Designator: OldDesignator=J13 NewDesignator=J14
Change Component Designator: OldDesignator=J14 NewDesignator=J15
Change Component Designator: OldDesignator=J15 NewDesignator=J16
Change Component Designator: OldDesignator=J_Controller NewDesignator=J_Controller1
Change Component Designator: OldDesignator=R1 NewDesignator=R16
Change Component Designator: OldDesignator=R16 NewDesignator=R14
Change Component Designator: OldDesignator=R14 NewDesignator=R13
Change Component Designator: OldDesignator=R13 NewDesignator=R12
Change Component Designator: OldDesignator=R12 NewDesignator=R11
Change Component Designator: OldDesignator=R11 NewDesignator=R10
Change Component Designator: OldDesignator=R10 NewDesignator=R9
Change Component Designator: OldDesignator=R9 NewDesignator=R8
Change Component Designator: OldDesignator=R8 NewDesignator=R7
Change Component Designator: OldDesignator=R7 NewDesignator=R15
Change Component Designator: OldDesignator=R15 NewDesignator=R6
Change Component Designator: OldDesignator=R6 NewDesignator=R5
Change Component Designator: OldDesignator=R5 NewDesignator=R4
Change Component Designator: OldDesignator=R4 NewDesignator=R3
Change Component Designator: OldDesignator=R3 NewDesignator=R2
Change Component Designator: OldDesignator=R2 NewDesignator=R1
Change Component Designator: OldDesignator=RJ1 NewDesignator=RJ16
Change Component Designator: OldDesignator=RJ16 NewDesignator=RJ14
Change Component Designator: OldDesignator=RJ14 NewDesignator=RJ13
Change Component Designator: OldDesignator=RJ13 NewDesignator=RJ12
Change Component Designator: OldDesignator=RJ12 NewDesignator=RJ11
Change Component Designator: OldDesignator=RJ11 NewDesignator=RJ10
Change Component Designator: OldDesignator=RJ10 NewDesignator=RJ9
Change Component Designator: OldDesignator=RJ9 NewDesignator=RJ8
Change Component Designator: OldDesignator=RJ8 NewDesignator=RJ7
Change Component Designator: OldDesignator=RJ7 NewDesignator=RJ15
Change Component Designator: OldDesignator=RJ15 NewDesignator=RJ6
Change Component Designator: OldDesignator=RJ6 NewDesignator=RJ5
Change Component Designator: OldDesignator=RJ5 NewDesignator=RJ4
Change Component Designator: OldDesignator=RJ4 NewDesignator=RJ3
Change Component Designator: OldDesignator=RJ3 NewDesignator=RJ2
Change Component Designator: OldDesignator=RJ2 NewDesignator=RJ1
Change Component Designator: OldDesignator=U1 NewDesignator=U16
Change Component Designator: OldDesignator=U16 NewDesignator=U14
Change Component Designator: OldDesignator=U14 NewDesignator=U13
Change Component Designator: OldDesignator=U13 NewDesignator=U12
Change Component Designator: OldDesignator=U12 NewDesignator=U11
Change Component Designator: OldDesignator=U11 NewDesignator=U10
Change Component Designator: OldDesignator=U10 NewDesignator=U9
Change Component Designator: OldDesignator=U9 NewDesignator=U8
Change Component Designator: OldDesignator=U8 NewDesignator=U7
Change Component Designator: OldDesignator=U7 NewDesignator=U15
Change Component Designator: OldDesignator=U15 NewDesignator=U6
Change Component Designator: OldDesignator=U6 NewDesignator=U5
Change Component Designator: OldDesignator=U5 NewDesignator=U4
Change Component Designator: OldDesignator=U4 NewDesignator=U3
Change Component Designator: OldDesignator=U3 NewDesignator=U2
Change Component Designator: OldDesignator=U2 NewDesignator=U1
