Removed Pin From Net: NetName=ADRSA2 Pin=J1-8
Removed Pin From Net: NetName=ADRSA2 Pin=J1-9
Removed Pin From Net: NetName=ADRSA2 Pin=J1-10
Removed Pin From Net: NetName=ADRSA2 Pin=J1-11
Removed Pin From Net: NetName=ADRSA2 Pin=J1-12
Removed Pin From Net: NetName=ADRSA2 Pin=J1-13
Removed Pin From Net: NetName=ADRSA2 Pin=J1-14
Removed Pin From Net: NetName=ADRSA2 Pin=J1-15
Removed Pin From Net: NetName=ADRSA2 Pin=J1-16
Removed Pin From Net: NetName=ADRSA2 Pin=J1-17
Removed Pin From Net: NetName=ADRSA2 Pin=J1-18
Removed Pin From Net: NetName=ADRSA2 Pin=J1-19
Removed Pin From Net: NetName=ADRSA2 Pin=J1-20
Removed Pin From Net: NetName=ADRSA2 Pin=J1-21
Removed Pin From Net: NetName=ADRSA2 Pin=J1-22
Removed Pin From Net: NetName=ADRSA2 Pin=J1-23
Removed Pin From Net: NetName=ADRSA2 Pin=J1-24
Removed Pin From Net: NetName=ADRSA2 Pin=J1-25
Removed Pin From Net: NetName=ADRSA2 Pin=J1-26
Removed Pin From Net: NetName=ADRSA2 Pin=J1-27
Removed Pin From Net: NetName=ADRSA2 Pin=J1-28
Removed Pin From Net: NetName=ADRSA2 Pin=J1-29
Removed Pin From Net: NetName=ADRSA2 Pin=J1-30
Removed Pin From Net: NetName=ADRSA2 Pin=J1-31
Added Component: Designator=USB1(USB_B_VERTICAL)
Added Pin To Net: NetName=ADRSA2 Pin=USB1-4
Added Pin To Net: NetName=NetJ1_8 Pin=J1-8
Added Pin To Net: NetName=NetJ1_8 Pin=USB1-3
Added Net: Name=NetJ1_8
Added Pin To Net: NetName=NetJ1_9 Pin=J1-9
Added Pin To Net: NetName=NetJ1_9 Pin=USB1-2
Added Net: Name=NetJ1_9
Added Pin To Net: NetName=NetJ1_10 Pin=J1-10
Added Pin To Net: NetName=NetJ1_10 Pin=USB1-1
Added Pin To Net: NetName=NetJ1_10 Pin=USB1-1
Added Pin To Net: NetName=NetJ1_10 Pin=USB1-1
Added Net: Name=NetJ1_10
Added Pin To Net: NetName=NetJ1_11 Pin=J1-11
Added Pin To Net: NetName=NetJ1_11 Pin=J1-12
Added Pin To Net: NetName=NetJ1_11 Pin=J1-13
Added Pin To Net: NetName=NetJ1_11 Pin=J1-14
Added Pin To Net: NetName=NetJ1_11 Pin=J1-15
Added Pin To Net: NetName=NetJ1_11 Pin=J1-16
Added Pin To Net: NetName=NetJ1_11 Pin=J1-17
Added Pin To Net: NetName=NetJ1_11 Pin=J1-18
Added Pin To Net: NetName=NetJ1_11 Pin=J1-19
Added Pin To Net: NetName=NetJ1_11 Pin=J1-20
Added Pin To Net: NetName=NetJ1_11 Pin=J1-21
Added Pin To Net: NetName=NetJ1_11 Pin=J1-22
Added Pin To Net: NetName=NetJ1_11 Pin=J1-23
Added Pin To Net: NetName=NetJ1_11 Pin=J1-24
Added Pin To Net: NetName=NetJ1_11 Pin=J1-25
Added Pin To Net: NetName=NetJ1_11 Pin=J1-26
Added Pin To Net: NetName=NetJ1_11 Pin=J1-27
Added Pin To Net: NetName=NetJ1_11 Pin=J1-28
Added Pin To Net: NetName=NetJ1_11 Pin=J1-29
Added Pin To Net: NetName=NetJ1_11 Pin=J1-30
Added Pin To Net: NetName=NetJ1_11 Pin=J1-31
Added Net: Name=NetJ1_11
Added Member To Class: ClassName=Backplane Member=Component USB1 USB_B
