Removed Pin From Net: NetName=ADRSA2 Pin=J1-8
Removed Pin From Net: NetName=ADRSA2 Pin=J1-9
Removed Pin From Net: NetName=ADRSA2 Pin=J1-10
Removed Pin From Net: NetName=ADRSA2 Pin=J1-11
Removed Pin From Net: NetName=ADRSA2 Pin=J1-12
Removed Pin From Net: NetName=ADRSA2 Pin=J1-13
Removed Pin From Net: NetName=ADRSA2 Pin=J1-14
Removed Pin From Net: NetName=ADRSA2 Pin=J1-15
Removed Pin From Net: NetName=ADRSA2 Pin=J1_U_Connectors1-8
Removed Pin From Net: NetName=ADRSA3 Pin=J1_U_Connectors1-9
Removed Pin From Net: NetName=ADRSA2 Pin=J1_U_Connectors1-10
Removed Pin From Net: NetName=ADRSA3 Pin=J1_U_Connectors1-11
Removed Pin From Net: NetName=ADRSA2 Pin=J1_U_Connectors1-12
Removed Pin From Net: NetName=ADRSA2 Pin=J1_U_Connectors1-13
Removed Pin From Net: NetName=ADRSA2 Pin=J1_U_Connectors1-14
Removed Pin From Net: NetName=ADRSA2 Pin=J1_U_Connectors1-15
Removed Pin From Net: NetName=24V Pin=J1_U_Connectors2-0
Removed Pin From Net: NetName=24V Pin=J1_U_Connectors2-1
Removed Pin From Net: NetName=ADRSA3 Pin=J1_U_Connectors2-2
Removed Pin From Net: NetName=ADRSA2 Pin=J1_U_Connectors2-3
Removed Pin From Net: NetName=SCLNET Pin=J1_U_Connectors2-4
Removed Pin From Net: NetName=SDANET Pin=J1_U_Connectors2-5
Removed Pin From Net: NetName=ADRSA2 Pin=J1_U_Connectors2-6
Removed Pin From Net: NetName=ADRSA2 Pin=J1_U_Connectors2-7
Removed Pin From Net: NetName=ADRSA3 Pin=J1_U_Connectors2-8
Removed Pin From Net: NetName=ADRSA2 Pin=J1_U_Connectors2-9
Removed Pin From Net: NetName=ADRSA3 Pin=J1_U_Connectors2-10
Removed Pin From Net: NetName=ADRSA2 Pin=J1_U_Connectors2-11
Removed Pin From Net: NetName=ADRSA2 Pin=J1_U_Connectors2-12
Removed Pin From Net: NetName=ADRSA2 Pin=J1_U_Connectors2-13
Removed Pin From Net: NetName=ADRSA2 Pin=J1_U_Connectors2-14
Removed Pin From Net: NetName=ADRSA2 Pin=J1_U_Connectors2-15
Removed Pin From Net: NetName=ADRSA2 Pin=J1_U_Connectors2-16
Removed Pin From Net: NetName=ADRSA2 Pin=J1_U_Connectors2-17
Removed Pin From Net: NetName=ADRSA2 Pin=J1_U_Connectors2-18
Removed Pin From Net: NetName=ADRSA2 Pin=J1_U_Connectors2-19
Removed Pin From Net: NetName=24V Pin=J1_U_Connectors2-32
Removed Pin From Net: NetName=24V Pin=J1_U_Connectors2-33
Removed Pin From Net: NetName=ADRSA3 Pin=J1_U_Connectors2-34
Removed Pin From Net: NetName=ADRSA2 Pin=J1_U_Connectors2-35
Removed Pin From Net: NetName=SCLNET Pin=J1_U_Connectors2-36
Removed Pin From Net: NetName=SDANET Pin=J1_U_Connectors2-37
Removed Pin From Net: NetName=ADRSA2 Pin=J1_U_Connectors2-38
Removed Pin From Net: NetName=ADRSA2 Pin=J1_U_Connectors2-39
Removed Pin From Net: NetName=ADRSA2 Pin=J1_U_Connectors2-48
Removed Pin From Net: NetName=ADRSA2 Pin=J1_U_Connectors2-49
Removed Pin From Net: NetName=ADRSA2 Pin=J1_U_Connectors2-50
Removed Pin From Net: NetName=ADRSA2 Pin=J1_U_Connectors2-51
Removed Member From Class: ClassName=U_Connectors2 Member=DB1_U_Connectors2
Removed Member From Class: ClassName=U_Connectors2 Member=DB2_U_Connectors2
Removed Member From Class: ClassName=U_Connectors2 Member=J1_U_Connectors2
Removed Member From Class: ClassName=U_Connectors2 Member=RJ1_U_Connectors2
Removed Member From Class: ClassName=U_Connectors2 Member=RJ2_U_Connectors2
Added Component: Designator=DB1_U_Connectors(DSUB1.STRAIGHT)
Added Component: Designator=DB2_U_Connectors(DSUB1.STRAIGHT)
Added Component: Designator=J1_U_Connectors(09 03 164 6919)
Added Component: Designator=RJ1_U_Connectors(RJ45.STRAIGHT)
Added Component: Designator=RJ2_U_Connectors(RJ45.STRAIGHT)
Added Pin To Net: NetName=ADRSA2 Pin=J1-40
Added Pin To Net: NetName=ADRSA2 Pin=J1-41
Added Pin To Net: NetName=ADRSA2 Pin=J1-42
Added Pin To Net: NetName=ADRSA2 Pin=J1-43
Added Pin To Net: NetName=ADRSA2 Pin=J1-44
Added Pin To Net: NetName=ADRSA2 Pin=J1-45
Added Pin To Net: NetName=ADRSA2 Pin=J1-46
Added Pin To Net: NetName=ADRSA2 Pin=J1-47
Added Pin To Net: NetName=ADRSA2 Pin=J1_U_Connectors1-40
Added Pin To Net: NetName=ADRSA3 Pin=J1_U_Connectors1-41
Added Pin To Net: NetName=ADRSA2 Pin=J1_U_Connectors1-42
Added Pin To Net: NetName=ADRSA3 Pin=J1_U_Connectors1-43
Added Pin To Net: NetName=ADRSA2 Pin=J1_U_Connectors1-44
Added Pin To Net: NetName=ADRSA2 Pin=J1_U_Connectors1-45
Added Pin To Net: NetName=ADRSA2 Pin=J1_U_Connectors1-46
Added Pin To Net: NetName=ADRSA2 Pin=J1_U_Connectors1-47
Added Pin To Net: NetName=24V Pin=J1_U_Connectors-0
Added Pin To Net: NetName=24V Pin=J1_U_Connectors-1
Added Pin To Net: NetName=ADRSA3 Pin=J1_U_Connectors-2
Added Pin To Net: NetName=ADRSA2 Pin=J1_U_Connectors-3
Added Pin To Net: NetName=SCLNET Pin=J1_U_Connectors-4
Added Pin To Net: NetName=SDANET Pin=J1_U_Connectors-5
Added Pin To Net: NetName=ADRSA2 Pin=J1_U_Connectors-6
Added Pin To Net: NetName=ADRSA2 Pin=J1_U_Connectors-7
Added Pin To Net: NetName=ADRSA2 Pin=J1_U_Connectors-16
Added Pin To Net: NetName=ADRSA2 Pin=J1_U_Connectors-17
Added Pin To Net: NetName=ADRSA2 Pin=J1_U_Connectors-18
Added Pin To Net: NetName=ADRSA2 Pin=J1_U_Connectors-19
Added Pin To Net: NetName=24V Pin=J1_U_Connectors-32
Added Pin To Net: NetName=24V Pin=J1_U_Connectors-33
Added Pin To Net: NetName=ADRSA3 Pin=J1_U_Connectors-34
Added Pin To Net: NetName=ADRSA2 Pin=J1_U_Connectors-35
Added Pin To Net: NetName=SCLNET Pin=J1_U_Connectors-36
Added Pin To Net: NetName=SDANET Pin=J1_U_Connectors-37
Added Pin To Net: NetName=ADRSA2 Pin=J1_U_Connectors-38
Added Pin To Net: NetName=ADRSA2 Pin=J1_U_Connectors-39
Added Pin To Net: NetName=ADRSA3 Pin=J1_U_Connectors-40
Added Pin To Net: NetName=ADRSA2 Pin=J1_U_Connectors-41
Added Pin To Net: NetName=ADRSA3 Pin=J1_U_Connectors-42
Added Pin To Net: NetName=ADRSA2 Pin=J1_U_Connectors-43
Added Pin To Net: NetName=ADRSA2 Pin=J1_U_Connectors-44
Added Pin To Net: NetName=ADRSA2 Pin=J1_U_Connectors-45
Added Pin To Net: NetName=ADRSA2 Pin=J1_U_Connectors-46
Added Pin To Net: NetName=ADRSA2 Pin=J1_U_Connectors-47
Added Pin To Net: NetName=ADRSA2 Pin=J1_U_Connectors-48
Added Pin To Net: NetName=ADRSA2 Pin=J1_U_Connectors-49
Added Pin To Net: NetName=ADRSA2 Pin=J1_U_Connectors-50
Added Pin To Net: NetName=ADRSA2 Pin=J1_U_Connectors-51
Added Pin To Net: NetName=ADRSA3 Pin=RJ1_U_Connectors1-7
Added Pin To Net: NetName=ADRSA2 Pin=RJ1_U_Connectors1-8
Added Pin To Net: NetName=ADRSA3 Pin=RJ1_U_Connectors-7
Added Pin To Net: NetName=ADRSA2 Pin=RJ1_U_Connectors-8
Added Pin To Net: NetName=ADRSA3 Pin=RJ2_U_Connectors1-7
Added Pin To Net: NetName=ADRSA2 Pin=RJ2_U_Connectors1-8
Added Pin To Net: NetName=ADRSA3 Pin=RJ2_U_Connectors-7
Added Pin To Net: NetName=ADRSA2 Pin=RJ2_U_Connectors-8
Added Pin To Net: NetName=NetDB1_U_Connectors_1 Pin=DB1_U_Connectors-1
Added Pin To Net: NetName=NetDB1_U_Connectors_1 Pin=DB1_U_Connectors-2
Added Pin To Net: NetName=NetDB1_U_Connectors_1 Pin=J1_U_Connectors-20
Added Pin To Net: NetName=NetDB1_U_Connectors_1 Pin=J1_U_Connectors-21
Added Pin To Net: NetName=NetDB1_U_Connectors_1 Pin=J1_U_Connectors-52
Added Pin To Net: NetName=NetDB1_U_Connectors_1 Pin=J1_U_Connectors-53
Added Net: Name=NetDB1_U_Connectors_1
Added Pin To Net: NetName=NetDB1_U_Connectors_4 Pin=DB1_U_Connectors-4
Added Pin To Net: NetName=NetDB1_U_Connectors_4 Pin=DB1_U_Connectors-5
Added Pin To Net: NetName=NetDB1_U_Connectors_4 Pin=J1_U_Connectors-31
Added Pin To Net: NetName=NetDB1_U_Connectors_4 Pin=J1_U_Connectors-63
Added Net: Name=NetDB1_U_Connectors_4
Added Pin To Net: NetName=NetDB1_U_Connectors_6 Pin=DB1_U_Connectors-6
Added Pin To Net: NetName=NetDB1_U_Connectors_6 Pin=DB1_U_Connectors-7
Added Pin To Net: NetName=NetDB1_U_Connectors_6 Pin=J1_U_Connectors-22
Added Pin To Net: NetName=NetDB1_U_Connectors_6 Pin=J1_U_Connectors-23
Added Pin To Net: NetName=NetDB1_U_Connectors_6 Pin=J1_U_Connectors-54
Added Pin To Net: NetName=NetDB1_U_Connectors_6 Pin=J1_U_Connectors-55
Added Net: Name=NetDB1_U_Connectors_6
Added Pin To Net: NetName=NetDB1_U_Connectors_8 Pin=DB1_U_Connectors-8
Added Pin To Net: NetName=NetDB1_U_Connectors_8 Pin=DB1_U_Connectors-9
Added Pin To Net: NetName=NetDB1_U_Connectors_8 Pin=J1_U_Connectors-30
Added Pin To Net: NetName=NetDB1_U_Connectors_8 Pin=J1_U_Connectors-62
Added Net: Name=NetDB1_U_Connectors_8
Added Pin To Net: NetName=NetDB2_U_Connectors_1 Pin=DB2_U_Connectors-1
Added Pin To Net: NetName=NetDB2_U_Connectors_1 Pin=DB2_U_Connectors-2
Added Pin To Net: NetName=NetDB2_U_Connectors_1 Pin=J1_U_Connectors-26
Added Pin To Net: NetName=NetDB2_U_Connectors_1 Pin=J1_U_Connectors-27
Added Pin To Net: NetName=NetDB2_U_Connectors_1 Pin=J1_U_Connectors-58
Added Pin To Net: NetName=NetDB2_U_Connectors_1 Pin=J1_U_Connectors-59
Added Net: Name=NetDB2_U_Connectors_1
Added Pin To Net: NetName=NetDB2_U_Connectors_4 Pin=DB2_U_Connectors-4
Added Pin To Net: NetName=NetDB2_U_Connectors_4 Pin=DB2_U_Connectors-5
Added Pin To Net: NetName=NetDB2_U_Connectors_4 Pin=J1_U_Connectors-25
Added Pin To Net: NetName=NetDB2_U_Connectors_4 Pin=J1_U_Connectors-57
Added Net: Name=NetDB2_U_Connectors_4
Added Pin To Net: NetName=NetDB2_U_Connectors_6 Pin=DB2_U_Connectors-6
Added Pin To Net: NetName=NetDB2_U_Connectors_6 Pin=DB2_U_Connectors-7
Added Pin To Net: NetName=NetDB2_U_Connectors_6 Pin=J1_U_Connectors-28
Added Pin To Net: NetName=NetDB2_U_Connectors_6 Pin=J1_U_Connectors-29
Added Pin To Net: NetName=NetDB2_U_Connectors_6 Pin=J1_U_Connectors-60
Added Pin To Net: NetName=NetDB2_U_Connectors_6 Pin=J1_U_Connectors-61
Added Net: Name=NetDB2_U_Connectors_6
Added Pin To Net: NetName=NetDB2_U_Connectors_8 Pin=DB2_U_Connectors-8
Added Pin To Net: NetName=NetDB2_U_Connectors_8 Pin=DB2_U_Connectors-9
Added Pin To Net: NetName=NetDB2_U_Connectors_8 Pin=J1_U_Connectors-24
Added Pin To Net: NetName=NetDB2_U_Connectors_8 Pin=J1_U_Connectors-56
Added Net: Name=NetDB2_U_Connectors_8
Added Pin To Net: NetName=NetJ1_U_Connectors1_8 Pin=J1_U_Connectors1-8
Added Pin To Net: NetName=NetJ1_U_Connectors1_8 Pin=RJ2_U_Connectors1-3
Added Net: Name=NetJ1_U_Connectors1_8
Added Pin To Net: NetName=NetJ1_U_Connectors1_9 Pin=J1_U_Connectors1-9
Added Pin To Net: NetName=NetJ1_U_Connectors1_9 Pin=RJ2_U_Connectors1-6
Added Net: Name=NetJ1_U_Connectors1_9
Added Pin To Net: NetName=NetJ1_U_Connectors1_10 Pin=J1_U_Connectors1-10
Added Pin To Net: NetName=NetJ1_U_Connectors1_10 Pin=RJ2_U_Connectors1-1
Added Net: Name=NetJ1_U_Connectors1_10
Added Pin To Net: NetName=NetJ1_U_Connectors1_11 Pin=J1_U_Connectors1-11
Added Pin To Net: NetName=NetJ1_U_Connectors1_11 Pin=RJ2_U_Connectors1-2
Added Net: Name=NetJ1_U_Connectors1_11
Added Pin To Net: NetName=NetJ1_U_Connectors1_12 Pin=J1_U_Connectors1-12
Added Pin To Net: NetName=NetJ1_U_Connectors1_12 Pin=RJ1_U_Connectors1-3
Added Net: Name=NetJ1_U_Connectors1_12
Added Pin To Net: NetName=NetJ1_U_Connectors1_13 Pin=J1_U_Connectors1-13
Added Pin To Net: NetName=NetJ1_U_Connectors1_13 Pin=RJ1_U_Connectors1-6
Added Net: Name=NetJ1_U_Connectors1_13
Added Pin To Net: NetName=NetJ1_U_Connectors1_14 Pin=J1_U_Connectors1-14
Added Pin To Net: NetName=NetJ1_U_Connectors1_14 Pin=RJ1_U_Connectors1-1
Added Net: Name=NetJ1_U_Connectors1_14
Added Pin To Net: NetName=NetJ1_U_Connectors1_15 Pin=J1_U_Connectors1-15
Added Pin To Net: NetName=NetJ1_U_Connectors1_15 Pin=RJ1_U_Connectors1-2
Added Net: Name=NetJ1_U_Connectors1_15
Added Pin To Net: NetName=NetJ1_U_Connectors_8 Pin=J1_U_Connectors-8
Added Pin To Net: NetName=NetJ1_U_Connectors_8 Pin=RJ2_U_Connectors-3
Added Net: Name=NetJ1_U_Connectors_8
Added Pin To Net: NetName=NetJ1_U_Connectors_9 Pin=J1_U_Connectors-9
Added Pin To Net: NetName=NetJ1_U_Connectors_9 Pin=RJ2_U_Connectors-6
Added Net: Name=NetJ1_U_Connectors_9
Added Pin To Net: NetName=NetJ1_U_Connectors_10 Pin=J1_U_Connectors-10
Added Pin To Net: NetName=NetJ1_U_Connectors_10 Pin=RJ2_U_Connectors-1
Added Net: Name=NetJ1_U_Connectors_10
Added Pin To Net: NetName=NetJ1_U_Connectors_11 Pin=J1_U_Connectors-11
Added Pin To Net: NetName=NetJ1_U_Connectors_11 Pin=RJ2_U_Connectors-2
Added Net: Name=NetJ1_U_Connectors_11
Added Pin To Net: NetName=NetJ1_U_Connectors_12 Pin=J1_U_Connectors-12
Added Pin To Net: NetName=NetJ1_U_Connectors_12 Pin=RJ1_U_Connectors-3
Added Net: Name=NetJ1_U_Connectors_12
Added Pin To Net: NetName=NetJ1_U_Connectors_13 Pin=J1_U_Connectors-13
Added Pin To Net: NetName=NetJ1_U_Connectors_13 Pin=RJ1_U_Connectors-6
Added Net: Name=NetJ1_U_Connectors_13
Added Pin To Net: NetName=NetJ1_U_Connectors_14 Pin=J1_U_Connectors-14
Added Pin To Net: NetName=NetJ1_U_Connectors_14 Pin=RJ1_U_Connectors-1
Added Net: Name=NetJ1_U_Connectors_14
Added Pin To Net: NetName=NetJ1_U_Connectors_15 Pin=J1_U_Connectors-15
Added Pin To Net: NetName=NetJ1_U_Connectors_15 Pin=RJ1_U_Connectors-2
Added Net: Name=NetJ1_U_Connectors_15
Change Class Name : Old Net Name=U_Connectors2 New Net Name=U_Connectors
Added Member To Class: ClassName=U_Connectors Member=Component DB1_U_Connectors (DB1) D Connector 9
Added Member To Class: ClassName=U_Connectors Member=Component DB2_U_Connectors (DB2) D Connector 9
Added Member To Class: ClassName=U_Connectors Member=Component J1_U_Connectors (J1) DIN41612_64WAY
Added Member To Class: ClassName=U_Connectors Member=Component RJ1_U_Connectors (RJ1) 85504-5001
Added Member To Class: ClassName=U_Connectors Member=Component RJ2_U_Connectors (RJ2) 85504-5001
Added Room: Name=Backplane
Added Room: Name=U_Connectors1
Added Room: Name=U_Connectors
