Removed Pin From Net: NetName=GND Pin=*-3
Removed Pin From Net: NetName=SDANET_U1 Pin=*-4
Removed Pin From Net: NetName=GND Pin=*-6
Removed Pin From Net: NetName=GND Pin=*-7
Removed Pin From Net: NetName=GND Pin=*-8
Removed Pin From Net: NetName=GND Pin=*-9
Removed Pin From Net: NetName=GND Pin=*-10
Removed Pin From Net: NetName=GND Pin=*-11
Removed Pin From Net: NetName=GND Pin=*-12
Removed Pin From Net: NetName=SDANET_U1 Pin=*-35
Removed Pin From Net: NetName=GND Pin=*-36
Removed Pin From Net: NetName=SCLNET_U1 Pin=*_U1-5
Removed Pin From Net: NetName=GND Pin=*_U1-6
Removed Pin From Net: NetName=GND Pin=*_U1-33
Removed Pin From Net: NetName=SCLNET_U1 Pin=*_U1-34
Removed Pin From Net: NetName=SCLNET_U1 Pin=*_U2-5
Removed Pin From Net: NetName=GND Pin=*_U2-6
Removed Pin From Net: NetName=GND Pin=*_U2-33
Removed Pin From Net: NetName=SCLNET_U1 Pin=*_U2-34
Removed Pin From Net: NetName=SCLNET_U1 Pin=*_U3-5
Removed Pin From Net: NetName=GND Pin=*_U3-6
Removed Pin From Net: NetName=GND Pin=*_U3-33
Removed Pin From Net: NetName=SCLNET_U1 Pin=*_U3-34
Removed Pin From Net: NetName=SCLNET_U1 Pin=*_U4-5
Removed Pin From Net: NetName=GND Pin=*_U4-6
Removed Pin From Net: NetName=GND Pin=*_U4-33
Removed Pin From Net: NetName=SCLNET_U1 Pin=*_U4-34
Removed Pin From Net: NetName=SCLNET_U1 Pin=*_U5-5
Removed Pin From Net: NetName=GND Pin=*_U5-6
Removed Pin From Net: NetName=GND Pin=*_U5-33
Removed Pin From Net: NetName=SCLNET_U1 Pin=*_U5-34
Removed Pin From Net: NetName=SCLNET_U1 Pin=*_U6-5
Removed Pin From Net: NetName=GND Pin=*_U6-6
Removed Pin From Net: NetName=GND Pin=*_U6-33
Removed Pin From Net: NetName=SCLNET_U1 Pin=*_U6-34
Removed Pin From Net: NetName=SCLNET_U1 Pin=*_U7-5
Removed Pin From Net: NetName=GND Pin=*_U7-6
Removed Pin From Net: NetName=GND Pin=*_U7-33
Removed Pin From Net: NetName=SCLNET_U1 Pin=*_U7-34
Removed Pin From Net: NetName=SCLNET_U1 Pin=*_U8-5
Removed Pin From Net: NetName=GND Pin=*_U8-6
Removed Pin From Net: NetName=GND Pin=*_U8-33
Removed Pin From Net: NetName=SCLNET_U1 Pin=*_U8-34
Removed Pin From Net: NetName=GND Pin=C1_U1-1
Removed Pin From Net: NetName=GND Pin=C1_U2-1
Removed Pin From Net: NetName=GND Pin=C1_U3-1
Removed Pin From Net: NetName=GND Pin=C1_U4-1
Removed Pin From Net: NetName=GND Pin=C1_U5-1
Removed Pin From Net: NetName=GND Pin=C1_U6-1
Removed Pin From Net: NetName=GND Pin=C1_U7-1
Removed Pin From Net: NetName=GND Pin=C1_U8-1
Removed Pin From Net: NetName=GND Pin=C2_U1-1
Removed Pin From Net: NetName=GND Pin=C2_U2-1
Removed Pin From Net: NetName=GND Pin=C2_U3-1
Removed Pin From Net: NetName=GND Pin=C2_U4-1
Removed Pin From Net: NetName=GND Pin=C2_U5-1
Removed Pin From Net: NetName=GND Pin=C2_U6-1
Removed Pin From Net: NetName=GND Pin=C2_U7-1
Removed Pin From Net: NetName=GND Pin=C2_U8-1
Removed Pin From Net: NetName=Net*_U1_9 Pin=DB1_U1-1
Removed Pin From Net: NetName=Net*_U1_9 Pin=DB1_U1-2
Removed Pin From Net: NetName=Net*_U1_12 Pin=DB1_U1-4
Removed Pin From Net: NetName=Net*_U1_12 Pin=DB1_U1-5
Removed Pin From Net: NetName=Net*_U1_10 Pin=DB1_U1-6
Removed Pin From Net: NetName=Net*_U1_10 Pin=DB1_U1-7
Removed Pin From Net: NetName=Net*_U2_9 Pin=DB1_U2-1
Removed Pin From Net: NetName=Net*_U2_9 Pin=DB1_U2-2
Removed Pin From Net: NetName=Net*_U2_12 Pin=DB1_U2-4
Removed Pin From Net: NetName=Net*_U2_12 Pin=DB1_U2-5
Removed Pin From Net: NetName=Net*_U2_10 Pin=DB1_U2-6
Removed Pin From Net: NetName=Net*_U2_10 Pin=DB1_U2-7
Removed Pin From Net: NetName=Net*_U3_9 Pin=DB1_U3-1
Removed Pin From Net: NetName=Net*_U3_9 Pin=DB1_U3-2
Removed Pin From Net: NetName=Net*_U3_12 Pin=DB1_U3-4
Removed Pin From Net: NetName=Net*_U3_12 Pin=DB1_U3-5
Removed Pin From Net: NetName=Net*_U3_10 Pin=DB1_U3-6
Removed Pin From Net: NetName=Net*_U3_10 Pin=DB1_U3-7
Removed Pin From Net: NetName=Net*_U4_9 Pin=DB1_U4-1
Removed Pin From Net: NetName=Net*_U4_9 Pin=DB1_U4-2
Removed Pin From Net: NetName=Net*_U4_12 Pin=DB1_U4-4
Removed Pin From Net: NetName=Net*_U4_12 Pin=DB1_U4-5
Removed Pin From Net: NetName=Net*_U4_10 Pin=DB1_U4-6
Removed Pin From Net: NetName=Net*_U4_10 Pin=DB1_U4-7
Removed Pin From Net: NetName=Net*_U5_9 Pin=DB1_U5-1
Removed Pin From Net: NetName=Net*_U5_9 Pin=DB1_U5-2
Removed Pin From Net: NetName=Net*_U5_12 Pin=DB1_U5-4
Removed Pin From Net: NetName=Net*_U5_12 Pin=DB1_U5-5
Removed Pin From Net: NetName=Net*_U5_10 Pin=DB1_U5-6
Removed Pin From Net: NetName=Net*_U5_10 Pin=DB1_U5-7
Removed Pin From Net: NetName=Net*_U6_9 Pin=DB1_U6-1
Removed Pin From Net: NetName=Net*_U6_9 Pin=DB1_U6-2
Removed Pin From Net: NetName=Net*_U6_12 Pin=DB1_U6-4
Removed Pin From Net: NetName=Net*_U6_12 Pin=DB1_U6-5
Removed Pin From Net: NetName=Net*_U6_10 Pin=DB1_U6-6
Removed Pin From Net: NetName=Net*_U6_10 Pin=DB1_U6-7
Removed Pin From Net: NetName=Net*_U7_9 Pin=DB1_U7-1
Removed Pin From Net: NetName=Net*_U7_9 Pin=DB1_U7-2
Removed Pin From Net: NetName=Net*_U7_12 Pin=DB1_U7-4
Removed Pin From Net: NetName=Net*_U7_12 Pin=DB1_U7-5
Removed Pin From Net: NetName=Net*_U7_10 Pin=DB1_U7-6
Removed Pin From Net: NetName=Net*_U7_10 Pin=DB1_U7-7
Removed Pin From Net: NetName=Net*_U8_9 Pin=DB1_U8-1
Removed Pin From Net: NetName=Net*_U8_9 Pin=DB1_U8-2
Removed Pin From Net: NetName=Net*_U8_12 Pin=DB1_U8-4
Removed Pin From Net: NetName=Net*_U8_12 Pin=DB1_U8-5
Removed Pin From Net: NetName=Net*_U8_10 Pin=DB1_U8-6
Removed Pin From Net: NetName=Net*_U8_10 Pin=DB1_U8-7
Removed Pin From Net: NetName=Net*_U1_30 Pin=DB2_U1-4
Removed Pin From Net: NetName=Net*_U1_30 Pin=DB2_U1-5
Removed Pin From Net: NetName=Net*_U1_29 Pin=DB2_U1-8
Removed Pin From Net: NetName=Net*_U1_29 Pin=DB2_U1-9
Removed Pin From Net: NetName=Net*_U2_30 Pin=DB2_U2-4
Removed Pin From Net: NetName=Net*_U2_30 Pin=DB2_U2-5
Removed Pin From Net: NetName=Net*_U2_29 Pin=DB2_U2-8
Removed Pin From Net: NetName=Net*_U2_29 Pin=DB2_U2-9
Removed Pin From Net: NetName=Net*_U3_30 Pin=DB2_U3-4
Removed Pin From Net: NetName=Net*_U3_30 Pin=DB2_U3-5
Removed Pin From Net: NetName=Net*_U3_29 Pin=DB2_U3-8
Removed Pin From Net: NetName=Net*_U3_29 Pin=DB2_U3-9
Removed Pin From Net: NetName=Net*_U4_30 Pin=DB2_U4-4
Removed Pin From Net: NetName=Net*_U4_30 Pin=DB2_U4-5
Removed Pin From Net: NetName=Net*_U4_29 Pin=DB2_U4-8
Removed Pin From Net: NetName=Net*_U4_29 Pin=DB2_U4-9
Removed Pin From Net: NetName=Net*_U5_30 Pin=DB2_U5-4
Removed Pin From Net: NetName=Net*_U5_30 Pin=DB2_U5-5
Removed Pin From Net: NetName=Net*_U5_29 Pin=DB2_U5-8
Removed Pin From Net: NetName=Net*_U5_29 Pin=DB2_U5-9
Removed Pin From Net: NetName=Net*_U6_30 Pin=DB2_U6-4
Removed Pin From Net: NetName=Net*_U6_30 Pin=DB2_U6-5
Removed Pin From Net: NetName=Net*_U6_29 Pin=DB2_U6-8
Removed Pin From Net: NetName=Net*_U6_29 Pin=DB2_U6-9
Removed Pin From Net: NetName=Net*_U7_30 Pin=DB2_U7-4
Removed Pin From Net: NetName=Net*_U7_30 Pin=DB2_U7-5
Removed Pin From Net: NetName=Net*_U7_29 Pin=DB2_U7-8
Removed Pin From Net: NetName=Net*_U7_29 Pin=DB2_U7-9
Removed Pin From Net: NetName=Net*_U8_30 Pin=DB2_U8-4
Removed Pin From Net: NetName=Net*_U8_30 Pin=DB2_U8-5
Removed Pin From Net: NetName=Net*_U8_29 Pin=DB2_U8-8
Removed Pin From Net: NetName=Net*_U8_29 Pin=DB2_U8-9
Removed Pin From Net: NetName=GND Pin=U1_U1-4
Removed Pin From Net: NetName=GND Pin=U1_U2-4
Removed Pin From Net: NetName=GND Pin=U1_U3-4
Removed Pin From Net: NetName=GND Pin=U1_U4-4
Removed Pin From Net: NetName=GND Pin=U1_U5-4
Removed Pin From Net: NetName=GND Pin=U1_U6-4
Removed Pin From Net: NetName=GND Pin=U1_U7-4
Removed Pin From Net: NetName=GND Pin=U1_U8-4
Removed Pin From Net: NetName=GND Pin=U2_U1-4
Removed Pin From Net: NetName=GND Pin=U2_U2-4
Removed Pin From Net: NetName=GND Pin=U2_U3-4
Removed Pin From Net: NetName=GND Pin=U2_U4-4
Removed Pin From Net: NetName=GND Pin=U2_U5-4
Removed Pin From Net: NetName=GND Pin=U2_U6-4
Removed Pin From Net: NetName=GND Pin=U2_U7-4
Removed Pin From Net: NetName=GND Pin=U2_U8-4
Added Pin To Net: NetName=GND Pin=*-2
Added Pin To Net: NetName=SDANET_U1 Pin=*-3
Added Pin To Net: NetName=SDANET_U1 Pin=*-6
Added Pin To Net: NetName=SDANET_U1 Pin=*-7
Added Pin To Net: NetName=SDANET_U1 Pin=*-8
Added Pin To Net: NetName=SDANET_U1 Pin=*-9
Added Pin To Net: NetName=SDANET_U1 Pin=*-10
Added Pin To Net: NetName=SDANET_U1 Pin=*-11
Added Pin To Net: NetName=SDANET_U1 Pin=*-12
Added Pin To Net: NetName=SDANET_U1 Pin=*-36
Added Pin To Net: NetName=GND Pin=*-37
Added Pin To Net: NetName=SDANET_U1 Pin=*_U1-2
Added Pin To Net: NetName=SDANET_U1 Pin=*_U1-5
Added Pin To Net: NetName=SCLNET_U1 Pin=*_U1-7
Added Pin To Net: NetName=SDANET_U1 Pin=*_U1-8
Added Pin To Net: NetName=SDANET_U1 Pin=*_U1-11
Added Pin To Net: NetName=Net*_U1_12 Pin=*_U1-13
Added Pin To Net: NetName=SDANET_U1 Pin=*_U1-28
Added Pin To Net: NetName=SDANET_U1 Pin=*_U1-31
Added Pin To Net: NetName=SCLNET_U1 Pin=*_U1-32
Added Pin To Net: NetName=SDANET_U1 Pin=*_U1-34
Added Pin To Net: NetName=SDANET_U1 Pin=*_U1-37
Added Pin To Net: NetName=SDANET_U1 Pin=*_U2-2
Added Pin To Net: NetName=SDANET_U1 Pin=*_U2-5
Added Pin To Net: NetName=SCLNET_U1 Pin=*_U2-7
Added Pin To Net: NetName=SDANET_U1 Pin=*_U2-8
Added Pin To Net: NetName=SDANET_U1 Pin=*_U2-11
Added Pin To Net: NetName=Net*_U2_12 Pin=*_U2-13
Added Pin To Net: NetName=SDANET_U1 Pin=*_U2-28
Added Pin To Net: NetName=SDANET_U1 Pin=*_U2-31
Added Pin To Net: NetName=SCLNET_U1 Pin=*_U2-32
Added Pin To Net: NetName=SDANET_U1 Pin=*_U2-34
Added Pin To Net: NetName=SDANET_U1 Pin=*_U2-37
Added Pin To Net: NetName=SDANET_U1 Pin=*_U3-2
Added Pin To Net: NetName=SDANET_U1 Pin=*_U3-5
Added Pin To Net: NetName=SCLNET_U1 Pin=*_U3-7
Added Pin To Net: NetName=SDANET_U1 Pin=*_U3-8
Added Pin To Net: NetName=SDANET_U1 Pin=*_U3-11
Added Pin To Net: NetName=Net*_U3_12 Pin=*_U3-13
Added Pin To Net: NetName=SDANET_U1 Pin=*_U3-28
Added Pin To Net: NetName=SDANET_U1 Pin=*_U3-31
Added Pin To Net: NetName=SCLNET_U1 Pin=*_U3-32
Added Pin To Net: NetName=SDANET_U1 Pin=*_U3-34
Added Pin To Net: NetName=SDANET_U1 Pin=*_U3-37
Added Pin To Net: NetName=SDANET_U1 Pin=*_U4-2
Added Pin To Net: NetName=SDANET_U1 Pin=*_U4-5
Added Pin To Net: NetName=SCLNET_U1 Pin=*_U4-7
Added Pin To Net: NetName=SDANET_U1 Pin=*_U4-8
Added Pin To Net: NetName=SDANET_U1 Pin=*_U4-11
Added Pin To Net: NetName=Net*_U4_12 Pin=*_U4-13
Added Pin To Net: NetName=SDANET_U1 Pin=*_U4-28
Added Pin To Net: NetName=SDANET_U1 Pin=*_U4-31
Added Pin To Net: NetName=SCLNET_U1 Pin=*_U4-32
Added Pin To Net: NetName=SDANET_U1 Pin=*_U4-34
Added Pin To Net: NetName=SDANET_U1 Pin=*_U4-37
Added Pin To Net: NetName=SDANET_U1 Pin=*_U5-2
Added Pin To Net: NetName=SDANET_U1 Pin=*_U5-5
Added Pin To Net: NetName=SCLNET_U1 Pin=*_U5-7
Added Pin To Net: NetName=SDANET_U1 Pin=*_U5-8
Added Pin To Net: NetName=SDANET_U1 Pin=*_U5-11
Added Pin To Net: NetName=Net*_U5_12 Pin=*_U5-13
Added Pin To Net: NetName=SDANET_U1 Pin=*_U5-28
Added Pin To Net: NetName=SDANET_U1 Pin=*_U5-31
Added Pin To Net: NetName=SCLNET_U1 Pin=*_U5-32
Added Pin To Net: NetName=SDANET_U1 Pin=*_U5-34
Added Pin To Net: NetName=SDANET_U1 Pin=*_U5-37
Added Pin To Net: NetName=SDANET_U1 Pin=*_U6-2
Added Pin To Net: NetName=SDANET_U1 Pin=*_U6-5
Added Pin To Net: NetName=SCLNET_U1 Pin=*_U6-7
Added Pin To Net: NetName=SDANET_U1 Pin=*_U6-8
Added Pin To Net: NetName=SDANET_U1 Pin=*_U6-11
Added Pin To Net: NetName=Net*_U6_12 Pin=*_U6-13
Added Pin To Net: NetName=SDANET_U1 Pin=*_U6-28
Added Pin To Net: NetName=SDANET_U1 Pin=*_U6-31
Added Pin To Net: NetName=SCLNET_U1 Pin=*_U6-32
Added Pin To Net: NetName=SDANET_U1 Pin=*_U6-34
Added Pin To Net: NetName=SDANET_U1 Pin=*_U6-37
Added Pin To Net: NetName=SDANET_U1 Pin=*_U7-2
Added Pin To Net: NetName=SDANET_U1 Pin=*_U7-5
Added Pin To Net: NetName=SCLNET_U1 Pin=*_U7-7
Added Pin To Net: NetName=SDANET_U1 Pin=*_U7-8
Added Pin To Net: NetName=SDANET_U1 Pin=*_U7-11
Added Pin To Net: NetName=Net*_U7_12 Pin=*_U7-13
Added Pin To Net: NetName=SDANET_U1 Pin=*_U7-28
Added Pin To Net: NetName=SDANET_U1 Pin=*_U7-31
Added Pin To Net: NetName=SCLNET_U1 Pin=*_U7-32
Added Pin To Net: NetName=SDANET_U1 Pin=*_U7-34
Added Pin To Net: NetName=SDANET_U1 Pin=*_U7-37
Added Pin To Net: NetName=SDANET_U1 Pin=*_U8-2
Added Pin To Net: NetName=SDANET_U1 Pin=*_U8-5
Added Pin To Net: NetName=SCLNET_U1 Pin=*_U8-7
Added Pin To Net: NetName=SDANET_U1 Pin=*_U8-8
Added Pin To Net: NetName=SDANET_U1 Pin=*_U8-11
Added Pin To Net: NetName=Net*_U8_12 Pin=*_U8-13
Added Pin To Net: NetName=SDANET_U1 Pin=*_U8-28
Added Pin To Net: NetName=SDANET_U1 Pin=*_U8-31
Added Pin To Net: NetName=SCLNET_U1 Pin=*_U8-32
Added Pin To Net: NetName=SDANET_U1 Pin=*_U8-34
Added Pin To Net: NetName=SDANET_U1 Pin=*_U8-37
Added Pin To Net: NetName=SDANET_U1 Pin=C1_U1-1
Added Pin To Net: NetName=SDANET_U1 Pin=C1_U2-1
Added Pin To Net: NetName=SDANET_U1 Pin=C1_U3-1
Added Pin To Net: NetName=SDANET_U1 Pin=C1_U4-1
Added Pin To Net: NetName=SDANET_U1 Pin=C1_U5-1
Added Pin To Net: NetName=SDANET_U1 Pin=C1_U6-1
Added Pin To Net: NetName=SDANET_U1 Pin=C1_U7-1
Added Pin To Net: NetName=SDANET_U1 Pin=C1_U8-1
Added Pin To Net: NetName=SDANET_U1 Pin=C2_U1-1
Added Pin To Net: NetName=SDANET_U1 Pin=C2_U2-1
Added Pin To Net: NetName=SDANET_U1 Pin=C2_U3-1
Added Pin To Net: NetName=SDANET_U1 Pin=C2_U4-1
Added Pin To Net: NetName=SDANET_U1 Pin=C2_U5-1
Added Pin To Net: NetName=SDANET_U1 Pin=C2_U6-1
Added Pin To Net: NetName=SDANET_U1 Pin=C2_U7-1
Added Pin To Net: NetName=SDANET_U1 Pin=C2_U8-1
Added Pin To Net: NetName=Net*_U1_12 Pin=DB1_U1-1
Added Pin To Net: NetName=Net*_U1_12 Pin=DB1_U1-2
Added Pin To Net: NetName=Net*_U2_12 Pin=DB1_U2-1
Added Pin To Net: NetName=Net*_U2_12 Pin=DB1_U2-2
Added Pin To Net: NetName=Net*_U3_12 Pin=DB1_U3-1
Added Pin To Net: NetName=Net*_U3_12 Pin=DB1_U3-2
Added Pin To Net: NetName=Net*_U4_12 Pin=DB1_U4-1
Added Pin To Net: NetName=Net*_U4_12 Pin=DB1_U4-2
Added Pin To Net: NetName=Net*_U5_12 Pin=DB1_U5-1
Added Pin To Net: NetName=Net*_U5_12 Pin=DB1_U5-2
Added Pin To Net: NetName=Net*_U6_12 Pin=DB1_U6-1
Added Pin To Net: NetName=Net*_U6_12 Pin=DB1_U6-2
Added Pin To Net: NetName=Net*_U7_12 Pin=DB1_U7-1
Added Pin To Net: NetName=Net*_U7_12 Pin=DB1_U7-2
Added Pin To Net: NetName=Net*_U8_12 Pin=DB1_U8-1
Added Pin To Net: NetName=Net*_U8_12 Pin=DB1_U8-2
Added Pin To Net: NetName=Net*_U1_10 Pin=U1_U1-2
Added Pin To Net: NetName=Net*_U1_9 Pin=U1_U1-3
Added Pin To Net: NetName=SDANET_U1 Pin=U1_U1-4
Added Pin To Net: NetName=Net*_U2_10 Pin=U1_U2-2
Added Pin To Net: NetName=Net*_U2_9 Pin=U1_U2-3
Added Pin To Net: NetName=SDANET_U1 Pin=U1_U2-4
Added Pin To Net: NetName=Net*_U3_10 Pin=U1_U3-2
Added Pin To Net: NetName=Net*_U3_9 Pin=U1_U3-3
Added Pin To Net: NetName=SDANET_U1 Pin=U1_U3-4
Added Pin To Net: NetName=Net*_U4_10 Pin=U1_U4-2
Added Pin To Net: NetName=Net*_U4_9 Pin=U1_U4-3
Added Pin To Net: NetName=SDANET_U1 Pin=U1_U4-4
Added Pin To Net: NetName=Net*_U5_10 Pin=U1_U5-2
Added Pin To Net: NetName=Net*_U5_9 Pin=U1_U5-3
Added Pin To Net: NetName=SDANET_U1 Pin=U1_U5-4
Added Pin To Net: NetName=Net*_U6_10 Pin=U1_U6-2
Added Pin To Net: NetName=Net*_U6_9 Pin=U1_U6-3
Added Pin To Net: NetName=SDANET_U1 Pin=U1_U6-4
Added Pin To Net: NetName=Net*_U7_10 Pin=U1_U7-2
Added Pin To Net: NetName=Net*_U7_9 Pin=U1_U7-3
Added Pin To Net: NetName=SDANET_U1 Pin=U1_U7-4
Added Pin To Net: NetName=Net*_U8_10 Pin=U1_U8-2
Added Pin To Net: NetName=Net*_U8_9 Pin=U1_U8-3
Added Pin To Net: NetName=SDANET_U1 Pin=U1_U8-4
Added Pin To Net: NetName=Net*_U1_29 Pin=U2_U1-2
Added Pin To Net: NetName=Net*_U1_30 Pin=U2_U1-3
Added Pin To Net: NetName=SDANET_U1 Pin=U2_U1-4
Added Pin To Net: NetName=Net*_U2_29 Pin=U2_U2-2
Added Pin To Net: NetName=Net*_U2_30 Pin=U2_U2-3
Added Pin To Net: NetName=SDANET_U1 Pin=U2_U2-4
Added Pin To Net: NetName=Net*_U3_29 Pin=U2_U3-2
Added Pin To Net: NetName=Net*_U3_30 Pin=U2_U3-3
Added Pin To Net: NetName=SDANET_U1 Pin=U2_U3-4
Added Pin To Net: NetName=Net*_U4_29 Pin=U2_U4-2
Added Pin To Net: NetName=Net*_U4_30 Pin=U2_U4-3
Added Pin To Net: NetName=SDANET_U1 Pin=U2_U4-4
Added Pin To Net: NetName=Net*_U5_29 Pin=U2_U5-2
Added Pin To Net: NetName=Net*_U5_30 Pin=U2_U5-3
Added Pin To Net: NetName=SDANET_U1 Pin=U2_U5-4
Added Pin To Net: NetName=Net*_U6_29 Pin=U2_U6-2
Added Pin To Net: NetName=Net*_U6_30 Pin=U2_U6-3
Added Pin To Net: NetName=SDANET_U1 Pin=U2_U6-4
Added Pin To Net: NetName=Net*_U7_29 Pin=U2_U7-2
Added Pin To Net: NetName=Net*_U7_30 Pin=U2_U7-3
Added Pin To Net: NetName=SDANET_U1 Pin=U2_U7-4
Added Pin To Net: NetName=Net*_U8_29 Pin=U2_U8-2
Added Pin To Net: NetName=Net*_U8_30 Pin=U2_U8-3
Added Pin To Net: NetName=SDANET_U1 Pin=U2_U8-4
Change Net Name : Old Net Name=GND New Net Name=24V
Change Net Name : Old Net Name=SDANET_U1 New Net Name=GND
Added Pin To Net: NetName=Net*_U1_14 Pin=*_U1-14
Added Pin To Net: NetName=Net*_U1_14 Pin=*_U1-15
Added Pin To Net: NetName=Net*_U1_14 Pin=DB1_U1-6
Added Pin To Net: NetName=Net*_U1_14 Pin=DB1_U1-7
Added Net: Name=Net*_U1_14
Added Pin To Net: NetName=Net*_U1_16 Pin=*_U1-16
Added Pin To Net: NetName=Net*_U1_16 Pin=*_U1-17
Added Pin To Net: NetName=Net*_U1_16 Pin=DB1_U1-8
Added Pin To Net: NetName=Net*_U1_16 Pin=DB1_U1-9
Added Net: Name=Net*_U1_16
Added Pin To Net: NetName=Net*_U1_18 Pin=*_U1-18
Added Pin To Net: NetName=Net*_U1_18 Pin=*_U1-19
Added Pin To Net: NetName=Net*_U1_18 Pin=DB1_U1-4
Added Pin To Net: NetName=Net*_U1_18 Pin=DB1_U1-5
Added Net: Name=Net*_U1_18
Added Pin To Net: NetName=Net*_U1_20 Pin=*_U1-20
Added Pin To Net: NetName=Net*_U1_20 Pin=*_U1-21
Added Pin To Net: NetName=Net*_U1_20 Pin=DB2_U1-1
Added Pin To Net: NetName=Net*_U1_20 Pin=DB2_U1-2
Added Net: Name=Net*_U1_20
Added Pin To Net: NetName=Net*_U1_22 Pin=*_U1-22
Added Pin To Net: NetName=Net*_U1_22 Pin=*_U1-23
Added Pin To Net: NetName=Net*_U1_22 Pin=DB2_U1-6
Added Pin To Net: NetName=Net*_U1_22 Pin=DB2_U1-7
Added Net: Name=Net*_U1_22
Added Pin To Net: NetName=Net*_U1_24 Pin=*_U1-24
Added Pin To Net: NetName=Net*_U1_24 Pin=*_U1-25
Added Pin To Net: NetName=Net*_U1_24 Pin=DB2_U1-8
Added Pin To Net: NetName=Net*_U1_24 Pin=DB2_U1-9
Added Net: Name=Net*_U1_24
Added Pin To Net: NetName=Net*_U1_26 Pin=*_U1-26
Added Pin To Net: NetName=Net*_U1_26 Pin=*_U1-27
Added Pin To Net: NetName=Net*_U1_26 Pin=DB2_U1-4
Added Pin To Net: NetName=Net*_U1_26 Pin=DB2_U1-5
Added Net: Name=Net*_U1_26
Added Pin To Net: NetName=Net*_U2_14 Pin=*_U2-14
Added Pin To Net: NetName=Net*_U2_14 Pin=*_U2-15
Added Pin To Net: NetName=Net*_U2_14 Pin=DB1_U2-6
Added Pin To Net: NetName=Net*_U2_14 Pin=DB1_U2-7
Added Net: Name=Net*_U2_14
Added Pin To Net: NetName=Net*_U2_16 Pin=*_U2-16
Added Pin To Net: NetName=Net*_U2_16 Pin=*_U2-17
Added Pin To Net: NetName=Net*_U2_16 Pin=DB1_U2-8
Added Pin To Net: NetName=Net*_U2_16 Pin=DB1_U2-9
Added Net: Name=Net*_U2_16
Added Pin To Net: NetName=Net*_U2_18 Pin=*_U2-18
Added Pin To Net: NetName=Net*_U2_18 Pin=*_U2-19
Added Pin To Net: NetName=Net*_U2_18 Pin=DB1_U2-4
Added Pin To Net: NetName=Net*_U2_18 Pin=DB1_U2-5
Added Net: Name=Net*_U2_18
Added Pin To Net: NetName=Net*_U2_20 Pin=*_U2-20
Added Pin To Net: NetName=Net*_U2_20 Pin=*_U2-21
Added Pin To Net: NetName=Net*_U2_20 Pin=DB2_U2-1
Added Pin To Net: NetName=Net*_U2_20 Pin=DB2_U2-2
Added Net: Name=Net*_U2_20
Added Pin To Net: NetName=Net*_U2_22 Pin=*_U2-22
Added Pin To Net: NetName=Net*_U2_22 Pin=*_U2-23
Added Pin To Net: NetName=Net*_U2_22 Pin=DB2_U2-6
Added Pin To Net: NetName=Net*_U2_22 Pin=DB2_U2-7
Added Net: Name=Net*_U2_22
Added Pin To Net: NetName=Net*_U2_24 Pin=*_U2-24
Added Pin To Net: NetName=Net*_U2_24 Pin=*_U2-25
Added Pin To Net: NetName=Net*_U2_24 Pin=DB2_U2-8
Added Pin To Net: NetName=Net*_U2_24 Pin=DB2_U2-9
Added Net: Name=Net*_U2_24
Added Pin To Net: NetName=Net*_U2_26 Pin=*_U2-26
Added Pin To Net: NetName=Net*_U2_26 Pin=*_U2-27
Added Pin To Net: NetName=Net*_U2_26 Pin=DB2_U2-4
Added Pin To Net: NetName=Net*_U2_26 Pin=DB2_U2-5
Added Net: Name=Net*_U2_26
Added Pin To Net: NetName=Net*_U3_14 Pin=*_U3-14
Added Pin To Net: NetName=Net*_U3_14 Pin=*_U3-15
Added Pin To Net: NetName=Net*_U3_14 Pin=DB1_U3-6
Added Pin To Net: NetName=Net*_U3_14 Pin=DB1_U3-7
Added Net: Name=Net*_U3_14
Added Pin To Net: NetName=Net*_U3_16 Pin=*_U3-16
Added Pin To Net: NetName=Net*_U3_16 Pin=*_U3-17
Added Pin To Net: NetName=Net*_U3_16 Pin=DB1_U3-8
Added Pin To Net: NetName=Net*_U3_16 Pin=DB1_U3-9
Added Net: Name=Net*_U3_16
Added Pin To Net: NetName=Net*_U3_18 Pin=*_U3-18
Added Pin To Net: NetName=Net*_U3_18 Pin=*_U3-19
Added Pin To Net: NetName=Net*_U3_18 Pin=DB1_U3-4
Added Pin To Net: NetName=Net*_U3_18 Pin=DB1_U3-5
Added Net: Name=Net*_U3_18
Added Pin To Net: NetName=Net*_U3_20 Pin=*_U3-20
Added Pin To Net: NetName=Net*_U3_20 Pin=*_U3-21
Added Pin To Net: NetName=Net*_U3_20 Pin=DB2_U3-1
Added Pin To Net: NetName=Net*_U3_20 Pin=DB2_U3-2
Added Net: Name=Net*_U3_20
Added Pin To Net: NetName=Net*_U3_22 Pin=*_U3-22
Added Pin To Net: NetName=Net*_U3_22 Pin=*_U3-23
Added Pin To Net: NetName=Net*_U3_22 Pin=DB2_U3-6
Added Pin To Net: NetName=Net*_U3_22 Pin=DB2_U3-7
Added Net: Name=Net*_U3_22
Added Pin To Net: NetName=Net*_U3_24 Pin=*_U3-24
Added Pin To Net: NetName=Net*_U3_24 Pin=*_U3-25
Added Pin To Net: NetName=Net*_U3_24 Pin=DB2_U3-8
Added Pin To Net: NetName=Net*_U3_24 Pin=DB2_U3-9
Added Net: Name=Net*_U3_24
Added Pin To Net: NetName=Net*_U3_26 Pin=*_U3-26
Added Pin To Net: NetName=Net*_U3_26 Pin=*_U3-27
Added Pin To Net: NetName=Net*_U3_26 Pin=DB2_U3-4
Added Pin To Net: NetName=Net*_U3_26 Pin=DB2_U3-5
Added Net: Name=Net*_U3_26
Added Pin To Net: NetName=Net*_U4_14 Pin=*_U4-14
Added Pin To Net: NetName=Net*_U4_14 Pin=*_U4-15
Added Pin To Net: NetName=Net*_U4_14 Pin=DB1_U4-6
Added Pin To Net: NetName=Net*_U4_14 Pin=DB1_U4-7
Added Net: Name=Net*_U4_14
Added Pin To Net: NetName=Net*_U4_16 Pin=*_U4-16
Added Pin To Net: NetName=Net*_U4_16 Pin=*_U4-17
Added Pin To Net: NetName=Net*_U4_16 Pin=DB1_U4-8
Added Pin To Net: NetName=Net*_U4_16 Pin=DB1_U4-9
Added Net: Name=Net*_U4_16
Added Pin To Net: NetName=Net*_U4_18 Pin=*_U4-18
Added Pin To Net: NetName=Net*_U4_18 Pin=*_U4-19
Added Pin To Net: NetName=Net*_U4_18 Pin=DB1_U4-4
Added Pin To Net: NetName=Net*_U4_18 Pin=DB1_U4-5
Added Net: Name=Net*_U4_18
Added Pin To Net: NetName=Net*_U4_20 Pin=*_U4-20
Added Pin To Net: NetName=Net*_U4_20 Pin=*_U4-21
Added Pin To Net: NetName=Net*_U4_20 Pin=DB2_U4-1
Added Pin To Net: NetName=Net*_U4_20 Pin=DB2_U4-2
Added Net: Name=Net*_U4_20
Added Pin To Net: NetName=Net*_U4_22 Pin=*_U4-22
Added Pin To Net: NetName=Net*_U4_22 Pin=*_U4-23
Added Pin To Net: NetName=Net*_U4_22 Pin=DB2_U4-6
Added Pin To Net: NetName=Net*_U4_22 Pin=DB2_U4-7
Added Net: Name=Net*_U4_22
Added Pin To Net: NetName=Net*_U4_24 Pin=*_U4-24
Added Pin To Net: NetName=Net*_U4_24 Pin=*_U4-25
Added Pin To Net: NetName=Net*_U4_24 Pin=DB2_U4-8
Added Pin To Net: NetName=Net*_U4_24 Pin=DB2_U4-9
Added Net: Name=Net*_U4_24
Added Pin To Net: NetName=Net*_U4_26 Pin=*_U4-26
Added Pin To Net: NetName=Net*_U4_26 Pin=*_U4-27
Added Pin To Net: NetName=Net*_U4_26 Pin=DB2_U4-4
Added Pin To Net: NetName=Net*_U4_26 Pin=DB2_U4-5
Added Net: Name=Net*_U4_26
Added Pin To Net: NetName=Net*_U5_14 Pin=*_U5-14
Added Pin To Net: NetName=Net*_U5_14 Pin=*_U5-15
Added Pin To Net: NetName=Net*_U5_14 Pin=DB1_U5-6
Added Pin To Net: NetName=Net*_U5_14 Pin=DB1_U5-7
Added Net: Name=Net*_U5_14
Added Pin To Net: NetName=Net*_U5_16 Pin=*_U5-16
Added Pin To Net: NetName=Net*_U5_16 Pin=*_U5-17
Added Pin To Net: NetName=Net*_U5_16 Pin=DB1_U5-8
Added Pin To Net: NetName=Net*_U5_16 Pin=DB1_U5-9
Added Net: Name=Net*_U5_16
Added Pin To Net: NetName=Net*_U5_18 Pin=*_U5-18
Added Pin To Net: NetName=Net*_U5_18 Pin=*_U5-19
Added Pin To Net: NetName=Net*_U5_18 Pin=DB1_U5-4
Added Pin To Net: NetName=Net*_U5_18 Pin=DB1_U5-5
Added Net: Name=Net*_U5_18
Added Pin To Net: NetName=Net*_U5_20 Pin=*_U5-20
Added Pin To Net: NetName=Net*_U5_20 Pin=*_U5-21
Added Pin To Net: NetName=Net*_U5_20 Pin=DB2_U5-1
Added Pin To Net: NetName=Net*_U5_20 Pin=DB2_U5-2
Added Net: Name=Net*_U5_20
Added Pin To Net: NetName=Net*_U5_22 Pin=*_U5-22
Added Pin To Net: NetName=Net*_U5_22 Pin=*_U5-23
Added Pin To Net: NetName=Net*_U5_22 Pin=DB2_U5-6
Added Pin To Net: NetName=Net*_U5_22 Pin=DB2_U5-7
Added Net: Name=Net*_U5_22
Added Pin To Net: NetName=Net*_U5_24 Pin=*_U5-24
Added Pin To Net: NetName=Net*_U5_24 Pin=*_U5-25
Added Pin To Net: NetName=Net*_U5_24 Pin=DB2_U5-8
Added Pin To Net: NetName=Net*_U5_24 Pin=DB2_U5-9
Added Net: Name=Net*_U5_24
Added Pin To Net: NetName=Net*_U5_26 Pin=*_U5-26
Added Pin To Net: NetName=Net*_U5_26 Pin=*_U5-27
Added Pin To Net: NetName=Net*_U5_26 Pin=DB2_U5-4
Added Pin To Net: NetName=Net*_U5_26 Pin=DB2_U5-5
Added Net: Name=Net*_U5_26
Added Pin To Net: NetName=Net*_U6_14 Pin=*_U6-14
Added Pin To Net: NetName=Net*_U6_14 Pin=*_U6-15
Added Pin To Net: NetName=Net*_U6_14 Pin=DB1_U6-6
Added Pin To Net: NetName=Net*_U6_14 Pin=DB1_U6-7
Added Net: Name=Net*_U6_14
Added Pin To Net: NetName=Net*_U6_16 Pin=*_U6-16
Added Pin To Net: NetName=Net*_U6_16 Pin=*_U6-17
Added Pin To Net: NetName=Net*_U6_16 Pin=DB1_U6-8
Added Pin To Net: NetName=Net*_U6_16 Pin=DB1_U6-9
Added Net: Name=Net*_U6_16
Added Pin To Net: NetName=Net*_U6_18 Pin=*_U6-18
Added Pin To Net: NetName=Net*_U6_18 Pin=*_U6-19
Added Pin To Net: NetName=Net*_U6_18 Pin=DB1_U6-4
Added Pin To Net: NetName=Net*_U6_18 Pin=DB1_U6-5
Added Net: Name=Net*_U6_18
Added Pin To Net: NetName=Net*_U6_20 Pin=*_U6-20
Added Pin To Net: NetName=Net*_U6_20 Pin=*_U6-21
Added Pin To Net: NetName=Net*_U6_20 Pin=DB2_U6-1
Added Pin To Net: NetName=Net*_U6_20 Pin=DB2_U6-2
Added Net: Name=Net*_U6_20
Added Pin To Net: NetName=Net*_U6_22 Pin=*_U6-22
Added Pin To Net: NetName=Net*_U6_22 Pin=*_U6-23
Added Pin To Net: NetName=Net*_U6_22 Pin=DB2_U6-6
Added Pin To Net: NetName=Net*_U6_22 Pin=DB2_U6-7
Added Net: Name=Net*_U6_22
Added Pin To Net: NetName=Net*_U6_24 Pin=*_U6-24
Added Pin To Net: NetName=Net*_U6_24 Pin=*_U6-25
Added Pin To Net: NetName=Net*_U6_24 Pin=DB2_U6-8
Added Pin To Net: NetName=Net*_U6_24 Pin=DB2_U6-9
Added Net: Name=Net*_U6_24
Added Pin To Net: NetName=Net*_U6_26 Pin=*_U6-26
Added Pin To Net: NetName=Net*_U6_26 Pin=*_U6-27
Added Pin To Net: NetName=Net*_U6_26 Pin=DB2_U6-4
Added Pin To Net: NetName=Net*_U6_26 Pin=DB2_U6-5
Added Net: Name=Net*_U6_26
Added Pin To Net: NetName=Net*_U7_14 Pin=*_U7-14
Added Pin To Net: NetName=Net*_U7_14 Pin=*_U7-15
Added Pin To Net: NetName=Net*_U7_14 Pin=DB1_U7-6
Added Pin To Net: NetName=Net*_U7_14 Pin=DB1_U7-7
Added Net: Name=Net*_U7_14
Added Pin To Net: NetName=Net*_U7_16 Pin=*_U7-16
Added Pin To Net: NetName=Net*_U7_16 Pin=*_U7-17
Added Pin To Net: NetName=Net*_U7_16 Pin=DB1_U7-8
Added Pin To Net: NetName=Net*_U7_16 Pin=DB1_U7-9
Added Net: Name=Net*_U7_16
Added Pin To Net: NetName=Net*_U7_18 Pin=*_U7-18
Added Pin To Net: NetName=Net*_U7_18 Pin=*_U7-19
Added Pin To Net: NetName=Net*_U7_18 Pin=DB1_U7-4
Added Pin To Net: NetName=Net*_U7_18 Pin=DB1_U7-5
Added Net: Name=Net*_U7_18
Added Pin To Net: NetName=Net*_U7_20 Pin=*_U7-20
Added Pin To Net: NetName=Net*_U7_20 Pin=*_U7-21
Added Pin To Net: NetName=Net*_U7_20 Pin=DB2_U7-1
Added Pin To Net: NetName=Net*_U7_20 Pin=DB2_U7-2
Added Net: Name=Net*_U7_20
Added Pin To Net: NetName=Net*_U7_22 Pin=*_U7-22
Added Pin To Net: NetName=Net*_U7_22 Pin=*_U7-23
Added Pin To Net: NetName=Net*_U7_22 Pin=DB2_U7-6
Added Pin To Net: NetName=Net*_U7_22 Pin=DB2_U7-7
Added Net: Name=Net*_U7_22
Added Pin To Net: NetName=Net*_U7_24 Pin=*_U7-24
Added Pin To Net: NetName=Net*_U7_24 Pin=*_U7-25
Added Pin To Net: NetName=Net*_U7_24 Pin=DB2_U7-8
Added Pin To Net: NetName=Net*_U7_24 Pin=DB2_U7-9
Added Net: Name=Net*_U7_24
Added Pin To Net: NetName=Net*_U7_26 Pin=*_U7-26
Added Pin To Net: NetName=Net*_U7_26 Pin=*_U7-27
Added Pin To Net: NetName=Net*_U7_26 Pin=DB2_U7-4
Added Pin To Net: NetName=Net*_U7_26 Pin=DB2_U7-5
Added Net: Name=Net*_U7_26
Added Pin To Net: NetName=Net*_U8_14 Pin=*_U8-14
Added Pin To Net: NetName=Net*_U8_14 Pin=*_U8-15
Added Pin To Net: NetName=Net*_U8_14 Pin=DB1_U8-6
Added Pin To Net: NetName=Net*_U8_14 Pin=DB1_U8-7
Added Net: Name=Net*_U8_14
Added Pin To Net: NetName=Net*_U8_16 Pin=*_U8-16
Added Pin To Net: NetName=Net*_U8_16 Pin=*_U8-17
Added Pin To Net: NetName=Net*_U8_16 Pin=DB1_U8-8
Added Pin To Net: NetName=Net*_U8_16 Pin=DB1_U8-9
Added Net: Name=Net*_U8_16
Added Pin To Net: NetName=Net*_U8_18 Pin=*_U8-18
Added Pin To Net: NetName=Net*_U8_18 Pin=*_U8-19
Added Pin To Net: NetName=Net*_U8_18 Pin=DB1_U8-4
Added Pin To Net: NetName=Net*_U8_18 Pin=DB1_U8-5
Added Net: Name=Net*_U8_18
Added Pin To Net: NetName=Net*_U8_20 Pin=*_U8-20
Added Pin To Net: NetName=Net*_U8_20 Pin=*_U8-21
Added Pin To Net: NetName=Net*_U8_20 Pin=DB2_U8-1
Added Pin To Net: NetName=Net*_U8_20 Pin=DB2_U8-2
Added Net: Name=Net*_U8_20
Added Pin To Net: NetName=Net*_U8_22 Pin=*_U8-22
Added Pin To Net: NetName=Net*_U8_22 Pin=*_U8-23
Added Pin To Net: NetName=Net*_U8_22 Pin=DB2_U8-6
Added Pin To Net: NetName=Net*_U8_22 Pin=DB2_U8-7
Added Net: Name=Net*_U8_22
Added Pin To Net: NetName=Net*_U8_24 Pin=*_U8-24
Added Pin To Net: NetName=Net*_U8_24 Pin=*_U8-25
Added Pin To Net: NetName=Net*_U8_24 Pin=DB2_U8-8
Added Pin To Net: NetName=Net*_U8_24 Pin=DB2_U8-9
Added Net: Name=Net*_U8_24
Added Pin To Net: NetName=Net*_U8_26 Pin=*_U8-26
Added Pin To Net: NetName=Net*_U8_26 Pin=*_U8-27
Added Pin To Net: NetName=Net*_U8_26 Pin=DB2_U8-4
Added Pin To Net: NetName=Net*_U8_26 Pin=DB2_U8-5
Added Net: Name=Net*_U8_26
Added Pin To Net: NetName=SDANET_U1 Pin=*-4
Added Pin To Net: NetName=SDANET_U1 Pin=*-35
Added Pin To Net: NetName=SDANET_U1 Pin=*_U1-6
Added Pin To Net: NetName=SDANET_U1 Pin=*_U1-33
Added Pin To Net: NetName=SDANET_U1 Pin=*_U2-6
Added Pin To Net: NetName=SDANET_U1 Pin=*_U2-33
Added Pin To Net: NetName=SDANET_U1 Pin=*_U3-6
Added Pin To Net: NetName=SDANET_U1 Pin=*_U3-33
Added Pin To Net: NetName=SDANET_U1 Pin=*_U4-6
Added Pin To Net: NetName=SDANET_U1 Pin=*_U4-33
Added Pin To Net: NetName=SDANET_U1 Pin=*_U5-6
Added Pin To Net: NetName=SDANET_U1 Pin=*_U5-33
Added Pin To Net: NetName=SDANET_U1 Pin=*_U6-6
Added Pin To Net: NetName=SDANET_U1 Pin=*_U6-33
Added Pin To Net: NetName=SDANET_U1 Pin=*_U7-6
Added Pin To Net: NetName=SDANET_U1 Pin=*_U7-33
Added Pin To Net: NetName=SDANET_U1 Pin=*_U8-6
Added Pin To Net: NetName=SDANET_U1 Pin=*_U8-33
Added Net: Name=SDANET_U1
