Removed Pin From Net: NetName=36V Pin=P1-1
Removed Pin From Net: NetName=GND Pin=P1-2
Change component parameters. Clean all parameters for all variants
Change component parameters (AddParameter): Name = "LatestRevisionDate"; Value = "17-Jul-2002"; VariantName = "[No Variations]"
Change component parameters (AddParameter): Name = "LatestRevisionNote"; Value = "Re-released for DXP Platform."; VariantName = "[No Variations]"
Change component parameters (AddParameter): Name = "PartNo"; Value = "8PCV-02-006"; VariantName = "[No Variations]"
Change component parameters (AddParameter): Name = "Publisher"; Value = "Altium Limited"; VariantName = "[No Variations]"
Change component parameters. Clean all parameters for all variants
Change component parameters (AddParameter): Name = "MPN"; Value = "85513-5013"; VariantName = "[No Variations]"
Change component parameters (AddParameter): Name = "PACKAGE"; Value = "RJ45, JACK, 8P8C"; VariantName = "[No Variations]"
Change component parameters (AddParameter): Name = "PartNo"; Value = "85513-5013"; VariantName = "[No Variations]"
Change component parameters (AddParameter): Name = "SUPPLIER"; Value = "MOLEX"; VariantName = "[No Variations]"
Change component parameters. Clean all parameters for all variants
Change component parameters (AddParameter): Name = "MPN"; Value = "85513-5013"; VariantName = "[No Variations]"
Change component parameters (AddParameter): Name = "PACKAGE"; Value = "RJ45, JACK, 8P8C"; VariantName = "[No Variations]"
Change component parameters (AddParameter): Name = "PartNo"; Value = "85513-5013"; VariantName = "[No Variations]"
Change component parameters (AddParameter): Name = "SUPPLIER"; Value = "MOLEX"; VariantName = "[No Variations]"
Change component parameters. Clean all parameters for all variants
Change component parameters (AddParameter): Name = "MPN"; Value = "85513-5013"; VariantName = "[No Variations]"
Change component parameters (AddParameter): Name = "PACKAGE"; Value = "RJ45, JACK, 8P8C"; VariantName = "[No Variations]"
Change component parameters (AddParameter): Name = "PartNo"; Value = "85513-5013"; VariantName = "[No Variations]"
Change component parameters (AddParameter): Name = "SUPPLIER"; Value = "MOLEX"; VariantName = "[No Variations]"
Change component parameters. Clean all parameters for all variants
Change component parameters (AddParameter): Name = "MPN"; Value = "85513-5013"; VariantName = "[No Variations]"
Change component parameters (AddParameter): Name = "PACKAGE"; Value = "RJ45, JACK, 8P8C"; VariantName = "[No Variations]"
Change component parameters (AddParameter): Name = "PartNo"; Value = "85513-5013"; VariantName = "[No Variations]"
Change component parameters (AddParameter): Name = "SUPPLIER"; Value = "MOLEX"; VariantName = "[No Variations]"
Change component parameters. Clean all parameters for all variants
Change component parameters (AddParameter): Name = "MPN"; Value = "85513-5013"; VariantName = "[No Variations]"
Change component parameters (AddParameter): Name = "PACKAGE"; Value = "RJ45, JACK, 8P8C"; VariantName = "[No Variations]"
Change component parameters (AddParameter): Name = "PartNo"; Value = "85513-5013"; VariantName = "[No Variations]"
Change component parameters (AddParameter): Name = "SUPPLIER"; Value = "MOLEX"; VariantName = "[No Variations]"
Change component parameters. Clean all parameters for all variants
Change component parameters (AddParameter): Name = "MPN"; Value = "85513-5013"; VariantName = "[No Variations]"
Change component parameters (AddParameter): Name = "PACKAGE"; Value = "RJ45, JACK, 8P8C"; VariantName = "[No Variations]"
Change component parameters (AddParameter): Name = "PartNo"; Value = "85513-5013"; VariantName = "[No Variations]"
Change component parameters (AddParameter): Name = "SUPPLIER"; Value = "MOLEX"; VariantName = "[No Variations]"
Change component parameters. Clean all parameters for all variants
Change component parameters (AddParameter): Name = "MPN"; Value = "85513-5013"; VariantName = "[No Variations]"
Change component parameters (AddParameter): Name = "PACKAGE"; Value = "RJ45, JACK, 8P8C"; VariantName = "[No Variations]"
Change component parameters (AddParameter): Name = "PartNo"; Value = "85513-5013"; VariantName = "[No Variations]"
Change component parameters (AddParameter): Name = "SUPPLIER"; Value = "MOLEX"; VariantName = "[No Variations]"
Change component parameters. Clean all parameters for all variants
Change component parameters (AddParameter): Name = "MPN"; Value = "85513-5013"; VariantName = "[No Variations]"
Change component parameters (AddParameter): Name = "PACKAGE"; Value = "RJ45, JACK, 8P8C"; VariantName = "[No Variations]"
Change component parameters (AddParameter): Name = "PartNo"; Value = "85513-5013"; VariantName = "[No Variations]"
Change component parameters (AddParameter): Name = "SUPPLIER"; Value = "MOLEX"; VariantName = "[No Variations]"
Change component parameters. Clean all parameters for all variants
Change component parameters (AddParameter): Name = "MPN"; Value = "85513-5013"; VariantName = "[No Variations]"
Change component parameters (AddParameter): Name = "PACKAGE"; Value = "RJ45, JACK, 8P8C"; VariantName = "[No Variations]"
Change component parameters (AddParameter): Name = "PartNo"; Value = "85513-5013"; VariantName = "[No Variations]"
Change component parameters (AddParameter): Name = "SUPPLIER"; Value = "MOLEX"; VariantName = "[No Variations]"
Change component parameters. Clean all parameters for all variants
Change component parameters (AddParameter): Name = "MPN"; Value = "85513-5013"; VariantName = "[No Variations]"
Change component parameters (AddParameter): Name = "PACKAGE"; Value = "RJ45, JACK, 8P8C"; VariantName = "[No Variations]"
Change component parameters (AddParameter): Name = "PartNo"; Value = "85513-5013"; VariantName = "[No Variations]"
Change component parameters (AddParameter): Name = "SUPPLIER"; Value = "MOLEX"; VariantName = "[No Variations]"
Change component parameters. Clean all parameters for all variants
Change component parameters (AddParameter): Name = "MPN"; Value = "85513-5013"; VariantName = "[No Variations]"
Change component parameters (AddParameter): Name = "PACKAGE"; Value = "RJ45, JACK, 8P8C"; VariantName = "[No Variations]"
Change component parameters (AddParameter): Name = "PartNo"; Value = "85513-5013"; VariantName = "[No Variations]"
Change component parameters (AddParameter): Name = "SUPPLIER"; Value = "MOLEX"; VariantName = "[No Variations]"
Change component parameters. Clean all parameters for all variants
Change component parameters (AddParameter): Name = "MPN"; Value = "85513-5013"; VariantName = "[No Variations]"
Change component parameters (AddParameter): Name = "PACKAGE"; Value = "RJ45, JACK, 8P8C"; VariantName = "[No Variations]"
Change component parameters (AddParameter): Name = "PartNo"; Value = "85513-5013"; VariantName = "[No Variations]"
Change component parameters (AddParameter): Name = "SUPPLIER"; Value = "MOLEX"; VariantName = "[No Variations]"
Change component parameters. Clean all parameters for all variants
Change component parameters (AddParameter): Name = "MPN"; Value = "85513-5013"; VariantName = "[No Variations]"
Change component parameters (AddParameter): Name = "PACKAGE"; Value = "RJ45, JACK, 8P8C"; VariantName = "[No Variations]"
Change component parameters (AddParameter): Name = "PartNo"; Value = "85513-5013"; VariantName = "[No Variations]"
Change component parameters (AddParameter): Name = "SUPPLIER"; Value = "MOLEX"; VariantName = "[No Variations]"
Change component parameters. Clean all parameters for all variants
Change component parameters (AddParameter): Name = "MPN"; Value = "85513-5013"; VariantName = "[No Variations]"
Change component parameters (AddParameter): Name = "PACKAGE"; Value = "RJ45, JACK, 8P8C"; VariantName = "[No Variations]"
Change component parameters (AddParameter): Name = "PartNo"; Value = "85513-5013"; VariantName = "[No Variations]"
Change component parameters (AddParameter): Name = "SUPPLIER"; Value = "MOLEX"; VariantName = "[No Variations]"
Change component parameters. Clean all parameters for all variants
Change component parameters (AddParameter): Name = "MPN"; Value = "85513-5013"; VariantName = "[No Variations]"
Change component parameters (AddParameter): Name = "PACKAGE"; Value = "RJ45, JACK, 8P8C"; VariantName = "[No Variations]"
Change component parameters (AddParameter): Name = "PartNo"; Value = "85513-5013"; VariantName = "[No Variations]"
Change component parameters (AddParameter): Name = "SUPPLIER"; Value = "MOLEX"; VariantName = "[No Variations]"
Change component parameters. Clean all parameters for all variants
Change component parameters (AddParameter): Name = "MPN"; Value = "85513-5013"; VariantName = "[No Variations]"
Change component parameters (AddParameter): Name = "PACKAGE"; Value = "RJ45, JACK, 8P8C"; VariantName = "[No Variations]"
Change component parameters (AddParameter): Name = "PartNo"; Value = "85513-5013"; VariantName = "[No Variations]"
Change component parameters (AddParameter): Name = "SUPPLIER"; Value = "MOLEX"; VariantName = "[No Variations]"
Change component parameters. Clean all parameters for all variants
Change component parameters (AddParameter): Name = "DatasheetDocument"; Value = "1-Sep-1999"; VariantName = "[No Variations]"
Change component parameters (AddParameter): Name = "Gender"; Value = "Receptacle"; VariantName = "[No Variations]"
Change component parameters (AddParameter): Name = "LatestRevisionDate"; Value = "17-Jul-2002"; VariantName = "[No Variations]"
Change component parameters (AddParameter): Name = "LatestRevisionNote"; Value = "Re-released for DXP Platform."; VariantName = "[No Variations]"
Change component parameters (AddParameter): Name = "Orientation"; Value = "Right Angle"; VariantName = "[No Variations]"
Change component parameters (AddParameter): Name = "PackageDocument"; Value = "O"; VariantName = "[No Variations]"
Change component parameters (AddParameter): Name = "PackageReference"; Value = "788750"; VariantName = "[No Variations]"
Change component parameters (AddParameter): Name = "PartNo"; Value = "L177TSEH09SOL2RM8"; VariantName = "[No Variations]"
Change component parameters (AddParameter): Name = "Positions"; Value = "9"; VariantName = "[No Variations]"
Change component parameters (AddParameter): Name = "Published"; Value = "15-Jun-2001"; VariantName = "[No Variations]"
Change component parameters (AddParameter): Name = "Publisher"; Value = "Altium Limited"; VariantName = "[No Variations]"
Change component parameters. Clean all parameters for all variants
Change component parameters (AddParameter): Name = "DatasheetDocument"; Value = "1-Sep-1999"; VariantName = "[No Variations]"
Change component parameters (AddParameter): Name = "Gender"; Value = "Receptacle"; VariantName = "[No Variations]"
Change component parameters (AddParameter): Name = "LatestRevisionDate"; Value = "17-Jul-2002"; VariantName = "[No Variations]"
Change component parameters (AddParameter): Name = "LatestRevisionNote"; Value = "Re-released for DXP Platform."; VariantName = "[No Variations]"
Change component parameters (AddParameter): Name = "Orientation"; Value = "Right Angle"; VariantName = "[No Variations]"
Change component parameters (AddParameter): Name = "PackageDocument"; Value = "O"; VariantName = "[No Variations]"
Change component parameters (AddParameter): Name = "PackageReference"; Value = "788750"; VariantName = "[No Variations]"
Change component parameters (AddParameter): Name = "PartNo"; Value = "L177TSEH09SOL2RM8"; VariantName = "[No Variations]"
Change component parameters (AddParameter): Name = "Positions"; Value = "9"; VariantName = "[No Variations]"
Change component parameters (AddParameter): Name = "Published"; Value = "15-Jun-2001"; VariantName = "[No Variations]"
Change component parameters (AddParameter): Name = "Publisher"; Value = "Altium Limited"; VariantName = "[No Variations]"
Change component parameters. Clean all parameters for all variants
Change component parameters (AddParameter): Name = "DatasheetDocument"; Value = "1-Sep-1999"; VariantName = "[No Variations]"
Change component parameters (AddParameter): Name = "Gender"; Value = "Receptacle"; VariantName = "[No Variations]"
Change component parameters (AddParameter): Name = "LatestRevisionDate"; Value = "17-Jul-2002"; VariantName = "[No Variations]"
Change component parameters (AddParameter): Name = "LatestRevisionNote"; Value = "Re-released for DXP Platform."; VariantName = "[No Variations]"
Change component parameters (AddParameter): Name = "Orientation"; Value = "Right Angle"; VariantName = "[No Variations]"
Change component parameters (AddParameter): Name = "PackageDocument"; Value = "O"; VariantName = "[No Variations]"
Change component parameters (AddParameter): Name = "PackageReference"; Value = "788750"; VariantName = "[No Variations]"
Change component parameters (AddParameter): Name = "PartNo"; Value = "L177TSEH09SOL2RM8"; VariantName = "[No Variations]"
Change component parameters (AddParameter): Name = "Positions"; Value = "9"; VariantName = "[No Variations]"
Change component parameters (AddParameter): Name = "Published"; Value = "15-Jun-2001"; VariantName = "[No Variations]"
Change component parameters (AddParameter): Name = "Publisher"; Value = "Altium Limited"; VariantName = "[No Variations]"
Change component parameters. Clean all parameters for all variants
Change component parameters (AddParameter): Name = "DatasheetDocument"; Value = "1-Sep-1999"; VariantName = "[No Variations]"
Change component parameters (AddParameter): Name = "Gender"; Value = "Receptacle"; VariantName = "[No Variations]"
Change component parameters (AddParameter): Name = "LatestRevisionDate"; Value = "17-Jul-2002"; VariantName = "[No Variations]"
Change component parameters (AddParameter): Name = "LatestRevisionNote"; Value = "Re-released for DXP Platform."; VariantName = "[No Variations]"
Change component parameters (AddParameter): Name = "Orientation"; Value = "Right Angle"; VariantName = "[No Variations]"
Change component parameters (AddParameter): Name = "PackageDocument"; Value = "O"; VariantName = "[No Variations]"
Change component parameters (AddParameter): Name = "PackageReference"; Value = "788750"; VariantName = "[No Variations]"
Change component parameters (AddParameter): Name = "PartNo"; Value = "L177TSEH09SOL2RM8"; VariantName = "[No Variations]"
Change component parameters (AddParameter): Name = "Positions"; Value = "9"; VariantName = "[No Variations]"
Change component parameters (AddParameter): Name = "Published"; Value = "15-Jun-2001"; VariantName = "[No Variations]"
Change component parameters (AddParameter): Name = "Publisher"; Value = "Altium Limited"; VariantName = "[No Variations]"
Change component parameters. Clean all parameters for all variants
Change component parameters (AddParameter): Name = "DatasheetDocument"; Value = "1-Sep-1999"; VariantName = "[No Variations]"
Change component parameters (AddParameter): Name = "Gender"; Value = "Receptacle"; VariantName = "[No Variations]"
Change component parameters (AddParameter): Name = "LatestRevisionDate"; Value = "17-Jul-2002"; VariantName = "[No Variations]"
Change component parameters (AddParameter): Name = "LatestRevisionNote"; Value = "Re-released for DXP Platform."; VariantName = "[No Variations]"
Change component parameters (AddParameter): Name = "Orientation"; Value = "Right Angle"; VariantName = "[No Variations]"
Change component parameters (AddParameter): Name = "PackageDocument"; Value = "O"; VariantName = "[No Variations]"
Change component parameters (AddParameter): Name = "PackageReference"; Value = "788750"; VariantName = "[No Variations]"
Change component parameters (AddParameter): Name = "PartNo"; Value = "L177TSEH09SOL2RM8"; VariantName = "[No Variations]"
Change component parameters (AddParameter): Name = "Positions"; Value = "9"; VariantName = "[No Variations]"
Change component parameters (AddParameter): Name = "Published"; Value = "15-Jun-2001"; VariantName = "[No Variations]"
Change component parameters (AddParameter): Name = "Publisher"; Value = "Altium Limited"; VariantName = "[No Variations]"
Change component parameters. Clean all parameters for all variants
Change component parameters (AddParameter): Name = "DatasheetDocument"; Value = "1-Sep-1999"; VariantName = "[No Variations]"
Change component parameters (AddParameter): Name = "Gender"; Value = "Receptacle"; VariantName = "[No Variations]"
Change component parameters (AddParameter): Name = "LatestRevisionDate"; Value = "17-Jul-2002"; VariantName = "[No Variations]"
Change component parameters (AddParameter): Name = "LatestRevisionNote"; Value = "Re-released for DXP Platform."; VariantName = "[No Variations]"
Change component parameters (AddParameter): Name = "Orientation"; Value = "Right Angle"; VariantName = "[No Variations]"
Change component parameters (AddParameter): Name = "PackageDocument"; Value = "O"; VariantName = "[No Variations]"
Change component parameters (AddParameter): Name = "PackageReference"; Value = "788750"; VariantName = "[No Variations]"
Change component parameters (AddParameter): Name = "PartNo"; Value = "L177TSEH09SOL2RM8"; VariantName = "[No Variations]"
Change component parameters (AddParameter): Name = "Positions"; Value = "9"; VariantName = "[No Variations]"
Change component parameters (AddParameter): Name = "Published"; Value = "15-Jun-2001"; VariantName = "[No Variations]"
Change component parameters (AddParameter): Name = "Publisher"; Value = "Altium Limited"; VariantName = "[No Variations]"
Change component parameters. Clean all parameters for all variants
Change component parameters (AddParameter): Name = "DatasheetDocument"; Value = "1-Sep-1999"; VariantName = "[No Variations]"
Change component parameters (AddParameter): Name = "Gender"; Value = "Receptacle"; VariantName = "[No Variations]"
Change component parameters (AddParameter): Name = "LatestRevisionDate"; Value = "17-Jul-2002"; VariantName = "[No Variations]"
Change component parameters (AddParameter): Name = "LatestRevisionNote"; Value = "Re-released for DXP Platform."; VariantName = "[No Variations]"
Change component parameters (AddParameter): Name = "Orientation"; Value = "Right Angle"; VariantName = "[No Variations]"
Change component parameters (AddParameter): Name = "PackageDocument"; Value = "O"; VariantName = "[No Variations]"
Change component parameters (AddParameter): Name = "PackageReference"; Value = "788750"; VariantName = "[No Variations]"
Change component parameters (AddParameter): Name = "PartNo"; Value = "L177TSEH09SOL2RM8"; VariantName = "[No Variations]"
Change component parameters (AddParameter): Name = "Positions"; Value = "9"; VariantName = "[No Variations]"
Change component parameters (AddParameter): Name = "Published"; Value = "15-Jun-2001"; VariantName = "[No Variations]"
Change component parameters (AddParameter): Name = "Publisher"; Value = "Altium Limited"; VariantName = "[No Variations]"
Change component parameters. Clean all parameters for all variants
Change component parameters (AddParameter): Name = "DatasheetDocument"; Value = "1-Sep-1999"; VariantName = "[No Variations]"
Change component parameters (AddParameter): Name = "Gender"; Value = "Receptacle"; VariantName = "[No Variations]"
Change component parameters (AddParameter): Name = "LatestRevisionDate"; Value = "17-Jul-2002"; VariantName = "[No Variations]"
Change component parameters (AddParameter): Name = "LatestRevisionNote"; Value = "Re-released for DXP Platform."; VariantName = "[No Variations]"
Change component parameters (AddParameter): Name = "Orientation"; Value = "Right Angle"; VariantName = "[No Variations]"
Change component parameters (AddParameter): Name = "PackageDocument"; Value = "O"; VariantName = "[No Variations]"
Change component parameters (AddParameter): Name = "PackageReference"; Value = "788750"; VariantName = "[No Variations]"
Change component parameters (AddParameter): Name = "PartNo"; Value = "L177TSEH09SOL2RM8"; VariantName = "[No Variations]"
Change component parameters (AddParameter): Name = "Positions"; Value = "9"; VariantName = "[No Variations]"
Change component parameters (AddParameter): Name = "Published"; Value = "15-Jun-2001"; VariantName = "[No Variations]"
Change component parameters (AddParameter): Name = "Publisher"; Value = "Altium Limited"; VariantName = "[No Variations]"
Change component parameters. Clean all parameters for all variants
Change component parameters (AddParameter): Name = "DatasheetDocument"; Value = "1-Sep-1999"; VariantName = "[No Variations]"
Change component parameters (AddParameter): Name = "Gender"; Value = "Receptacle"; VariantName = "[No Variations]"
Change component parameters (AddParameter): Name = "LatestRevisionDate"; Value = "17-Jul-2002"; VariantName = "[No Variations]"
Change component parameters (AddParameter): Name = "LatestRevisionNote"; Value = "Re-released for DXP Platform."; VariantName = "[No Variations]"
Change component parameters (AddParameter): Name = "Orientation"; Value = "Right Angle"; VariantName = "[No Variations]"
Change component parameters (AddParameter): Name = "PackageDocument"; Value = "O"; VariantName = "[No Variations]"
Change component parameters (AddParameter): Name = "PackageReference"; Value = "788750"; VariantName = "[No Variations]"
Change component parameters (AddParameter): Name = "PartNo"; Value = "L177TSEH09SOL2RM8"; VariantName = "[No Variations]"
Change component parameters (AddParameter): Name = "Positions"; Value = "9"; VariantName = "[No Variations]"
Change component parameters (AddParameter): Name = "Published"; Value = "15-Jun-2001"; VariantName = "[No Variations]"
Change component parameters (AddParameter): Name = "Publisher"; Value = "Altium Limited"; VariantName = "[No Variations]"
Change component parameters. Clean all parameters for all variants
Change component parameters (AddParameter): Name = "DatasheetDocument"; Value = "1-Sep-1999"; VariantName = "[No Variations]"
Change component parameters (AddParameter): Name = "Gender"; Value = "Receptacle"; VariantName = "[No Variations]"
Change component parameters (AddParameter): Name = "LatestRevisionDate"; Value = "17-Jul-2002"; VariantName = "[No Variations]"
Change component parameters (AddParameter): Name = "LatestRevisionNote"; Value = "Re-released for DXP Platform."; VariantName = "[No Variations]"
Change component parameters (AddParameter): Name = "Orientation"; Value = "Right Angle"; VariantName = "[No Variations]"
Change component parameters (AddParameter): Name = "PackageDocument"; Value = "O"; VariantName = "[No Variations]"
Change component parameters (AddParameter): Name = "PackageReference"; Value = "788750"; VariantName = "[No Variations]"
Change component parameters (AddParameter): Name = "PartNo"; Value = "L177TSEH09SOL2RM8"; VariantName = "[No Variations]"
Change component parameters (AddParameter): Name = "Positions"; Value = "9"; VariantName = "[No Variations]"
Change component parameters (AddParameter): Name = "Published"; Value = "15-Jun-2001"; VariantName = "[No Variations]"
Change component parameters (AddParameter): Name = "Publisher"; Value = "Altium Limited"; VariantName = "[No Variations]"
Change component parameters. Clean all parameters for all variants
Change component parameters (AddParameter): Name = "DatasheetDocument"; Value = "1-Sep-1999"; VariantName = "[No Variations]"
Change component parameters (AddParameter): Name = "Gender"; Value = "Receptacle"; VariantName = "[No Variations]"
Change component parameters (AddParameter): Name = "LatestRevisionDate"; Value = "17-Jul-2002"; VariantName = "[No Variations]"
Change component parameters (AddParameter): Name = "LatestRevisionNote"; Value = "Re-released for DXP Platform."; VariantName = "[No Variations]"
Change component parameters (AddParameter): Name = "Orientation"; Value = "Right Angle"; VariantName = "[No Variations]"
Change component parameters (AddParameter): Name = "PackageDocument"; Value = "O"; VariantName = "[No Variations]"
Change component parameters (AddParameter): Name = "PackageReference"; Value = "788750"; VariantName = "[No Variations]"
Change component parameters (AddParameter): Name = "PartNo"; Value = "L177TSEH09SOL2RM8"; VariantName = "[No Variations]"
Change component parameters (AddParameter): Name = "Positions"; Value = "9"; VariantName = "[No Variations]"
Change component parameters (AddParameter): Name = "Published"; Value = "15-Jun-2001"; VariantName = "[No Variations]"
Change component parameters (AddParameter): Name = "Publisher"; Value = "Altium Limited"; VariantName = "[No Variations]"
Change component parameters. Clean all parameters for all variants
Change component parameters (AddParameter): Name = "DatasheetDocument"; Value = "1-Sep-1999"; VariantName = "[No Variations]"
Change component parameters (AddParameter): Name = "Gender"; Value = "Receptacle"; VariantName = "[No Variations]"
Change component parameters (AddParameter): Name = "LatestRevisionDate"; Value = "17-Jul-2002"; VariantName = "[No Variations]"
Change component parameters (AddParameter): Name = "LatestRevisionNote"; Value = "Re-released for DXP Platform."; VariantName = "[No Variations]"
Change component parameters (AddParameter): Name = "Orientation"; Value = "Right Angle"; VariantName = "[No Variations]"
Change component parameters (AddParameter): Name = "PackageDocument"; Value = "O"; VariantName = "[No Variations]"
Change component parameters (AddParameter): Name = "PackageReference"; Value = "788750"; VariantName = "[No Variations]"
Change component parameters (AddParameter): Name = "PartNo"; Value = "L177TSEH09SOL2RM8"; VariantName = "[No Variations]"
Change component parameters (AddParameter): Name = "Positions"; Value = "9"; VariantName = "[No Variations]"
Change component parameters (AddParameter): Name = "Published"; Value = "15-Jun-2001"; VariantName = "[No Variations]"
Change component parameters (AddParameter): Name = "Publisher"; Value = "Altium Limited"; VariantName = "[No Variations]"
Change component parameters. Clean all parameters for all variants
Change component parameters (AddParameter): Name = "DatasheetDocument"; Value = "1-Sep-1999"; VariantName = "[No Variations]"
Change component parameters (AddParameter): Name = "Gender"; Value = "Receptacle"; VariantName = "[No Variations]"
Change component parameters (AddParameter): Name = "LatestRevisionDate"; Value = "17-Jul-2002"; VariantName = "[No Variations]"
Change component parameters (AddParameter): Name = "LatestRevisionNote"; Value = "Re-released for DXP Platform."; VariantName = "[No Variations]"
Change component parameters (AddParameter): Name = "Orientation"; Value = "Right Angle"; VariantName = "[No Variations]"
Change component parameters (AddParameter): Name = "PackageDocument"; Value = "O"; VariantName = "[No Variations]"
Change component parameters (AddParameter): Name = "PackageReference"; Value = "788750"; VariantName = "[No Variations]"
Change component parameters (AddParameter): Name = "PartNo"; Value = "L177TSEH09SOL2RM8"; VariantName = "[No Variations]"
Change component parameters (AddParameter): Name = "Positions"; Value = "9"; VariantName = "[No Variations]"
Change component parameters (AddParameter): Name = "Published"; Value = "15-Jun-2001"; VariantName = "[No Variations]"
Change component parameters (AddParameter): Name = "Publisher"; Value = "Altium Limited"; VariantName = "[No Variations]"
Change component parameters. Clean all parameters for all variants
Change component parameters (AddParameter): Name = "DatasheetDocument"; Value = "1-Sep-1999"; VariantName = "[No Variations]"
Change component parameters (AddParameter): Name = "Gender"; Value = "Receptacle"; VariantName = "[No Variations]"
Change component parameters (AddParameter): Name = "LatestRevisionDate"; Value = "17-Jul-2002"; VariantName = "[No Variations]"
Change component parameters (AddParameter): Name = "LatestRevisionNote"; Value = "Re-released for DXP Platform."; VariantName = "[No Variations]"
Change component parameters (AddParameter): Name = "Orientation"; Value = "Right Angle"; VariantName = "[No Variations]"
Change component parameters (AddParameter): Name = "PackageDocument"; Value = "O"; VariantName = "[No Variations]"
Change component parameters (AddParameter): Name = "PackageReference"; Value = "788750"; VariantName = "[No Variations]"
Change component parameters (AddParameter): Name = "PartNo"; Value = "L177TSEH09SOL2RM8"; VariantName = "[No Variations]"
Change component parameters (AddParameter): Name = "Positions"; Value = "9"; VariantName = "[No Variations]"
Change component parameters (AddParameter): Name = "Published"; Value = "15-Jun-2001"; VariantName = "[No Variations]"
Change component parameters (AddParameter): Name = "Publisher"; Value = "Altium Limited"; VariantName = "[No Variations]"
Change component parameters. Clean all parameters for all variants
Change component parameters (AddParameter): Name = "DatasheetDocument"; Value = "1-Sep-1999"; VariantName = "[No Variations]"
Change component parameters (AddParameter): Name = "Gender"; Value = "Receptacle"; VariantName = "[No Variations]"
Change component parameters (AddParameter): Name = "LatestRevisionDate"; Value = "17-Jul-2002"; VariantName = "[No Variations]"
Change component parameters (AddParameter): Name = "LatestRevisionNote"; Value = "Re-released for DXP Platform."; VariantName = "[No Variations]"
Change component parameters (AddParameter): Name = "Orientation"; Value = "Right Angle"; VariantName = "[No Variations]"
Change component parameters (AddParameter): Name = "PackageDocument"; Value = "O"; VariantName = "[No Variations]"
Change component parameters (AddParameter): Name = "PackageReference"; Value = "788750"; VariantName = "[No Variations]"
Change component parameters (AddParameter): Name = "PartNo"; Value = "L177TSEH09SOL2RM8"; VariantName = "[No Variations]"
Change component parameters (AddParameter): Name = "Positions"; Value = "9"; VariantName = "[No Variations]"
Change component parameters (AddParameter): Name = "Published"; Value = "15-Jun-2001"; VariantName = "[No Variations]"
Change component parameters (AddParameter): Name = "Publisher"; Value = "Altium Limited"; VariantName = "[No Variations]"
Change component parameters. Clean all parameters for all variants
Change component parameters (AddParameter): Name = "DatasheetDocument"; Value = "1-Sep-1999"; VariantName = "[No Variations]"
Change component parameters (AddParameter): Name = "Gender"; Value = "Receptacle"; VariantName = "[No Variations]"
Change component parameters (AddParameter): Name = "LatestRevisionDate"; Value = "17-Jul-2002"; VariantName = "[No Variations]"
Change component parameters (AddParameter): Name = "LatestRevisionNote"; Value = "Re-released for DXP Platform."; VariantName = "[No Variations]"
Change component parameters (AddParameter): Name = "Orientation"; Value = "Right Angle"; VariantName = "[No Variations]"
Change component parameters (AddParameter): Name = "PackageDocument"; Value = "O"; VariantName = "[No Variations]"
Change component parameters (AddParameter): Name = "PackageReference"; Value = "788750"; VariantName = "[No Variations]"
Change component parameters (AddParameter): Name = "PartNo"; Value = "L177TSEH09SOL2RM8"; VariantName = "[No Variations]"
Change component parameters (AddParameter): Name = "Positions"; Value = "9"; VariantName = "[No Variations]"
Change component parameters (AddParameter): Name = "Published"; Value = "15-Jun-2001"; VariantName = "[No Variations]"
Change component parameters (AddParameter): Name = "Publisher"; Value = "Altium Limited"; VariantName = "[No Variations]"
Change component parameters. Clean all parameters for all variants
Change component parameters (AddParameter): Name = "ComponentLink1Description"; Value = "Manufacturer Link"; VariantName = "[No Variations]"
Change component parameters (AddParameter): Name = "ComponentLink1URL"; Value = "http://www.infineon.com/"; VariantName = "[No Variations]"
Change component parameters (AddParameter): Name = "ComponentLink2Description"; Value = "Datasheet"; VariantName = "[No Variations]"
Change component parameters (AddParameter): Name = "ComponentLink2URL"; Value = "http://www.infineon.com/upload/Document/cmc_upload/documents/080/656/bas116series.pdf"; VariantName = "[No Variations]"
Change component parameters (AddParameter): Name = "DatasheetVersion"; Value = "Oct-1999"; VariantName = "[No Variations]"
Change component parameters (AddParameter): Name = "LatestRevisionDate"; Value = "29-May-2009"; VariantName = "[No Variations]"
Change component parameters (AddParameter): Name = "LatestRevisionNote"; Value = "IPC-7351 Footprint Added."; VariantName = "[No Variations]"
Change component parameters (AddParameter): Name = "Note"; Value = "Pin 2 is not connected and not drawn."; VariantName = "[No Variations]"
Change component parameters (AddParameter): Name = "PackageDescription"; Value = "3-Pin SOT-23 Package 0.95 mm Pitch, 2.5 mm Lead Span"; VariantName = "[No Variations]"
Change component parameters (AddParameter): Name = "PackageReference"; Value = "SOT-23"; VariantName = "[No Variations]"
Change component parameters (AddParameter): Name = "PackageVersion"; Value = "Sep-2001"; VariantName = "[No Variations]"
Change component parameters (AddParameter): Name = "PartNo"; Value = "SMBJ36A"; VariantName = "[No Variations]"
Change component parameters (AddParameter): Name = "Published"; Value = "21-Mar-2003"; VariantName = "[No Variations]"
Change component parameters (AddParameter): Name = "Publisher"; Value = "Altium Limited"; VariantName = "[No Variations]"
Added Pin To Net: NetName=GND Pin=P1-1
Added Pin To Net: NetName=36V Pin=P1-2
