Removed Pin From Net: NetName=24V Pin=J1-1
Removed Pin From Net: NetName=ADRS2 Pin=J1-3
Removed Pin From Net: NetName=SCLNET Pin=J1-5
Removed Pin From Net: NetName=ADRS2 Pin=J1-31
Removed Pin From Net: NetName=ADRS2 Pin=J1-33
Removed Pin From Net: NetName=ADRS2 Pin=J1-35
Removed Pin From Net: NetName=ADRS2 Pin=J1-36
Removed Pin From Net: NetName=SCLNET Pin=J1-40
Removed Pin From Net: NetName=SDANET Pin=J1-41
Removed Pin From Net: NetName=ADRS2 Pin=J1-42
Removed Pin From Net: NetName=24V Pin=J1-44
Removed Pin From Net: NetName=24V Pin=J1_controller-1
Removed Pin From Net: NetName=ADRS2 Pin=J1_controller-3
Removed Pin From Net: NetName=SDANET Pin=J1_controller-4
Removed Pin From Net: NetName=SCLNET Pin=J1_controller-5
Removed Pin From Net: NetName=ADRS2 Pin=J1_controller-6
Removed Pin From Net: NetName=ADRS2 Pin=J1_controller-7
Removed Pin From Net: NetName=ADRS2 Pin=J1_controller-8
Removed Pin From Net: NetName=ADRS2 Pin=J1_controller-9
Removed Pin From Net: NetName=ADRS2 Pin=J1_controller-10
Removed Pin From Net: NetName=ADRS2 Pin=J1_controller-11
Removed Pin From Net: NetName=ADRS2 Pin=J1_controller-12
Removed Pin From Net: NetName=ADRS2 Pin=J1_controller-13
Removed Pin From Net: NetName=ADRS2 Pin=J1_controller-14
Removed Pin From Net: NetName=ADRS2 Pin=J1_controller-31
Removed Pin From Net: NetName=ADRS2 Pin=J1_controller-32
Removed Pin From Net: NetName=ADRS2 Pin=J1_controller-33
Removed Pin From Net: NetName=ADRS2 Pin=J1_controller-34
Removed Pin From Net: NetName=ADRS2 Pin=J1_controller-35
Removed Pin From Net: NetName=ADRS2 Pin=J1_controller-36
Removed Pin From Net: NetName=ADRS2 Pin=J1_controller-37
Removed Pin From Net: NetName=ADRS2 Pin=J1_controller-38
Removed Pin From Net: NetName=ADRS2 Pin=J1_controller-39
Removed Pin From Net: NetName=SCLNET Pin=J1_controller-40
Removed Pin From Net: NetName=SDANET Pin=J1_controller-41
Removed Pin From Net: NetName=ADRS2 Pin=J1_controller-42
Removed Pin From Net: NetName=24V Pin=J1_controller-44
Removed Member From Class: ClassName=Backplane Member=J1_controller
Change Component DesignItemId : Designator=J1 Old DesignItemId=44way_edge New DesignItemId=DIN41612_64WAY
Change Component Footprint: Designator=J1 Old Footprint=EDAC_EDGE New Footprint=09 03 164 6919
Change Component Comment : Designator=J1 Old Comment=44way_edge New Comment=DIN41612_64WAY
Added Component: Designator=DB1_U_Connectors1(DSUB1.STRAIGHT)
Added Component: Designator=DB1_U_Connectors2(DSUB1.STRAIGHT)
Added Component: Designator=DB2_U_Connectors1(DSUB1.STRAIGHT)
Added Component: Designator=DB2_U_Connectors2(DSUB1.STRAIGHT)
Added Component: Designator=J1_U_Connectors1(09 03 164 6919)
Added Component: Designator=J1_U_Connectors2(09 03 164 6919)
Added Component: Designator=RJ1_U_Connectors1(RJ45.STRAIGHT)
Added Component: Designator=RJ1_U_Connectors2(RJ45.STRAIGHT)
Added Component: Designator=RJ2_U_Connectors1(RJ45.STRAIGHT)
Added Component: Designator=RJ2_U_Connectors2(RJ45.STRAIGHT)
Added Pin To Net: NetName=ADRS2 Pin=J1-0
Added Pin To Net: NetName=ADRS2 Pin=J1-2
Added Pin To Net: NetName=SCLNET Pin=J1-3
Added Pin To Net: NetName=ADRS2 Pin=J1-5
Added Pin To Net: NetName=ADRS2 Pin=J1-6
Added Pin To Net: NetName=ADRS2 Pin=J1-7
Added Pin To Net: NetName=ADRS2 Pin=J1-8
Added Pin To Net: NetName=ADRS2 Pin=J1-9
Added Pin To Net: NetName=ADRS2 Pin=J1-10
Added Pin To Net: NetName=ADRS2 Pin=J1-11
Added Pin To Net: NetName=ADRS2 Pin=J1-12
Added Pin To Net: NetName=ADRS2 Pin=J1-13
Added Pin To Net: NetName=ADRS2 Pin=J1-15
Added Pin To Net: NetName=ADRS2 Pin=J1-16
Added Pin To Net: NetName=ADRS2 Pin=J1-17
Added Pin To Net: NetName=ADRS2 Pin=J1-18
Added Pin To Net: NetName=ADRS2 Pin=J1-19
Added Pin To Net: NetName=SCLNET Pin=J1-35
Added Pin To Net: NetName=SDANET Pin=J1-36
Added Pin To Net: NetName=ADRS2 Pin=J1-48
Added Pin To Net: NetName=ADRS2 Pin=J1-49
Added Pin To Net: NetName=ADRS2 Pin=J1-50
Added Pin To Net: NetName=ADRS2 Pin=J1-51
Added Pin To Net: NetName=24V Pin=J1_U_Connectors1-0
Added Pin To Net: NetName=ADRS2 Pin=J1_U_Connectors1-2
Added Pin To Net: NetName=SCLNET Pin=J1_U_Connectors1-3
Added Pin To Net: NetName=SDANET Pin=J1_U_Connectors1-4
Added Pin To Net: NetName=ADRS2 Pin=J1_U_Connectors1-5
Added Pin To Net: NetName=ADRS2 Pin=J1_U_Connectors1-6
Added Pin To Net: NetName=ADRS2 Pin=J1_U_Connectors1-7
Added Pin To Net: NetName=ADRS2 Pin=J1_U_Connectors1-8
Added Pin To Net: NetName=ADRS2 Pin=J1_U_Connectors1-10
Added Pin To Net: NetName=ADRS2 Pin=J1_U_Connectors1-12
Added Pin To Net: NetName=ADRS2 Pin=J1_U_Connectors1-13
Added Pin To Net: NetName=ADRS2 Pin=J1_U_Connectors1-14
Added Pin To Net: NetName=ADRS2 Pin=J1_U_Connectors1-15
Added Pin To Net: NetName=ADRS2 Pin=J1_U_Connectors1-16
Added Pin To Net: NetName=ADRS2 Pin=J1_U_Connectors1-17
Added Pin To Net: NetName=ADRS2 Pin=J1_U_Connectors1-18
Added Pin To Net: NetName=ADRS2 Pin=J1_U_Connectors1-19
Added Pin To Net: NetName=24V Pin=J1_U_Connectors1-32
Added Pin To Net: NetName=ADRS2 Pin=J1_U_Connectors1-34
Added Pin To Net: NetName=SCLNET Pin=J1_U_Connectors1-35
Added Pin To Net: NetName=SDANET Pin=J1_U_Connectors1-36
Added Pin To Net: NetName=ADRS2 Pin=J1_U_Connectors1-37
Added Pin To Net: NetName=ADRS2 Pin=J1_U_Connectors1-38
Added Pin To Net: NetName=ADRS2 Pin=J1_U_Connectors1-39
Added Pin To Net: NetName=ADRS2 Pin=J1_U_Connectors1-48
Added Pin To Net: NetName=ADRS2 Pin=J1_U_Connectors1-49
Added Pin To Net: NetName=ADRS2 Pin=J1_U_Connectors1-50
Added Pin To Net: NetName=ADRS2 Pin=J1_U_Connectors1-51
Added Pin To Net: NetName=24V Pin=J1_U_Connectors2-0
Added Pin To Net: NetName=ADRS2 Pin=J1_U_Connectors2-2
Added Pin To Net: NetName=SCLNET Pin=J1_U_Connectors2-3
Added Pin To Net: NetName=SDANET Pin=J1_U_Connectors2-4
Added Pin To Net: NetName=ADRS2 Pin=J1_U_Connectors2-5
Added Pin To Net: NetName=ADRS2 Pin=J1_U_Connectors2-6
Added Pin To Net: NetName=ADRS2 Pin=J1_U_Connectors2-7
Added Pin To Net: NetName=ADRS2 Pin=J1_U_Connectors2-9
Added Pin To Net: NetName=ADRS2 Pin=J1_U_Connectors2-11
Added Pin To Net: NetName=ADRS2 Pin=J1_U_Connectors2-12
Added Pin To Net: NetName=ADRS2 Pin=J1_U_Connectors2-13
Added Pin To Net: NetName=ADRS2 Pin=J1_U_Connectors2-14
Added Pin To Net: NetName=ADRS2 Pin=J1_U_Connectors2-15
Added Pin To Net: NetName=ADRS2 Pin=J1_U_Connectors2-16
Added Pin To Net: NetName=ADRS2 Pin=J1_U_Connectors2-17
Added Pin To Net: NetName=ADRS2 Pin=J1_U_Connectors2-18
Added Pin To Net: NetName=ADRS2 Pin=J1_U_Connectors2-19
Added Pin To Net: NetName=24V Pin=J1_U_Connectors2-32
Added Pin To Net: NetName=ADRS2 Pin=J1_U_Connectors2-34
Added Pin To Net: NetName=SCLNET Pin=J1_U_Connectors2-35
Added Pin To Net: NetName=SDANET Pin=J1_U_Connectors2-36
Added Pin To Net: NetName=ADRS2 Pin=J1_U_Connectors2-37
Added Pin To Net: NetName=ADRS2 Pin=J1_U_Connectors2-38
Added Pin To Net: NetName=ADRS2 Pin=J1_U_Connectors2-39
Added Pin To Net: NetName=ADRS2 Pin=J1_U_Connectors2-48
Added Pin To Net: NetName=ADRS2 Pin=J1_U_Connectors2-49
Added Pin To Net: NetName=ADRS2 Pin=J1_U_Connectors2-50
Added Pin To Net: NetName=ADRS2 Pin=J1_U_Connectors2-51
Change Net Name : Old Net Name=ADRS2 New Net Name=ADRSA2
Added Pin To Net: NetName=ADRSA3 Pin=J1-1
Added Pin To Net: NetName=ADRSA3 Pin=J1-33
Added Pin To Net: NetName=ADRSA3 Pin=J1_U_Connectors1-1
Added Pin To Net: NetName=ADRSA3 Pin=J1_U_Connectors1-9
Added Pin To Net: NetName=ADRSA3 Pin=J1_U_Connectors1-11
Added Pin To Net: NetName=ADRSA3 Pin=J1_U_Connectors1-33
Added Pin To Net: NetName=ADRSA3 Pin=J1_U_Connectors2-1
Added Pin To Net: NetName=ADRSA3 Pin=J1_U_Connectors2-8
Added Pin To Net: NetName=ADRSA3 Pin=J1_U_Connectors2-10
Added Pin To Net: NetName=ADRSA3 Pin=J1_U_Connectors2-33
Added Net: Name=ADRSA3
Added Pin To Net: NetName=NetDB1_U_Connectors1_1 Pin=DB1_U_Connectors1-1
Added Pin To Net: NetName=NetDB1_U_Connectors1_1 Pin=DB1_U_Connectors1-2
Added Pin To Net: NetName=NetDB1_U_Connectors1_1 Pin=J1_U_Connectors1-20
Added Pin To Net: NetName=NetDB1_U_Connectors1_1 Pin=J1_U_Connectors1-21
Added Pin To Net: NetName=NetDB1_U_Connectors1_1 Pin=J1_U_Connectors1-52
Added Pin To Net: NetName=NetDB1_U_Connectors1_1 Pin=J1_U_Connectors1-53
Added Net: Name=NetDB1_U_Connectors1_1
Added Pin To Net: NetName=NetDB1_U_Connectors1_4 Pin=DB1_U_Connectors1-4
Added Pin To Net: NetName=NetDB1_U_Connectors1_4 Pin=DB1_U_Connectors1-5
Added Pin To Net: NetName=NetDB1_U_Connectors1_4 Pin=J1_U_Connectors1-31
Added Pin To Net: NetName=NetDB1_U_Connectors1_4 Pin=J1_U_Connectors1-63
Added Net: Name=NetDB1_U_Connectors1_4
Added Pin To Net: NetName=NetDB1_U_Connectors1_6 Pin=DB1_U_Connectors1-6
Added Pin To Net: NetName=NetDB1_U_Connectors1_6 Pin=DB1_U_Connectors1-7
Added Pin To Net: NetName=NetDB1_U_Connectors1_6 Pin=J1_U_Connectors1-22
Added Pin To Net: NetName=NetDB1_U_Connectors1_6 Pin=J1_U_Connectors1-23
Added Pin To Net: NetName=NetDB1_U_Connectors1_6 Pin=J1_U_Connectors1-54
Added Pin To Net: NetName=NetDB1_U_Connectors1_6 Pin=J1_U_Connectors1-55
Added Net: Name=NetDB1_U_Connectors1_6
Added Pin To Net: NetName=NetDB1_U_Connectors1_8 Pin=DB1_U_Connectors1-8
Added Pin To Net: NetName=NetDB1_U_Connectors1_8 Pin=DB1_U_Connectors1-9
Added Pin To Net: NetName=NetDB1_U_Connectors1_8 Pin=J1_U_Connectors1-30
Added Pin To Net: NetName=NetDB1_U_Connectors1_8 Pin=J1_U_Connectors1-62
Added Net: Name=NetDB1_U_Connectors1_8
Added Pin To Net: NetName=NetDB1_U_Connectors2_1 Pin=DB1_U_Connectors2-1
Added Pin To Net: NetName=NetDB1_U_Connectors2_1 Pin=DB1_U_Connectors2-2
Added Pin To Net: NetName=NetDB1_U_Connectors2_1 Pin=J1_U_Connectors2-20
Added Pin To Net: NetName=NetDB1_U_Connectors2_1 Pin=J1_U_Connectors2-21
Added Pin To Net: NetName=NetDB1_U_Connectors2_1 Pin=J1_U_Connectors2-52
Added Pin To Net: NetName=NetDB1_U_Connectors2_1 Pin=J1_U_Connectors2-53
Added Net: Name=NetDB1_U_Connectors2_1
Added Pin To Net: NetName=NetDB1_U_Connectors2_4 Pin=DB1_U_Connectors2-4
Added Pin To Net: NetName=NetDB1_U_Connectors2_4 Pin=DB1_U_Connectors2-5
Added Pin To Net: NetName=NetDB1_U_Connectors2_4 Pin=J1_U_Connectors2-31
Added Pin To Net: NetName=NetDB1_U_Connectors2_4 Pin=J1_U_Connectors2-63
Added Net: Name=NetDB1_U_Connectors2_4
Added Pin To Net: NetName=NetDB1_U_Connectors2_6 Pin=DB1_U_Connectors2-6
Added Pin To Net: NetName=NetDB1_U_Connectors2_6 Pin=DB1_U_Connectors2-7
Added Pin To Net: NetName=NetDB1_U_Connectors2_6 Pin=J1_U_Connectors2-22
Added Pin To Net: NetName=NetDB1_U_Connectors2_6 Pin=J1_U_Connectors2-23
Added Pin To Net: NetName=NetDB1_U_Connectors2_6 Pin=J1_U_Connectors2-54
Added Pin To Net: NetName=NetDB1_U_Connectors2_6 Pin=J1_U_Connectors2-55
Added Net: Name=NetDB1_U_Connectors2_6
Added Pin To Net: NetName=NetDB1_U_Connectors2_8 Pin=DB1_U_Connectors2-8
Added Pin To Net: NetName=NetDB1_U_Connectors2_8 Pin=DB1_U_Connectors2-9
Added Pin To Net: NetName=NetDB1_U_Connectors2_8 Pin=J1_U_Connectors2-30
Added Pin To Net: NetName=NetDB1_U_Connectors2_8 Pin=J1_U_Connectors2-62
Added Net: Name=NetDB1_U_Connectors2_8
Added Pin To Net: NetName=NetDB2_U_Connectors1_1 Pin=DB2_U_Connectors1-1
Added Pin To Net: NetName=NetDB2_U_Connectors1_1 Pin=DB2_U_Connectors1-2
Added Pin To Net: NetName=NetDB2_U_Connectors1_1 Pin=J1_U_Connectors1-26
Added Pin To Net: NetName=NetDB2_U_Connectors1_1 Pin=J1_U_Connectors1-27
Added Pin To Net: NetName=NetDB2_U_Connectors1_1 Pin=J1_U_Connectors1-58
Added Pin To Net: NetName=NetDB2_U_Connectors1_1 Pin=J1_U_Connectors1-59
Added Net: Name=NetDB2_U_Connectors1_1
Added Pin To Net: NetName=NetDB2_U_Connectors1_4 Pin=DB2_U_Connectors1-4
Added Pin To Net: NetName=NetDB2_U_Connectors1_4 Pin=DB2_U_Connectors1-5
Added Pin To Net: NetName=NetDB2_U_Connectors1_4 Pin=J1_U_Connectors1-25
Added Pin To Net: NetName=NetDB2_U_Connectors1_4 Pin=J1_U_Connectors1-57
Added Net: Name=NetDB2_U_Connectors1_4
Added Pin To Net: NetName=NetDB2_U_Connectors1_6 Pin=DB2_U_Connectors1-6
Added Pin To Net: NetName=NetDB2_U_Connectors1_6 Pin=DB2_U_Connectors1-7
Added Pin To Net: NetName=NetDB2_U_Connectors1_6 Pin=J1_U_Connectors1-28
Added Pin To Net: NetName=NetDB2_U_Connectors1_6 Pin=J1_U_Connectors1-29
Added Pin To Net: NetName=NetDB2_U_Connectors1_6 Pin=J1_U_Connectors1-60
Added Pin To Net: NetName=NetDB2_U_Connectors1_6 Pin=J1_U_Connectors1-61
Added Net: Name=NetDB2_U_Connectors1_6
Added Pin To Net: NetName=NetDB2_U_Connectors1_8 Pin=DB2_U_Connectors1-8
Added Pin To Net: NetName=NetDB2_U_Connectors1_8 Pin=DB2_U_Connectors1-9
Added Pin To Net: NetName=NetDB2_U_Connectors1_8 Pin=J1_U_Connectors1-24
Added Pin To Net: NetName=NetDB2_U_Connectors1_8 Pin=J1_U_Connectors1-56
Added Net: Name=NetDB2_U_Connectors1_8
Added Pin To Net: NetName=NetDB2_U_Connectors2_1 Pin=DB2_U_Connectors2-1
Added Pin To Net: NetName=NetDB2_U_Connectors2_1 Pin=DB2_U_Connectors2-2
Added Pin To Net: NetName=NetDB2_U_Connectors2_1 Pin=J1_U_Connectors2-26
Added Pin To Net: NetName=NetDB2_U_Connectors2_1 Pin=J1_U_Connectors2-27
Added Pin To Net: NetName=NetDB2_U_Connectors2_1 Pin=J1_U_Connectors2-58
Added Pin To Net: NetName=NetDB2_U_Connectors2_1 Pin=J1_U_Connectors2-59
Added Net: Name=NetDB2_U_Connectors2_1
Added Pin To Net: NetName=NetDB2_U_Connectors2_4 Pin=DB2_U_Connectors2-4
Added Pin To Net: NetName=NetDB2_U_Connectors2_4 Pin=DB2_U_Connectors2-5
Added Pin To Net: NetName=NetDB2_U_Connectors2_4 Pin=J1_U_Connectors2-25
Added Pin To Net: NetName=NetDB2_U_Connectors2_4 Pin=J1_U_Connectors2-57
Added Net: Name=NetDB2_U_Connectors2_4
Added Pin To Net: NetName=NetDB2_U_Connectors2_6 Pin=DB2_U_Connectors2-6
Added Pin To Net: NetName=NetDB2_U_Connectors2_6 Pin=DB2_U_Connectors2-7
Added Pin To Net: NetName=NetDB2_U_Connectors2_6 Pin=J1_U_Connectors2-28
Added Pin To Net: NetName=NetDB2_U_Connectors2_6 Pin=J1_U_Connectors2-29
Added Pin To Net: NetName=NetDB2_U_Connectors2_6 Pin=J1_U_Connectors2-60
Added Pin To Net: NetName=NetDB2_U_Connectors2_6 Pin=J1_U_Connectors2-61
Added Net: Name=NetDB2_U_Connectors2_6
Added Pin To Net: NetName=NetDB2_U_Connectors2_8 Pin=DB2_U_Connectors2-8
Added Pin To Net: NetName=NetDB2_U_Connectors2_8 Pin=DB2_U_Connectors2-9
Added Pin To Net: NetName=NetDB2_U_Connectors2_8 Pin=J1_U_Connectors2-24
Added Pin To Net: NetName=NetDB2_U_Connectors2_8 Pin=J1_U_Connectors2-56
Added Net: Name=NetDB2_U_Connectors2_8
Added Pin To Net: NetName=NetJ1_U_Connectors1_40 Pin=J1_U_Connectors1-40
Added Pin To Net: NetName=NetJ1_U_Connectors1_40 Pin=RJ2_U_Connectors1-3
Added Net: Name=NetJ1_U_Connectors1_40
Added Pin To Net: NetName=NetJ1_U_Connectors1_41 Pin=J1_U_Connectors1-41
Added Pin To Net: NetName=NetJ1_U_Connectors1_41 Pin=RJ2_U_Connectors1-6
Added Net: Name=NetJ1_U_Connectors1_41
Added Pin To Net: NetName=NetJ1_U_Connectors1_42 Pin=J1_U_Connectors1-42
Added Pin To Net: NetName=NetJ1_U_Connectors1_42 Pin=RJ2_U_Connectors1-1
Added Net: Name=NetJ1_U_Connectors1_42
Added Pin To Net: NetName=NetJ1_U_Connectors1_43 Pin=J1_U_Connectors1-43
Added Pin To Net: NetName=NetJ1_U_Connectors1_43 Pin=RJ2_U_Connectors1-2
Added Net: Name=NetJ1_U_Connectors1_43
Added Pin To Net: NetName=NetJ1_U_Connectors1_44 Pin=J1_U_Connectors1-44
Added Pin To Net: NetName=NetJ1_U_Connectors1_44 Pin=RJ1_U_Connectors1-3
Added Net: Name=NetJ1_U_Connectors1_44
Added Pin To Net: NetName=NetJ1_U_Connectors1_45 Pin=J1_U_Connectors1-45
Added Pin To Net: NetName=NetJ1_U_Connectors1_45 Pin=RJ1_U_Connectors1-6
Added Net: Name=NetJ1_U_Connectors1_45
Added Pin To Net: NetName=NetJ1_U_Connectors1_46 Pin=J1_U_Connectors1-46
Added Pin To Net: NetName=NetJ1_U_Connectors1_46 Pin=RJ1_U_Connectors1-1
Added Net: Name=NetJ1_U_Connectors1_46
Added Pin To Net: NetName=NetJ1_U_Connectors1_47 Pin=J1_U_Connectors1-47
Added Pin To Net: NetName=NetJ1_U_Connectors1_47 Pin=RJ1_U_Connectors1-2
Added Net: Name=NetJ1_U_Connectors1_47
Added Pin To Net: NetName=NetJ1_U_Connectors2_40 Pin=J1_U_Connectors2-40
Added Pin To Net: NetName=NetJ1_U_Connectors2_40 Pin=RJ2_U_Connectors2-3
Added Net: Name=NetJ1_U_Connectors2_40
Added Pin To Net: NetName=NetJ1_U_Connectors2_41 Pin=J1_U_Connectors2-41
Added Pin To Net: NetName=NetJ1_U_Connectors2_41 Pin=RJ2_U_Connectors2-6
Added Net: Name=NetJ1_U_Connectors2_41
Added Pin To Net: NetName=NetJ1_U_Connectors2_42 Pin=J1_U_Connectors2-42
Added Pin To Net: NetName=NetJ1_U_Connectors2_42 Pin=RJ2_U_Connectors2-1
Added Net: Name=NetJ1_U_Connectors2_42
Added Pin To Net: NetName=NetJ1_U_Connectors2_43 Pin=J1_U_Connectors2-43
Added Pin To Net: NetName=NetJ1_U_Connectors2_43 Pin=RJ2_U_Connectors2-2
Added Net: Name=NetJ1_U_Connectors2_43
Added Pin To Net: NetName=NetJ1_U_Connectors2_44 Pin=J1_U_Connectors2-44
Added Pin To Net: NetName=NetJ1_U_Connectors2_44 Pin=RJ1_U_Connectors2-3
Added Net: Name=NetJ1_U_Connectors2_44
Added Pin To Net: NetName=NetJ1_U_Connectors2_45 Pin=J1_U_Connectors2-45
Added Pin To Net: NetName=NetJ1_U_Connectors2_45 Pin=RJ1_U_Connectors2-6
Added Net: Name=NetJ1_U_Connectors2_45
Added Pin To Net: NetName=NetJ1_U_Connectors2_46 Pin=J1_U_Connectors2-46
Added Pin To Net: NetName=NetJ1_U_Connectors2_46 Pin=RJ1_U_Connectors2-1
Added Net: Name=NetJ1_U_Connectors2_46
Added Pin To Net: NetName=NetJ1_U_Connectors2_47 Pin=J1_U_Connectors2-47
Added Pin To Net: NetName=NetJ1_U_Connectors2_47 Pin=RJ1_U_Connectors2-2
Added Net: Name=NetJ1_U_Connectors2_47
Added Class: Name=U_Connectors1
Added Class: Name=U_Connectors2
Added Class: Name=Connectors
Added Member To Class: ClassName=Backplane Member=Component J1 DIN41612_64WAY
Added Room: Name=Backplane
Added Room: Name=U_Connectors1
Added Room: Name=U_Connectors2
