Change Component Designator: Old Designator=DB1A New Designator=DB?
Change Component Designator: Old Designator=DB1B New Designator=DB?
Change Component Designator: Old Designator=DB2A New Designator=DB?
Change Component Designator: Old Designator=DB2B New Designator=DB?
Change Component Designator: Old Designator=DB3A New Designator=DB?
Change Component Designator: Old Designator=DB3B New Designator=DB?
Change Component Designator: Old Designator=DB4A New Designator=DB?
Change Component Designator: Old Designator=DB4B New Designator=DB?
Change Component Designator: Old Designator=DB5A New Designator=DB?
Change Component Designator: Old Designator=DB5B New Designator=DB?
Change Component Designator: Old Designator=DB6A New Designator=DB?
Change Component Designator: Old Designator=DB6B New Designator=DB?
Change Component Designator: Old Designator=DB7A New Designator=DB?
Change Component Designator: Old Designator=DB7B New Designator=DB?
Change Component Designator: Old Designator=DB8A New Designator=DB?
Change Component Designator: Old Designator=DB8B New Designator=DB?
Change Component Designator: Old Designator=J1A New Designator=J?
Change Component Designator: Old Designator=J1B New Designator=J?
Change Component Designator: Old Designator=J2A New Designator=J?
Change Component Designator: Old Designator=J2B New Designator=J?
Change Component Designator: Old Designator=J3A New Designator=J?
Change Component Designator: Old Designator=J3B New Designator=J?
Change Component Designator: Old Designator=J4A New Designator=J?
Change Component Designator: Old Designator=J4B New Designator=J?
Change Component Designator: Old Designator=J5A New Designator=J?
Change Component Designator: Old Designator=J5B New Designator=J?
Change Component Designator: Old Designator=J6A New Designator=J?
Change Component Designator: Old Designator=J6B New Designator=J?
Change Component Designator: Old Designator=J7A New Designator=J?
Change Component Designator: Old Designator=J7B New Designator=J?
Change Component Designator: Old Designator=J8A New Designator=J?
Change Component Designator: Old Designator=J8B New Designator=J?
Change Component Designator: Old Designator=J9 New Designator=J?
