Change Component Designator: OldDesignator=C1 NewDesignator=C1_U1
Change Component Designator: OldDesignator=C1_1 NewDesignator=C1_U2
Change Component Designator: OldDesignator=C1_1_1 NewDesignator=C1_U3
Change Component Designator: OldDesignator=C1_1_2 NewDesignator=C1_U4
Change Component Designator: OldDesignator=C1_1_3 NewDesignator=C1_U5
Change Component Designator: OldDesignator=C1_2 NewDesignator=C1_U6
Change Component Designator: OldDesignator=C1_3 NewDesignator=C1_U7
Change Component Designator: OldDesignator=C1_4 NewDesignator=C1_U8
Change Component Designator: OldDesignator=C2 NewDesignator=C2_U1
Change Component Designator: OldDesignator=C2_1 NewDesignator=C2_U2
Change Component Designator: OldDesignator=C2_1_1 NewDesignator=C2_U3
Change Component Designator: OldDesignator=C2_1_2 NewDesignator=C2_U4
Change Component Designator: OldDesignator=C2_1_3 NewDesignator=C2_U5
Change Component Designator: OldDesignator=C2_2 NewDesignator=C2_U6
Change Component Designator: OldDesignator=C2_3 NewDesignator=C2_U7
Change Component Designator: OldDesignator=C2_4 NewDesignator=C2_U8
Change Component Designator: OldDesignator=DB1 NewDesignator=DB1_U1
Change Component Designator: OldDesignator=DB1_1 NewDesignator=DB1_U2
Change Component Designator: OldDesignator=DB1_1_1 NewDesignator=DB1_U3
Change Component Designator: OldDesignator=DB1_1_2 NewDesignator=DB1_U4
Change Component Designator: OldDesignator=DB1_1_3 NewDesignator=DB1_U5
Change Component Designator: OldDesignator=DB1_2 NewDesignator=DB1_U6
Change Component Designator: OldDesignator=DB1_3 NewDesignator=DB1_U7
Change Component Designator: OldDesignator=DB1_4 NewDesignator=DB1_U8
Change Component Designator: OldDesignator=DB2 NewDesignator=DB2_U1
Change Component Designator: OldDesignator=DB2_1 NewDesignator=DB2_U2
Change Component Designator: OldDesignator=DB2_1_1 NewDesignator=DB2_U3
Change Component Designator: OldDesignator=DB2_1_2 NewDesignator=DB2_U4
Change Component Designator: OldDesignator=DB2_1_3 NewDesignator=DB2_U5
Change Component Designator: OldDesignator=DB2_2 NewDesignator=DB2_U6
Change Component Designator: OldDesignator=DB2_3 NewDesignator=DB2_U7
Change Component Designator: OldDesignator=DB2_4 NewDesignator=DB2_U8
Change Component Designator: OldDesignator=J1 NewDesignator=J1_U1
Change Component Designator: OldDesignator=J1_1 NewDesignator=J1_U2
Change Component Designator: OldDesignator=J1_1_1 NewDesignator=J1_U3
Change Component Designator: OldDesignator=J1_1_2 NewDesignator=J1_U4
Change Component Designator: OldDesignator=J1_1_3 NewDesignator=J1_U5
Change Component Designator: OldDesignator=J1_2 NewDesignator=J1_U6
Change Component Designator: OldDesignator=J1_3 NewDesignator=J1_U7
Change Component Designator: OldDesignator=J1_4 NewDesignator=J1_U8
Change Component Designator: OldDesignator=R1 NewDesignator=R1_U1
Change Component Designator: OldDesignator=R1_1 NewDesignator=R1_U2
Change Component Designator: OldDesignator=R1_1_1 NewDesignator=R1_U3
Change Component Designator: OldDesignator=R1_1_2 NewDesignator=R1_U4
Change Component Designator: OldDesignator=R1_1_3 NewDesignator=R1_U5
Change Component Designator: OldDesignator=R1_2 NewDesignator=R1_U6
Change Component Designator: OldDesignator=R1_3 NewDesignator=R1_U7
Change Component Designator: OldDesignator=R1_4 NewDesignator=R1_U8
Change Component Designator: OldDesignator=R2 NewDesignator=R2_U1
Change Component Designator: OldDesignator=R2_1 NewDesignator=R2_U2
Change Component Designator: OldDesignator=R2_1_1 NewDesignator=R2_U3
Change Component Designator: OldDesignator=R2_1_2 NewDesignator=R2_U4
Change Component Designator: OldDesignator=R2_1_3 NewDesignator=R2_U5
Change Component Designator: OldDesignator=R2_2 NewDesignator=R2_U6
Change Component Designator: OldDesignator=R2_3 NewDesignator=R2_U7
Change Component Designator: OldDesignator=R2_4 NewDesignator=R2_U8
Change Component Designator: OldDesignator=RJ1 NewDesignator=RJ1_U1
Change Component Designator: OldDesignator=RJ1_1 NewDesignator=RJ1_U2
Change Component Designator: OldDesignator=RJ1_1_1 NewDesignator=RJ1_U3
Change Component Designator: OldDesignator=RJ1_1_2 NewDesignator=RJ1_U4
Change Component Designator: OldDesignator=RJ1_1_3 NewDesignator=RJ1_U5
Change Component Designator: OldDesignator=RJ1_2 NewDesignator=RJ1_U6
Change Component Designator: OldDesignator=RJ1_3 NewDesignator=RJ1_U7
Change Component Designator: OldDesignator=RJ1_4 NewDesignator=RJ1_U8
Change Component Designator: OldDesignator=RJ2 NewDesignator=RJ2_U1
Change Component Designator: OldDesignator=RJ2_1 NewDesignator=RJ2_U2
Change Component Designator: OldDesignator=RJ2_1_1 NewDesignator=RJ2_U3
Change Component Designator: OldDesignator=RJ2_1_2 NewDesignator=RJ2_U4
Change Component Designator: OldDesignator=RJ2_1_3 NewDesignator=RJ2_U5
Change Component Designator: OldDesignator=RJ2_2 NewDesignator=RJ2_U6
Change Component Designator: OldDesignator=RJ2_3 NewDesignator=RJ2_U7
Change Component Designator: OldDesignator=RJ2_4 NewDesignator=RJ2_U8
Change Component Designator: OldDesignator=U1 NewDesignator=U1_U1
Change Component Designator: OldDesignator=U1_1 NewDesignator=U1_U2
Change Component Designator: OldDesignator=U1_1_1 NewDesignator=U1_U3
Change Component Designator: OldDesignator=U1_1_2 NewDesignator=U1_U4
Change Component Designator: OldDesignator=U1_1_3 NewDesignator=U1_U5
Change Component Designator: OldDesignator=U1_2 NewDesignator=U1_U6
Change Component Designator: OldDesignator=U1_3 NewDesignator=U1_U7
Change Component Designator: OldDesignator=U1_4 NewDesignator=U1_U8
Change Component Designator: OldDesignator=U2 NewDesignator=U2_U1
Change Component Designator: OldDesignator=U2_1 NewDesignator=U2_U2
Change Component Designator: OldDesignator=U2_1_1 NewDesignator=U2_U3
Change Component Designator: OldDesignator=U2_1_2 NewDesignator=U2_U4
Change Component Designator: OldDesignator=U2_1_3 NewDesignator=U2_U5
Change Component Designator: OldDesignator=U2_2 NewDesignator=U2_U6
Change Component Designator: OldDesignator=U2_3 NewDesignator=U2_U7
Change Component Designator: OldDesignator=U2_4 NewDesignator=U2_U8
Added Pin To Net: NetName=GND Pin=C1_U2-1
Added Pin To Net: NetName=+5V Pin=C1_U2-2
Added Pin To Net: NetName=GND Pin=C1_U3-1
Added Pin To Net: NetName=+5V Pin=C1_U3-2
Added Pin To Net: NetName=GND Pin=C1_U4-1
Added Pin To Net: NetName=+5V Pin=C1_U4-2
Added Pin To Net: NetName=GND Pin=C1_U5-1
Added Pin To Net: NetName=+5V Pin=C1_U5-2
Added Pin To Net: NetName=GND Pin=C1_U6-1
Added Pin To Net: NetName=+5V Pin=C1_U6-2
Added Pin To Net: NetName=GND Pin=C1_U7-1
Added Pin To Net: NetName=+5V Pin=C1_U7-2
Added Pin To Net: NetName=GND Pin=C1_U8-1
Added Pin To Net: NetName=+5V Pin=C1_U8-2
Added Pin To Net: NetName=GND Pin=C2_U2-1
Added Pin To Net: NetName=+5V Pin=C2_U2-2
Added Pin To Net: NetName=GND Pin=C2_U3-1
Added Pin To Net: NetName=+5V Pin=C2_U3-2
Added Pin To Net: NetName=GND Pin=C2_U4-1
Added Pin To Net: NetName=+5V Pin=C2_U4-2
Added Pin To Net: NetName=GND Pin=C2_U5-1
Added Pin To Net: NetName=+5V Pin=C2_U5-2
Added Pin To Net: NetName=GND Pin=C2_U6-1
Added Pin To Net: NetName=+5V Pin=C2_U6-2
Added Pin To Net: NetName=GND Pin=C2_U7-1
Added Pin To Net: NetName=+5V Pin=C2_U7-2
Added Pin To Net: NetName=GND Pin=C2_U8-1
Added Pin To Net: NetName=+5V Pin=C2_U8-2
Added Pin To Net: NetName=+5V Pin=J1_U2-1
Added Pin To Net: NetName=GND Pin=J1_U2-2
Added Pin To Net: NetName=24V Pin=J1_U2-3
Added Pin To Net: NetName=GND Pin=J1_U2-4
Added Pin To Net: NetName=GND Pin=J1_U2-5
Added Pin To Net: NetName=SDANET Pin=J1_U2-6
Added Pin To Net: NetName=SCLNET Pin=J1_U2-7
Added Pin To Net: NetName=GND Pin=J1_U2-8
Added Pin To Net: NetName=GND Pin=J1_U2-11
Added Pin To Net: NetName=GND Pin=J1_U2-28
Added Pin To Net: NetName=GND Pin=J1_U2-31
Added Pin To Net: NetName=SCLNET Pin=J1_U2-32
Added Pin To Net: NetName=SDANET Pin=J1_U2-33
Added Pin To Net: NetName=GND Pin=J1_U2-34
Added Pin To Net: NetName=GND Pin=J1_U2-35
Added Pin To Net: NetName=24V Pin=J1_U2-36
Added Pin To Net: NetName=GND Pin=J1_U2-37
Added Pin To Net: NetName=+5V Pin=J1_U2-38
Added Pin To Net: NetName=+5V Pin=J1_U3-1
Added Pin To Net: NetName=GND Pin=J1_U3-2
Added Pin To Net: NetName=24V Pin=J1_U3-3
Added Pin To Net: NetName=GND Pin=J1_U3-4
Added Pin To Net: NetName=GND Pin=J1_U3-5
Added Pin To Net: NetName=SDANET Pin=J1_U3-6
Added Pin To Net: NetName=SCLNET Pin=J1_U3-7
Added Pin To Net: NetName=GND Pin=J1_U3-8
Added Pin To Net: NetName=GND Pin=J1_U3-11
Added Pin To Net: NetName=GND Pin=J1_U3-28
Added Pin To Net: NetName=GND Pin=J1_U3-31
Added Pin To Net: NetName=SCLNET Pin=J1_U3-32
Added Pin To Net: NetName=SDANET Pin=J1_U3-33
Added Pin To Net: NetName=GND Pin=J1_U3-34
Added Pin To Net: NetName=GND Pin=J1_U3-35
Added Pin To Net: NetName=24V Pin=J1_U3-36
Added Pin To Net: NetName=GND Pin=J1_U3-37
Added Pin To Net: NetName=+5V Pin=J1_U3-38
Added Pin To Net: NetName=+5V Pin=J1_U4-1
Added Pin To Net: NetName=GND Pin=J1_U4-2
Added Pin To Net: NetName=24V Pin=J1_U4-3
Added Pin To Net: NetName=GND Pin=J1_U4-4
Added Pin To Net: NetName=GND Pin=J1_U4-5
Added Pin To Net: NetName=SDANET Pin=J1_U4-6
Added Pin To Net: NetName=SCLNET Pin=J1_U4-7
Added Pin To Net: NetName=GND Pin=J1_U4-8
Added Pin To Net: NetName=GND Pin=J1_U4-11
Added Pin To Net: NetName=GND Pin=J1_U4-28
Added Pin To Net: NetName=GND Pin=J1_U4-31
Added Pin To Net: NetName=SCLNET Pin=J1_U4-32
Added Pin To Net: NetName=SDANET Pin=J1_U4-33
Added Pin To Net: NetName=GND Pin=J1_U4-34
Added Pin To Net: NetName=GND Pin=J1_U4-35
Added Pin To Net: NetName=24V Pin=J1_U4-36
Added Pin To Net: NetName=GND Pin=J1_U4-37
Added Pin To Net: NetName=+5V Pin=J1_U4-38
Added Pin To Net: NetName=+5V Pin=J1_U5-1
Added Pin To Net: NetName=GND Pin=J1_U5-2
Added Pin To Net: NetName=24V Pin=J1_U5-3
Added Pin To Net: NetName=GND Pin=J1_U5-4
Added Pin To Net: NetName=GND Pin=J1_U5-5
Added Pin To Net: NetName=SDANET Pin=J1_U5-6
Added Pin To Net: NetName=SCLNET Pin=J1_U5-7
Added Pin To Net: NetName=GND Pin=J1_U5-8
Added Pin To Net: NetName=GND Pin=J1_U5-11
Added Pin To Net: NetName=GND Pin=J1_U5-28
Added Pin To Net: NetName=GND Pin=J1_U5-31
Added Pin To Net: NetName=SCLNET Pin=J1_U5-32
Added Pin To Net: NetName=SDANET Pin=J1_U5-33
Added Pin To Net: NetName=GND Pin=J1_U5-34
Added Pin To Net: NetName=GND Pin=J1_U5-35
Added Pin To Net: NetName=24V Pin=J1_U5-36
Added Pin To Net: NetName=GND Pin=J1_U5-37
Added Pin To Net: NetName=+5V Pin=J1_U5-38
Added Pin To Net: NetName=+5V Pin=J1_U6-1
Added Pin To Net: NetName=GND Pin=J1_U6-2
Added Pin To Net: NetName=24V Pin=J1_U6-3
Added Pin To Net: NetName=GND Pin=J1_U6-4
Added Pin To Net: NetName=GND Pin=J1_U6-5
Added Pin To Net: NetName=SDANET Pin=J1_U6-6
Added Pin To Net: NetName=SCLNET Pin=J1_U6-7
Added Pin To Net: NetName=GND Pin=J1_U6-8
Added Pin To Net: NetName=GND Pin=J1_U6-11
Added Pin To Net: NetName=GND Pin=J1_U6-28
Added Pin To Net: NetName=GND Pin=J1_U6-31
Added Pin To Net: NetName=SCLNET Pin=J1_U6-32
Added Pin To Net: NetName=SDANET Pin=J1_U6-33
Added Pin To Net: NetName=GND Pin=J1_U6-34
Added Pin To Net: NetName=GND Pin=J1_U6-35
Added Pin To Net: NetName=24V Pin=J1_U6-36
Added Pin To Net: NetName=GND Pin=J1_U6-37
Added Pin To Net: NetName=+5V Pin=J1_U6-38
Added Pin To Net: NetName=+5V Pin=J1_U7-1
Added Pin To Net: NetName=GND Pin=J1_U7-2
Added Pin To Net: NetName=24V Pin=J1_U7-3
Added Pin To Net: NetName=GND Pin=J1_U7-4
Added Pin To Net: NetName=GND Pin=J1_U7-5
Added Pin To Net: NetName=SDANET Pin=J1_U7-6
Added Pin To Net: NetName=SCLNET Pin=J1_U7-7
Added Pin To Net: NetName=GND Pin=J1_U7-8
Added Pin To Net: NetName=GND Pin=J1_U7-11
Added Pin To Net: NetName=GND Pin=J1_U7-28
Added Pin To Net: NetName=GND Pin=J1_U7-31
Added Pin To Net: NetName=SCLNET Pin=J1_U7-32
Added Pin To Net: NetName=SDANET Pin=J1_U7-33
Added Pin To Net: NetName=GND Pin=J1_U7-34
Added Pin To Net: NetName=GND Pin=J1_U7-35
Added Pin To Net: NetName=24V Pin=J1_U7-36
Added Pin To Net: NetName=GND Pin=J1_U7-37
Added Pin To Net: NetName=+5V Pin=J1_U7-38
Added Pin To Net: NetName=+5V Pin=J1_U8-1
Added Pin To Net: NetName=GND Pin=J1_U8-2
Added Pin To Net: NetName=24V Pin=J1_U8-3
Added Pin To Net: NetName=GND Pin=J1_U8-4
Added Pin To Net: NetName=GND Pin=J1_U8-5
Added Pin To Net: NetName=SDANET Pin=J1_U8-6
Added Pin To Net: NetName=SCLNET Pin=J1_U8-7
Added Pin To Net: NetName=GND Pin=J1_U8-8
Added Pin To Net: NetName=GND Pin=J1_U8-11
Added Pin To Net: NetName=GND Pin=J1_U8-28
Added Pin To Net: NetName=GND Pin=J1_U8-31
Added Pin To Net: NetName=SCLNET Pin=J1_U8-32
Added Pin To Net: NetName=SDANET Pin=J1_U8-33
Added Pin To Net: NetName=GND Pin=J1_U8-34
Added Pin To Net: NetName=GND Pin=J1_U8-35
Added Pin To Net: NetName=24V Pin=J1_U8-36
Added Pin To Net: NetName=GND Pin=J1_U8-37
Added Pin To Net: NetName=+5V Pin=J1_U8-38
Added Pin To Net: NetName=+5V Pin=U1_U2-1
Added Pin To Net: NetName=GND Pin=U1_U2-4
Added Pin To Net: NetName=+5V Pin=U1_U3-1
Added Pin To Net: NetName=GND Pin=U1_U3-4
Added Pin To Net: NetName=+5V Pin=U1_U4-1
Added Pin To Net: NetName=GND Pin=U1_U4-4
Added Pin To Net: NetName=+5V Pin=U1_U5-1
Added Pin To Net: NetName=GND Pin=U1_U5-4
Added Pin To Net: NetName=+5V Pin=U1_U6-1
Added Pin To Net: NetName=GND Pin=U1_U6-4
Added Pin To Net: NetName=+5V Pin=U1_U7-1
Added Pin To Net: NetName=GND Pin=U1_U7-4
Added Pin To Net: NetName=+5V Pin=U1_U8-1
Added Pin To Net: NetName=GND Pin=U1_U8-4
Added Pin To Net: NetName=+5V Pin=U2_U2-1
Added Pin To Net: NetName=GND Pin=U2_U2-4
Added Pin To Net: NetName=+5V Pin=U2_U3-1
Added Pin To Net: NetName=GND Pin=U2_U3-4
Added Pin To Net: NetName=+5V Pin=U2_U4-1
Added Pin To Net: NetName=GND Pin=U2_U4-4
Added Pin To Net: NetName=+5V Pin=U2_U5-1
Added Pin To Net: NetName=GND Pin=U2_U5-4
Added Pin To Net: NetName=+5V Pin=U2_U6-1
Added Pin To Net: NetName=GND Pin=U2_U6-4
Added Pin To Net: NetName=+5V Pin=U2_U7-1
Added Pin To Net: NetName=GND Pin=U2_U7-4
Added Pin To Net: NetName=+5V Pin=U2_U8-1
Added Pin To Net: NetName=GND Pin=U2_U8-4
Change Net Name : Old Net Name=NetDB1_1 New Net Name=NetDB1_U1_1
Change Net Name : Old Net Name=NetDB1_4 New Net Name=NetDB1_U1_4
Change Net Name : Old Net Name=NetDB1_6 New Net Name=NetDB1_U1_6
Change Net Name : Old Net Name=NetDB1_8 New Net Name=NetDB1_U1_8
Change Net Name : Old Net Name=NetDB2_1 New Net Name=NetDB2_U1_1
Change Net Name : Old Net Name=NetDB2_4 New Net Name=NetDB2_U1_4
Change Net Name : Old Net Name=NetDB2_6 New Net Name=NetDB2_U1_6
Change Net Name : Old Net Name=NetDB2_8 New Net Name=NetDB2_U1_8
Change Net Name : Old Net Name=NetJ1_9 New Net Name=NetJ1_U1_9
Change Net Name : Old Net Name=NetJ1_10 New Net Name=NetJ1_U1_10
Change Net Name : Old Net Name=NetJ1_29 New Net Name=NetJ1_U1_29
Change Net Name : Old Net Name=NetJ1_30 New Net Name=NetJ1_U1_30
Change Net Name : Old Net Name=NetR1_1 New Net Name=NetR1_U1_1
Change Net Name : Old Net Name=NetR1_2 New Net Name=NetR1_U1_2
Change Net Name : Old Net Name=NetR2_1 New Net Name=NetR2_U1_1
Change Net Name : Old Net Name=NetR2_2 New Net Name=NetR2_U1_2
Change Net Name : Old Net Name=NetRJ1_1 New Net Name=NetRJ1_U1_1
Change Net Name : Old Net Name=NetRJ1_2 New Net Name=NetRJ1_U1_2
Change Net Name : Old Net Name=NetRJ2_1 New Net Name=NetRJ2_U1_1
Change Net Name : Old Net Name=NetRJ2_2 New Net Name=NetRJ2_U1_2
Added Pin To Net: NetName=NetDB1_U2_1 Pin=DB1_U2-1
Added Pin To Net: NetName=NetDB1_U2_1 Pin=DB1_U2-2
Added Pin To Net: NetName=NetDB1_U2_1 Pin=J1_U2-12
Added Pin To Net: NetName=NetDB1_U2_1 Pin=J1_U2-13
Added Net: Name=NetDB1_U2_1
Added Pin To Net: NetName=NetDB1_U2_4 Pin=DB1_U2-4
Added Pin To Net: NetName=NetDB1_U2_4 Pin=DB1_U2-5
Added Pin To Net: NetName=NetDB1_U2_4 Pin=J1_U2-18
Added Pin To Net: NetName=NetDB1_U2_4 Pin=J1_U2-19
Added Net: Name=NetDB1_U2_4
Added Pin To Net: NetName=NetDB1_U2_6 Pin=DB1_U2-6
Added Pin To Net: NetName=NetDB1_U2_6 Pin=DB1_U2-7
Added Pin To Net: NetName=NetDB1_U2_6 Pin=J1_U2-14
Added Pin To Net: NetName=NetDB1_U2_6 Pin=J1_U2-15
Added Net: Name=NetDB1_U2_6
Added Pin To Net: NetName=NetDB1_U2_8 Pin=DB1_U2-8
Added Pin To Net: NetName=NetDB1_U2_8 Pin=DB1_U2-9
Added Pin To Net: NetName=NetDB1_U2_8 Pin=J1_U2-16
Added Pin To Net: NetName=NetDB1_U2_8 Pin=J1_U2-17
Added Net: Name=NetDB1_U2_8
Added Pin To Net: NetName=NetDB1_U3_1 Pin=DB1_U3-1
Added Pin To Net: NetName=NetDB1_U3_1 Pin=DB1_U3-2
Added Pin To Net: NetName=NetDB1_U3_1 Pin=J1_U3-12
Added Pin To Net: NetName=NetDB1_U3_1 Pin=J1_U3-13
Added Net: Name=NetDB1_U3_1
Added Pin To Net: NetName=NetDB1_U3_4 Pin=DB1_U3-4
Added Pin To Net: NetName=NetDB1_U3_4 Pin=DB1_U3-5
Added Pin To Net: NetName=NetDB1_U3_4 Pin=J1_U3-18
Added Pin To Net: NetName=NetDB1_U3_4 Pin=J1_U3-19
Added Net: Name=NetDB1_U3_4
Added Pin To Net: NetName=NetDB1_U3_6 Pin=DB1_U3-6
Added Pin To Net: NetName=NetDB1_U3_6 Pin=DB1_U3-7
Added Pin To Net: NetName=NetDB1_U3_6 Pin=J1_U3-14
Added Pin To Net: NetName=NetDB1_U3_6 Pin=J1_U3-15
Added Net: Name=NetDB1_U3_6
Added Pin To Net: NetName=NetDB1_U3_8 Pin=DB1_U3-8
Added Pin To Net: NetName=NetDB1_U3_8 Pin=DB1_U3-9
Added Pin To Net: NetName=NetDB1_U3_8 Pin=J1_U3-16
Added Pin To Net: NetName=NetDB1_U3_8 Pin=J1_U3-17
Added Net: Name=NetDB1_U3_8
Added Pin To Net: NetName=NetDB1_U4_1 Pin=DB1_U4-1
Added Pin To Net: NetName=NetDB1_U4_1 Pin=DB1_U4-2
Added Pin To Net: NetName=NetDB1_U4_1 Pin=J1_U4-12
Added Pin To Net: NetName=NetDB1_U4_1 Pin=J1_U4-13
Added Net: Name=NetDB1_U4_1
Added Pin To Net: NetName=NetDB1_U4_4 Pin=DB1_U4-4
Added Pin To Net: NetName=NetDB1_U4_4 Pin=DB1_U4-5
Added Pin To Net: NetName=NetDB1_U4_4 Pin=J1_U4-18
Added Pin To Net: NetName=NetDB1_U4_4 Pin=J1_U4-19
Added Net: Name=NetDB1_U4_4
Added Pin To Net: NetName=NetDB1_U4_6 Pin=DB1_U4-6
Added Pin To Net: NetName=NetDB1_U4_6 Pin=DB1_U4-7
Added Pin To Net: NetName=NetDB1_U4_6 Pin=J1_U4-14
Added Pin To Net: NetName=NetDB1_U4_6 Pin=J1_U4-15
Added Net: Name=NetDB1_U4_6
Added Pin To Net: NetName=NetDB1_U4_8 Pin=DB1_U4-8
Added Pin To Net: NetName=NetDB1_U4_8 Pin=DB1_U4-9
Added Pin To Net: NetName=NetDB1_U4_8 Pin=J1_U4-16
Added Pin To Net: NetName=NetDB1_U4_8 Pin=J1_U4-17
Added Net: Name=NetDB1_U4_8
Added Pin To Net: NetName=NetDB1_U5_1 Pin=DB1_U5-1
Added Pin To Net: NetName=NetDB1_U5_1 Pin=DB1_U5-2
Added Pin To Net: NetName=NetDB1_U5_1 Pin=J1_U5-12
Added Pin To Net: NetName=NetDB1_U5_1 Pin=J1_U5-13
Added Net: Name=NetDB1_U5_1
Added Pin To Net: NetName=NetDB1_U5_4 Pin=DB1_U5-4
Added Pin To Net: NetName=NetDB1_U5_4 Pin=DB1_U5-5
Added Pin To Net: NetName=NetDB1_U5_4 Pin=J1_U5-18
Added Pin To Net: NetName=NetDB1_U5_4 Pin=J1_U5-19
Added Net: Name=NetDB1_U5_4
Added Pin To Net: NetName=NetDB1_U5_6 Pin=DB1_U5-6
Added Pin To Net: NetName=NetDB1_U5_6 Pin=DB1_U5-7
Added Pin To Net: NetName=NetDB1_U5_6 Pin=J1_U5-14
Added Pin To Net: NetName=NetDB1_U5_6 Pin=J1_U5-15
Added Net: Name=NetDB1_U5_6
Added Pin To Net: NetName=NetDB1_U5_8 Pin=DB1_U5-8
Added Pin To Net: NetName=NetDB1_U5_8 Pin=DB1_U5-9
Added Pin To Net: NetName=NetDB1_U5_8 Pin=J1_U5-16
Added Pin To Net: NetName=NetDB1_U5_8 Pin=J1_U5-17
Added Net: Name=NetDB1_U5_8
Added Pin To Net: NetName=NetDB1_U6_1 Pin=DB1_U6-1
Added Pin To Net: NetName=NetDB1_U6_1 Pin=DB1_U6-2
Added Pin To Net: NetName=NetDB1_U6_1 Pin=J1_U6-12
Added Pin To Net: NetName=NetDB1_U6_1 Pin=J1_U6-13
Added Net: Name=NetDB1_U6_1
Added Pin To Net: NetName=NetDB1_U6_4 Pin=DB1_U6-4
Added Pin To Net: NetName=NetDB1_U6_4 Pin=DB1_U6-5
Added Pin To Net: NetName=NetDB1_U6_4 Pin=J1_U6-18
Added Pin To Net: NetName=NetDB1_U6_4 Pin=J1_U6-19
Added Net: Name=NetDB1_U6_4
Added Pin To Net: NetName=NetDB1_U6_6 Pin=DB1_U6-6
Added Pin To Net: NetName=NetDB1_U6_6 Pin=DB1_U6-7
Added Pin To Net: NetName=NetDB1_U6_6 Pin=J1_U6-14
Added Pin To Net: NetName=NetDB1_U6_6 Pin=J1_U6-15
Added Net: Name=NetDB1_U6_6
Added Pin To Net: NetName=NetDB1_U6_8 Pin=DB1_U6-8
Added Pin To Net: NetName=NetDB1_U6_8 Pin=DB1_U6-9
Added Pin To Net: NetName=NetDB1_U6_8 Pin=J1_U6-16
Added Pin To Net: NetName=NetDB1_U6_8 Pin=J1_U6-17
Added Net: Name=NetDB1_U6_8
Added Pin To Net: NetName=NetDB1_U7_1 Pin=DB1_U7-1
Added Pin To Net: NetName=NetDB1_U7_1 Pin=DB1_U7-2
Added Pin To Net: NetName=NetDB1_U7_1 Pin=J1_U7-12
Added Pin To Net: NetName=NetDB1_U7_1 Pin=J1_U7-13
Added Net: Name=NetDB1_U7_1
Added Pin To Net: NetName=NetDB1_U7_4 Pin=DB1_U7-4
Added Pin To Net: NetName=NetDB1_U7_4 Pin=DB1_U7-5
Added Pin To Net: NetName=NetDB1_U7_4 Pin=J1_U7-18
Added Pin To Net: NetName=NetDB1_U7_4 Pin=J1_U7-19
Added Net: Name=NetDB1_U7_4
Added Pin To Net: NetName=NetDB1_U7_6 Pin=DB1_U7-6
Added Pin To Net: NetName=NetDB1_U7_6 Pin=DB1_U7-7
Added Pin To Net: NetName=NetDB1_U7_6 Pin=J1_U7-14
Added Pin To Net: NetName=NetDB1_U7_6 Pin=J1_U7-15
Added Net: Name=NetDB1_U7_6
Added Pin To Net: NetName=NetDB1_U7_8 Pin=DB1_U7-8
Added Pin To Net: NetName=NetDB1_U7_8 Pin=DB1_U7-9
Added Pin To Net: NetName=NetDB1_U7_8 Pin=J1_U7-16
Added Pin To Net: NetName=NetDB1_U7_8 Pin=J1_U7-17
Added Net: Name=NetDB1_U7_8
Added Pin To Net: NetName=NetDB1_U8_1 Pin=DB1_U8-1
Added Pin To Net: NetName=NetDB1_U8_1 Pin=DB1_U8-2
Added Pin To Net: NetName=NetDB1_U8_1 Pin=J1_U8-12
Added Pin To Net: NetName=NetDB1_U8_1 Pin=J1_U8-13
Added Net: Name=NetDB1_U8_1
Added Pin To Net: NetName=NetDB1_U8_4 Pin=DB1_U8-4
Added Pin To Net: NetName=NetDB1_U8_4 Pin=DB1_U8-5
Added Pin To Net: NetName=NetDB1_U8_4 Pin=J1_U8-18
Added Pin To Net: NetName=NetDB1_U8_4 Pin=J1_U8-19
Added Net: Name=NetDB1_U8_4
Added Pin To Net: NetName=NetDB1_U8_6 Pin=DB1_U8-6
Added Pin To Net: NetName=NetDB1_U8_6 Pin=DB1_U8-7
Added Pin To Net: NetName=NetDB1_U8_6 Pin=J1_U8-14
Added Pin To Net: NetName=NetDB1_U8_6 Pin=J1_U8-15
Added Net: Name=NetDB1_U8_6
Added Pin To Net: NetName=NetDB1_U8_8 Pin=DB1_U8-8
Added Pin To Net: NetName=NetDB1_U8_8 Pin=DB1_U8-9
Added Pin To Net: NetName=NetDB1_U8_8 Pin=J1_U8-16
Added Pin To Net: NetName=NetDB1_U8_8 Pin=J1_U8-17
Added Net: Name=NetDB1_U8_8
Added Pin To Net: NetName=NetDB2_U2_1 Pin=DB2_U2-1
Added Pin To Net: NetName=NetDB2_U2_1 Pin=DB2_U2-2
Added Pin To Net: NetName=NetDB2_U2_1 Pin=J1_U2-20
Added Pin To Net: NetName=NetDB2_U2_1 Pin=J1_U2-21
Added Net: Name=NetDB2_U2_1
Added Pin To Net: NetName=NetDB2_U2_4 Pin=DB2_U2-4
Added Pin To Net: NetName=NetDB2_U2_4 Pin=DB2_U2-5
Added Pin To Net: NetName=NetDB2_U2_4 Pin=J1_U2-26
Added Pin To Net: NetName=NetDB2_U2_4 Pin=J1_U2-27
Added Net: Name=NetDB2_U2_4
Added Pin To Net: NetName=NetDB2_U2_6 Pin=DB2_U2-6
Added Pin To Net: NetName=NetDB2_U2_6 Pin=DB2_U2-7
Added Pin To Net: NetName=NetDB2_U2_6 Pin=J1_U2-22
Added Pin To Net: NetName=NetDB2_U2_6 Pin=J1_U2-23
Added Net: Name=NetDB2_U2_6
Added Pin To Net: NetName=NetDB2_U2_8 Pin=DB2_U2-8
Added Pin To Net: NetName=NetDB2_U2_8 Pin=DB2_U2-9
Added Pin To Net: NetName=NetDB2_U2_8 Pin=J1_U2-24
Added Pin To Net: NetName=NetDB2_U2_8 Pin=J1_U2-25
Added Net: Name=NetDB2_U2_8
Added Pin To Net: NetName=NetDB2_U3_1 Pin=DB2_U3-1
Added Pin To Net: NetName=NetDB2_U3_1 Pin=DB2_U3-2
Added Pin To Net: NetName=NetDB2_U3_1 Pin=J1_U3-20
Added Pin To Net: NetName=NetDB2_U3_1 Pin=J1_U3-21
Added Net: Name=NetDB2_U3_1
Added Pin To Net: NetName=NetDB2_U3_4 Pin=DB2_U3-4
Added Pin To Net: NetName=NetDB2_U3_4 Pin=DB2_U3-5
Added Pin To Net: NetName=NetDB2_U3_4 Pin=J1_U3-26
Added Pin To Net: NetName=NetDB2_U3_4 Pin=J1_U3-27
Added Net: Name=NetDB2_U3_4
Added Pin To Net: NetName=NetDB2_U3_6 Pin=DB2_U3-6
Added Pin To Net: NetName=NetDB2_U3_6 Pin=DB2_U3-7
Added Pin To Net: NetName=NetDB2_U3_6 Pin=J1_U3-22
Added Pin To Net: NetName=NetDB2_U3_6 Pin=J1_U3-23
Added Net: Name=NetDB2_U3_6
Added Pin To Net: NetName=NetDB2_U3_8 Pin=DB2_U3-8
Added Pin To Net: NetName=NetDB2_U3_8 Pin=DB2_U3-9
Added Pin To Net: NetName=NetDB2_U3_8 Pin=J1_U3-24
Added Pin To Net: NetName=NetDB2_U3_8 Pin=J1_U3-25
Added Net: Name=NetDB2_U3_8
Added Pin To Net: NetName=NetDB2_U4_1 Pin=DB2_U4-1
Added Pin To Net: NetName=NetDB2_U4_1 Pin=DB2_U4-2
Added Pin To Net: NetName=NetDB2_U4_1 Pin=J1_U4-20
Added Pin To Net: NetName=NetDB2_U4_1 Pin=J1_U4-21
Added Net: Name=NetDB2_U4_1
Added Pin To Net: NetName=NetDB2_U4_4 Pin=DB2_U4-4
Added Pin To Net: NetName=NetDB2_U4_4 Pin=DB2_U4-5
Added Pin To Net: NetName=NetDB2_U4_4 Pin=J1_U4-26
Added Pin To Net: NetName=NetDB2_U4_4 Pin=J1_U4-27
Added Net: Name=NetDB2_U4_4
Added Pin To Net: NetName=NetDB2_U4_6 Pin=DB2_U4-6
Added Pin To Net: NetName=NetDB2_U4_6 Pin=DB2_U4-7
Added Pin To Net: NetName=NetDB2_U4_6 Pin=J1_U4-22
Added Pin To Net: NetName=NetDB2_U4_6 Pin=J1_U4-23
Added Net: Name=NetDB2_U4_6
Added Pin To Net: NetName=NetDB2_U4_8 Pin=DB2_U4-8
Added Pin To Net: NetName=NetDB2_U4_8 Pin=DB2_U4-9
Added Pin To Net: NetName=NetDB2_U4_8 Pin=J1_U4-24
Added Pin To Net: NetName=NetDB2_U4_8 Pin=J1_U4-25
Added Net: Name=NetDB2_U4_8
Added Pin To Net: NetName=NetDB2_U5_1 Pin=DB2_U5-1
Added Pin To Net: NetName=NetDB2_U5_1 Pin=DB2_U5-2
Added Pin To Net: NetName=NetDB2_U5_1 Pin=J1_U5-20
Added Pin To Net: NetName=NetDB2_U5_1 Pin=J1_U5-21
Added Net: Name=NetDB2_U5_1
Added Pin To Net: NetName=NetDB2_U5_4 Pin=DB2_U5-4
Added Pin To Net: NetName=NetDB2_U5_4 Pin=DB2_U5-5
Added Pin To Net: NetName=NetDB2_U5_4 Pin=J1_U5-26
Added Pin To Net: NetName=NetDB2_U5_4 Pin=J1_U5-27
Added Net: Name=NetDB2_U5_4
Added Pin To Net: NetName=NetDB2_U5_6 Pin=DB2_U5-6
Added Pin To Net: NetName=NetDB2_U5_6 Pin=DB2_U5-7
Added Pin To Net: NetName=NetDB2_U5_6 Pin=J1_U5-22
Added Pin To Net: NetName=NetDB2_U5_6 Pin=J1_U5-23
Added Net: Name=NetDB2_U5_6
Added Pin To Net: NetName=NetDB2_U5_8 Pin=DB2_U5-8
Added Pin To Net: NetName=NetDB2_U5_8 Pin=DB2_U5-9
Added Pin To Net: NetName=NetDB2_U5_8 Pin=J1_U5-24
Added Pin To Net: NetName=NetDB2_U5_8 Pin=J1_U5-25
Added Net: Name=NetDB2_U5_8
Added Pin To Net: NetName=NetDB2_U6_1 Pin=DB2_U6-1
Added Pin To Net: NetName=NetDB2_U6_1 Pin=DB2_U6-2
Added Pin To Net: NetName=NetDB2_U6_1 Pin=J1_U6-20
Added Pin To Net: NetName=NetDB2_U6_1 Pin=J1_U6-21
Added Net: Name=NetDB2_U6_1
Added Pin To Net: NetName=NetDB2_U6_4 Pin=DB2_U6-4
Added Pin To Net: NetName=NetDB2_U6_4 Pin=DB2_U6-5
Added Pin To Net: NetName=NetDB2_U6_4 Pin=J1_U6-26
Added Pin To Net: NetName=NetDB2_U6_4 Pin=J1_U6-27
Added Net: Name=NetDB2_U6_4
Added Pin To Net: NetName=NetDB2_U6_6 Pin=DB2_U6-6
Added Pin To Net: NetName=NetDB2_U6_6 Pin=DB2_U6-7
Added Pin To Net: NetName=NetDB2_U6_6 Pin=J1_U6-22
Added Pin To Net: NetName=NetDB2_U6_6 Pin=J1_U6-23
Added Net: Name=NetDB2_U6_6
Added Pin To Net: NetName=NetDB2_U6_8 Pin=DB2_U6-8
Added Pin To Net: NetName=NetDB2_U6_8 Pin=DB2_U6-9
Added Pin To Net: NetName=NetDB2_U6_8 Pin=J1_U6-24
Added Pin To Net: NetName=NetDB2_U6_8 Pin=J1_U6-25
Added Net: Name=NetDB2_U6_8
Added Pin To Net: NetName=NetDB2_U7_1 Pin=DB2_U7-1
Added Pin To Net: NetName=NetDB2_U7_1 Pin=DB2_U7-2
Added Pin To Net: NetName=NetDB2_U7_1 Pin=J1_U7-20
Added Pin To Net: NetName=NetDB2_U7_1 Pin=J1_U7-21
Added Net: Name=NetDB2_U7_1
Added Pin To Net: NetName=NetDB2_U7_4 Pin=DB2_U7-4
Added Pin To Net: NetName=NetDB2_U7_4 Pin=DB2_U7-5
Added Pin To Net: NetName=NetDB2_U7_4 Pin=J1_U7-26
Added Pin To Net: NetName=NetDB2_U7_4 Pin=J1_U7-27
Added Net: Name=NetDB2_U7_4
Added Pin To Net: NetName=NetDB2_U7_6 Pin=DB2_U7-6
Added Pin To Net: NetName=NetDB2_U7_6 Pin=DB2_U7-7
Added Pin To Net: NetName=NetDB2_U7_6 Pin=J1_U7-22
Added Pin To Net: NetName=NetDB2_U7_6 Pin=J1_U7-23
Added Net: Name=NetDB2_U7_6
Added Pin To Net: NetName=NetDB2_U7_8 Pin=DB2_U7-8
Added Pin To Net: NetName=NetDB2_U7_8 Pin=DB2_U7-9
Added Pin To Net: NetName=NetDB2_U7_8 Pin=J1_U7-24
Added Pin To Net: NetName=NetDB2_U7_8 Pin=J1_U7-25
Added Net: Name=NetDB2_U7_8
Added Pin To Net: NetName=NetDB2_U8_1 Pin=DB2_U8-1
Added Pin To Net: NetName=NetDB2_U8_1 Pin=DB2_U8-2
Added Pin To Net: NetName=NetDB2_U8_1 Pin=J1_U8-20
Added Pin To Net: NetName=NetDB2_U8_1 Pin=J1_U8-21
Added Net: Name=NetDB2_U8_1
Added Pin To Net: NetName=NetDB2_U8_4 Pin=DB2_U8-4
Added Pin To Net: NetName=NetDB2_U8_4 Pin=DB2_U8-5
Added Pin To Net: NetName=NetDB2_U8_4 Pin=J1_U8-26
Added Pin To Net: NetName=NetDB2_U8_4 Pin=J1_U8-27
Added Net: Name=NetDB2_U8_4
Added Pin To Net: NetName=NetDB2_U8_6 Pin=DB2_U8-6
Added Pin To Net: NetName=NetDB2_U8_6 Pin=DB2_U8-7
Added Pin To Net: NetName=NetDB2_U8_6 Pin=J1_U8-22
Added Pin To Net: NetName=NetDB2_U8_6 Pin=J1_U8-23
Added Net: Name=NetDB2_U8_6
Added Pin To Net: NetName=NetDB2_U8_8 Pin=DB2_U8-8
Added Pin To Net: NetName=NetDB2_U8_8 Pin=DB2_U8-9
Added Pin To Net: NetName=NetDB2_U8_8 Pin=J1_U8-24
Added Pin To Net: NetName=NetDB2_U8_8 Pin=J1_U8-25
Added Net: Name=NetDB2_U8_8
Added Pin To Net: NetName=NetJ1_U2_9 Pin=J1_U2-9
Added Pin To Net: NetName=NetJ1_U2_9 Pin=U1_U2-2
Added Net: Name=NetJ1_U2_9
Added Pin To Net: NetName=NetJ1_U2_10 Pin=J1_U2-10
Added Pin To Net: NetName=NetJ1_U2_10 Pin=U1_U2-3
Added Net: Name=NetJ1_U2_10
Added Pin To Net: NetName=NetJ1_U2_29 Pin=J1_U2-29
Added Pin To Net: NetName=NetJ1_U2_29 Pin=U2_U2-3
Added Net: Name=NetJ1_U2_29
Added Pin To Net: NetName=NetJ1_U2_30 Pin=J1_U2-30
Added Pin To Net: NetName=NetJ1_U2_30 Pin=U2_U2-2
Added Net: Name=NetJ1_U2_30
Added Pin To Net: NetName=NetJ1_U3_9 Pin=J1_U3-9
Added Pin To Net: NetName=NetJ1_U3_9 Pin=U1_U3-2
Added Net: Name=NetJ1_U3_9
Added Pin To Net: NetName=NetJ1_U3_10 Pin=J1_U3-10
Added Pin To Net: NetName=NetJ1_U3_10 Pin=U1_U3-3
Added Net: Name=NetJ1_U3_10
Added Pin To Net: NetName=NetJ1_U3_29 Pin=J1_U3-29
Added Pin To Net: NetName=NetJ1_U3_29 Pin=U2_U3-3
Added Net: Name=NetJ1_U3_29
Added Pin To Net: NetName=NetJ1_U3_30 Pin=J1_U3-30
Added Pin To Net: NetName=NetJ1_U3_30 Pin=U2_U3-2
Added Net: Name=NetJ1_U3_30
Added Pin To Net: NetName=NetJ1_U4_9 Pin=J1_U4-9
Added Pin To Net: NetName=NetJ1_U4_9 Pin=U1_U4-2
Added Net: Name=NetJ1_U4_9
Added Pin To Net: NetName=NetJ1_U4_10 Pin=J1_U4-10
Added Pin To Net: NetName=NetJ1_U4_10 Pin=U1_U4-3
Added Net: Name=NetJ1_U4_10
Added Pin To Net: NetName=NetJ1_U4_29 Pin=J1_U4-29
Added Pin To Net: NetName=NetJ1_U4_29 Pin=U2_U4-3
Added Net: Name=NetJ1_U4_29
Added Pin To Net: NetName=NetJ1_U4_30 Pin=J1_U4-30
Added Pin To Net: NetName=NetJ1_U4_30 Pin=U2_U4-2
Added Net: Name=NetJ1_U4_30
Added Pin To Net: NetName=NetJ1_U5_9 Pin=J1_U5-9
Added Pin To Net: NetName=NetJ1_U5_9 Pin=U1_U5-2
Added Net: Name=NetJ1_U5_9
Added Pin To Net: NetName=NetJ1_U5_10 Pin=J1_U5-10
Added Pin To Net: NetName=NetJ1_U5_10 Pin=U1_U5-3
Added Net: Name=NetJ1_U5_10
Added Pin To Net: NetName=NetJ1_U5_29 Pin=J1_U5-29
Added Pin To Net: NetName=NetJ1_U5_29 Pin=U2_U5-3
Added Net: Name=NetJ1_U5_29
Added Pin To Net: NetName=NetJ1_U5_30 Pin=J1_U5-30
Added Pin To Net: NetName=NetJ1_U5_30 Pin=U2_U5-2
Added Net: Name=NetJ1_U5_30
Added Pin To Net: NetName=NetJ1_U6_9 Pin=J1_U6-9
Added Pin To Net: NetName=NetJ1_U6_9 Pin=U1_U6-2
Added Net: Name=NetJ1_U6_9
Added Pin To Net: NetName=NetJ1_U6_10 Pin=J1_U6-10
Added Pin To Net: NetName=NetJ1_U6_10 Pin=U1_U6-3
Added Net: Name=NetJ1_U6_10
Added Pin To Net: NetName=NetJ1_U6_29 Pin=J1_U6-29
Added Pin To Net: NetName=NetJ1_U6_29 Pin=U2_U6-3
Added Net: Name=NetJ1_U6_29
Added Pin To Net: NetName=NetJ1_U6_30 Pin=J1_U6-30
Added Pin To Net: NetName=NetJ1_U6_30 Pin=U2_U6-2
Added Net: Name=NetJ1_U6_30
Added Pin To Net: NetName=NetJ1_U7_9 Pin=J1_U7-9
Added Pin To Net: NetName=NetJ1_U7_9 Pin=U1_U7-2
Added Net: Name=NetJ1_U7_9
Added Pin To Net: NetName=NetJ1_U7_10 Pin=J1_U7-10
Added Pin To Net: NetName=NetJ1_U7_10 Pin=U1_U7-3
Added Net: Name=NetJ1_U7_10
Added Pin To Net: NetName=NetJ1_U7_29 Pin=J1_U7-29
Added Pin To Net: NetName=NetJ1_U7_29 Pin=U2_U7-3
Added Net: Name=NetJ1_U7_29
Added Pin To Net: NetName=NetJ1_U7_30 Pin=J1_U7-30
Added Pin To Net: NetName=NetJ1_U7_30 Pin=U2_U7-2
Added Net: Name=NetJ1_U7_30
Added Pin To Net: NetName=NetJ1_U8_9 Pin=J1_U8-9
Added Pin To Net: NetName=NetJ1_U8_9 Pin=U1_U8-2
Added Net: Name=NetJ1_U8_9
Added Pin To Net: NetName=NetJ1_U8_10 Pin=J1_U8-10
Added Pin To Net: NetName=NetJ1_U8_10 Pin=U1_U8-3
Added Net: Name=NetJ1_U8_10
Added Pin To Net: NetName=NetJ1_U8_29 Pin=J1_U8-29
Added Pin To Net: NetName=NetJ1_U8_29 Pin=U2_U8-3
Added Net: Name=NetJ1_U8_29
Added Pin To Net: NetName=NetJ1_U8_30 Pin=J1_U8-30
Added Pin To Net: NetName=NetJ1_U8_30 Pin=U2_U8-2
Added Net: Name=NetJ1_U8_30
Added Pin To Net: NetName=NetR1_U2_1 Pin=R1_U2-1
Added Pin To Net: NetName=NetR1_U2_1 Pin=RJ1_U2-3
Added Pin To Net: NetName=NetR1_U2_1 Pin=U1_U2-8
Added Net: Name=NetR1_U2_1
Added Pin To Net: NetName=NetR1_U2_2 Pin=R1_U2-2
Added Pin To Net: NetName=NetR1_U2_2 Pin=RJ1_U2-6
Added Pin To Net: NetName=NetR1_U2_2 Pin=U1_U2-7
Added Net: Name=NetR1_U2_2
Added Pin To Net: NetName=NetR1_U3_1 Pin=R1_U3-1
Added Pin To Net: NetName=NetR1_U3_1 Pin=RJ1_U3-3
Added Pin To Net: NetName=NetR1_U3_1 Pin=U1_U3-8
Added Net: Name=NetR1_U3_1
Added Pin To Net: NetName=NetR1_U3_2 Pin=R1_U3-2
Added Pin To Net: NetName=NetR1_U3_2 Pin=RJ1_U3-6
Added Pin To Net: NetName=NetR1_U3_2 Pin=U1_U3-7
Added Net: Name=NetR1_U3_2
Added Pin To Net: NetName=NetR1_U4_1 Pin=R1_U4-1
Added Pin To Net: NetName=NetR1_U4_1 Pin=RJ1_U4-3
Added Pin To Net: NetName=NetR1_U4_1 Pin=U1_U4-8
Added Net: Name=NetR1_U4_1
Added Pin To Net: NetName=NetR1_U4_2 Pin=R1_U4-2
Added Pin To Net: NetName=NetR1_U4_2 Pin=RJ1_U4-6
Added Pin To Net: NetName=NetR1_U4_2 Pin=U1_U4-7
Added Net: Name=NetR1_U4_2
Added Pin To Net: NetName=NetR1_U5_1 Pin=R1_U5-1
Added Pin To Net: NetName=NetR1_U5_1 Pin=RJ1_U5-3
Added Pin To Net: NetName=NetR1_U5_1 Pin=U1_U5-8
Added Net: Name=NetR1_U5_1
Added Pin To Net: NetName=NetR1_U5_2 Pin=R1_U5-2
Added Pin To Net: NetName=NetR1_U5_2 Pin=RJ1_U5-6
Added Pin To Net: NetName=NetR1_U5_2 Pin=U1_U5-7
Added Net: Name=NetR1_U5_2
Added Pin To Net: NetName=NetR1_U6_1 Pin=R1_U6-1
Added Pin To Net: NetName=NetR1_U6_1 Pin=RJ1_U6-3
Added Pin To Net: NetName=NetR1_U6_1 Pin=U1_U6-8
Added Net: Name=NetR1_U6_1
Added Pin To Net: NetName=NetR1_U6_2 Pin=R1_U6-2
Added Pin To Net: NetName=NetR1_U6_2 Pin=RJ1_U6-6
Added Pin To Net: NetName=NetR1_U6_2 Pin=U1_U6-7
Added Net: Name=NetR1_U6_2
Added Pin To Net: NetName=NetR1_U7_1 Pin=R1_U7-1
Added Pin To Net: NetName=NetR1_U7_1 Pin=RJ1_U7-3
Added Pin To Net: NetName=NetR1_U7_1 Pin=U1_U7-8
Added Net: Name=NetR1_U7_1
Added Pin To Net: NetName=NetR1_U7_2 Pin=R1_U7-2
Added Pin To Net: NetName=NetR1_U7_2 Pin=RJ1_U7-6
Added Pin To Net: NetName=NetR1_U7_2 Pin=U1_U7-7
Added Net: Name=NetR1_U7_2
Added Pin To Net: NetName=NetR1_U8_1 Pin=R1_U8-1
Added Pin To Net: NetName=NetR1_U8_1 Pin=RJ1_U8-3
Added Pin To Net: NetName=NetR1_U8_1 Pin=U1_U8-8
Added Net: Name=NetR1_U8_1
Added Pin To Net: NetName=NetR1_U8_2 Pin=R1_U8-2
Added Pin To Net: NetName=NetR1_U8_2 Pin=RJ1_U8-6
Added Pin To Net: NetName=NetR1_U8_2 Pin=U1_U8-7
Added Net: Name=NetR1_U8_2
Added Pin To Net: NetName=NetR2_U2_1 Pin=R2_U2-1
Added Pin To Net: NetName=NetR2_U2_1 Pin=RJ2_U2-3
Added Pin To Net: NetName=NetR2_U2_1 Pin=U2_U2-8
Added Net: Name=NetR2_U2_1
Added Pin To Net: NetName=NetR2_U2_2 Pin=R2_U2-2
Added Pin To Net: NetName=NetR2_U2_2 Pin=RJ2_U2-6
Added Pin To Net: NetName=NetR2_U2_2 Pin=U2_U2-7
Added Net: Name=NetR2_U2_2
Added Pin To Net: NetName=NetR2_U3_1 Pin=R2_U3-1
Added Pin To Net: NetName=NetR2_U3_1 Pin=RJ2_U3-3
Added Pin To Net: NetName=NetR2_U3_1 Pin=U2_U3-8
Added Net: Name=NetR2_U3_1
Added Pin To Net: NetName=NetR2_U3_2 Pin=R2_U3-2
Added Pin To Net: NetName=NetR2_U3_2 Pin=RJ2_U3-6
Added Pin To Net: NetName=NetR2_U3_2 Pin=U2_U3-7
Added Net: Name=NetR2_U3_2
Added Pin To Net: NetName=NetR2_U4_1 Pin=R2_U4-1
Added Pin To Net: NetName=NetR2_U4_1 Pin=RJ2_U4-3
Added Pin To Net: NetName=NetR2_U4_1 Pin=U2_U4-8
Added Net: Name=NetR2_U4_1
Added Pin To Net: NetName=NetR2_U4_2 Pin=R2_U4-2
Added Pin To Net: NetName=NetR2_U4_2 Pin=RJ2_U4-6
Added Pin To Net: NetName=NetR2_U4_2 Pin=U2_U4-7
Added Net: Name=NetR2_U4_2
Added Pin To Net: NetName=NetR2_U5_1 Pin=R2_U5-1
Added Pin To Net: NetName=NetR2_U5_1 Pin=RJ2_U5-3
Added Pin To Net: NetName=NetR2_U5_1 Pin=U2_U5-8
Added Net: Name=NetR2_U5_1
Added Pin To Net: NetName=NetR2_U5_2 Pin=R2_U5-2
Added Pin To Net: NetName=NetR2_U5_2 Pin=RJ2_U5-6
Added Pin To Net: NetName=NetR2_U5_2 Pin=U2_U5-7
Added Net: Name=NetR2_U5_2
Added Pin To Net: NetName=NetR2_U6_1 Pin=R2_U6-1
Added Pin To Net: NetName=NetR2_U6_1 Pin=RJ2_U6-3
Added Pin To Net: NetName=NetR2_U6_1 Pin=U2_U6-8
Added Net: Name=NetR2_U6_1
Added Pin To Net: NetName=NetR2_U6_2 Pin=R2_U6-2
Added Pin To Net: NetName=NetR2_U6_2 Pin=RJ2_U6-6
Added Pin To Net: NetName=NetR2_U6_2 Pin=U2_U6-7
Added Net: Name=NetR2_U6_2
Added Pin To Net: NetName=NetR2_U7_1 Pin=R2_U7-1
Added Pin To Net: NetName=NetR2_U7_1 Pin=RJ2_U7-3
Added Pin To Net: NetName=NetR2_U7_1 Pin=U2_U7-8
Added Net: Name=NetR2_U7_1
Added Pin To Net: NetName=NetR2_U7_2 Pin=R2_U7-2
Added Pin To Net: NetName=NetR2_U7_2 Pin=RJ2_U7-6
Added Pin To Net: NetName=NetR2_U7_2 Pin=U2_U7-7
Added Net: Name=NetR2_U7_2
Added Pin To Net: NetName=NetR2_U8_1 Pin=R2_U8-1
Added Pin To Net: NetName=NetR2_U8_1 Pin=RJ2_U8-3
Added Pin To Net: NetName=NetR2_U8_1 Pin=U2_U8-8
Added Net: Name=NetR2_U8_1
Added Pin To Net: NetName=NetR2_U8_2 Pin=R2_U8-2
Added Pin To Net: NetName=NetR2_U8_2 Pin=RJ2_U8-6
Added Pin To Net: NetName=NetR2_U8_2 Pin=U2_U8-7
Added Net: Name=NetR2_U8_2
Added Pin To Net: NetName=NetRJ1_U2_1 Pin=RJ1_U2-1
Added Pin To Net: NetName=NetRJ1_U2_1 Pin=U1_U2-6
Added Net: Name=NetRJ1_U2_1
Added Pin To Net: NetName=NetRJ1_U2_2 Pin=RJ1_U2-2
Added Pin To Net: NetName=NetRJ1_U2_2 Pin=U1_U2-5
Added Net: Name=NetRJ1_U2_2
Added Pin To Net: NetName=NetRJ1_U3_1 Pin=RJ1_U3-1
Added Pin To Net: NetName=NetRJ1_U3_1 Pin=U1_U3-6
Added Net: Name=NetRJ1_U3_1
Added Pin To Net: NetName=NetRJ1_U3_2 Pin=RJ1_U3-2
Added Pin To Net: NetName=NetRJ1_U3_2 Pin=U1_U3-5
Added Net: Name=NetRJ1_U3_2
Added Pin To Net: NetName=NetRJ1_U4_1 Pin=RJ1_U4-1
Added Pin To Net: NetName=NetRJ1_U4_1 Pin=U1_U4-6
Added Net: Name=NetRJ1_U4_1
Added Pin To Net: NetName=NetRJ1_U4_2 Pin=RJ1_U4-2
Added Pin To Net: NetName=NetRJ1_U4_2 Pin=U1_U4-5
Added Net: Name=NetRJ1_U4_2
Added Pin To Net: NetName=NetRJ1_U5_1 Pin=RJ1_U5-1
Added Pin To Net: NetName=NetRJ1_U5_1 Pin=U1_U5-6
Added Net: Name=NetRJ1_U5_1
Added Pin To Net: NetName=NetRJ1_U5_2 Pin=RJ1_U5-2
Added Pin To Net: NetName=NetRJ1_U5_2 Pin=U1_U5-5
Added Net: Name=NetRJ1_U5_2
Added Pin To Net: NetName=NetRJ1_U6_1 Pin=RJ1_U6-1
Added Pin To Net: NetName=NetRJ1_U6_1 Pin=U1_U6-6
Added Net: Name=NetRJ1_U6_1
Added Pin To Net: NetName=NetRJ1_U6_2 Pin=RJ1_U6-2
Added Pin To Net: NetName=NetRJ1_U6_2 Pin=U1_U6-5
Added Net: Name=NetRJ1_U6_2
Added Pin To Net: NetName=NetRJ1_U7_1 Pin=RJ1_U7-1
Added Pin To Net: NetName=NetRJ1_U7_1 Pin=U1_U7-6
Added Net: Name=NetRJ1_U7_1
Added Pin To Net: NetName=NetRJ1_U7_2 Pin=RJ1_U7-2
Added Pin To Net: NetName=NetRJ1_U7_2 Pin=U1_U7-5
Added Net: Name=NetRJ1_U7_2
Added Pin To Net: NetName=NetRJ1_U8_1 Pin=RJ1_U8-1
Added Pin To Net: NetName=NetRJ1_U8_1 Pin=U1_U8-6
Added Net: Name=NetRJ1_U8_1
Added Pin To Net: NetName=NetRJ1_U8_2 Pin=RJ1_U8-2
Added Pin To Net: NetName=NetRJ1_U8_2 Pin=U1_U8-5
Added Net: Name=NetRJ1_U8_2
Added Pin To Net: NetName=NetRJ2_U2_1 Pin=RJ2_U2-1
Added Pin To Net: NetName=NetRJ2_U2_1 Pin=U2_U2-6
Added Net: Name=NetRJ2_U2_1
Added Pin To Net: NetName=NetRJ2_U2_2 Pin=RJ2_U2-2
Added Pin To Net: NetName=NetRJ2_U2_2 Pin=U2_U2-5
Added Net: Name=NetRJ2_U2_2
Added Pin To Net: NetName=NetRJ2_U3_1 Pin=RJ2_U3-1
Added Pin To Net: NetName=NetRJ2_U3_1 Pin=U2_U3-6
Added Net: Name=NetRJ2_U3_1
Added Pin To Net: NetName=NetRJ2_U3_2 Pin=RJ2_U3-2
Added Pin To Net: NetName=NetRJ2_U3_2 Pin=U2_U3-5
Added Net: Name=NetRJ2_U3_2
Added Pin To Net: NetName=NetRJ2_U4_1 Pin=RJ2_U4-1
Added Pin To Net: NetName=NetRJ2_U4_1 Pin=U2_U4-6
Added Net: Name=NetRJ2_U4_1
Added Pin To Net: NetName=NetRJ2_U4_2 Pin=RJ2_U4-2
Added Pin To Net: NetName=NetRJ2_U4_2 Pin=U2_U4-5
Added Net: Name=NetRJ2_U4_2
Added Pin To Net: NetName=NetRJ2_U5_1 Pin=RJ2_U5-1
Added Pin To Net: NetName=NetRJ2_U5_1 Pin=U2_U5-6
Added Net: Name=NetRJ2_U5_1
Added Pin To Net: NetName=NetRJ2_U5_2 Pin=RJ2_U5-2
Added Pin To Net: NetName=NetRJ2_U5_2 Pin=U2_U5-5
Added Net: Name=NetRJ2_U5_2
Added Pin To Net: NetName=NetRJ2_U6_1 Pin=RJ2_U6-1
Added Pin To Net: NetName=NetRJ2_U6_1 Pin=U2_U6-6
Added Net: Name=NetRJ2_U6_1
Added Pin To Net: NetName=NetRJ2_U6_2 Pin=RJ2_U6-2
Added Pin To Net: NetName=NetRJ2_U6_2 Pin=U2_U6-5
Added Net: Name=NetRJ2_U6_2
Added Pin To Net: NetName=NetRJ2_U7_1 Pin=RJ2_U7-1
Added Pin To Net: NetName=NetRJ2_U7_1 Pin=U2_U7-6
Added Net: Name=NetRJ2_U7_1
Added Pin To Net: NetName=NetRJ2_U7_2 Pin=RJ2_U7-2
Added Pin To Net: NetName=NetRJ2_U7_2 Pin=U2_U7-5
Added Net: Name=NetRJ2_U7_2
Added Pin To Net: NetName=NetRJ2_U8_1 Pin=RJ2_U8-1
Added Pin To Net: NetName=NetRJ2_U8_1 Pin=U2_U8-6
Added Net: Name=NetRJ2_U8_1
Added Pin To Net: NetName=NetRJ2_U8_2 Pin=RJ2_U8-2
Added Pin To Net: NetName=NetRJ2_U8_2 Pin=U2_U8-5
Added Net: Name=NetRJ2_U8_2
Added Class: Name=U2
Added Class: Name=U3
Added Class: Name=U4
Added Class: Name=U5
Added Class: Name=U6
Added Class: Name=U7
Added Class: Name=U8
Added Class: Name=Connectors
