Change Component Designator: Old Designator=AC1 New Designator=AC?
Change Component Designator: Old Designator=AC2 New Designator=AC?
Change Component Designator: Old Designator=AC3 New Designator=AC?
Change Component Designator: Old Designator=AC4 New Designator=AC?
Change Component Designator: Old Designator=AC5 New Designator=AC?
Change Component Designator: Old Designator=AC6 New Designator=AC?
Change Component Designator: Old Designator=AR2 New Designator=AR?
Change Component Designator: Old Designator=C20 New Designator=C?
Change Component Designator: Old Designator=C21 New Designator=C?
Change Component Designator: Old Designator=DTVS New Designator=DTVS?
Change Component Designator: Old Designator=F3 New Designator=F?
Change Component Designator: Old Designator=LDO1 New Designator=LDO?
Change Component Designator: Old Designator=LED1 New Designator=LED?
Change Component Designator: Old Designator=LED2 New Designator=LED?
Change Component Designator: Old Designator=R_pu1 New Designator=R_pu?
Change Component Designator: Old Designator=R_pu2 New Designator=R_pu?
Change Component Designator: Old Designator=R_pu5 New Designator=R_pu?
Change Component Designator: Old Designator=RESET1 New Designator=RESET?
Change Component Designator: Old Designator=RLED1 New Designator=RLED?
Change Component Designator: Old Designator=RLED2 New Designator=RLED?
Change Component Designator: Old Designator=U3 New Designator=U?
