Removed Member From Class: ClassName=Top Member=C20
Removed Member From Class: ClassName=Top Member=C22
Removed Member From Class: ClassName=Top Member=C23
Removed Member From Class: ClassName=Top Member=C24
Removed Member From Class: ClassName=Top Member=C25
Removed Member From Class: ClassName=Top Member=C26
Removed Member From Class: ClassName=Top Member=C27
Removed Member From Class: ClassName=LV1 Member=C?
Removed Member From Class: ClassName=Top Member=C?
Removed Member From Class: ClassName=Top Member=D9
Removed Member From Class: ClassName=Top Member=D11
Removed Member From Class: ClassName=Top Member=D12
Removed Member From Class: ClassName=Top Member=R12
Removed Member From Class: ClassName=Top Member=R15
Removed Member From Class: ClassName=Top Member=U3
Removed Member From Class: ClassName=Top Member=U4
Removed Member From Class: ClassName=LV1 Member=U?
Added Member To Class: ClassName=Top Member=Component C1 
Added Member To Class: ClassName=Top Member=Component C2 Cap Semi
Added Member To Class: ClassName=Top Member=Component C4 Cap Semi
Added Member To Class: ClassName=Top Member=Component C5 Cap Semi
Added Member To Class: ClassName=Top Member=Component C6 Cap Semi
Added Member To Class: ClassName=Top Member=Component C8 Cap Semi
Added Member To Class: ClassName=Top Member=Component C9 Cap Semi
Added Member To Class: ClassName=Top Member=Component C10 Cap Semi
Added Member To Class: ClassName=LV1 Member=Component C20 Cap Semi
Added Member To Class: ClassName=LV1 Member=Component C21 Cap Semi
Added Member To Class: ClassName=Top Member=Component D1 LEDGREEN
Added Member To Class: ClassName=Top Member=Component D3 LEDGREEN
Added Member To Class: ClassName=Top Member=Component D6 LEDYELLOW
Added Member To Class: ClassName=Top Member=Component R1 
Added Member To Class: ClassName=Top Member=Component R2 
Added Member To Class: ClassName=Top Member=Component U1 SP3084EEN-L
Added Member To Class: ClassName=Top Member=Component U2 SP3084EEN-L
Added Member To Class: ClassName=LV1 Member=Component U3 INA138
Added Room: Name=LV1
