Removed Pin From Net: NetName=+5VB_FILTERED Pin=L5-1
Removed Pin From Net: NetName=+5VGNDB Pin=L5-2
Removed Pin From Net: NetName=NetC19_C_1 Pin=L5-3
Removed Pin From Net: NetName=NetC27_2 Pin=L5-4
Removed Pin From Net: NetName=-5VGNDB Pin=L6-1
Removed Pin From Net: NetName=-5VB_FILTERED Pin=L6-2
Removed Pin From Net: NetName=NetC31_2 Pin=L6-3
Removed Pin From Net: NetName=NetC9_D_2 Pin=L6-4
Removed Pin From Net: NetName=+5VA_FILTERED Pin=L7-1
Removed Pin From Net: NetName=+5VGNDA Pin=L7-2
Removed Pin From Net: NetName=NetC19_B_1 Pin=L7-3
Removed Pin From Net: NetName=NetC35_1 Pin=L7-4
Removed Pin From Net: NetName=-5VGNDA Pin=L8-1
Removed Pin From Net: NetName=-5VA_FILTERED Pin=L8-2
Removed Pin From Net: NetName=NetC41_1 Pin=L8-3
Removed Pin From Net: NetName=NetC9_A_2 Pin=L8-4
Removed Member From Class: ClassName=U_controller Member=DTVS2
Added Pin To Net: NetName=NetC27_2 Pin=L5-1
Added Pin To Net: NetName=NetC19_C_1 Pin=L5-2
Added Pin To Net: NetName=+5VGNDB Pin=L5-3
Added Pin To Net: NetName=+5VB_FILTERED Pin=L5-4
Added Pin To Net: NetName=NetC9_D_2 Pin=L6-1
Added Pin To Net: NetName=NetC31_2 Pin=L6-2
Added Pin To Net: NetName=-5VB_FILTERED Pin=L6-3
Added Pin To Net: NetName=-5VGNDB Pin=L6-4
Added Pin To Net: NetName=NetC35_1 Pin=L7-1
Added Pin To Net: NetName=NetC19_B_1 Pin=L7-2
Added Pin To Net: NetName=+5VGNDA Pin=L7-3
Added Pin To Net: NetName=+5VA_FILTERED Pin=L7-4
Added Pin To Net: NetName=NetC9_A_2 Pin=L8-1
Added Pin To Net: NetName=NetC41_1 Pin=L8-2
Added Pin To Net: NetName=-5VA_FILTERED Pin=L8-3
Added Pin To Net: NetName=-5VGNDA Pin=L8-4
