Removed Member From Class: ClassName=U_controller Member=AC1
Removed Member From Class: ClassName=U_controller Member=AC2
Removed Member From Class: ClassName=U_controller Member=AC3
Removed Member From Class: ClassName=U_controller Member=AC4
Removed Member From Class: ClassName=U_controller Member=AC5
Removed Member From Class: ClassName=LV1 Member=C1
Removed Member From Class: ClassName=LV1 Member=C2
Removed Member From Class: ClassName=LV1 Member=C4
Removed Member From Class: ClassName=LV1 Member=C5
Removed Member From Class: ClassName=LV1 Member=C6
Removed Member From Class: ClassName=LV1 Member=C8
Removed Member From Class: ClassName=LV1 Member=C9
Removed Member From Class: ClassName=LV1 Member=C10
Removed Member From Class: ClassName=U_controller Member=C20
Removed Member From Class: ClassName=LV1 Member=D1
Removed Member From Class: ClassName=LV1 Member=D3
Removed Member From Class: ClassName=LV1 Member=D6
Removed Member From Class: ClassName=U_controller Member=LED2
Removed Member From Class: ClassName=LV1 Member=R1
Removed Member From Class: ClassName=LV1 Member=R2
Removed Member From Class: ClassName=U_controller Member=R_pu1
Removed Member From Class: ClassName=U_controller Member=R_pu5
Removed Member From Class: ClassName=U_controller Member=RLED2
Removed Member From Class: ClassName=LV1 Member=U1
Removed Member From Class: ClassName=LV1 Member=U2
Change Component Designator: OldDesignator=AC1 NewDesignator=AC?
Change Component Designator: OldDesignator=AC2 NewDesignator=AC?
Change Component Designator: OldDesignator=AC3 NewDesignator=AC?
Change Component Designator: OldDesignator=AC4 NewDesignator=AC?
Change Component Designator: OldDesignator=AC5 NewDesignator=AC?
Change Component Designator: OldDesignator=AC6 NewDesignator=AC?
Change Component Designator: OldDesignator=AR2 NewDesignator=AR?
Change Component Designator: OldDesignator=C1 NewDesignator=C25
Change Component Designator: OldDesignator=C2 NewDesignator=C27
Change Component Designator: OldDesignator=C4 NewDesignator=C24
Change Component Designator: OldDesignator=C5 NewDesignator=C26
Change Component Designator: OldDesignator=C6 NewDesignator=C23
Change Component Designator: OldDesignator=C8 NewDesignator=C21
Change Component Designator: OldDesignator=C9 NewDesignator=C22
Change Component Designator: OldDesignator=C10 NewDesignator=C20
Change Component Designator: OldDesignator=C20 NewDesignator=C?
Change Component Designator: OldDesignator=C21 NewDesignator=C?
Change Component Designator: OldDesignator=D1 NewDesignator=D11
Change Component Designator: OldDesignator=D3 NewDesignator=D9
Change Component Designator: OldDesignator=D6 NewDesignator=D12
Change Component Designator: OldDesignator=DTVS NewDesignator=DTVS?
Change Component Designator: OldDesignator=F2 NewDesignator=F1
Change Component Designator: OldDesignator=F3 NewDesignator=F?
Change Component Designator: OldDesignator=LDO1 NewDesignator=LDO?
Change Component Designator: OldDesignator=LED1 NewDesignator=LED?
Change Component Designator: OldDesignator=LED2 NewDesignator=LED?
Change Component Designator: OldDesignator=Q2 NewDesignator=Q3
Change Component Designator: OldDesignator=R1 NewDesignator=R15
Change Component Designator: OldDesignator=R2 NewDesignator=R12
Change Component Designator: OldDesignator=R5 NewDesignator=R11
Change Component Designator: OldDesignator=R6 NewDesignator=R14
Change Component Designator: OldDesignator=R7 NewDesignator=R16
Change Component Designator: OldDesignator=R8 NewDesignator=R13
Change Component Designator: OldDesignator=R_pu1 NewDesignator=R_pu?
Change Component Designator: OldDesignator=R_pu2 NewDesignator=R_pu?
Change Component Designator: OldDesignator=R_pu5 NewDesignator=R_pu?
Change Component Designator: OldDesignator=RESET1 NewDesignator=RESET?
Change Component Designator: OldDesignator=RLED1 NewDesignator=RLED?
Change Component Designator: OldDesignator=RLED2 NewDesignator=RLED?
Change Component Designator: OldDesignator=Rsense2 NewDesignator=Rsense1
Change Component Designator: OldDesignator=U1 NewDesignator=U4
Change Component Designator: OldDesignator=U2 NewDesignator=U3
Change Component Designator: OldDesignator=U3 NewDesignator=U?
Change Net Name : Old Net Name=NetAC6_2 New Net Name=NetAC?_2
Change Net Name : Old Net Name=NetC1_2 New Net Name=NetC25_2
Change Net Name : Old Net Name=NetC2_2 New Net Name=NetC27_2
Change Net Name : Old Net Name=NetC4_2 New Net Name=NetC24_2
Change Net Name : Old Net Name=NetC6_1 New Net Name=NetC23_1
Change Net Name : Old Net Name=NetC6_2 New Net Name=NetC21_2
Change Net Name : Old Net Name=NetD3_2 New Net Name=NetD9_2
Change Net Name : Old Net Name=NetF2_1 New Net Name=NetF1_1
Change Net Name : Old Net Name=NetLED1_2 New Net Name=NetLED?_2
Change Net Name : Old Net Name=NetLED2_A New Net Name=NetLED?_A
Change Net Name : Old Net Name=NetQ2_3 New Net Name=NetQ3_3
Change Net Name : Old Net Name=NetR1_2 New Net Name=NetR15_2
Change Net Name : Old Net Name=NetR2_1 New Net Name=NetR12_1
Added Pin To Net: NetName=NetC26_2 Pin=C26-2
Added Pin To Net: NetName=NetC26_2 Pin=R4-2
Added Pin To Net: NetName=NetC26_2 Pin=U4-11
Added Net: Name=NetC26_2
Added Pin To Net: NetName=NetD11_1 Pin=D11-1
Added Pin To Net: NetName=NetD11_1 Pin=D11-1
Added Pin To Net: NetName=NetD11_1 Pin=T1-10
Added Pin To Net: NetName=NetD11_1 Pin=T1-11
Added Pin To Net: NetName=NetD11_1 Pin=T1-12
Added Net: Name=NetD11_1
Added Member To Class: ClassName=LV1 Member=Component C20 Cap Semi
Added Member To Class: ClassName=LV1 Member=Component C21 Cap Semi
Added Member To Class: ClassName=LV1 Member=Component C22 Cap Semi
Added Member To Class: ClassName=LV1 Member=Component C23 Cap Semi
Added Member To Class: ClassName=LV1 Member=Component C24 Cap Semi
Added Member To Class: ClassName=LV1 Member=Component C25 Cap Semi
Added Member To Class: ClassName=LV1 Member=Component C26 Cap Semi
Added Member To Class: ClassName=LV1 Member=Component C27 Cap Semi
Added Member To Class: ClassName=LV1 Member=Component D9 BAV20WS
Added Member To Class: ClassName=LV1 Member=Component D11 PDS760-13
Added Member To Class: ClassName=LV1 Member=Component D12 BZT52H-B5V6
Added Member To Class: ClassName=LV1 Member=Component R12 Res3
Added Member To Class: ClassName=LV1 Member=Component R15 Res3
Added Member To Class: ClassName=LV1 Member=Component U3 INA138
Added Member To Class: ClassName=LV1 Member=Component U4 LT3748IMS#PBF
