Change Component Designator: Old Designator=C8 New Designator=C?
Change Component Designator: Old Designator=C9 New Designator=C?
Change Component Designator: Old Designator=C10 New Designator=C?
Change Component Designator: Old Designator=C11 New Designator=C?
Change Component Designator: Old Designator=C12 New Designator=C?
Change Component Designator: Old Designator=C13 New Designator=C?
Change Component Designator: Old Designator=D6 New Designator=D?
Change Component Designator: Old Designator=D7 New Designator=D?
Change Component Designator: Old Designator=D8 New Designator=D?
Change Component Designator: Old Designator=D10 New Designator=D?
Change Component Designator: Old Designator=F2 New Designator=F?
Change Component Designator: Old Designator=LT2 New Designator=LT?
Change Component Designator: Old Designator=Q2 New Designator=Q?
Change Component Designator: Old Designator=R5 New Designator=R?
Change Component Designator: Old Designator=R6 New Designator=R?
Change Component Designator: Old Designator=R7 New Designator=R?
Change Component Designator: Old Designator=R8 New Designator=R?
Change Component Designator: Old Designator=Rfb2 New Designator=Rfb?
Change Component Designator: Old Designator=Rref2 New Designator=Rref?
Change Component Designator: Old Designator=Rsense2 New Designator=Rsense?
Change Component Designator: Old Designator=Rtc2 New Designator=Rtc?
Change Component Designator: Old Designator=T2 New Designator=T?
Change Component Designator: Old Designator=U2 New Designator=U?
