Removed Pin From Net: NetName=+5VRAW Pin=J1-1
Removed Pin From Net: NetName=GND Pin=J1-2
Removed Pin From Net: NetName=SCL Pin=J1-3
Removed Pin From Net: NetName=SDA Pin=J1-4
Removed Pin From Net: NetName=GND Pin=J1-5
Removed Pin From Net: NetName=+5VRAW Pin=J1-33
Removed Pin From Net: NetName=GND Pin=J1-34
Removed Pin From Net: NetName=SCL Pin=J1-35
Removed Pin From Net: NetName=SDA Pin=J1-36
Removed Pin From Net: NetName=GND Pin=J1-37
Added Pin To Net: NetName=24V Pin=J1-1
Added Pin To Net: NetName=+5VRAW Pin=J1-2
Added Pin To Net: NetName=GND Pin=J1-3
Added Pin To Net: NetName=SCL Pin=J1-4
Added Pin To Net: NetName=SDA Pin=J1-5
Added Pin To Net: NetName=24V Pin=J1-33
Added Pin To Net: NetName=+5VRAW Pin=J1-34
Added Pin To Net: NetName=GND Pin=J1-35
Added Pin To Net: NetName=SCL Pin=J1-36
Added Pin To Net: NetName=SDA Pin=J1-37
