Removed Member From Class: ClassName=LV1 Member=C2
Removed Member From Class: ClassName=LV1 Member=C3
Removed Member From Class: ClassName=LV1 Member=R1
Removed Member From Class: ClassName=LV1 Member=R2
Removed Member From Class: ClassName=LV1 Member=U1
Added Component: Designator=J1(44wayPCBEdgeConnector)
Added Pin To Net: NetName=24V Pin=J1-1
Added Pin To Net: NetName=GND Pin=J1-2
Added Pin To Net: NetName=+5V Pin=J1-3
Added Pin To Net: NetName=SDA Pin=J1-4
Added Pin To Net: NetName=SCL Pin=J1-5
Added Pin To Net: NetName=NetJ1_6 Pin=J1-6
Added Pin To Net: NetName=NetJ1_7 Pin=J1-7
Added Pin To Net: NetName=NetJ1_8 Pin=J1-8
Added Pin To Net: NetName=NetJ1_9 Pin=J1-9
Added Pin To Net: NetName=NetJ1_10 Pin=J1-10
Added Pin To Net: NetName=NetJ1_11 Pin=J1-11
Added Pin To Net: NetName=NetJ1_12 Pin=J1-12
Added Pin To Net: NetName=NetJ1_13 Pin=J1-13
Added Pin To Net: NetName=GND Pin=J1-14
Added Pin To Net: NetName=NetC9_LV3_2 Pin=J1-15
Added Pin To Net: NetName=NetC9_LV3_2 Pin=J1-16
Added Pin To Net: NetName=GNDOUT_LV3 Pin=J1-17
Added Pin To Net: NetName=GNDOUT_LV3 Pin=J1-18
Added Pin To Net: NetName=NetC9_LV4_2 Pin=J1-19
Added Pin To Net: NetName=NetC9_LV4_2 Pin=J1-20
Added Pin To Net: NetName=GNDOUT_LV4 Pin=J1-21
Added Pin To Net: NetName=GNDOUT_LV4 Pin=J1-22
Added Pin To Net: NetName=NetC9_LV1_2 Pin=J1-23
Added Pin To Net: NetName=NetC9_LV1_2 Pin=J1-24
Added Pin To Net: NetName=GNDOUT_LV1 Pin=J1-25
Added Pin To Net: NetName=GNDOUT_LV1 Pin=J1-26
Added Pin To Net: NetName=NetC9_LV2_2 Pin=J1-27
Added Pin To Net: NetName=NetC9_LV2_2 Pin=J1-28
Added Pin To Net: NetName=GNDOUT_LV2 Pin=J1-29
Added Pin To Net: NetName=GNDOUT_LV2 Pin=J1-30
Added Pin To Net: NetName=GND Pin=J1-31
Added Pin To Net: NetName=GND Pin=J1-32
Added Pin To Net: NetName=GND Pin=J1-33
Added Pin To Net: NetName=GND Pin=J1-34
Added Pin To Net: NetName=GND Pin=J1-35
Added Pin To Net: NetName=GND Pin=J1-36
Added Pin To Net: NetName=ADRS0 Pin=J1-37
Added Pin To Net: NetName=ADRS1 Pin=J1-38
Added Pin To Net: NetName=ADRS2 Pin=J1-39
Added Pin To Net: NetName=SCL Pin=J1-40
Added Pin To Net: NetName=SDA Pin=J1-41
Added Pin To Net: NetName=+5V Pin=J1-42
Added Pin To Net: NetName=GND Pin=J1-43
Added Pin To Net: NetName=24V Pin=J1-44
Added Member To Class: ClassName=Top Member=Component J1 Edgeconnector44way
