Change Component Designator: OldDesignator=C8 NewDesignator=C8_LV1
Change Component Designator: OldDesignator=C8 NewDesignator=C8_LV2
Change Component Designator: OldDesignator=C8 NewDesignator=C8_LV3
Change Component Designator: OldDesignator=C8 NewDesignator=C8_LV4
Change Component Designator: OldDesignator=C9 NewDesignator=C9_LV1
Change Component Designator: OldDesignator=C9 NewDesignator=C9_LV2
Change Component Designator: OldDesignator=C9 NewDesignator=C9_LV3
Change Component Designator: OldDesignator=C9 NewDesignator=C9_LV4
Change Component Designator: OldDesignator=C10 NewDesignator=C10_LV1
Change Component Designator: OldDesignator=C10 NewDesignator=C10_LV2
Change Component Designator: OldDesignator=C10 NewDesignator=C10_LV3
Change Component Designator: OldDesignator=C10 NewDesignator=C10_LV4
Change Component Designator: OldDesignator=C11 NewDesignator=C11_LV1
Change Component Designator: OldDesignator=C11 NewDesignator=C11_LV2
Change Component Designator: OldDesignator=C11 NewDesignator=C11_LV3
Change Component Designator: OldDesignator=C11 NewDesignator=C11_LV4
Change Component Designator: OldDesignator=C12 NewDesignator=C12_LV1
Change Component Designator: OldDesignator=C12 NewDesignator=C12_LV2
Change Component Designator: OldDesignator=C12 NewDesignator=C12_LV3
Change Component Designator: OldDesignator=C12 NewDesignator=C12_LV4
Change Component Designator: OldDesignator=C13 NewDesignator=C13_LV1
Change Component Designator: OldDesignator=C13 NewDesignator=C13_LV2
Change Component Designator: OldDesignator=C13 NewDesignator=C13_LV3
Change Component Designator: OldDesignator=C13 NewDesignator=C13_LV4
Change Component Designator: OldDesignator=C30 NewDesignator=C30_LV1
Change Component Designator: OldDesignator=C30 NewDesignator=C30_LV2
Change Component Designator: OldDesignator=C30 NewDesignator=C30_LV3
Change Component Designator: OldDesignator=C30 NewDesignator=C30_LV4
Change Component Designator: OldDesignator=D6 NewDesignator=D6_LV1
Change Component Designator: OldDesignator=D6 NewDesignator=D6_LV2
Change Component Designator: OldDesignator=D6 NewDesignator=D6_LV3
Change Component Designator: OldDesignator=D6 NewDesignator=D6_LV4
Change Component Designator: OldDesignator=D7 NewDesignator=D7_LV1
Change Component Designator: OldDesignator=D7 NewDesignator=D7_LV2
Change Component Designator: OldDesignator=D7 NewDesignator=D7_LV3
Change Component Designator: OldDesignator=D7 NewDesignator=D7_LV4
Change Component Designator: OldDesignator=D8 NewDesignator=D8_LV1
Change Component Designator: OldDesignator=D8 NewDesignator=D8_LV2
Change Component Designator: OldDesignator=D8 NewDesignator=D8_LV3
Change Component Designator: OldDesignator=D8 NewDesignator=D8_LV4
Change Component Designator: OldDesignator=D9 NewDesignator=D9_LV1
Change Component Designator: OldDesignator=D9 NewDesignator=D9_LV2
Change Component Designator: OldDesignator=D9 NewDesignator=D9_LV3
Change Component Designator: OldDesignator=D9 NewDesignator=D9_LV4
Change Component Designator: OldDesignator=D10 NewDesignator=D10_LV1
Change Component Designator: OldDesignator=D10 NewDesignator=D10_LV2
Change Component Designator: OldDesignator=D10 NewDesignator=D10_LV3
Change Component Designator: OldDesignator=D10 NewDesignator=D10_LV4
Change Component Designator: OldDesignator=DTVS1 NewDesignator=DTVS1_LV1
Change Component Designator: OldDesignator=DTVS1 NewDesignator=DTVS1_LV2
Change Component Designator: OldDesignator=DTVS1 NewDesignator=DTVS1_LV3
Change Component Designator: OldDesignator=DTVS1 NewDesignator=DTVS1_LV4
Change Component Designator: OldDesignator=F2 NewDesignator=F2_LV1
Change Component Designator: OldDesignator=F2 NewDesignator=F2_LV2
Change Component Designator: OldDesignator=F2 NewDesignator=F2_LV3
Change Component Designator: OldDesignator=F2 NewDesignator=F2_LV4
Change Component Designator: OldDesignator=LT2 NewDesignator=LT2_LV1
Change Component Designator: OldDesignator=LT2 NewDesignator=LT2_LV2
Change Component Designator: OldDesignator=LT2 NewDesignator=LT2_LV3
Change Component Designator: OldDesignator=LT2 NewDesignator=LT2_LV4
Change Component Designator: OldDesignator=Q2 NewDesignator=Q2_LV1
Change Component Designator: OldDesignator=Q2 NewDesignator=Q2_LV2
Change Component Designator: OldDesignator=Q2 NewDesignator=Q2_LV3
Change Component Designator: OldDesignator=Q2 NewDesignator=Q2_LV4
Change Component Designator: OldDesignator=R5 NewDesignator=R5_LV1
Change Component Designator: OldDesignator=R5 NewDesignator=R5_LV2
Change Component Designator: OldDesignator=R5 NewDesignator=R5_LV3
Change Component Designator: OldDesignator=R5 NewDesignator=R5_LV4
Change Component Designator: OldDesignator=R6 NewDesignator=R6_LV1
Change Component Designator: OldDesignator=R6 NewDesignator=R6_LV2
Change Component Designator: OldDesignator=R6 NewDesignator=R6_LV3
Change Component Designator: OldDesignator=R6 NewDesignator=R6_LV4
Change Component Designator: OldDesignator=R7 NewDesignator=R7_LV1
Change Component Designator: OldDesignator=R7 NewDesignator=R7_LV2
Change Component Designator: OldDesignator=R7 NewDesignator=R7_LV3
Change Component Designator: OldDesignator=R7 NewDesignator=R7_LV4
Change Component Designator: OldDesignator=R8 NewDesignator=R8_LV1
Change Component Designator: OldDesignator=R8 NewDesignator=R8_LV2
Change Component Designator: OldDesignator=R8 NewDesignator=R8_LV3
Change Component Designator: OldDesignator=R8 NewDesignator=R8_LV4
Change Component Designator: OldDesignator=Rfb2 NewDesignator=Rfb2_LV1
Change Component Designator: OldDesignator=Rfb2 NewDesignator=Rfb2_LV2
Change Component Designator: OldDesignator=Rfb2 NewDesignator=Rfb2_LV3
Change Component Designator: OldDesignator=Rfb2 NewDesignator=Rfb2_LV4
Change Component Designator: OldDesignator=Rref2 NewDesignator=Rref2_LV1
Change Component Designator: OldDesignator=Rref2 NewDesignator=Rref2_LV2
Change Component Designator: OldDesignator=Rref2 NewDesignator=Rref2_LV3
Change Component Designator: OldDesignator=Rref2 NewDesignator=Rref2_LV4
Change Component Designator: OldDesignator=Rsense2 NewDesignator=Rsense2_LV1
Change Component Designator: OldDesignator=Rsense2 NewDesignator=Rsense2_LV2
Change Component Designator: OldDesignator=Rsense2 NewDesignator=Rsense2_LV3
Change Component Designator: OldDesignator=Rsense2 NewDesignator=Rsense2_LV4
Change Component Designator: OldDesignator=Rtc2 NewDesignator=Rtc2_LV1
Change Component Designator: OldDesignator=Rtc2 NewDesignator=Rtc2_LV2
Change Component Designator: OldDesignator=Rtc2 NewDesignator=Rtc2_LV3
Change Component Designator: OldDesignator=Rtc2 NewDesignator=Rtc2_LV4
Change Component Designator: OldDesignator=T2 NewDesignator=T2_LV1
Change Component Designator: OldDesignator=T2 NewDesignator=T2_LV2
Change Component Designator: OldDesignator=T2 NewDesignator=T2_LV3
Change Component Designator: OldDesignator=T2 NewDesignator=T2_LV4
Change Component Designator: OldDesignator=U2 NewDesignator=U2_LV1
Change Component Designator: OldDesignator=U2 NewDesignator=U2_LV2
Change Component Designator: OldDesignator=U2 NewDesignator=U2_LV3
Change Component Designator: OldDesignator=U2 NewDesignator=U2_LV4
Added Pin To Net: NetName=GND Pin=C8_LV2-1
Added Pin To Net: NetName=+5V Pin=C8_LV2-2
Added Pin To Net: NetName=GND Pin=C8_LV3-1
Added Pin To Net: NetName=+5V Pin=C8_LV3-2
Added Pin To Net: NetName=GND Pin=C8_LV4-1
Added Pin To Net: NetName=+5V Pin=C8_LV4-2
Added Pin To Net: NetName=GNDOUT Pin=C9_LV2-1
Added Pin To Net: NetName=NetC9_2 Pin=C9_LV2-2
Added Pin To Net: NetName=GNDOUT Pin=C9_LV3-1
Added Pin To Net: NetName=NetC9_2 Pin=C9_LV3-2
Added Pin To Net: NetName=GNDOUT Pin=C9_LV4-1
Added Pin To Net: NetName=NetC9_2 Pin=C9_LV4-2
Added Pin To Net: NetName=GNDOUT Pin=C10_LV2-1
Added Pin To Net: NetName=NetC9_2 Pin=C10_LV2-2
Added Pin To Net: NetName=GNDOUT Pin=C10_LV3-1
Added Pin To Net: NetName=NetC9_2 Pin=C10_LV3-2
Added Pin To Net: NetName=GNDOUT Pin=C10_LV4-1
Added Pin To Net: NetName=NetC9_2 Pin=C10_LV4-2
Added Pin To Net: NetName=GND Pin=C11_LV2-1
Added Pin To Net: NetName=GND Pin=C11_LV3-1
Added Pin To Net: NetName=GND Pin=C11_LV4-1
Added Pin To Net: NetName=GND Pin=C12_LV2-2
Added Pin To Net: NetName=GND Pin=C12_LV3-2
Added Pin To Net: NetName=GND Pin=C12_LV4-2
Added Pin To Net: NetName=GND Pin=C30_LV2-1
Added Pin To Net: NetName=GNDOUT Pin=C30_LV2-2
Added Pin To Net: NetName=GND Pin=C30_LV3-1
Added Pin To Net: NetName=GNDOUT Pin=C30_LV3-2
Added Pin To Net: NetName=GND Pin=C30_LV4-1
Added Pin To Net: NetName=GNDOUT Pin=C30_LV4-2
Added Pin To Net: NetName=NetC9_2 Pin=D6_LV2-1
Added Pin To Net: NetName=GNDOUT Pin=D6_LV2-2
Added Pin To Net: NetName=NetC9_2 Pin=D6_LV3-1
Added Pin To Net: NetName=GNDOUT Pin=D6_LV3-2
Added Pin To Net: NetName=NetC9_2 Pin=D6_LV4-1
Added Pin To Net: NetName=GNDOUT Pin=D6_LV4-2
Added Pin To Net: NetName=NetC9_2 Pin=D7_LV2-2
Added Pin To Net: NetName=NetC9_2 Pin=D7_LV3-2
Added Pin To Net: NetName=NetC9_2 Pin=D7_LV4-2
Added Pin To Net: NetName=GND Pin=D9_LV2-2
Added Pin To Net: NetName=GND Pin=D9_LV3-2
Added Pin To Net: NetName=GND Pin=D9_LV4-2
Added Pin To Net: NetName=GND Pin=DTVS1_LV2-2
Added Pin To Net: NetName=GND Pin=DTVS1_LV3-2
Added Pin To Net: NetName=GND Pin=DTVS1_LV4-2
Added Pin To Net: NetName=GND Pin=LT2_LV2-4
Added Pin To Net: NetName=GND Pin=LT2_LV2-4
Added Pin To Net: NetName=GND Pin=LT2_LV3-4
Added Pin To Net: NetName=GND Pin=LT2_LV3-4
Added Pin To Net: NetName=GND Pin=LT2_LV4-4
Added Pin To Net: NetName=GND Pin=LT2_LV4-4
Added Pin To Net: NetName=GND Pin=Q2_LV2-2
Added Pin To Net: NetName=GND Pin=Q2_LV3-2
Added Pin To Net: NetName=GND Pin=Q2_LV4-2
Added Pin To Net: NetName=GND Pin=R5_LV2-1
Added Pin To Net: NetName=GND Pin=R5_LV3-1
Added Pin To Net: NetName=GND Pin=R5_LV4-1
Added Pin To Net: NetName=GND Pin=Rref2_LV2-2
Added Pin To Net: NetName=GND Pin=Rref2_LV3-2
Added Pin To Net: NetName=GND Pin=Rref2_LV4-2
Added Pin To Net: NetName=GNDOUT Pin=T2_LV2-9
Added Pin To Net: NetName=GNDOUT Pin=T2_LV2-10
Added Pin To Net: NetName=GNDOUT Pin=T2_LV3-9
Added Pin To Net: NetName=GNDOUT Pin=T2_LV3-10
Added Pin To Net: NetName=GNDOUT Pin=T2_LV4-9
Added Pin To Net: NetName=GNDOUT Pin=T2_LV4-10
Added Pin To Net: NetName=GND Pin=U2_LV2-2
Added Pin To Net: NetName=+5V Pin=U2_LV2-5
Added Pin To Net: NetName=GND Pin=U2_LV3-2
Added Pin To Net: NetName=+5V Pin=U2_LV3-5
Added Pin To Net: NetName=GND Pin=U2_LV4-2
Added Pin To Net: NetName=+5V Pin=U2_LV4-5
Change Net Name : Old Net Name=GNDOUT New Net Name=GNDOUT_LV1
Change Net Name : Old Net Name=NetC9_2 New Net Name=NetC9_LV1_2
Change Net Name : Old Net Name=NetC11_2 New Net Name=NetC11_LV1_2
Change Net Name : Old Net Name=NetC12_1 New Net Name=NetC12_LV1_1
Change Net Name : Old Net Name=NetC13_1 New Net Name=NetC13_LV1_1
Change Net Name : Old Net Name=NetD7_1 New Net Name=NetD7_LV1_1
Change Net Name : Old Net Name=NetD8_2 New Net Name=NetD8_LV1_2
Change Net Name : Old Net Name=NetD9_1 New Net Name=NetD9_LV1_1
Change Net Name : Old Net Name=NetF2_1 New Net Name=NetF2_LV1_1
Change Net Name : Old Net Name=NetLT2_1 New Net Name=NetLT2_LV1_1
Change Net Name : Old Net Name=NetLT2_6 New Net Name=NetLT2_LV1_6
Change Net Name : Old Net Name=NetLT2_7 New Net Name=NetLT2_LV1_7
Change Net Name : Old Net Name=NetLT2_8 New Net Name=NetLT2_LV1_8
Change Net Name : Old Net Name=SW New Net Name=SW_LV1
Added Pin To Net: NetName=NetC11_LV2_2 Pin=C11_LV2-2
Added Pin To Net: NetName=NetC11_LV2_2 Pin=C13_LV2-2
Added Pin To Net: NetName=NetC11_LV2_2 Pin=D8_LV2-1
Added Pin To Net: NetName=NetC11_LV2_2 Pin=DTVS1_LV2-1
Added Pin To Net: NetName=NetC11_LV2_2 Pin=F2_LV2-2
Added Pin To Net: NetName=NetC11_LV2_2 Pin=LT2_LV2-3
Added Pin To Net: NetName=NetC11_LV2_2 Pin=R6_LV2-2
Added Pin To Net: NetName=NetC11_LV2_2 Pin=T2_LV2-5
Added Net: Name=NetC11_LV2_2
Added Pin To Net: NetName=NetC11_LV3_2 Pin=C11_LV3-2
Added Pin To Net: NetName=NetC11_LV3_2 Pin=C13_LV3-2
Added Pin To Net: NetName=NetC11_LV3_2 Pin=D8_LV3-1
Added Pin To Net: NetName=NetC11_LV3_2 Pin=DTVS1_LV3-1
Added Pin To Net: NetName=NetC11_LV3_2 Pin=F2_LV3-2
Added Pin To Net: NetName=NetC11_LV3_2 Pin=LT2_LV3-3
Added Pin To Net: NetName=NetC11_LV3_2 Pin=R6_LV3-2
Added Pin To Net: NetName=NetC11_LV3_2 Pin=T2_LV3-5
Added Net: Name=NetC11_LV3_2
Added Pin To Net: NetName=NetC11_LV4_2 Pin=C11_LV4-2
Added Pin To Net: NetName=NetC11_LV4_2 Pin=C13_LV4-2
Added Pin To Net: NetName=NetC11_LV4_2 Pin=D8_LV4-1
Added Pin To Net: NetName=NetC11_LV4_2 Pin=DTVS1_LV4-1
Added Pin To Net: NetName=NetC11_LV4_2 Pin=F2_LV4-2
Added Pin To Net: NetName=NetC11_LV4_2 Pin=LT2_LV4-3
Added Pin To Net: NetName=NetC11_LV4_2 Pin=R6_LV4-2
Added Pin To Net: NetName=NetC11_LV4_2 Pin=T2_LV4-5
Added Net: Name=NetC11_LV4_2
Added Pin To Net: NetName=NetC12_LV2_1 Pin=C12_LV2-1
Added Pin To Net: NetName=NetC12_LV2_1 Pin=LT2_LV2-2
Added Net: Name=NetC12_LV2_1
Added Pin To Net: NetName=NetC12_LV3_1 Pin=C12_LV3-1
Added Pin To Net: NetName=NetC12_LV3_1 Pin=LT2_LV3-2
Added Net: Name=NetC12_LV3_1
Added Pin To Net: NetName=NetC12_LV4_1 Pin=C12_LV4-1
Added Pin To Net: NetName=NetC12_LV4_1 Pin=LT2_LV4-2
Added Net: Name=NetC12_LV4_1
Added Pin To Net: NetName=NetC13_LV2_1 Pin=C13_LV2-1
Added Pin To Net: NetName=NetC13_LV2_1 Pin=R8_LV2-2
Added Net: Name=NetC13_LV2_1
Added Pin To Net: NetName=NetC13_LV3_1 Pin=C13_LV3-1
Added Pin To Net: NetName=NetC13_LV3_1 Pin=R8_LV3-2
Added Net: Name=NetC13_LV3_1
Added Pin To Net: NetName=NetC13_LV4_1 Pin=C13_LV4-1
Added Pin To Net: NetName=NetC13_LV4_1 Pin=R8_LV4-2
Added Net: Name=NetC13_LV4_1
Added Pin To Net: NetName=NetD7_LV2_1 Pin=D7_LV2-1
Added Pin To Net: NetName=NetD7_LV2_1 Pin=D7_LV2-1
Added Pin To Net: NetName=NetD7_LV2_1 Pin=T2_LV2-6
Added Pin To Net: NetName=NetD7_LV2_1 Pin=T2_LV2-7
Added Net: Name=NetD7_LV2_1
Added Pin To Net: NetName=NetD7_LV3_1 Pin=D7_LV3-1
Added Pin To Net: NetName=NetD7_LV3_1 Pin=D7_LV3-1
Added Pin To Net: NetName=NetD7_LV3_1 Pin=T2_LV3-6
Added Pin To Net: NetName=NetD7_LV3_1 Pin=T2_LV3-7
Added Net: Name=NetD7_LV3_1
Added Pin To Net: NetName=NetD7_LV4_1 Pin=D7_LV4-1
Added Pin To Net: NetName=NetD7_LV4_1 Pin=D7_LV4-1
Added Pin To Net: NetName=NetD7_LV4_1 Pin=T2_LV4-6
Added Pin To Net: NetName=NetD7_LV4_1 Pin=T2_LV4-7
Added Net: Name=NetD7_LV4_1
Added Pin To Net: NetName=NetD8_LV2_2 Pin=D8_LV2-2
Added Pin To Net: NetName=NetD8_LV2_2 Pin=D10_LV2-1
Added Net: Name=NetD8_LV2_2
Added Pin To Net: NetName=NetD8_LV3_2 Pin=D8_LV3-2
Added Pin To Net: NetName=NetD8_LV3_2 Pin=D10_LV3-1
Added Net: Name=NetD8_LV3_2
Added Pin To Net: NetName=NetD8_LV4_2 Pin=D8_LV4-2
Added Pin To Net: NetName=NetD8_LV4_2 Pin=D10_LV4-1
Added Net: Name=NetD8_LV4_2
Added Pin To Net: NetName=NetD9_LV2_1 Pin=D9_LV2-1
Added Pin To Net: NetName=NetD9_LV2_1 Pin=R7_LV2-1
Added Net: Name=NetD9_LV2_1
Added Pin To Net: NetName=NetD9_LV3_1 Pin=D9_LV3-1
Added Pin To Net: NetName=NetD9_LV3_1 Pin=R7_LV3-1
Added Net: Name=NetD9_LV3_1
Added Pin To Net: NetName=NetD9_LV4_1 Pin=D9_LV4-1
Added Pin To Net: NetName=NetD9_LV4_1 Pin=R7_LV4-1
Added Net: Name=NetD9_LV4_1
Added Pin To Net: NetName=NetF2_LV2_1 Pin=F2_LV2-1
Added Pin To Net: NetName=NetF2_LV2_1 Pin=Rsense2_LV2-2
Added Pin To Net: NetName=NetF2_LV2_1 Pin=U2_LV2-4
Added Net: Name=NetF2_LV2_1
Added Pin To Net: NetName=NetF2_LV3_1 Pin=F2_LV3-1
Added Pin To Net: NetName=NetF2_LV3_1 Pin=Rsense2_LV3-2
Added Pin To Net: NetName=NetF2_LV3_1 Pin=U2_LV3-4
Added Net: Name=NetF2_LV3_1
Added Pin To Net: NetName=NetF2_LV4_1 Pin=F2_LV4-1
Added Pin To Net: NetName=NetF2_LV4_1 Pin=Rsense2_LV4-2
Added Pin To Net: NetName=NetF2_LV4_1 Pin=U2_LV4-4
Added Net: Name=NetF2_LV4_1
Added Pin To Net: NetName=NetLT2_LV2_1 Pin=LT2_LV2-1
Added Pin To Net: NetName=NetLT2_LV2_1 Pin=Q2_LV2-3
Added Pin To Net: NetName=NetLT2_LV2_1 Pin=R6_LV2-1
Added Pin To Net: NetName=NetLT2_LV2_1 Pin=R7_LV2-2
Added Net: Name=NetLT2_LV2_1
Added Pin To Net: NetName=NetLT2_LV2_6 Pin=LT2_LV2-6
Added Pin To Net: NetName=NetLT2_LV2_6 Pin=Rfb2_LV2-1
Added Net: Name=NetLT2_LV2_6
Added Pin To Net: NetName=NetLT2_LV2_7 Pin=LT2_LV2-7
Added Pin To Net: NetName=NetLT2_LV2_7 Pin=Rref2_LV2-1
Added Pin To Net: NetName=NetLT2_LV2_7 Pin=Rtc2_LV2-2
Added Net: Name=NetLT2_LV2_7
Added Pin To Net: NetName=NetLT2_LV2_8 Pin=LT2_LV2-8
Added Pin To Net: NetName=NetLT2_LV2_8 Pin=Rtc2_LV2-1
Added Net: Name=NetLT2_LV2_8
Added Pin To Net: NetName=NetLT2_LV3_1 Pin=LT2_LV3-1
Added Pin To Net: NetName=NetLT2_LV3_1 Pin=Q2_LV3-3
Added Pin To Net: NetName=NetLT2_LV3_1 Pin=R6_LV3-1
Added Pin To Net: NetName=NetLT2_LV3_1 Pin=R7_LV3-2
Added Net: Name=NetLT2_LV3_1
Added Pin To Net: NetName=NetLT2_LV3_6 Pin=LT2_LV3-6
Added Pin To Net: NetName=NetLT2_LV3_6 Pin=Rfb2_LV3-1
Added Net: Name=NetLT2_LV3_6
Added Pin To Net: NetName=NetLT2_LV3_7 Pin=LT2_LV3-7
Added Pin To Net: NetName=NetLT2_LV3_7 Pin=Rref2_LV3-1
Added Pin To Net: NetName=NetLT2_LV3_7 Pin=Rtc2_LV3-2
Added Net: Name=NetLT2_LV3_7
Added Pin To Net: NetName=NetLT2_LV3_8 Pin=LT2_LV3-8
Added Pin To Net: NetName=NetLT2_LV3_8 Pin=Rtc2_LV3-1
Added Net: Name=NetLT2_LV3_8
Added Pin To Net: NetName=NetLT2_LV4_1 Pin=LT2_LV4-1
Added Pin To Net: NetName=NetLT2_LV4_1 Pin=Q2_LV4-3
Added Pin To Net: NetName=NetLT2_LV4_1 Pin=R6_LV4-1
Added Pin To Net: NetName=NetLT2_LV4_1 Pin=R7_LV4-2
Added Net: Name=NetLT2_LV4_1
Added Pin To Net: NetName=NetLT2_LV4_6 Pin=LT2_LV4-6
Added Pin To Net: NetName=NetLT2_LV4_6 Pin=Rfb2_LV4-1
Added Net: Name=NetLT2_LV4_6
Added Pin To Net: NetName=NetLT2_LV4_7 Pin=LT2_LV4-7
Added Pin To Net: NetName=NetLT2_LV4_7 Pin=Rref2_LV4-1
Added Pin To Net: NetName=NetLT2_LV4_7 Pin=Rtc2_LV4-2
Added Net: Name=NetLT2_LV4_7
Added Pin To Net: NetName=NetLT2_LV4_8 Pin=LT2_LV4-8
Added Pin To Net: NetName=NetLT2_LV4_8 Pin=Rtc2_LV4-1
Added Net: Name=NetLT2_LV4_8
Added Pin To Net: NetName=NetQ2_LV1_1 Pin=Q2_LV1-1
Added Pin To Net: NetName=NetQ2_LV1_1 Pin=Q2_LV2-1
Added Pin To Net: NetName=NetQ2_LV1_1 Pin=Q2_LV3-1
Added Pin To Net: NetName=NetQ2_LV1_1 Pin=Q2_LV4-1
Added Net: Name=NetQ2_LV1_1
Added Pin To Net: NetName=NetR5_LV1_2 Pin=R5_LV1-2
Added Pin To Net: NetName=NetR5_LV1_2 Pin=R5_LV2-2
Added Pin To Net: NetName=NetR5_LV1_2 Pin=R5_LV3-2
Added Pin To Net: NetName=NetR5_LV1_2 Pin=R5_LV4-2
Added Pin To Net: NetName=NetR5_LV1_2 Pin=U2_LV1-1
Added Pin To Net: NetName=NetR5_LV1_2 Pin=U2_LV2-1
Added Pin To Net: NetName=NetR5_LV1_2 Pin=U2_LV3-1
Added Pin To Net: NetName=NetR5_LV1_2 Pin=U2_LV4-1
Added Net: Name=NetR5_LV1_2
Added Pin To Net: NetName=NetRsense2_LV1_1 Pin=Rsense2_LV1-1
Added Pin To Net: NetName=NetRsense2_LV1_1 Pin=Rsense2_LV2-1
Added Pin To Net: NetName=NetRsense2_LV1_1 Pin=Rsense2_LV3-1
Added Pin To Net: NetName=NetRsense2_LV1_1 Pin=Rsense2_LV4-1
Added Pin To Net: NetName=NetRsense2_LV1_1 Pin=U2_LV1-3
Added Pin To Net: NetName=NetRsense2_LV1_1 Pin=U2_LV2-3
Added Pin To Net: NetName=NetRsense2_LV1_1 Pin=U2_LV3-3
Added Pin To Net: NetName=NetRsense2_LV1_1 Pin=U2_LV4-3
Added Net: Name=NetRsense2_LV1_1
Added Pin To Net: NetName=SW_LV2 Pin=D10_LV2-2
Added Pin To Net: NetName=SW_LV2 Pin=LT2_LV2-5
Added Pin To Net: NetName=SW_LV2 Pin=R8_LV2-1
Added Pin To Net: NetName=SW_LV2 Pin=Rfb2_LV2-2
Added Pin To Net: NetName=SW_LV2 Pin=T2_LV2-3
Added Net: Name=SW_LV2
Added Pin To Net: NetName=SW_LV3 Pin=D10_LV3-2
Added Pin To Net: NetName=SW_LV3 Pin=LT2_LV3-5
Added Pin To Net: NetName=SW_LV3 Pin=R8_LV3-1
Added Pin To Net: NetName=SW_LV3 Pin=Rfb2_LV3-2
Added Pin To Net: NetName=SW_LV3 Pin=T2_LV3-3
Added Net: Name=SW_LV3
Added Pin To Net: NetName=SW_LV4 Pin=D10_LV4-2
Added Pin To Net: NetName=SW_LV4 Pin=LT2_LV4-5
Added Pin To Net: NetName=SW_LV4 Pin=R8_LV4-1
Added Pin To Net: NetName=SW_LV4 Pin=Rfb2_LV4-2
Added Pin To Net: NetName=SW_LV4 Pin=T2_LV4-3
Added Net: Name=SW_LV4
Added Class: Name=LV1
Added Class: Name=LV2
Added Class: Name=LV3
Added Class: Name=LV4
Added Class: Name=LV1
