Change Component Designator: OldDesignator=C22_LV1 NewDesignator=C31_LV1
Change Component Designator: OldDesignator=C22_LV3 NewDesignator=C31_LV3
Added Component: Designator=C30_LV1(C1210)
Added Component: Designator=C30_LV3(C1210)
Added Component: Designator=C32_LV1(C1210)
Added Component: Designator=C32_LV3(C1210)
Added Component: Designator=C33_LV1(C1210)
Added Component: Designator=C33_LV3(C1210)
Added Pin To Net: NetName=GND Pin=C30_LV1-1
Added Pin To Net: NetName=NetC22_LV1_2 Pin=C30_LV1-2
Added Pin To Net: NetName=GND Pin=C30_LV3-1
Added Pin To Net: NetName=NetC22_LV3_2 Pin=C30_LV3-2
Added Pin To Net: NetName=GND Pin=C32_LV1-1
Added Pin To Net: NetName=NetC22_LV1_2 Pin=C32_LV1-2
Added Pin To Net: NetName=GND Pin=C32_LV3-1
Added Pin To Net: NetName=NetC22_LV3_2 Pin=C32_LV3-2
Added Pin To Net: NetName=GND Pin=C33_LV1-1
Added Pin To Net: NetName=NetC22_LV1_2 Pin=C33_LV1-2
Added Pin To Net: NetName=GND Pin=C33_LV3-1
Added Pin To Net: NetName=NetC22_LV3_2 Pin=C33_LV3-2
Change Net Name : Old Net Name=NetC22_LV1_2 New Net Name=NetC23_LV1_2
Change Net Name : Old Net Name=NetC22_LV3_2 New Net Name=NetC23_LV3_2
Added Member To Class: ClassName=LV1 Member=Component C30_LV1 (C30) Cap Semi
Added Member To Class: ClassName=LV3 Member=Component C30_LV3 (C30) Cap Semi
Added Member To Class: ClassName=LV1 Member=Component C32_LV1 (C32) Cap Semi
Added Member To Class: ClassName=LV3 Member=Component C32_LV3 (C32) Cap Semi
Added Member To Class: ClassName=LV1 Member=Component C33_LV1 (C33) Cap Semi
Added Member To Class: ClassName=LV3 Member=Component C33_LV3 (C33) Cap Semi
