Removed Pin From Net: NetName=GND Pin=C8_LV1-1
Removed Pin From Net: NetName=+5V Pin=C8_LV1-2
Removed Pin From Net: NetName=GND Pin=C8_LV3-1
Removed Pin From Net: NetName=+5V Pin=C8_LV3-2
Removed Pin From Net: NetName=+5VGNDB Pin=C9_LV1-1
Removed Pin From Net: NetName=+5VB Pin=C9_LV1-2
Removed Pin From Net: NetName=+5VGNDA Pin=C9_LV3-1
Removed Pin From Net: NetName=+5VA Pin=C9_LV3-2
Removed Pin From Net: NetName=+5VGNDB Pin=C10_LV1-1
Removed Pin From Net: NetName=+5VB Pin=C10_LV1-2
Removed Pin From Net: NetName=+5VGNDA Pin=C10_LV3-1
Removed Pin From Net: NetName=+5VA Pin=C10_LV3-2
Removed Pin From Net: NetName=GND Pin=C11_LV1-1
Removed Pin From Net: NetName=GND Pin=C11_LV3-1
Removed Pin From Net: NetName=GND Pin=C12_LV1-2
Removed Pin From Net: NetName=GND Pin=C12_LV3-2
Removed Pin From Net: NetName=+5VB Pin=D6_LV1-1
Removed Pin From Net: NetName=+5VGNDB Pin=D6_LV1-2
Removed Pin From Net: NetName=+5VA Pin=D6_LV3-1
Removed Pin From Net: NetName=+5VGNDA Pin=D6_LV3-2
Removed Pin From Net: NetName=+5VB Pin=D7_LV1-2
Removed Pin From Net: NetName=+5VA Pin=D7_LV3-2
Removed Pin From Net: NetName=GND Pin=DTVS1_LV1-2
Removed Pin From Net: NetName=NetC11_LV2_2 Pin=DTVS1_LV2-1
Removed Pin From Net: NetName=GND Pin=DTVS1_LV2-2
Removed Pin From Net: NetName=GND Pin=DTVS1_LV3-2
Removed Pin From Net: NetName=NetC11_LV4_2 Pin=DTVS1_LV4-1
Removed Pin From Net: NetName=GND Pin=DTVS1_LV4-2
Removed Pin From Net: NetName=GND Pin=LT2_LV1-4
Removed Pin From Net: NetName=GND Pin=LT2_LV1-4
Removed Pin From Net: NetName=GND Pin=LT2_LV3-4
Removed Pin From Net: NetName=GND Pin=LT2_LV3-4
Removed Pin From Net: NetName=EN1 Pin=Q2_LV1-1
Removed Pin From Net: NetName=GND Pin=Q2_LV1-2
Removed Pin From Net: NetName=EN2 Pin=Q2_LV3-1
Removed Pin From Net: NetName=GND Pin=Q2_LV3-2
Removed Pin From Net: NetName=GND Pin=R5_LV1-1
Removed Pin From Net: NetName=A2 Pin=R5_LV1-2
Removed Pin From Net: NetName=GND Pin=R5_LV3-1
Removed Pin From Net: NetName=A1 Pin=R5_LV3-2
Removed Pin From Net: NetName=GND Pin=R7_LV1-1
Removed Pin From Net: NetName=GND Pin=R7_LV3-1
Removed Pin From Net: NetName=SDA Pin=R_pu3-1
Removed Pin From Net: NetName=+5V Pin=R_pu3-2
Removed Pin From Net: NetName=SCL Pin=R_pu4-1
Removed Pin From Net: NetName=+5V Pin=R_pu4-2
Removed Pin From Net: NetName=GND Pin=Rref2_LV1-2
Removed Pin From Net: NetName=GND Pin=Rref2_LV3-2
Removed Pin From Net: NetName=24V Pin=Rsense2_LV1-1
Removed Pin From Net: NetName=24V Pin=Rsense2_LV3-1
Removed Pin From Net: NetName=+5VGNDB Pin=T2_LV1-9
Removed Pin From Net: NetName=+5VGNDB Pin=T2_LV1-10
Removed Pin From Net: NetName=+5VGNDA Pin=T2_LV3-9
Removed Pin From Net: NetName=+5VGNDA Pin=T2_LV3-10
Removed Pin From Net: NetName=A2 Pin=U2_LV1-1
Removed Pin From Net: NetName=GND Pin=U2_LV1-2
Removed Pin From Net: NetName=24V Pin=U2_LV1-3
Removed Pin From Net: NetName=+5V Pin=U2_LV1-5
Removed Pin From Net: NetName=A1 Pin=U2_LV3-1
Removed Pin From Net: NetName=GND Pin=U2_LV3-2
Removed Pin From Net: NetName=24V Pin=U2_LV3-3
Removed Pin From Net: NetName=+5V Pin=U2_LV3-5
Removed Member From Class: ClassName=LV2 Member=DTVS1_LV2
Removed Member From Class: ClassName=LV4 Member=DTVS1_LV4
Removed Member From Class: ClassName=U_controller Member=R_pu3
Removed Member From Class: ClassName=U_controller Member=R_pu4
Change Net Name : Old Net Name=24V New Net Name=48V
