Removed Pin From Net: NetName=+5VGNDA Pin=C3_a_LV1-1
Removed Pin From Net: NetName=+5VA Pin=C3_a_LV1-2
Removed Pin From Net: NetName=+5VGNDB Pin=C3_a_LV3-1
Removed Pin From Net: NetName=+5VB Pin=C3_a_LV3-2
Removed Pin From Net: NetName=+5VGNDA Pin=C3_b_LV1-1
Removed Pin From Net: NetName=+5VA Pin=C3_b_LV1-2
Removed Pin From Net: NetName=+5VGNDB Pin=C3_b_LV3-1
Removed Pin From Net: NetName=+5VB Pin=C3_b_LV3-2
Removed Pin From Net: NetName=+5VA Pin=D11_LV1-2
Removed Pin From Net: NetName=+5VB Pin=D11_LV3-2
Removed Pin From Net: NetName=+5VA Pin=D12_LV1-1
Removed Pin From Net: NetName=+5VGNDA Pin=D12_LV1-2
Removed Pin From Net: NetName=+5VB Pin=D12_LV3-1
Removed Pin From Net: NetName=+5VGNDB Pin=D12_LV3-2
Removed Pin From Net: NetName=A1 Pin=R10_LV1-2
Removed Pin From Net: NetName=A2 Pin=R10_LV3-2
Removed Pin From Net: NetName=+5VGNDA Pin=T1_LV1-7
Removed Pin From Net: NetName=+5VGNDA Pin=T1_LV1-8
Removed Pin From Net: NetName=+5VGNDA Pin=T1_LV1-9
Removed Pin From Net: NetName=+5VGNDB Pin=T1_LV3-7
Removed Pin From Net: NetName=+5VGNDB Pin=T1_LV3-8
Removed Pin From Net: NetName=+5VGNDB Pin=T1_LV3-9
Removed Pin From Net: NetName=A1 Pin=U5_LV1-1
Removed Pin From Net: NetName=A2 Pin=U5_LV3-1
Added Pin To Net: NetName=+5VGNDB Pin=C3_a_LV1-1
Added Pin To Net: NetName=+5VB Pin=C3_a_LV1-2
Added Pin To Net: NetName=+5VGNDA Pin=C3_a_LV3-1
Added Pin To Net: NetName=+5VA Pin=C3_a_LV3-2
Added Pin To Net: NetName=+5VGNDB Pin=C3_b_LV1-1
Added Pin To Net: NetName=+5VB Pin=C3_b_LV1-2
Added Pin To Net: NetName=+5VGNDA Pin=C3_b_LV3-1
Added Pin To Net: NetName=+5VA Pin=C3_b_LV3-2
Added Pin To Net: NetName=+5VB Pin=D11_LV1-2
Added Pin To Net: NetName=+5VA Pin=D11_LV3-2
Added Pin To Net: NetName=+5VB Pin=D12_LV1-1
Added Pin To Net: NetName=+5VGNDB Pin=D12_LV1-2
Added Pin To Net: NetName=+5VA Pin=D12_LV3-1
Added Pin To Net: NetName=+5VGNDA Pin=D12_LV3-2
Added Pin To Net: NetName=A2 Pin=R10_LV1-2
Added Pin To Net: NetName=A1 Pin=R10_LV3-2
Added Pin To Net: NetName=+5VGNDB Pin=T1_LV1-7
Added Pin To Net: NetName=+5VGNDB Pin=T1_LV1-8
Added Pin To Net: NetName=+5VGNDB Pin=T1_LV1-9
Added Pin To Net: NetName=+5VGNDA Pin=T1_LV3-7
Added Pin To Net: NetName=+5VGNDA Pin=T1_LV3-8
Added Pin To Net: NetName=+5VGNDA Pin=T1_LV3-9
Added Pin To Net: NetName=A2 Pin=U5_LV1-1
Added Pin To Net: NetName=A1 Pin=U5_LV3-1
Added Room: Name=LV1
