Removed Member From Class: ClassName=C Member=C25
Removed Member From Class: ClassName=U_controller Member=C25
Removed Member From Class: ClassName=C Member=C26
Removed Member From Class: ClassName=C Member=C27
Removed Member From Class: ClassName=C Member=C28
Removed Member From Class: ClassName=C Member=C29
Removed Member From Class: ClassName=A Member=C34
Removed Member From Class: ClassName=D Member=C34
Removed Member From Class: ClassName=D Member=C35
Removed Member From Class: ClassName=A Member=C36
Removed Member From Class: ClassName=D Member=C36
Removed Member From Class: ClassName=A Member=C37
Removed Member From Class: ClassName=D Member=C38
Removed Member From Class: ClassName=B Member=C39
Removed Member From Class: ClassName=D Member=C39
Removed Member From Class: ClassName=B Member=C40
Removed Member From Class: ClassName=D Member=C40
Removed Member From Class: ClassName=U_controller Member=C40
Removed Member From Class: ClassName=B Member=C41
Removed Member From Class: ClassName=D Member=C41
Removed Member From Class: ClassName=U_controller Member=C41
Removed Member From Class: ClassName=A Member=C42
Removed Member From Class: ClassName=A Member=C43
Removed Member From Class: ClassName=B Member=C43
Removed Member From Class: ClassName=A Member=C44
Removed Member From Class: ClassName=B Member=C44
Removed Member From Class: ClassName=D Member=C44
Removed Member From Class: ClassName=C Member=C45
Removed Member From Class: ClassName=D Member=C46
Removed Member From Class: ClassName=U_controller Member=C46
Removed Member From Class: ClassName=A Member=C47
Removed Member From Class: ClassName=D Member=C47
Removed Member From Class: ClassName=U_controller Member=C47
Removed Member From Class: ClassName=A Member=D9
Removed Member From Class: ClassName=A Member=D10
Removed Member From Class: ClassName=A Member=D11
Removed Member From Class: ClassName=U_controller Member=D11
Removed Member From Class: ClassName=B Member=D12
Removed Member From Class: ClassName=A Member=D13
Removed Member From Class: ClassName=B Member=D13
Removed Member From Class: ClassName=B Member=D14
Removed Member From Class: ClassName=D Member=D14
Removed Member From Class: ClassName=U_controller Member=DTVS2
Removed Member From Class: ClassName=A Member=F1
Removed Member From Class: ClassName=C Member=R18
Removed Member From Class: ClassName=D Member=R18
Removed Member From Class: ClassName=C Member=R19
Removed Member From Class: ClassName=C Member=R20
Removed Member From Class: ClassName=C Member=R21
Removed Member From Class: ClassName=C Member=R22
Removed Member From Class: ClassName=C Member=R23
Removed Member From Class: ClassName=C Member=R24
Removed Member From Class: ClassName=C Member=R25
Removed Member From Class: ClassName=C Member=R26
Removed Member From Class: ClassName=D Member=R27
Removed Member From Class: ClassName=D Member=R28
Removed Member From Class: ClassName=D Member=R29
Removed Member From Class: ClassName=D Member=R30
Removed Member From Class: ClassName=A Member=R31
Removed Member From Class: ClassName=A Member=R32
Removed Member From Class: ClassName=C Member=U5
Removed Member From Class: ClassName=A Member=U6
Removed Member From Class: ClassName=D Member=U6
Removed Member From Class: ClassName=U_controller Member=U6
Change Net Name : Old Net Name=48V New Net Name=32V
Added Member To Class: ClassName=U_controller Member=Component AR2 
Added Member To Class: ClassName=U_controller Member=Component C1 
Added Member To Class: ClassName=U_controller Member=Component C2 
Added Member To Class: ClassName=Top Member=Component C30 Cap Semi
Added Member To Class: ClassName=Top Member=Component C31 Cap Semi
Added Member To Class: ClassName=Top Member=Component C32 Cap Semi
Added Member To Class: ClassName=Top Member=Component C33 Cap Semi
Added Member To Class: ClassName=U_controller Member=Component D1 MBRS130LT3G
Added Member To Class: ClassName=U_controller Member=Component DTVS1 SMBJ10CA
Added Member To Class: ClassName=U_controller Member=Component U1 ATmega2560-16AU
