Removed Pin From Net: NetName=RX0 Pin=U?-2
Removed Pin From Net: NetName=TX0 Pin=U?-3
Removed Pin From Net: NetName=+5V Pin=U?-10
Removed Pin From Net: NetName=NetAC3_1 Pin=U?-11
Removed Pin From Net: NetName=SCK Pin=U?-20
Removed Pin From Net: NetName=MOSI Pin=U?-21
Removed Pin From Net: NetName=MISO Pin=U?-22
Removed Pin From Net: NetName=RESET Pin=U?-30
Removed Pin From Net: NetName=+5V Pin=U?-31
Removed Pin From Net: NetName=NetAC3_1 Pin=U?-32
Removed Pin From Net: NetName=XTAL2 Pin=U?-33
Removed Pin From Net: NetName=XTAL1 Pin=U?-34
Removed Pin From Net: NetName=SCL Pin=U?-43
Removed Pin From Net: NetName=SDA Pin=U?-44
Removed Pin From Net: NetName=RX1 Pin=U?-45
Removed Pin From Net: NetName=TX1 Pin=U?-46
Removed Pin From Net: NetName=+5V Pin=U?-61
Removed Pin From Net: NetName=NetAC3_1 Pin=U?-62
Removed Pin From Net: NetName=EN2 Pin=U?-77
Removed Pin From Net: NetName=EN1 Pin=U?-78
Removed Pin From Net: NetName=+5V Pin=U?-80
Removed Pin From Net: NetName=NetAC3_1 Pin=U?-81
Removed Pin From Net: NetName=A_NTC Pin=U?-93
Removed Pin From Net: NetName=A3 Pin=U?-94
Removed Pin From Net: NetName=A2 Pin=U?-95
Removed Pin From Net: NetName=A1 Pin=U?-96
Removed Pin From Net: NetName=A0 Pin=U?-97
Removed Pin From Net: NetName=AREF Pin=U?-98
Removed Pin From Net: NetName=NetAC3_1 Pin=U?-99
Removed Pin From Net: NetName=+5V Pin=U?-100
Added Component: Designator=U3(100A_N)
Added Pin To Net: NetName=RX0 Pin=U3-2
Added Pin To Net: NetName=TX0 Pin=U3-3
Added Pin To Net: NetName=+5V Pin=U3-10
Added Pin To Net: NetName=NetAC3_1 Pin=U3-11
Added Pin To Net: NetName=SCK Pin=U3-20
Added Pin To Net: NetName=MOSI Pin=U3-21
Added Pin To Net: NetName=MISO Pin=U3-22
Added Pin To Net: NetName=RESET Pin=U3-30
Added Pin To Net: NetName=+5V Pin=U3-31
Added Pin To Net: NetName=NetAC3_1 Pin=U3-32
Added Pin To Net: NetName=XTAL2 Pin=U3-33
Added Pin To Net: NetName=XTAL1 Pin=U3-34
Added Pin To Net: NetName=SCL Pin=U3-43
Added Pin To Net: NetName=SDA Pin=U3-44
Added Pin To Net: NetName=RX1 Pin=U3-45
Added Pin To Net: NetName=TX1 Pin=U3-46
Added Pin To Net: NetName=+5V Pin=U3-61
Added Pin To Net: NetName=NetAC3_1 Pin=U3-62
Added Pin To Net: NetName=EN2 Pin=U3-77
Added Pin To Net: NetName=EN1 Pin=U3-78
Added Pin To Net: NetName=+5V Pin=U3-80
Added Pin To Net: NetName=NetAC3_1 Pin=U3-81
Added Pin To Net: NetName=A_NTC Pin=U3-93
Added Pin To Net: NetName=A3 Pin=U3-94
Added Pin To Net: NetName=A2 Pin=U3-95
Added Pin To Net: NetName=A1 Pin=U3-96
Added Pin To Net: NetName=A0 Pin=U3-97
Added Pin To Net: NetName=AREF Pin=U3-98
Added Pin To Net: NetName=NetAC3_1 Pin=U3-99
Added Pin To Net: NetName=+5V Pin=U3-100
Added Member To Class: ClassName=U_controller Member=Component U3 ATmega2560-16AU
