Removed Pin From Net: NetName=GND Pin=AC1-1
Removed Pin From Net: NetName=+5V Pin=AC1-2
Removed Pin From Net: NetName=GND Pin=AU1-1
Removed Pin From Net: NetName=+5V Pin=AU1-2
Removed Pin From Net: NetName=+5V Pin=AU1-4
Removed Pin From Net: NetName=GND Pin=C35-1
Removed Pin From Net: NetName=+5V Pin=C35-2
Removed Pin From Net: NetName=+5V Pin=J2-7
Removed Pin From Net: NetName=GND Pin=J2-8
Removed Pin From Net: NetName=RX Pin=out1-1
Removed Pin From Net: NetName=TX Pin=out1-2
Removed Pin From Net: NetName=D2 Pin=out1-3
Removed Pin From Net: NetName=D3 Pin=out1-4
Removed Pin From Net: NetName=+5V Pin=out1-5
Removed Pin From Net: NetName=GND Pin=out1-6
Removed Pin From Net: NetName=D6 Pin=out1-7
Removed Pin From Net: NetName=D7 Pin=out1-8
Removed Pin From Net: NetName=SCL Pin=out2-1
Removed Pin From Net: NetName=SDA Pin=out2-2
Removed Pin From Net: NetName=GND Pin=out2-3
Removed Pin From Net: NetName=EN Pin=out2-4
Removed Pin From Net: NetName=ADC1 Pin=out2-5
Removed Pin From Net: NetName=ADC2 Pin=out2-6
Removed Pin From Net: NetName=A3 Pin=out2-7
Removed Pin From Net: NetName=A6 Pin=out2-8
Removed Pin From Net: NetName=GND Pin=PC1-2
Removed Pin From Net: NetName=+5V Pin=PC2-1
Removed Pin From Net: NetName=GND Pin=PC2-2
Removed Pin From Net: NetName=+5V Pin=U5-1
Removed Pin From Net: NetName=RX Pin=U5-2
Removed Pin From Net: NetName=TX Pin=U5-3
Removed Pin From Net: NetName=GND Pin=U5-4
Removed Pin From Net: NetName=ISENSE_1 Pin=W1-1
Removed Member From Class: ClassName=controller Member=AC1
Removed Member From Class: ClassName=controller Member=AU1
Removed Member From Class: ClassName=controller Member=C35
Removed Member From Class: ClassName=controller Member=J2
Removed Member From Class: ClassName=controller Member=out1
Removed Member From Class: ClassName=controller Member=out2
Removed Member From Class: ClassName=controller Member=PC1
Removed Member From Class: ClassName=controller Member=PC2
Removed Member From Class: ClassName=controller Member=R51
Removed Member From Class: ClassName=controller Member=R52
Removed Member From Class: ClassName=controller Member=U5
Removed Member From Class: ClassName=controller Member=W1
Added Pin To Net: NetName=+5V Pin=DTVS3-1
Added Pin To Net: NetName=+5V Pin=F3-2
Added Pin To Net: NetName=+5VRAW Pin=F3-1
Added Net: Name=+5VRAW
