Change Component Designator: OldDesignator=DTVS3 NewDesignator=DTVS
Added Component: Designator=J1(FCIEdge)
Added Pin To Net: NetName=+5V Pin=J1-A1
Added Pin To Net: NetName=GND Pin=J1-A2
Added Pin To Net: NetName=24V Pin=J1-A3
Added Pin To Net: NetName=GND Pin=J1-A4
Added Pin To Net: NetName=GND Pin=J1-A5
Added Pin To Net: NetName=SDA Pin=J1-A6
Added Pin To Net: NetName=SCL Pin=J1-A7
Added Pin To Net: NetName=GND Pin=J1-A8
Added Pin To Net: NetName=RX1 Pin=J1-A9
Added Pin To Net: NetName=TX1 Pin=J1-A10
Added Pin To Net: NetName=GND Pin=J1-A11
Added Pin To Net: NetName=NetC9_LV3_2 Pin=J1-A12
Added Pin To Net: NetName=NetC9_LV3_2 Pin=J1-A13
Added Pin To Net: NetName=GNDOUT_LV3 Pin=J1-A14
Added Pin To Net: NetName=GNDOUT_LV3 Pin=J1-A15
Added Pin To Net: NetName=NetC9_LV4_2 Pin=J1-A16
Added Pin To Net: NetName=NetC9_LV4_2 Pin=J1-A17
Added Pin To Net: NetName=GNDOUT_LV4 Pin=J1-A18
Added Pin To Net: NetName=GNDOUT_LV4 Pin=J1-A19
Added Pin To Net: NetName=+5V Pin=J1-B1
Added Pin To Net: NetName=GND Pin=J1-B2
Added Pin To Net: NetName=24V Pin=J1-B3
Added Pin To Net: NetName=GND Pin=J1-B4
Added Pin To Net: NetName=GND Pin=J1-B5
Added Pin To Net: NetName=SDA Pin=J1-B6
Added Pin To Net: NetName=SCL Pin=J1-B7
Added Pin To Net: NetName=GND Pin=J1-B8
Added Pin To Net: NetName=RX0 Pin=J1-B9
Added Pin To Net: NetName=TX0 Pin=J1-B10
Added Pin To Net: NetName=GND Pin=J1-B11
Added Pin To Net: NetName=GNDOUT_LV2 Pin=J1-B12
Added Pin To Net: NetName=GNDOUT_LV2 Pin=J1-B13
Added Pin To Net: NetName=NetC9_LV2_2 Pin=J1-B14
Added Pin To Net: NetName=NetC9_LV2_2 Pin=J1-B15
Added Pin To Net: NetName=GNDOUT_LV1 Pin=J1-B16
Added Pin To Net: NetName=GNDOUT_LV1 Pin=J1-B17
Added Pin To Net: NetName=NetC9_LV1_2 Pin=J1-B18
Added Pin To Net: NetName=NetC9_LV1_2 Pin=J1-B19
Added Member To Class: ClassName=Top Member=Component J1 Edgeconnector38way
