Removed Pin From Net: NetName=+5VA Pin=D1-1
Removed Pin From Net: NetName=NetD1_2 Pin=D1-2
Removed Pin From Net: NetName=-5VGNDA Pin=D2-1
Removed Pin From Net: NetName=NetD2_2 Pin=D2-2
Removed Pin From Net: NetName=+5VB Pin=D3-1
Removed Pin From Net: NetName=NetD3_2 Pin=D3-2
Removed Pin From Net: NetName=-5VGNDB Pin=D4-1
Removed Pin From Net: NetName=NetD4_2 Pin=D4-2
Removed Pin From Net: NetName=NetD5_2 Pin=R_LED5-1
Removed Pin From Net: NetName=NetD6_2 Pin=R_LED6-1
Removed Pin From Net: NetName=NetD6_1 Pin=U3-71
Removed Pin From Net: NetName=NetD5_1 Pin=U3-72
Change Component DesignItemId : Designator=D1 Old DesignItemId=LED1 New DesignItemId=LEDGREEN
Change Component DesignItemId : Designator=D2 Old DesignItemId=LED1 New DesignItemId=LEDGREEN
Change Component DesignItemId : Designator=D3 Old DesignItemId=LED1 New DesignItemId=LEDGREEN
Change Component DesignItemId : Designator=D4 Old DesignItemId=LED1 New DesignItemId=LEDGREEN
Change Component DesignItemId : Designator=D5 Old DesignItemId=LED1 New DesignItemId=LEDGREEN
Change Component DesignItemId : Designator=D6 Old DesignItemId=LED1 New DesignItemId=LEDGREEN
Change Component Footprint: Designator=D1 Old Footprint=LED-1 New Footprint=LEDGREEN
Change Component Footprint: Designator=D2 Old Footprint=LED-1 New Footprint=LEDGREEN
Change Component Footprint: Designator=D3 Old Footprint=LED-1 New Footprint=LEDGREEN
Change Component Footprint: Designator=D4 Old Footprint=LED-1 New Footprint=LEDGREEN
Change Component Footprint: Designator=D5 Old Footprint=LED-1 New Footprint=LEDGREEN
Change Component Footprint: Designator=D6 Old Footprint=LED-1 New Footprint=LEDGREEN
Change Component Comment : Designator=D1 Old Comment=LED1 New Comment=LEDGREEN
Change Component Comment : Designator=D2 Old Comment=LED1 New Comment=LEDGREEN
Change Component Comment : Designator=D3 Old Comment=LED1 New Comment=LEDGREEN
Change Component Comment : Designator=D4 Old Comment=LED1 New Comment=LEDGREEN
Change Component Comment : Designator=D5 Old Comment=LED1 New Comment=LEDGREEN
Change Component Comment : Designator=D6 Old Comment=LED1 New Comment=LEDGREEN
Added Pin To Net: NetName=NetD1_2 Pin=D1-1
Added Pin To Net: NetName=+5VA Pin=D1-2
Added Pin To Net: NetName=NetD2_2 Pin=D2-1
Added Pin To Net: NetName=-5VGNDA Pin=D2-2
Added Pin To Net: NetName=NetD3_2 Pin=D3-1
Added Pin To Net: NetName=+5VB Pin=D3-2
Added Pin To Net: NetName=NetD4_2 Pin=D4-1
Added Pin To Net: NetName=-5VGNDB Pin=D4-2
Added Pin To Net: NetName=NetD5_1 Pin=R_LED5-1
Added Pin To Net: NetName=NetD6_1 Pin=R_LED6-1
Added Pin To Net: NetName=NetD6_2 Pin=U3-71
Added Pin To Net: NetName=NetD5_2 Pin=U3-72
Change Net Name : Old Net Name=NetD1_2 New Net Name=NetD1_1
Change Net Name : Old Net Name=NetD2_2 New Net Name=NetD2_1
Change Net Name : Old Net Name=NetD3_2 New Net Name=NetD3_1
Change Net Name : Old Net Name=NetD4_2 New Net Name=NetD4_1
