Change Component Designator: OldDesignator=C1_2 NewDesignator=C1
Change Component Designator: OldDesignator=C2_2 NewDesignator=C2
Change Component Designator: OldDesignator=C3_a_1 NewDesignator=C3_a
Change Component Designator: OldDesignator=C3_b_1 NewDesignator=C3_b
Change Component Designator: OldDesignator=C4_2 NewDesignator=C4
Change Component Designator: OldDesignator=C5_2 NewDesignator=C5
Change Component Designator: OldDesignator=C6_2 NewDesignator=C6
Change Component Designator: OldDesignator=C8_2 NewDesignator=C8
Change Component Designator: OldDesignator=C9_2 NewDesignator=C9
Change Component Designator: OldDesignator=C10_2 NewDesignator=C10
Change Component Designator: OldDesignator=D1_2 NewDesignator=D1
Change Component Designator: OldDesignator=D3_2 NewDesignator=D3
Change Component Designator: OldDesignator=D6_2 NewDesignator=D6
Change Component Designator: OldDesignator=F2_1 NewDesignator=F2
Change Component Designator: OldDesignator=Q1_1 NewDesignator=Q1
Change Component Designator: OldDesignator=Q2_1 NewDesignator=Q2
Change Component Designator: OldDesignator=R1_2 NewDesignator=R1
Change Component Designator: OldDesignator=R2_2 NewDesignator=R2
Change Component Designator: OldDesignator=R3_1 NewDesignator=R3
Change Component Designator: OldDesignator=R4_1 NewDesignator=R4
Change Component Designator: OldDesignator=R5_1 NewDesignator=R5
Change Component Designator: OldDesignator=R6_1 NewDesignator=R6
Change Component Designator: OldDesignator=R7_1 NewDesignator=R7
Change Component Designator: OldDesignator=R8_1 NewDesignator=R8
Change Component Designator: OldDesignator=R9_1 NewDesignator=R9
Change Component Designator: OldDesignator=R10_1 NewDesignator=R10
Change Component Designator: OldDesignator=Rsense2_1 NewDesignator=Rsense2
Change Component Designator: OldDesignator=T1_1 NewDesignator=T1
Change Component Designator: OldDesignator=U1_2 NewDesignator=U1
Change Component Designator: OldDesignator=U2_2 NewDesignator=U2
Added Pin To Net: NetName=GND Pin=C1-1
Added Pin To Net: NetName=GND Pin=C2-1
Added Pin To Net: NetName=+5VGNDA Pin=C3_a-1
Added Pin To Net: NetName=+5VA Pin=C3_a-2
Added Pin To Net: NetName=+5VGNDA Pin=C3_b-1
Added Pin To Net: NetName=+5VA Pin=C3_b-2
Added Pin To Net: NetName=GND Pin=C4-1
Added Pin To Net: NetName=GND Pin=C5-1
Added Pin To Net: NetName=GND Pin=C8-1
Added Pin To Net: NetName=GND Pin=C9-1
Added Pin To Net: NetName=GND Pin=C10-1
Added Pin To Net: NetName=+5V Pin=C10-2
Added Pin To Net: NetName=+5VA Pin=D1-2
Added Pin To Net: NetName=+5VA Pin=D6-1
Added Pin To Net: NetName=+5VGNDA Pin=D6-2
Added Pin To Net: NetName=EN2 Pin=Q2-1
Added Pin To Net: NetName=GND Pin=Q2-2
Added Pin To Net: NetName=GND Pin=R1-1
Added Pin To Net: NetName=GND Pin=R3-2
Added Pin To Net: NetName=GND Pin=R6-1
Added Pin To Net: NetName=GND Pin=R7-1
Added Pin To Net: NetName=GND Pin=R10-1
Added Pin To Net: NetName=A1 Pin=R10-2
Added Pin To Net: NetName=48V Pin=Rsense2-1
Added Pin To Net: NetName=+5VGNDA Pin=T1-7
Added Pin To Net: NetName=+5VGNDA Pin=T1-8
Added Pin To Net: NetName=+5VGNDA Pin=T1-9
Added Pin To Net: NetName=GND Pin=U1-8
Added Pin To Net: NetName=GND Pin=U1-9
Added Pin To Net: NetName=A1 Pin=U2-1
Added Pin To Net: NetName=GND Pin=U2-2
Added Pin To Net: NetName=48V Pin=U2-3
Added Pin To Net: NetName=+5V Pin=U2-5
Added Pin To Net: NetName=NetC1_2 Pin=C1-2
Added Pin To Net: NetName=NetC1_2 Pin=R4-1
Added Net: Name=NetC1_2
Added Pin To Net: NetName=NetC2_2 Pin=C2-2
Added Pin To Net: NetName=NetC2_2 Pin=U1-5
Added Net: Name=NetC2_2
Added Pin To Net: NetName=NetC4_2 Pin=C4-2
Added Pin To Net: NetName=NetC4_2 Pin=U1-10
Added Net: Name=NetC4_2
Added Pin To Net: NetName=NetC6_1 Pin=C6-1
Added Pin To Net: NetName=NetC6_1 Pin=D3-1
Added Pin To Net: NetName=NetC6_1 Pin=R8-2
Added Net: Name=NetC6_1
Added Pin To Net: NetName=NetC6_2 Pin=C6-2
Added Pin To Net: NetName=NetC6_2 Pin=C8-2
Added Pin To Net: NetName=NetC6_2 Pin=C9-2
Added Pin To Net: NetName=NetC6_2 Pin=F2-2
Added Pin To Net: NetName=NetC6_2 Pin=R5-2
Added Pin To Net: NetName=NetC6_2 Pin=R8-1
Added Pin To Net: NetName=NetC6_2 Pin=T1-3
Added Pin To Net: NetName=NetC6_2 Pin=T1-4
Added Pin To Net: NetName=NetC6_2 Pin=U1-1
Added Net: Name=NetC6_2
Added Pin To Net: NetName=NetD3_2 Pin=D3-2
Added Pin To Net: NetName=NetD3_2 Pin=Q1-5
Added Pin To Net: NetName=NetD3_2 Pin=Q1-6
Added Pin To Net: NetName=NetD3_2 Pin=Q1-7
Added Pin To Net: NetName=NetD3_2 Pin=Q1-8
Added Pin To Net: NetName=NetD3_2 Pin=R2-2
Added Pin To Net: NetName=NetD3_2 Pin=T1-1
Added Pin To Net: NetName=NetD3_2 Pin=T1-2
Added Net: Name=NetD3_2
Added Pin To Net: NetName=NetF2_1 Pin=F2-1
Added Pin To Net: NetName=NetF2_1 Pin=Rsense2-2
Added Pin To Net: NetName=NetF2_1 Pin=U2-4
Added Net: Name=NetF2_1
Added Pin To Net: NetName=NetQ1_1 Pin=Q1-1
Added Pin To Net: NetName=NetQ1_1 Pin=Q1-2
Added Pin To Net: NetName=NetQ1_1 Pin=Q1-3
Added Pin To Net: NetName=NetQ1_1 Pin=R7-2
Added Pin To Net: NetName=NetQ1_1 Pin=R9-1
Added Net: Name=NetQ1_1
Added Pin To Net: NetName=NetQ1_4 Pin=Q1-4
Added Pin To Net: NetName=NetQ1_4 Pin=U1-6
Added Net: Name=NetQ1_4
Added Pin To Net: NetName=NetQ2_3 Pin=Q2-3
Added Pin To Net: NetName=NetQ2_3 Pin=R5-1
Added Pin To Net: NetName=NetQ2_3 Pin=R6-2
Added Pin To Net: NetName=NetQ2_3 Pin=U1-3
Added Net: Name=NetQ2_3
Added Pin To Net: NetName=NetR1_2 Pin=R1-2
Added Pin To Net: NetName=NetR1_2 Pin=U1-12
Added Net: Name=NetR1_2
Added Pin To Net: NetName=NetR2_1 Pin=R2-1
Added Pin To Net: NetName=NetR2_1 Pin=U1-16
Added Net: Name=NetR2_1
Added Pin To Net: NetName=NetR3_1 Pin=R3-1
Added Pin To Net: NetName=NetR3_1 Pin=U1-14
Added Net: Name=NetR3_1
Added Pin To Net: NetName=NetR9_2 Pin=R9-2
Added Pin To Net: NetName=NetR9_2 Pin=U1-7
Added Net: Name=NetR9_2
Added Class: Name=LV1
Added Member To Class: ClassName=Top Member=Component C1 
Added Member To Class: ClassName=Top Member=Component C2 Cap Semi
Added Member To Class: ClassName=Top Member=Component C4 Cap Semi
Added Member To Class: ClassName=Top Member=Component C5 Cap Semi
Added Member To Class: ClassName=Top Member=Component C6 Cap Semi
Added Member To Class: ClassName=Top Member=Component C8 Cap Semi
Added Member To Class: ClassName=Top Member=Component C9 Cap Semi
Added Member To Class: ClassName=Top Member=Component C10 Cap Semi
Added Member To Class: ClassName=Top Member=Component C11 Cap Semi
Added Member To Class: ClassName=Top Member=Component C12 Cap Semi
Added Member To Class: ClassName=Top Member=Component C13 Cap Semi
Added Member To Class: ClassName=Top Member=Component C30 Cap Semi
Added Member To Class: ClassName=Top Member=Component D1 LEDGREEN
Added Member To Class: ClassName=Top Member=Component D3 LEDGREEN
Added Member To Class: ClassName=Top Member=Component D6 LEDYELLOW
Added Member To Class: ClassName=Top Member=Component R1 
Added Member To Class: ClassName=Top Member=Component R2 
Added Member To Class: ClassName=Top Member=Component U1 SP3084EEN-L
Added Member To Class: ClassName=Top Member=Component U2 SP3084EEN-L
