Removed Pin From Net: NetName=NetC17_1 Pin=J1-24
Removed Pin From Net: NetName=NetC17_1 Pin=J1-25
Removed Pin From Net: NetName=+5VGNDB Pin=J1-26
Removed Pin From Net: NetName=+5VGNDB Pin=J1-27
Removed Pin From Net: NetName=-5VGNDA Pin=J1-28
Removed Pin From Net: NetName=NetC9_1 Pin=J1-29
Removed Pin From Net: NetName=NetC13_2 Pin=J1-31
Removed Pin From Net: NetName=NetC17_1 Pin=J1-56
Removed Pin From Net: NetName=NetC17_1 Pin=J1-57
Removed Pin From Net: NetName=+5VGNDB Pin=J1-58
Removed Pin From Net: NetName=+5VGNDB Pin=J1-59
Removed Pin From Net: NetName=-5VGNDA Pin=J1-60
Removed Pin From Net: NetName=NetC9_1 Pin=J1-61
Removed Pin From Net: NetName=-5VGNDB Pin=J1-62
Removed Pin From Net: NetName=NetC13_2 Pin=J1-63
Added Pin To Net: NetName=-5VGNDA Pin=J1-24
Added Pin To Net: NetName=NetC13_2 Pin=J1-25
Added Pin To Net: NetName=+5VGNDB Pin=J1-28
Added Pin To Net: NetName=+5VGNDB Pin=J1-29
Added Pin To Net: NetName=NetC9_1 Pin=J1-31
Added Pin To Net: NetName=-5VGNDB Pin=J1-56
Added Pin To Net: NetName=NetC13_2 Pin=J1-57
Added Pin To Net: NetName=NetC17_1 Pin=J1-58
Added Pin To Net: NetName=NetC17_1 Pin=J1-59
Added Pin To Net: NetName=+5VGNDB Pin=J1-60
Added Pin To Net: NetName=+5VGNDB Pin=J1-61
Added Pin To Net: NetName=-5VGNDA Pin=J1-62
Added Pin To Net: NetName=NetC9_1 Pin=J1-63
Added Pin To Net: NetName=NetJ1_26 Pin=J1-26
Added Pin To Net: NetName=NetJ1_26 Pin=J1-27
Added Net: Name=NetJ1_26
