Removed Pin From Net: NetName=-5VB Pin=C12-1
Removed Pin From Net: NetName=-5VGNDB Pin=C12-2
Removed Pin From Net: NetName=NetC13_1 Pin=C13-1
Removed Pin From Net: NetName=-5VGNDB Pin=C13-2
Removed Pin From Net: NetName=NetC13_1 Pin=C14-1
Removed Pin From Net: NetName=-5VGNDB Pin=C14-2
Removed Pin From Net: NetName=NetC13_1 Pin=C15-1
Removed Pin From Net: NetName=-5VGNDB Pin=C15-2
Removed Pin From Net: NetName=+5VGNDB Pin=C16-1
Removed Pin From Net: NetName=+5VB Pin=C16-2
Removed Pin From Net: NetName=+5VGNDB Pin=C17-1
Removed Pin From Net: NetName=NetC17_2 Pin=C17-2
Removed Pin From Net: NetName=+5VGNDB Pin=C18-1
Removed Pin From Net: NetName=NetC17_2 Pin=C18-2
Removed Pin From Net: NetName=+5VGNDB Pin=C19-1
Removed Pin From Net: NetName=NetC17_2 Pin=C19-2
Removed Pin From Net: NetName=-5VGNDB Pin=J1-20
Removed Pin From Net: NetName=-5VGNDB Pin=J1-21
Removed Pin From Net: NetName=-5VGNDB Pin=J1-22
Removed Pin From Net: NetName=NetC13_1 Pin=J1-23
Removed Pin From Net: NetName=NetC13_1 Pin=J1-24
Removed Pin From Net: NetName=NetC13_1 Pin=J1-25
Removed Pin From Net: NetName=NetC17_2 Pin=J1-26
Removed Pin From Net: NetName=NetC17_2 Pin=J1-27
Removed Pin From Net: NetName=NetC17_2 Pin=J1-28
Removed Pin From Net: NetName=+5VGNDB Pin=J1-29
Removed Pin From Net: NetName=+5VGNDB Pin=J1-30
Removed Pin From Net: NetName=+5VGNDB Pin=J1-31
Removed Pin From Net: NetName=NetC5_2 Pin=J1-54
Removed Pin From Net: NetName=+5VGNDA Pin=J1-56
Removed Pin From Net: NetName=+5VGNDA Pin=J1-57
Removed Pin From Net: NetName=-5VGNDA Pin=J1-58
Removed Pin From Net: NetName=-5VGNDA Pin=J1-59
Removed Pin From Net: NetName=NetC9_1 Pin=J1-62
Removed Pin From Net: NetName=NetC9_1 Pin=J1-63
Removed Pin From Net: NetName=-5VB Pin=L3-1
Removed Pin From Net: NetName=NetC13_1 Pin=L3-2
Removed Pin From Net: NetName=+5VB Pin=L4-1
Removed Pin From Net: NetName=NetC17_2 Pin=L4-2
Removed Pin From Net: NetName=ADRS3 Pin=U3-73
Removed Pin From Net: NetName=ADRS2 Pin=U3-74
Removed Pin From Net: NetName=ADRS1 Pin=U3-75
Removed Pin From Net: NetName=ADRS0 Pin=U3-76
Added Pin To Net: NetName=-5VGNDB Pin=C12-1
Added Pin To Net: NetName=-5VB Pin=C12-2
Added Pin To Net: NetName=-5VGNDB Pin=C13-1
Added Pin To Net: NetName=NetC13_1 Pin=C13-2
Added Pin To Net: NetName=-5VGNDB Pin=C14-1
Added Pin To Net: NetName=NetC13_1 Pin=C14-2
Added Pin To Net: NetName=-5VGNDB Pin=C15-1
Added Pin To Net: NetName=NetC13_1 Pin=C15-2
Added Pin To Net: NetName=+5VB Pin=C16-1
Added Pin To Net: NetName=+5VGNDB Pin=C16-2
Added Pin To Net: NetName=NetC17_2 Pin=C17-1
Added Pin To Net: NetName=+5VGNDB Pin=C17-2
Added Pin To Net: NetName=NetC17_2 Pin=C18-1
Added Pin To Net: NetName=+5VGNDB Pin=C18-2
Added Pin To Net: NetName=NetC17_2 Pin=C19-1
Added Pin To Net: NetName=+5VGNDB Pin=C19-2
Added Pin To Net: NetName=+5VA Pin=J1-20
Added Pin To Net: NetName=+5VA Pin=J1-21
Added Pin To Net: NetName=+5VGNDA Pin=J1-22
Added Pin To Net: NetName=+5VGNDA Pin=J1-23
Added Pin To Net: NetName=+5VB Pin=J1-24
Added Pin To Net: NetName=+5VB Pin=J1-25
Added Pin To Net: NetName=+5VGNDB Pin=J1-26
Added Pin To Net: NetName=+5VGNDB Pin=J1-27
Added Pin To Net: NetName=-5VGNDA Pin=J1-28
Added Pin To Net: NetName=-5VA Pin=J1-29
Added Pin To Net: NetName=-5VGNDB Pin=J1-30
Added Pin To Net: NetName=-5VB Pin=J1-31
Added Pin To Net: NetName=+5VGNDA Pin=J1-54
Added Pin To Net: NetName=NetC17_2 Pin=J1-56
Added Pin To Net: NetName=NetC17_2 Pin=J1-57
Added Pin To Net: NetName=+5VGNDB Pin=J1-58
Added Pin To Net: NetName=+5VGNDB Pin=J1-59
Added Pin To Net: NetName=-5VGNDB Pin=J1-62
Added Pin To Net: NetName=NetC13_1 Pin=J1-63
Added Pin To Net: NetName=NetC13_1 Pin=L3-1
Added Pin To Net: NetName=-5VB Pin=L3-2
Added Pin To Net: NetName=NetC17_2 Pin=L4-1
Added Pin To Net: NetName=+5VB Pin=L4-2
Change Net Name : Old Net Name=NetC13_1 New Net Name=NetC13_2
Change Net Name : Old Net Name=NetC17_2 New Net Name=NetC17_1
