Change Component Designator: Old Designator=C8 New Designator=C3
Change Component Designator: Old Designator=C11 New Designator=C4
Change Component Designator: Old Designator=C12 New Designator=C11
Change Component Designator: Old Designator=C13 New Designator=C5
Change Component Designator: Old Designator=C30 New Designator=C6
Change Component Designator: Old Designator=C31 New Designator=C7
Change Component Designator: Old Designator=C32 New Designator=C8
Change Component Designator: Old Designator=D6 New Designator=D4
Change Component Designator: Old Designator=D7 New Designator=D3
Change Component Designator: Old Designator=D8 New Designator=D2
Change Component Designator: Old Designator=D10 New Designator=D5
Change Component Designator: Old Designator=LT2 New Designator=LT1
Change Component Designator: Old Designator=R5 New Designator=R1
Change Component Designator: Old Designator=R6 New Designator=R3
Change Component Designator: Old Designator=R7 New Designator=R5
Change Component Designator: Old Designator=R8 New Designator=R4
Change Component Designator: Old Designator=R? New Designator=R2
Change Component Designator: Old Designator=Rfb2 New Designator=Rfb1
Change Component Designator: Old Designator=Rref2 New Designator=Rref1
Change Component Designator: Old Designator=Rtc2 New Designator=Rtc1
Change Component Designator: Old Designator=T2 New Designator=T1
