Removed Pin From Net: NetName=GND Pin=J1-7
Removed Pin From Net: NetName=ADRS3 Pin=J1-8
Removed Pin From Net: NetName=ADRS2 Pin=J1-9
Removed Pin From Net: NetName=ADRS1 Pin=J1-10
Removed Pin From Net: NetName=ADRS0 Pin=J1-11
Removed Pin From Net: NetName=GND Pin=J1-15
Removed Pin From Net: NetName=GND Pin=J1-16
Removed Pin From Net: NetName=RX3 Pin=J1-17
Removed Pin From Net: NetName=TX3 Pin=J1-18
Removed Pin From Net: NetName=GND Pin=J1-39
Removed Pin From Net: NetName=GND Pin=J1-48
Removed Pin From Net: NetName=RX3 Pin=J1-49
Removed Pin From Net: NetName=TX3 Pin=J1-50
Removed Pin From Net: NetName=NetJ1_44 Pin=R2-1
Removed Pin From Net: NetName=NetJ1_45 Pin=R2-2
Removed Pin From Net: NetName=NetJ1_43 Pin=U1-5
Removed Pin From Net: NetName=NetJ1_47 Pin=U2-5
Removed Pin From Net: NetName=NetJ1_46 Pin=U2-6
Removed Pin From Net: NetName=NetJ1_45 Pin=U2-7
Removed Pin From Net: NetName=NetJ1_44 Pin=U2-8
Added Pin To Net: NetName=RX3 Pin=J1-7
Added Pin To Net: NetName=TX3 Pin=J1-8
Added Pin To Net: NetName=GND Pin=J1-9
Added Pin To Net: NetName=GND Pin=J1-10
Added Pin To Net: NetName=GND Pin=J1-11
Added Pin To Net: NetName=ADRS3 Pin=J1-15
Added Pin To Net: NetName=ADRS2 Pin=J1-16
Added Pin To Net: NetName=ADRS1 Pin=J1-17
Added Pin To Net: NetName=ADRS0 Pin=J1-18
Added Pin To Net: NetName=RX3 Pin=J1-39
Added Pin To Net: NetName=TX3 Pin=J1-40
Added Pin To Net: NetName=GND Pin=J1-41
Added Pin To Net: NetName=GND Pin=J1-42
Added Pin To Net: NetName=NetJ1_44 Pin=R1-1
Added Pin To Net: NetName=NetJ1_43 Pin=R1-2
Added Pin To Net: NetName=NetJ1_47 Pin=R2-1
Added Pin To Net: NetName=NetJ1_46 Pin=U1-5
Added Pin To Net: NetName=NetJ1_45 Pin=U1-6
Added Pin To Net: NetName=NetJ1_44 Pin=U1-7
Added Pin To Net: NetName=NetJ1_43 Pin=U1-8
Added Pin To Net: NetName=NetJ1_47 Pin=U2-8
Added Pin To Net: NetName=NetJ1_48 Pin=J1-48
Added Pin To Net: NetName=NetJ1_48 Pin=R2-2
Added Pin To Net: NetName=NetJ1_48 Pin=U2-7
Added Net: Name=NetJ1_48
Added Pin To Net: NetName=NetJ1_49 Pin=J1-49
Added Pin To Net: NetName=NetJ1_49 Pin=U2-6
Added Net: Name=NetJ1_49
Added Pin To Net: NetName=NetJ1_50 Pin=J1-50
Added Pin To Net: NetName=NetJ1_50 Pin=U2-5
Added Net: Name=NetJ1_50
