Removed Pin From Net: NetName=RX0 Pin=U?-2
Removed Pin From Net: NetName=TX0 Pin=U?-3
Removed Pin From Net: NetName=+5V Pin=U?-10
Removed Pin From Net: NetName=NetAC3_1 Pin=U?-11
Removed Pin From Net: NetName=SCK Pin=U?-20
Removed Pin From Net: NetName=MOSI Pin=U?-21
Removed Pin From Net: NetName=MISO Pin=U?-22
Removed Pin From Net: NetName=RESET Pin=U?-30
Removed Pin From Net: NetName=+5V Pin=U?-31
Removed Pin From Net: NetName=NetAC3_1 Pin=U?-32
Removed Pin From Net: NetName=XTAL2 Pin=U?-33
Removed Pin From Net: NetName=XTAL1 Pin=U?-34
Removed Pin From Net: NetName=SCL Pin=U?-43
Removed Pin From Net: NetName=SDA Pin=U?-44
Removed Pin From Net: NetName=RX1 Pin=U?-45
Removed Pin From Net: NetName=TX1 Pin=U?-46
Removed Pin From Net: NetName=+5V Pin=U?-61
Removed Pin From Net: NetName=NetAC3_1 Pin=U?-62
Removed Pin From Net: NetName=EN2 Pin=U?-77
Removed Pin From Net: NetName=EN1 Pin=U?-78
Removed Pin From Net: NetName=+5V Pin=U?-80
Removed Pin From Net: NetName=NetAC3_1 Pin=U?-81
Removed Pin From Net: NetName=A_NTC Pin=U?-93
Removed Pin From Net: NetName=A3 Pin=U?-94
Removed Pin From Net: NetName=A2 Pin=U?-95
Removed Pin From Net: NetName=A1 Pin=U?-96
Removed Pin From Net: NetName=A0 Pin=U?-97
Removed Pin From Net: NetName=AREF Pin=U?-98
Removed Pin From Net: NetName=NetAC3_1 Pin=U?-99
Removed Pin From Net: NetName=+5V Pin=U?-100
Removed Member From Class: ClassName=U_controller Member=U?
Added Pin To Net: NetName=RX0 Pin=U1-2
Added Pin To Net: NetName=TX0 Pin=U1-3
Added Member To Class: ClassName=U_controller Member=Component U1 ATmega2560-16AU
