Removed Pin From Net: NetName=GND Pin=AC5-1
Removed Pin From Net: NetName=+5V Pin=AC5-2
Removed Pin From Net: NetName=GND Pin=AC6-1
Removed Pin From Net: NetName=+5V Pin=AC6-2
Removed Pin From Net: NetName=RX0 Pin=U1-2
Removed Pin From Net: NetName=TX0 Pin=U1-3
Removed Pin From Net: NetName=+5V Pin=U1-10
Removed Pin From Net: NetName=GND Pin=U1-11
Removed Pin From Net: NetName=SCK Pin=U1-20
Removed Pin From Net: NetName=MOSI Pin=U1-21
Removed Pin From Net: NetName=MISO Pin=U1-22
Removed Pin From Net: NetName=RESET Pin=U1-30
Removed Pin From Net: NetName=+5V Pin=U1-31
Removed Pin From Net: NetName=GND Pin=U1-32
Removed Pin From Net: NetName=XTAL2 Pin=U1-33
Removed Pin From Net: NetName=XTAL1 Pin=U1-34
Removed Pin From Net: NetName=SCL Pin=U1-43
Removed Pin From Net: NetName=SDA Pin=U1-44
Removed Pin From Net: NetName=+5V Pin=U1-61
Removed Pin From Net: NetName=GND Pin=U1-62
Removed Pin From Net: NetName=LED2 Pin=U1-71
Removed Pin From Net: NetName=LED1 Pin=U1-72
Removed Pin From Net: NetName=ADRS3 Pin=U1-73
Removed Pin From Net: NetName=ADRS2 Pin=U1-74
Removed Pin From Net: NetName=ADRS1 Pin=U1-75
Removed Pin From Net: NetName=ADRS0 Pin=U1-76
Removed Pin From Net: NetName=EN2 Pin=U1-77
Removed Pin From Net: NetName=EN1 Pin=U1-78
Removed Pin From Net: NetName=+5V Pin=U1-80
Removed Pin From Net: NetName=GND Pin=U1-81
Removed Pin From Net: NetName=A3 Pin=U1-93
Removed Pin From Net: NetName=A2 Pin=U1-94
Removed Pin From Net: NetName=A1 Pin=U1-95
Removed Pin From Net: NetName=A0 Pin=U1-96
Removed Pin From Net: NetName=A_NTC Pin=U1-97
Removed Pin From Net: NetName=AREF Pin=U1-98
Removed Pin From Net: NetName=GND Pin=U1-99
Removed Pin From Net: NetName=+5V Pin=U1-100
Removed Member From Class: ClassName=U_controller Member=AC5
Removed Member From Class: ClassName=U_controller Member=AC6
Removed Member From Class: ClassName=U_controller Member=U1
Added Component: Designator=U3(32A_N)
Added Pin To Net: NetName=EN2 Pin=U3-1
Added Pin To Net: NetName=ADRS0 Pin=U3-2
Added Pin To Net: NetName=GND Pin=U3-3
Added Pin To Net: NetName=+5V Pin=U3-4
Added Pin To Net: NetName=GND Pin=U3-5
Added Pin To Net: NetName=+5V Pin=U3-6
Added Pin To Net: NetName=XTAL1 Pin=U3-7
Added Pin To Net: NetName=XTAL2 Pin=U3-8
Added Pin To Net: NetName=ADRS1 Pin=U3-9
Added Pin To Net: NetName=ADRS2 Pin=U3-10
Added Pin To Net: NetName=ADRS3 Pin=U3-11
Added Pin To Net: NetName=LED1 Pin=U3-12
Added Pin To Net: NetName=LED2 Pin=U3-13
Added Pin To Net: NetName=MOSI Pin=U3-15
Added Pin To Net: NetName=MISO Pin=U3-16
Added Pin To Net: NetName=SCK Pin=U3-17
Added Pin To Net: NetName=+5V Pin=U3-18
Added Pin To Net: NetName=A3 Pin=U3-19
Added Pin To Net: NetName=AREF Pin=U3-20
Added Pin To Net: NetName=GND Pin=U3-21
Added Pin To Net: NetName=A_NTC Pin=U3-23
Added Pin To Net: NetName=A0 Pin=U3-24
Added Pin To Net: NetName=A1 Pin=U3-25
Added Pin To Net: NetName=A2 Pin=U3-26
Added Pin To Net: NetName=SDA Pin=U3-27
Added Pin To Net: NetName=SCL Pin=U3-28
Added Pin To Net: NetName=RESET Pin=U3-29
Added Pin To Net: NetName=RX0 Pin=U3-30
Added Pin To Net: NetName=TX0 Pin=U3-31
Added Pin To Net: NetName=EN1 Pin=U3-32
Added Member To Class: ClassName=U_controller Member=Component U3 ATmega328P-AU
