Change Physical Footprint: Designator=AC3 Old Footprint=1608[0603] New Footprint=1608[0603]
Change Physical Footprint: Designator=AC4 Old Footprint=1608[0603] New Footprint=1608[0603]
Change Physical Footprint: Designator=AC6 Old Footprint=1608[0603] New Footprint=1608[0603]
Change Physical Footprint: Designator=C1 Old Footprint=PANASONIC_D New Footprint=PANASONIC_D
Change Physical Footprint: Designator=C2 Old Footprint=1608[0603] New Footprint=1608[0603]
Change Physical Footprint: Designator=C3 Old Footprint=1608[0603] New Footprint=1608[0603]
Change Physical Footprint: Designator=C4 Old Footprint=C1210 New Footprint=C1210
Change Physical Footprint: Designator=C5 Old Footprint=C1210 New Footprint=C1210
Change Physical Footprint: Designator=C6 Old Footprint=C1210 New Footprint=C1210
Change Physical Footprint: Designator=C7 Old Footprint=C1210 New Footprint=C1210
Change Physical Footprint: Designator=C8 Old Footprint=C1210 New Footprint=C1210
Change Physical Footprint: Designator=C8_LV1 Old Footprint=1608[0603] New Footprint=1608[0603]
Change Physical Footprint: Designator=C8_LV2 Old Footprint=1608[0603] New Footprint=1608[0603]
Change Physical Footprint: Designator=C8_LV3 Old Footprint=1608[0603] New Footprint=1608[0603]
Change Physical Footprint: Designator=C8_LV4 Old Footprint=1608[0603] New Footprint=1608[0603]
Change Physical Footprint: Designator=C9 Old Footprint=C1210 New Footprint=C1210
Change Physical Footprint: Designator=C10 Old Footprint=C1210 New Footprint=C1210
Change Physical Footprint: Designator=C11 Old Footprint=C1210 New Footprint=C1210
Change Physical Footprint: Designator=C12 Old Footprint=C1210 New Footprint=C1210
Change Physical Footprint: Designator=C12_LV1 Old Footprint=1608[0603] New Footprint=1608[0603]
Change Physical Footprint: Designator=C12_LV2 Old Footprint=1608[0603] New Footprint=1608[0603]
Change Physical Footprint: Designator=C12_LV3 Old Footprint=1608[0603] New Footprint=1608[0603]
Change Physical Footprint: Designator=C12_LV4 Old Footprint=1608[0603] New Footprint=1608[0603]
Change Physical Footprint: Designator=C13 Old Footprint=C1210 New Footprint=C1210
Change Physical Footprint: Designator=C14 Old Footprint=C1210 New Footprint=C1210
Change Physical Footprint: Designator=C15 Old Footprint=C1210 New Footprint=C1210
Change Physical Footprint: Designator=C16 Old Footprint=C1210 New Footprint=C1210
Change Physical Footprint: Designator=C17 Old Footprint=C1210 New Footprint=C1210
Change Physical Footprint: Designator=C18 Old Footprint=C1210 New Footprint=C1210
Change Physical Footprint: Designator=C19 Old Footprint=C1210 New Footprint=C1210
Change Physical Footprint: Designator=C20 Old Footprint=PANASONIC_D New Footprint=PANASONIC_D
Change Physical Footprint: Designator=C21 Old Footprint=PANASONIC_D New Footprint=PANASONIC_D
Change Physical Footprint: Designator=C30 Old Footprint=1812 New Footprint=1812
Change Physical Footprint: Designator=C31 Old Footprint=1812 New Footprint=1812
Change Physical Footprint: Designator=C32 Old Footprint=1812 New Footprint=1812
Change Physical Footprint: Designator=C33 Old Footprint=1812 New Footprint=1812
Change Physical Footprint: Designator=J1 Old Footprint=09 03 164 6919 New Footprint=09 03 164 6919
Change Physical Footprint: Designator=L3 Old Footprint=MPLC0730 New Footprint=MPLC0730
Change Physical Footprint: Designator=NTC Old Footprint=J1-0603 New Footprint=J1-0603
Change Physical Footprint: Designator=R1 Old Footprint=J1-0603 New Footprint=J1-0603
Change Physical Footprint: Designator=R2 Old Footprint=J1-0603 New Footprint=J1-0603
Change Physical Footprint: Designator=R5_LV1 Old Footprint=J1-0603 New Footprint=J1-0603
Change Physical Footprint: Designator=R5_LV2 Old Footprint=J1-0603 New Footprint=J1-0603
Change Physical Footprint: Designator=R5_LV3 Old Footprint=J1-0603 New Footprint=J1-0603
Change Physical Footprint: Designator=R5_LV4 Old Footprint=J1-0603 New Footprint=J1-0603
Change Physical Footprint: Designator=R6_LV1 Old Footprint=J1-0603 New Footprint=J1-0603
Change Physical Footprint: Designator=R6_LV2 Old Footprint=J1-0603 New Footprint=J1-0603
Change Physical Footprint: Designator=R6_LV3 Old Footprint=J1-0603 New Footprint=J1-0603
Change Physical Footprint: Designator=R6_LV4 Old Footprint=J1-0603 New Footprint=J1-0603
Change Physical Footprint: Designator=R7_LV1 Old Footprint=J1-0603 New Footprint=J1-0603
Change Physical Footprint: Designator=R7_LV2 Old Footprint=J1-0603 New Footprint=J1-0603
Change Physical Footprint: Designator=R7_LV3 Old Footprint=J1-0603 New Footprint=J1-0603
Change Physical Footprint: Designator=R7_LV4 Old Footprint=J1-0603 New Footprint=J1-0603
Change Physical Footprint: Designator=R_LED1 Old Footprint=J1-0603 New Footprint=J1-0603
Change Physical Footprint: Designator=R_LED2 Old Footprint=J1-0603 New Footprint=J1-0603
Change Physical Footprint: Designator=R_LED3 Old Footprint=J1-0603 New Footprint=J1-0603
Change Physical Footprint: Designator=R_NTC Old Footprint=J1-0603 New Footprint=J1-0603
Change Physical Footprint: Designator=R_pu3 Old Footprint=J1-0603 New Footprint=J1-0603
Change Physical Footprint: Designator=RADRS0 Old Footprint=J1-0603 New Footprint=J1-0603
Change Physical Footprint: Designator=RADRS1 Old Footprint=J1-0603 New Footprint=J1-0603
Change Physical Footprint: Designator=RADRS2 Old Footprint=J1-0603 New Footprint=J1-0603
Change Physical Footprint: Designator=RADRS3 Old Footprint=J1-0603 New Footprint=J1-0603
Change Physical Footprint: Designator=RLED2 Old Footprint=J1-0603 New Footprint=J1-0603
Change Physical Footprint: Designator=Rref2_LV1 Old Footprint=J1-0603 New Footprint=J1-0603
Change Physical Footprint: Designator=Rref2_LV2 Old Footprint=J1-0603 New Footprint=J1-0603
Change Physical Footprint: Designator=Rref2_LV3 Old Footprint=J1-0603 New Footprint=J1-0603
Change Physical Footprint: Designator=Rref2_LV4 Old Footprint=J1-0603 New Footprint=J1-0603
