Change Component Designator: Old Designator=C3_a New Designator=C19
Change Component Designator: Old Designator=C3_b New Designator=C20
Change Component Designator: Old Designator=C23 New Designator=C18
Change Component Designator: Old Designator=C24 New Designator=C21
Change Component Designator: Old Designator=C25 New Designator=C22
Change Component Designator: Old Designator=C26 New Designator=C23
Change Component Designator: Old Designator=C27 New Designator=C24
Change Component Designator: Old Designator=C28 New Designator=C12
Change Component Designator: Old Designator=C29 New Designator=C13
Change Component Designator: Old Designator=C30 New Designator=C14
Change Component Designator: Old Designator=C31 New Designator=C15
Change Component Designator: Old Designator=C32 New Designator=C16
Change Component Designator: Old Designator=C33 New Designator=C17
Change Component Designator: Old Designator=D9 New Designator=D6
Change Component Designator: Old Designator=D11 New Designator=D7
Change Component Designator: Old Designator=D12 New Designator=D8
Change Component Designator: Old Designator=F1 New Designator=F3
Change Component Designator: Old Designator=R3 New Designator=R15
Change Component Designator: Old Designator=R4 New Designator=R16
Change Component Designator: Old Designator=R9 New Designator=R13
Change Component Designator: Old Designator=R10 New Designator=R6
Change Component Designator: Old Designator=R11 New Designator=R8
Change Component Designator: Old Designator=R12 New Designator=R9
Change Component Designator: Old Designator=R13 New Designator=R10
Change Component Designator: Old Designator=R13b New Designator=R11
Change Component Designator: Old Designator=R14 New Designator=R12
Change Component Designator: Old Designator=R15 New Designator=R14
Change Component Designator: Old Designator=R16 New Designator=R17
Change Component Designator: Old Designator=R? New Designator=R7
Change Component Designator: Old Designator=T1 New Designator=T2
Change Component Designator: Old Designator=U5 New Designator=U3
