Change Component Designator: Old Designator=C1 New Designator=C40
Change Component Designator: Old Designator=C2 New Designator=C25
Change Component Designator: Old Designator=C3 New Designator=C26
Change Component Designator: Old Designator=C4 New Designator=C30
Change Component Designator: Old Designator=C5 New Designator=C29
Change Component Designator: Old Designator=C6 New Designator=C28
Change Component Designator: Old Designator=C7 New Designator=C27
Change Component Designator: Old Designator=C8 New Designator=C44
Change Component Designator: Old Designator=C9 New Designator=C43
Change Component Designator: Old Designator=C10 New Designator=C42
Change Component Designator: Old Designator=C11 New Designator=C41
Change Component Designator: Old Designator=C12 New Designator=C34
Change Component Designator: Old Designator=C13 New Designator=C33
Change Component Designator: Old Designator=C14 New Designator=C32
Change Component Designator: Old Designator=C15 New Designator=C31
Change Component Designator: Old Designator=C16 New Designator=C38
Change Component Designator: Old Designator=C17 New Designator=C37
Change Component Designator: Old Designator=C18 New Designator=C36
Change Component Designator: Old Designator=C19 New Designator=C35
Change Component Designator: Old Designator=C30 New Designator=C47
Change Component Designator: Old Designator=C31 New Designator=C46
Change Component Designator: Old Designator=C32 New Designator=C45
Change Component Designator: Old Designator=C33 New Designator=C39
Change Component Designator: Old Designator=D1 New Designator=D11
Change Component Designator: Old Designator=D2 New Designator=D12
Change Component Designator: Old Designator=D3 New Designator=D13
Change Component Designator: Old Designator=D4 New Designator=D14
Change Component Designator: Old Designator=D5 New Designator=D9
Change Component Designator: Old Designator=D6 New Designator=D10
Change Component Designator: Old Designator=DTVS1 New Designator=DTVS2
Change Component Designator: Old Designator=L2 New Designator=L4
Change Component Designator: Old Designator=L3 New Designator=L2
Change Component Designator: Old Designator=L4 New Designator=L3
Change Component Designator: Old Designator=NTC New Designator=NTC1
Change Component Designator: Old Designator=R1 New Designator=R23
Change Component Designator: Old Designator=R2 New Designator=R22
Change Component Designator: Old Designator=R? New Designator=R18
Change Component Designator: Old Designator=R? New Designator=R19
Change Component Designator: Old Designator=R? New Designator=R20
Change Component Designator: Old Designator=R? New Designator=R21
Change Component Designator: Old Designator=R? New Designator=R24
Change Component Designator: Old Designator=R? New Designator=R25
Change Component Designator: Old Designator=R? New Designator=R26
Change Component Designator: Old Designator=R? New Designator=R27
Change Component Designator: Old Designator=R? New Designator=R28
Change Component Designator: Old Designator=R? New Designator=R29
Change Component Designator: Old Designator=R? New Designator=R30
Change Component Designator: Old Designator=R? New Designator=R31
Change Component Designator: Old Designator=R? New Designator=R32
Change Component Designator: Old Designator=R? New Designator=R33
Change Component Designator: Old Designator=R? New Designator=R34
Change Component Designator: Old Designator=U1 New Designator=U6
Change Component Designator: Old Designator=U2 New Designator=U5
