Change Component Designator: Old Designator=C1 New Designator=C?
Change Component Designator: Old Designator=C2 New Designator=C?
Change Component Designator: Old Designator=C3 New Designator=C?
Change Component Designator: Old Designator=C4 New Designator=C?
Change Component Designator: Old Designator=C5 New Designator=C?
Change Component Designator: Old Designator=C6 New Designator=C?
Change Component Designator: Old Designator=C7 New Designator=C?
Change Component Designator: Old Designator=C8 New Designator=C?
Change Component Designator: Old Designator=C9 New Designator=C?
Change Component Designator: Old Designator=C10 New Designator=C?
Change Component Designator: Old Designator=C11 New Designator=C?
Change Component Designator: Old Designator=C12 New Designator=C?
Change Component Designator: Old Designator=C13 New Designator=C?
Change Component Designator: Old Designator=C14 New Designator=C?
Change Component Designator: Old Designator=C15 New Designator=C?
Change Component Designator: Old Designator=C16 New Designator=C?
Change Component Designator: Old Designator=C17 New Designator=C?
Change Component Designator: Old Designator=C18 New Designator=C?
Change Component Designator: Old Designator=C19 New Designator=C?
Change Component Designator: Old Designator=C30 New Designator=C?
Change Component Designator: Old Designator=C31 New Designator=C?
Change Component Designator: Old Designator=C32 New Designator=C?
Change Component Designator: Old Designator=C33 New Designator=C?
Change Component Designator: Old Designator=D1 New Designator=D?
Change Component Designator: Old Designator=D2 New Designator=D?
Change Component Designator: Old Designator=D3 New Designator=D?
Change Component Designator: Old Designator=D4 New Designator=D?
Change Component Designator: Old Designator=D5 New Designator=D?
Change Component Designator: Old Designator=D6 New Designator=D?
Change Component Designator: Old Designator=DTVS1 New Designator=DTVS?
Change Component Designator: Old Designator=J1 New Designator=J?
Change Component Designator: Old Designator=L1 New Designator=L?
Change Component Designator: Old Designator=L2 New Designator=L?
Change Component Designator: Old Designator=L3 New Designator=L?
Change Component Designator: Old Designator=L4 New Designator=L?
Change Component Designator: Old Designator=NTC New Designator=NTC?
Change Component Designator: Old Designator=R1 New Designator=R?
Change Component Designator: Old Designator=R2 New Designator=R?
Change Component Designator: Old Designator=R_L1 New Designator=R_L?
Change Component Designator: Old Designator=R_L2 New Designator=R_L?
Change Component Designator: Old Designator=R_L3 New Designator=R_L?
Change Component Designator: Old Designator=R_L4 New Designator=R_L?
Change Component Designator: Old Designator=R_LED1 New Designator=R_LED?
Change Component Designator: Old Designator=R_LED2 New Designator=R_LED?
Change Component Designator: Old Designator=R_LED3 New Designator=R_LED?
Change Component Designator: Old Designator=R_LED4 New Designator=R_LED?
Change Component Designator: Old Designator=R_LED5 New Designator=R_LED?
Change Component Designator: Old Designator=R_LED6 New Designator=R_LED?
Change Component Designator: Old Designator=R_NTC New Designator=R_NTC?
Change Component Designator: Old Designator=RADRS0 New Designator=RADRS?
Change Component Designator: Old Designator=RADRS1 New Designator=RADRS?
Change Component Designator: Old Designator=RADRS2 New Designator=RADRS?
Change Component Designator: Old Designator=RADRS3 New Designator=RADRS?
Change Component Designator: Old Designator=U1 New Designator=U?
Change Component Designator: Old Designator=U2 New Designator=U?
