Replace Part BUF1 SN7406 in C:\Users\smkilani\Documents\GitHub\G-2\Thermostat\Sheet1.SchDoc with SN7406 from Schlib1.SchLib
Replace Part C1 Cap Semi in C:\Users\smkilani\Documents\GitHub\G-2\Thermostat\Sheet1.SchDoc with Cap Semi from Miscellaneous Devices.IntLib
Replace Part C2 Cap Semi in C:\Users\smkilani\Documents\GitHub\G-2\Thermostat\Sheet1.SchDoc with Cap Semi from Miscellaneous Devices.IntLib
Replace Part C3 Cap Semi in C:\Users\smkilani\Documents\GitHub\G-2\Thermostat\Sheet1.SchDoc with Cap Semi from Miscellaneous Devices.IntLib
Replace Part C4 Cap Semi in C:\Users\smkilani\Documents\GitHub\G-2\Thermostat\Sheet1.SchDoc with Cap Semi from Miscellaneous Devices.IntLib
Replace Part C5 Cap Semi in C:\Users\smkilani\Documents\GitHub\G-2\Thermostat\Sheet1.SchDoc with Cap Semi from Miscellaneous Devices.IntLib
Replace Part C6 Cap Semi in C:\Users\smkilani\Documents\GitHub\G-2\Thermostat\Sheet1.SchDoc with Cap Semi from Miscellaneous Devices.IntLib
Replace Part DHT22 Header 3 in C:\Users\smkilani\Documents\GitHub\G-2\Thermostat\Sheet1.SchDoc with Header 3 from Miscellaneous Connectors.IntLib
Replace Part J1 STRIP-14 in C:\Users\smkilani\Documents\GitHub\G-2\Thermostat\Sheet1.SchDoc with STRIP-14 from Schlib1.SchLib
Replace Part J2 STRIP-14 in C:\Users\smkilani\Documents\GitHub\G-2\Thermostat\Sheet1.SchDoc with STRIP-14 from Schlib1.SchLib
Replace Part LCD1 Header 4 in C:\Users\smkilani\Documents\GitHub\G-2\Thermostat\Sheet1.SchDoc with Header 4 from Miscellaneous Connectors.IntLib
Replace Part R1 Res3 in C:\Users\smkilani\Documents\GitHub\G-2\Thermostat\Sheet1.SchDoc with Res3 from Miscellaneous Devices.IntLib
Replace Part R2 Res3 in C:\Users\smkilani\Documents\GitHub\G-2\Thermostat\Sheet1.SchDoc with Res3 from Miscellaneous Devices.IntLib
Replace Part R3 Res3 in C:\Users\smkilani\Documents\GitHub\G-2\Thermostat\Sheet1.SchDoc with Res3 from Miscellaneous Devices.IntLib
Replace Part R4 Res3 in C:\Users\smkilani\Documents\GitHub\G-2\Thermostat\Sheet1.SchDoc with Res3 from Miscellaneous Devices.IntLib
Replace Part R5 Res3 in C:\Users\smkilani\Documents\GitHub\G-2\Thermostat\Sheet1.SchDoc with Res3 from Miscellaneous Devices.IntLib
Replace Part R6 Res3 in C:\Users\smkilani\Documents\GitHub\G-2\Thermostat\Sheet1.SchDoc with Res3 from Miscellaneous Devices.IntLib
Replace Part R7 Res3 in C:\Users\smkilani\Documents\GitHub\G-2\Thermostat\Sheet1.SchDoc with Res3 from Miscellaneous Devices.IntLib
Replace Part RF1 PINHD-2X4 in C:\Users\smkilani\Documents\GitHub\G-2\Thermostat\Sheet1.SchDoc with PINHD-2X4 from Schlib1.SchLib
Replace Part S1 SW-PB in C:\Users\smkilani\Documents\GitHub\G-2\Thermostat\Sheet1.SchDoc with SW-PB from Miscellaneous Devices.IntLib
Replace Part S2 SW-PB in C:\Users\smkilani\Documents\GitHub\G-2\Thermostat\Sheet1.SchDoc with SW-PB from Miscellaneous Devices.IntLib
Replace Part S3 SW-PB in C:\Users\smkilani\Documents\GitHub\G-2\Thermostat\Sheet1.SchDoc with SW-PB from Miscellaneous Devices.IntLib
