Removed Pin From Net: NetName=48V Pin=U1-1
Removed Pin From Net: NetName=GND Pin=U1-2
Removed Pin From Net: NetName=GND Pin=U1-3
Removed Pin From Net: NetName=GND Pin=U1-4
Removed Pin From Net: NetName=NetRtrim_down1_2 Pin=U1-6
Removed Pin From Net: NetName=12V Pin=U1-8
Added Component: Designator=U5(EHHD006A0B41-HZ)
Added Pin To Net: NetName=+5V Pin=U1-3
Added Pin To Net: NetName=NetC6_1 Pin=U1-6
Added Pin To Net: NetName=D- Pin=U1-8
Added Pin To Net: NetName=48V Pin=U1-1
Added Pin To Net: NetName=GND Pin=U1-2
Added Pin To Net: NetName=GND Pin=U1-3
Added Pin To Net: NetName=GND Pin=U1-4
Added Pin To Net: NetName=NetRtrim_down1_2 Pin=U1-6
Added Pin To Net: NetName=12V Pin=U1-8
Added Member To Class: ClassName=Eurocard VME 3U (3.937 x 8.660 inches) Member=Component C4 Cap Semi
Added Member To Class: ClassName=Eurocard VME 3U (3.937 x 8.660 inches) Member=Component C7 
Added Member To Class: ClassName=Eurocard VME 3U (3.937 x 8.660 inches) Member=Component C8 
Added Member To Class: ClassName=Eurocard VME 3U (3.937 x 8.660 inches) Member=Component C9 
Added Member To Class: ClassName=Eurocard VME 3U (3.937 x 8.660 inches) Member=Component C10 
Added Member To Class: ClassName=Eurocard VME 3U (3.937 x 8.660 inches) Member=Component C11 
Added Member To Class: ClassName=Eurocard VME 3U (3.937 x 8.660 inches) Member=Component C12 
Added Member To Class: ClassName=Eurocard VME 3U (3.937 x 8.660 inches) Member=Component F1 MINISMDC050F-2
Added Member To Class: ClassName=Eurocard VME 3U (3.937 x 8.660 inches) Member=Component ICSP1 5x2 M
Added Member To Class: ClassName=Eurocard VME 3U (3.937 x 8.660 inches) Member=Component R1 
Added Member To Class: ClassName=Eurocard VME 3U (3.937 x 8.660 inches) Member=Component R3 
Added Member To Class: ClassName=Eurocard VME 3U (3.937 x 8.660 inches) Member=Component U5 DCDCPowerModule
