Removed Pin From Net: NetName=XT1 Pin=R2-1
Removed Pin From Net: NetName=XT2 Pin=R2-2
Removed Pin From Net: NetName=SCL Pin=RN1-2
Removed Pin From Net: NetName=SDA Pin=RN1-3
Removed Pin From Net: NetName=+5V Pin=RN1-6
Removed Pin From Net: NetName=+5V Pin=RN1-7
Removed Pin From Net: NetName=RD- Pin=RN2-1
Removed Pin From Net: NetName=RD+ Pin=RN2-4
Removed Pin From Net: NetName=D+ Pin=RN2-5
Removed Pin From Net: NetName=D- Pin=RN2-8
Removed Pin From Net: NetName=+5V Pin=RN3-1
Removed Pin From Net: NetName=DTR Pin=RN3-4
Removed Pin From Net: NetName=GND Pin=RN3-5
Removed Pin From Net: NetName=NetON_A Pin=RN3-8
Removed Pin From Net: NetName=PE1 Pin=RN4-1
Removed Pin From Net: NetName=PE0 Pin=RN4-2
Removed Pin From Net: NetName=+5V Pin=RN4-5
Removed Pin From Net: NetName=+5V Pin=RN4-6
Removed Pin From Net: NetName=M8RXD Pin=RN4-7
Removed Pin From Net: NetName=M8TXD Pin=RN4-8
Removed Pin From Net: NetName=+5V Pin=RN5-2
Removed Pin From Net: NetName=CMP Pin=RN5-3
Removed Pin From Net: NetName=GND Pin=RN5-4
Removed Pin From Net: NetName=CMP Pin=RN5-5
Removed Pin From Net: NetName=VIN Pin=RN5-6
Removed Pin From Net: NetName=RESET2 Pin=RN5-7
Removed Member From Class: ClassName=Eurocard VME 3U (3.937 x 8.660 inches) Member=R2
Removed Member From Class: ClassName=Eurocard VME 3U (3.937 x 8.660 inches) Member=RN1
Removed Member From Class: ClassName=Eurocard VME 3U (3.937 x 8.660 inches) Member=RN2
Removed Member From Class: ClassName=Eurocard VME 3U (3.937 x 8.660 inches) Member=RN3
Removed Member From Class: ClassName=Eurocard VME 3U (3.937 x 8.660 inches) Member=RN4
Removed Member From Class: ClassName=Eurocard VME 3U (3.937 x 8.660 inches) Member=RN5
Added Component: Designator=R3(J1-0603)
Added Component: Designator=R4(J1-0603)
Added Component: Designator=R5(J1-0603)
Added Component: Designator=R6(J1-0603)
Added Component: Designator=R7(J1-0603)
Added Component: Designator=R8(J1-0603)
Added Component: Designator=R9(J1-0603)
Added Component: Designator=R10(J1-0603)
Added Component: Designator=R11(J1-0603)
Added Component: Designator=R12(J1-0603)
Added Component: Designator=R13(J1-0603)
Added Component: Designator=R14(J1-0603)
Added Component: Designator=R15(J1-0603)
Added Component: Designator=R16(J1-0603)
Added Pin To Net: NetName=VIN Pin=R3-1
Added Pin To Net: NetName=CMP Pin=R3-2
Added Pin To Net: NetName=CMP Pin=R4-1
Added Pin To Net: NetName=GND Pin=R4-2
Added Pin To Net: NetName=+5V Pin=R5-1
Added Pin To Net: NetName=NetON_A Pin=R5-2
Added Pin To Net: NetName=+5V Pin=R6-1
Added Pin To Net: NetName=SCL Pin=R6-2
Added Pin To Net: NetName=+5V Pin=R7-1
Added Pin To Net: NetName=SDA Pin=R7-2
Added Pin To Net: NetName=+5V Pin=R8-1
Added Pin To Net: NetName=RESET2 Pin=R8-2
Added Pin To Net: NetName=D- Pin=R9-1
Added Pin To Net: NetName=RD- Pin=R9-2
Added Pin To Net: NetName=D+ Pin=R10-1
Added Pin To Net: NetName=RD+ Pin=R10-2
Added Pin To Net: NetName=XT1 Pin=R11-1
Added Pin To Net: NetName=XT2 Pin=R11-2
Added Pin To Net: NetName=PE0 Pin=R12-1
Added Pin To Net: NetName=M8RXD Pin=R12-2
Added Pin To Net: NetName=PE1 Pin=R13-1
Added Pin To Net: NetName=M8TXD Pin=R13-2
Added Pin To Net: NetName=DTR Pin=R14-1
Added Pin To Net: NetName=GND Pin=R14-2
Added Pin To Net: NetName=+5V Pin=R15-2
Added Pin To Net: NetName=+5V Pin=R16-2
Change Net Name : Old Net Name=XT1 New Net Name=NetC14_1
Added Pin To Net: NetName=NetR15_1 Pin=R15-1
Added Pin To Net: NetName=NetR15_1 Pin=TX-A
Added Net: Name=NetR15_1
Added Pin To Net: NetName=NetR16_1 Pin=R16-1
Added Pin To Net: NetName=NetR16_1 Pin=RX-A
Added Net: Name=NetR16_1
Added Member To Class: ClassName=Eurocard VME 3U (3.937 x 8.660 inches) Member=Component R3 
Added Member To Class: ClassName=Eurocard VME 3U (3.937 x 8.660 inches) Member=Component R4 
Added Member To Class: ClassName=Eurocard VME 3U (3.937 x 8.660 inches) Member=Component R5 
Added Member To Class: ClassName=Eurocard VME 3U (3.937 x 8.660 inches) Member=Component R6 
Added Member To Class: ClassName=Eurocard VME 3U (3.937 x 8.660 inches) Member=Component R7 
Added Member To Class: ClassName=Eurocard VME 3U (3.937 x 8.660 inches) Member=Component R8 
Added Member To Class: ClassName=Eurocard VME 3U (3.937 x 8.660 inches) Member=Component R9 
Added Member To Class: ClassName=Eurocard VME 3U (3.937 x 8.660 inches) Member=Component R10 
Added Member To Class: ClassName=Eurocard VME 3U (3.937 x 8.660 inches) Member=Component R11 
Added Member To Class: ClassName=Eurocard VME 3U (3.937 x 8.660 inches) Member=Component R12 
Added Member To Class: ClassName=Eurocard VME 3U (3.937 x 8.660 inches) Member=Component R13 
Added Member To Class: ClassName=Eurocard VME 3U (3.937 x 8.660 inches) Member=Component R14 
Added Member To Class: ClassName=Eurocard VME 3U (3.937 x 8.660 inches) Member=Component R15 
Added Member To Class: ClassName=Eurocard VME 3U (3.937 x 8.660 inches) Member=Component R16 
