Removed Pin From Net: NetName=DTR Pin=C7-1
Removed Pin From Net: NetName=RESET Pin=C7-2
Removed Pin From Net: NetName=USBVCC Pin=C8-1
Removed Pin From Net: NetName=GND Pin=C8-2
Removed Pin From Net: NetName=+5V Pin=C9-1
Removed Pin From Net: NetName=GND Pin=C9-2
Removed Pin From Net: NetName=VUCAP Pin=C10-1
Removed Pin From Net: NetName=UGND Pin=C10-2
Removed Pin From Net: NetName=GND Pin=C13-1
Removed Pin From Net: NetName=+3V3 Pin=C13-2
Change Component DesignItemId : Designator=C7 Old DesignItemId=C-EU0603-RND New DesignItemId=Cap Semi
Change Component DesignItemId : Designator=C8 Old DesignItemId=C-EU0603-RND New DesignItemId=Cap Semi
Change Component DesignItemId : Designator=C9 Old DesignItemId=C-EU0603-RND New DesignItemId=Cap Semi
Change Component DesignItemId : Designator=C10 Old DesignItemId=C-EU0603-RND New DesignItemId=Cap Semi
Change Component DesignItemId : Designator=C13 Old DesignItemId=C-EU0603-RND New DesignItemId=Cap Semi
Change Component DesignItemId : Designator=C14 Old DesignItemId=C-EU0603-RND New DesignItemId=Cap Semi
Change Component DesignItemId : Designator=C15 Old DesignItemId=C-EU0603-RND New DesignItemId=Cap Semi
Change Component Footprint: Designator=C7 Old Footprint=C0603-ROUND New Footprint=1608[0603]
Change Component Footprint: Designator=C8 Old Footprint=C0603-ROUND New Footprint=1608[0603]
Change Component Footprint: Designator=C9 Old Footprint=C0603-ROUND New Footprint=1608[0603]
Change Component Footprint: Designator=C10 Old Footprint=C0603-ROUND New Footprint=1608[0603]
Change Component Footprint: Designator=C13 Old Footprint=C0603-ROUND New Footprint=1608[0603]
Change Component Footprint: Designator=C14 Old Footprint=C0603-ROUND New Footprint=1608[0603]
Change Component Footprint: Designator=C15 Old Footprint=C0603-ROUND New Footprint=1608[0603]
Change Component Comment : Designator=C10 Old Comment=1u New Comment=
Change Component Comment : Designator=C13 Old Comment=1u New Comment=
Change Component Comment : Designator=C14 Old Comment=22p New Comment=
Change Component Comment : Designator=C15 Old Comment=22p New Comment=
Change Component Comment : Designator=C7 Old Comment=100n New Comment=
Change Component Comment : Designator=C8 Old Comment=100n New Comment=
Change Component Comment : Designator=C9 Old Comment=100n New Comment=
Added Pin To Net: NetName=RESET Pin=C7-1
Added Pin To Net: NetName=DTR Pin=C7-2
Added Pin To Net: NetName=GND Pin=C8-1
Added Pin To Net: NetName=USBVCC Pin=C8-2
Added Pin To Net: NetName=GND Pin=C9-1
Added Pin To Net: NetName=+5V Pin=C9-2
Added Pin To Net: NetName=UGND Pin=C10-1
Added Pin To Net: NetName=VUCAP Pin=C10-2
Added Pin To Net: NetName=+3V3 Pin=C13-1
Added Pin To Net: NetName=GND Pin=C13-2
