Change Component Designator: Old Designator=AC1 New Designator=AC2
Change Component Designator: Old Designator=C2 New Designator=C1
Change Component Designator: Old Designator=C2 New Designator=C6
Change Component Designator: Old Designator=C3 New Designator=C2
Change Component Designator: Old Designator=C4 New Designator=C3
Change Component Designator: Old Designator=C5 New Designator=C4
Change Component Designator: Old Designator=C6 New Designator=C5
Change Component Designator: Old Designator=C12 New Designator=C8
Change Component Designator: Old Designator=C13 New Designator=C7
Change Component Designator: Old Designator=C16 New Designator=C9
Change Component Designator: Old Designator=C17 New Designator=C14
Change Component Designator: Old Designator=C18 New Designator=C10
Change Component Designator: Old Designator=C19 New Designator=C12
Change Component Designator: Old Designator=C20 New Designator=C11
Change Component Designator: Old Designator=C21 New Designator=C13
Change Component Designator: Old Designator=D4 New Designator=D1
Change Component Designator: Old Designator=D5 New Designator=D2
Change Component Designator: Old Designator=D5V New Designator=D7
Change Component Designator: Old Designator=D6 New Designator=D3
Change Component Designator: Old Designator=D6 New Designator=D5
Change Component Designator: Old Designator=D7 New Designator=D4
Change Component Designator: Old Designator=D7 New Designator=D6
Change Component Designator: Old Designator=DTVS New Designator=DTVS1
Change Component Designator: Old Designator=F3 New Designator=F1
Change Component Designator: Old Designator=ICSP New Designator=ICSP1
Change Component Designator: Old Designator=R1 New Designator=R4
Change Component Designator: Old Designator=R3 New Designator=R5
Change Component Designator: Old Designator=R4 New Designator=R6
Change Component Designator: Old Designator=R5 New Designator=R3
Change Component Designator: Old Designator=R6 New Designator=R1
Change Component Designator: Old Designator=R7 New Designator=R2
Change Component Designator: Old Designator=R_LED3 New Designator=R_LED1
Change Component Designator: Old Designator=R_LED4 New Designator=R_LED2
Change Component Designator: Old Designator=R_LED5 New Designator=R_LED3
Change Component Designator: Old Designator=R_LED6 New Designator=R_LED4
Change Component Designator: Old Designator=R_pu5 New Designator=R_pu1
Change Component Designator: Old Designator=RESET New Designator=RESET1
Change Component Designator: Old Designator=Rtrim_down New Designator=Rtrim_down1
Change Component Designator: Old Designator=Rtrim_up New Designator=Rtrim_up1
Change Component Designator: Old Designator=U1 New Designator=U5
Change Component Designator: Old Designator=U3 New Designator=U8
Change Component Designator: Old Designator=U4 New Designator=U3
Change Component Designator: Old Designator=U5 New Designator=U6
Change Component Designator: Old Designator=U6 New Designator=U4
Change Component Designator: Old Designator=U8 New Designator=U1
