Removed Pin From Net: NetName=NetD4_2 Pin=IC3-71
Removed Pin From Net: NetName=NetD5_2 Pin=IC3-72
Removed Pin From Net: NetName=NetD6_2 Pin=IC3-73
Removed Pin From Net: NetName=NetD7_2 Pin=IC3-74
Removed Pin From Net: NetName=NetD4_1 Pin=R_LED3-1
Removed Pin From Net: NetName=GND Pin=R_LED3-2
Removed Pin From Net: NetName=NetD5_1 Pin=R_LED4-1
Removed Pin From Net: NetName=GND Pin=R_LED4-2
Removed Pin From Net: NetName=GND Pin=R_LED5-2
Removed Pin From Net: NetName=GND Pin=R_LED6-2
Added Pin To Net: NetName=TX1 Pin=D6-1
Added Pin To Net: NetName=RX1 Pin=D7-1
Added Pin To Net: NetName=NetD4_1 Pin=IC3-71
Added Pin To Net: NetName=NetD5_1 Pin=IC3-72
Added Pin To Net: NetName=NetD4_2 Pin=R_LED3-1
Added Pin To Net: NetName=+5V Pin=R_LED3-2
Added Pin To Net: NetName=NetD5_2 Pin=R_LED4-1
Added Pin To Net: NetName=+5V Pin=R_LED4-2
Added Pin To Net: NetName=NetD6_2 Pin=R_LED5-1
Added Pin To Net: NetName=+5V Pin=R_LED5-2
Added Pin To Net: NetName=NetD7_2 Pin=R_LED6-1
Added Pin To Net: NetName=+5V Pin=R_LED6-2
Added Member To Class: ClassName=Eurocard VME 3U (3.937 x 8.660 inches) Member=Component D4 LEDYELLOW
Added Member To Class: ClassName=Eurocard VME 3U (3.937 x 8.660 inches) Member=Component D5 LEDYELLOW
Added Member To Class: ClassName=Eurocard VME 3U (3.937 x 8.660 inches) Member=Component D6 LEDYELLOW
Added Member To Class: ClassName=Eurocard VME 3U (3.937 x 8.660 inches) Member=Component D7 LEDYELLOW
Added Member To Class: ClassName=Eurocard VME 3U (3.937 x 8.660 inches) Member=Component ICSP 5x2 M
Added Member To Class: ClassName=Eurocard VME 3U (3.937 x 8.660 inches) Member=Component LED1 LEDRED
Added Member To Class: ClassName=Eurocard VME 3U (3.937 x 8.660 inches) Member=Component RESET PB_RST
