Removed Pin From Net: NetName=PE0 Pin=U1-24
Removed Pin From Net: NetName=PE1 Pin=U1-25
Added Component: Designator=C13(1608[0603])
Added Component: Designator=R5(J1-0603)
Added Component: Designator=R6(J1-0603)
Added Component: Designator=R7(J1-0603)
Added Component: Designator=R8(J1-0603)
Added Component: Designator=R9(J1-0603)
Added Component: Designator=R10(J1-0603)
Added Pin To Net: NetName=GND Pin=C13-2
Added Pin To Net: NetName=+5V Pin=R5-2
Added Pin To Net: NetName=PE1 Pin=R6-1
Added Pin To Net: NetName=PE0 Pin=R7-1
Added Pin To Net: NetName=D+ Pin=R8-2
Added Pin To Net: NetName=XVCC Pin=R9-1
Added Pin To Net: NetName=GND Pin=R10-2
Added Pin To Net: NetName=+5V Pin=U1-14
Added Pin To Net: NetName=NetC13_1 Pin=C13-1
Added Pin To Net: NetName=NetC13_1 Pin=R5-1
Added Pin To Net: NetName=NetC13_1 Pin=U1-30
Added Net: Name=NetC13_1
Added Pin To Net: NetName=NetR6_2 Pin=R6-2
Added Pin To Net: NetName=NetR6_2 Pin=U1-25
Added Net: Name=NetR6_2
Added Pin To Net: NetName=NetR7_2 Pin=R7-2
Added Pin To Net: NetName=NetR7_2 Pin=U1-24
Added Net: Name=NetR7_2
Added Pin To Net: NetName=NetR8_1 Pin=R8-1
Added Pin To Net: NetName=NetR8_1 Pin=U1-5
Added Net: Name=NetR8_1
Added Pin To Net: NetName=NetR9_2 Pin=R9-2
Added Pin To Net: NetName=NetR9_2 Pin=R10-1
Added Pin To Net: NetName=NetR9_2 Pin=U1-4
Added Net: Name=NetR9_2
Added Member To Class: ClassName=Eurocard VME 3U (3.937 x 8.660 inches) Member=Component C13 Cap Semi
Added Member To Class: ClassName=Eurocard VME 3U (3.937 x 8.660 inches) Member=Component R5 
Added Member To Class: ClassName=Eurocard VME 3U (3.937 x 8.660 inches) Member=Component R6 
Added Member To Class: ClassName=Eurocard VME 3U (3.937 x 8.660 inches) Member=Component R7 
Added Member To Class: ClassName=Eurocard VME 3U (3.937 x 8.660 inches) Member=Component R8 
Added Member To Class: ClassName=Eurocard VME 3U (3.937 x 8.660 inches) Member=Component R9 
Added Member To Class: ClassName=Eurocard VME 3U (3.937 x 8.660 inches) Member=Component R10 
