Added Component: Designator=C14(1608[0603])
Added Component: Designator=R16(J1-0603)
Added Component: Designator=R17(J1-0603)
Added Component: Designator=U10(SOIC127P600X175-8N)
Added Pin To Net: NetName=+5V Pin=C14-1
Added Pin To Net: NetName=GND Pin=C14-2
Added Pin To Net: NetName=+5V Pin=R17-1
Added Pin To Net: NetName=GND Pin=U10-5
Added Pin To Net: NetName=+5V Pin=U10-8
Added Pin To Net: NetName=NetR16_1 Pin=R16-1
Added Pin To Net: NetName=NetR16_1 Pin=R17-2
Added Pin To Net: NetName=NetR16_1 Pin=U10-4
Added Net: Name=NetR16_1
Added Pin To Net: NetName=NetR16_2 Pin=R16-2
Added Pin To Net: NetName=NetR16_2 Pin=U1-2
Added Pin To Net: NetName=NetR16_2 Pin=U10-3
Added Net: Name=NetR16_2
Added Pin To Net: NetName=NetU1_1 Pin=U1-1
Added Pin To Net: NetName=NetU1_1 Pin=U10-2
Added Net: Name=NetU1_1
Added Pin To Net: NetName=NetU1_32 Pin=U1-32
Added Pin To Net: NetName=NetU1_32 Pin=U10-1
Added Net: Name=NetU1_32
Added Member To Class: ClassName=Eurocard VME 3U (3.937 x 8.660 inches) Member=Component C14 Cap Semi
Added Member To Class: ClassName=Eurocard VME 3U (3.937 x 8.660 inches) Member=Component R16 
Added Member To Class: ClassName=Eurocard VME 3U (3.937 x 8.660 inches) Member=Component R17 
Added Member To Class: ClassName=Eurocard VME 3U (3.937 x 8.660 inches) Member=Component U10 1K Microwire Compatible Serial EEPROM
